[0.008s] Invoking command in '/home/leejeongmin/Desktop/pjt_ws/build/ros_study_msgs': CMAKE_PREFIX_PATH=${CMAKE_PREFIX_PATH}:/home/leejeongmin/Desktop/pjt_ws/install/turtlebot:/home/leejeongmin/turtlebot3_ws/install/turtlebot3_teleop:/home/leejeongmin/turtlebot3_ws/install/turtlebot3_example:/opt/ros/humble /usr/bin/cmake /home/leejeongmin/Desktop/pjt_ws/src/ros_study_msgs -DCMAKE_INSTALL_PREFIX=/home/leejeongmin/Desktop/pjt_ws/install/ros_study_msgs
[0.019s] -- Found ament_cmake: 1.3.10 (/opt/ros/humble/share/ament_cmake/cmake)
[0.117s] -- Found builtin_interfaces: 1.2.1 (/opt/ros/humble/share/builtin_interfaces/cmake)
[0.144s] -- Found rosidl_generator_c: 3.1.5 (/opt/ros/humble/share/rosidl_generator_c/cmake)
[0.147s] -- Found rosidl_adapter: 3.1.5 (/opt/ros/humble/share/rosidl_adapter/cmake)
[0.154s] -- Found rosidl_generator_cpp: 3.1.5 (/opt/ros/humble/share/rosidl_generator_cpp/cmake)
[0.162s] -- Using all available rosidl_typesupport_c: rosidl_typesupport_fastrtps_c;rosidl_typesupport_introspection_c
[0.173s] -- Using all available rosidl_typesupport_cpp: rosidl_typesupport_fastrtps_cpp;rosidl_typesupport_introspection_cpp
[0.181s] -- Found rosidl_default_generators: 1.2.0 (/opt/ros/humble/share/rosidl_default_generators/cmake)
[0.419s] -- Found ament_cmake_ros: 0.10.0 (/opt/ros/humble/share/ament_cmake_ros/cmake)
[0.673s] -- Using all available rosidl_typesupport_c: rosidl_typesupport_fastrtps_c;rosidl_typesupport_introspection_c
[0.762s] -- Using all available rosidl_typesupport_cpp: rosidl_typesupport_fastrtps_cpp;rosidl_typesupport_introspection_cpp
[0.781s] -- Found python_cmake_module: 0.10.0 (/opt/ros/humble/share/python_cmake_module/cmake)
[0.794s] -- Using PYTHON_EXECUTABLE: /usr/bin/python3
[0.794s] -- Using PYTHON_INCLUDE_DIRS: /usr/include/python3.10
[0.794s] -- Using PYTHON_LIBRARIES: /usr/lib/x86_64-linux-gnu/libpython3.10.so
[0.810s] -- Found ament_lint_auto: 0.12.11 (/opt/ros/humble/share/ament_lint_auto/cmake)
[0.825s] -- Added test 'lint_cmake' to check CMake code style
[0.826s] -- Added test 'xmllint' to check XML markup files
[0.827s] -- Configuring done
[0.852s] -- Generating done
[0.853s] -- Build files have been written to: /home/leejeongmin/Desktop/pjt_ws/build/ros_study_msgs
[0.858s] Invoked command in '/home/leejeongmin/Desktop/pjt_ws/build/ros_study_msgs' returned '0': CMAKE_PREFIX_PATH=${CMAKE_PREFIX_PATH}:/home/leejeongmin/Desktop/pjt_ws/install/turtlebot:/home/leejeongmin/turtlebot3_ws/install/turtlebot3_teleop:/home/leejeongmin/turtlebot3_ws/install/turtlebot3_example:/opt/ros/humble /usr/bin/cmake /home/leejeongmin/Desktop/pjt_ws/src/ros_study_msgs -DCMAKE_INSTALL_PREFIX=/home/leejeongmin/Desktop/pjt_ws/install/ros_study_msgs
[0.861s] Invoking command in '/home/leejeongmin/Desktop/pjt_ws/build/ros_study_msgs': CMAKE_PREFIX_PATH=${CMAKE_PREFIX_PATH}:/home/leejeongmin/Desktop/pjt_ws/install/turtlebot:/home/leejeongmin/turtlebot3_ws/install/turtlebot3_teleop:/home/leejeongmin/turtlebot3_ws/install/turtlebot3_example:/opt/ros/humble /usr/bin/cmake --build /home/leejeongmin/Desktop/pjt_ws/build/ros_study_msgs -- -j12 -l12
[0.894s] [  1%] [34m[1mGenerating C code for ROS interfaces[0m
[0.905s] [  2%] [34m[1mGenerating C++ code for ROS interfaces[0m
[0.912s] [  2%] Built target ament_cmake_python_copy_ros_study_msgs
[1.052s] running egg_info
[1.053s] creating ros_study_msgs.egg-info
[1.053s] writing ros_study_msgs.egg-info/PKG-INFO
[1.053s] writing dependency_links to ros_study_msgs.egg-info/dependency_links.txt
[1.053s] writing top-level names to ros_study_msgs.egg-info/top_level.txt
[1.053s] writing manifest file 'ros_study_msgs.egg-info/SOURCES.txt'
[1.054s] reading manifest file 'ros_study_msgs.egg-info/SOURCES.txt'
[1.054s] writing manifest file 'ros_study_msgs.egg-info/SOURCES.txt'
[1.076s] [  2%] Built target ament_cmake_python_build_ros_study_msgs_egg
[1.515s] [  4%] [32mBuilding C object CMakeFiles/ros_study_msgs__rosidl_generator_c.dir/rosidl_generator_c/ros_study_msgs/msg/detail/my_msg__functions.c.o[0m
[1.520s] [  5%] [32mBuilding C object CMakeFiles/ros_study_msgs__rosidl_generator_c.dir/rosidl_generator_c/ros_study_msgs/msg/detail/arithmetic_argument__functions.c.o[0m
[1.523s] [  8%] [32mBuilding C object CMakeFiles/ros_study_msgs__rosidl_generator_c.dir/rosidl_generator_c/ros_study_msgs/srv/detail/my_srv__functions.c.o[0m
[1.523s] [  8%] [32mBuilding C object CMakeFiles/ros_study_msgs__rosidl_generator_c.dir/rosidl_generator_c/ros_study_msgs/srv/detail/arithmetic_operator__functions.c.o[0m
[1.524s] [  9%] [32mBuilding C object CMakeFiles/ros_study_msgs__rosidl_generator_c.dir/rosidl_generator_c/ros_study_msgs/action/detail/my_action__functions.c.o[0m
[1.524s] [ 11%] [32mBuilding C object CMakeFiles/ros_study_msgs__rosidl_generator_c.dir/rosidl_generator_c/ros_study_msgs/action/detail/arithmetic_checker__functions.c.o[0m
[1.541s] [ 11%] Built target ros_study_msgs__cpp
[1.550s] [ 12%] [34m[1mGenerating C++ introspection for ROS interfaces[0m
[1.552s] [ 15%] [34m[1mGenerating C++ type support dispatch for ROS interfaces[0m
[1.552s] [ 15%] [34m[1mGenerating C++ type support for eProsima Fast-RTPS[0m
[1.650s] [ 16%] [32m[1mLinking C shared library libros_study_msgs__rosidl_generator_c.so[0m
[1.679s] [ 16%] Built target ros_study_msgs__rosidl_generator_c
[1.690s] [ 21%] [34m[1mGenerating C introspection for ROS interfaces[0m
[1.690s] [ 21%] [34m[1mGenerating C type support for eProsima Fast-RTPS[0m
[1.690s] [ 21%] [34m[1mGenerating C type support dispatch for ROS interfaces[0m
[2.040s] [ 22%] [32mBuilding CXX object CMakeFiles/ros_study_msgs__rosidl_typesupport_c.dir/rosidl_typesupport_c/ros_study_msgs/srv/arithmetic_operator__type_support.cpp.o[0m
[2.040s] [ 25%] [32mBuilding CXX object CMakeFiles/ros_study_msgs__rosidl_typesupport_c.dir/rosidl_typesupport_c/ros_study_msgs/msg/arithmetic_argument__type_support.cpp.o[0m
[2.041s] [ 25%] [32mBuilding CXX object CMakeFiles/ros_study_msgs__rosidl_typesupport_c.dir/rosidl_typesupport_c/ros_study_msgs/msg/my_msg__type_support.cpp.o[0m
[2.041s] [ 28%] [32mBuilding CXX object CMakeFiles/ros_study_msgs__rosidl_typesupport_c.dir/rosidl_typesupport_c/ros_study_msgs/srv/my_srv__type_support.cpp.o[0m
[2.041s] [ 28%] [32mBuilding CXX object CMakeFiles/ros_study_msgs__rosidl_typesupport_c.dir/rosidl_typesupport_c/ros_study_msgs/action/arithmetic_checker__type_support.cpp.o[0m
[2.041s] [ 29%] [32mBuilding CXX object CMakeFiles/ros_study_msgs__rosidl_typesupport_c.dir/rosidl_typesupport_c/ros_study_msgs/action/my_action__type_support.cpp.o[0m
[2.104s] [ 30%] [32m[1mLinking CXX shared library libros_study_msgs__rosidl_typesupport_c.so[0m
[2.134s] [ 35%] [32mBuilding CXX object CMakeFiles/ros_study_msgs__rosidl_typesupport_cpp.dir/rosidl_typesupport_cpp/ros_study_msgs/srv/arithmetic_operator__type_support.cpp.o[0m
[2.134s] [ 35%] [32mBuilding CXX object CMakeFiles/ros_study_msgs__rosidl_typesupport_cpp.dir/rosidl_typesupport_cpp/ros_study_msgs/srv/my_srv__type_support.cpp.o[0m
[2.135s] [ 35%] [32mBuilding CXX object CMakeFiles/ros_study_msgs__rosidl_typesupport_cpp.dir/rosidl_typesupport_cpp/ros_study_msgs/msg/arithmetic_argument__type_support.cpp.o[0m
[2.135s] [ 36%] [32mBuilding CXX object CMakeFiles/ros_study_msgs__rosidl_typesupport_cpp.dir/rosidl_typesupport_cpp/ros_study_msgs/action/arithmetic_checker__type_support.cpp.o[0m
[2.135s] [ 38%] [32mBuilding CXX object CMakeFiles/ros_study_msgs__rosidl_typesupport_cpp.dir/rosidl_typesupport_cpp/ros_study_msgs/action/my_action__type_support.cpp.o[0m
[2.137s] [ 39%] [32mBuilding CXX object CMakeFiles/ros_study_msgs__rosidl_typesupport_cpp.dir/rosidl_typesupport_cpp/ros_study_msgs/msg/my_msg__type_support.cpp.o[0m
[2.157s] [ 39%] Built target ros_study_msgs__rosidl_typesupport_c
[2.219s] [ 40%] [32mBuilding CXX object CMakeFiles/ros_study_msgs__rosidl_typesupport_fastrtps_c.dir/rosidl_typesupport_fastrtps_c/ros_study_msgs/msg/detail/my_msg__type_support_c.cpp.o[0m
[2.222s] [ 42%] [32mBuilding CXX object CMakeFiles/ros_study_msgs__rosidl_typesupport_fastrtps_c.dir/rosidl_typesupport_fastrtps_c/ros_study_msgs/srv/detail/my_srv__type_support_c.cpp.o[0m
[2.223s] [ 43%] [32mBuilding CXX object CMakeFiles/ros_study_msgs__rosidl_typesupport_fastrtps_c.dir/rosidl_typesupport_fastrtps_c/ros_study_msgs/msg/detail/arithmetic_argument__type_support_c.cpp.o[0m
[2.336s] [ 45%] [32mBuilding CXX object CMakeFiles/ros_study_msgs__rosidl_typesupport_fastrtps_cpp.dir/rosidl_typesupport_fastrtps_cpp/ros_study_msgs/msg/detail/dds_fastrtps/my_msg__type_support.cpp.o[0m
[2.367s] [ 46%] [32mBuilding CXX object CMakeFiles/ros_study_msgs__rosidl_typesupport_introspection_cpp.dir/rosidl_typesupport_introspection_cpp/ros_study_msgs/msg/detail/my_msg__type_support.cpp.o[0m
[2.428s] [ 47%] [32mBuilding CXX object CMakeFiles/ros_study_msgs__rosidl_typesupport_introspection_cpp.dir/rosidl_typesupport_introspection_cpp/ros_study_msgs/msg/detail/arithmetic_argument__type_support.cpp.o[0m
[2.497s] [ 49%] [32mBuilding CXX object CMakeFiles/ros_study_msgs__rosidl_typesupport_introspection_cpp.dir/rosidl_typesupport_introspection_cpp/ros_study_msgs/srv/detail/my_srv__type_support.cpp.o[0m
[2.501s] [ 50%] [32mBuilding CXX object CMakeFiles/ros_study_msgs__rosidl_typesupport_introspection_cpp.dir/rosidl_typesupport_introspection_cpp/ros_study_msgs/srv/detail/arithmetic_operator__type_support.cpp.o[0m
[2.522s] [ 52%] [32mBuilding CXX object CMakeFiles/ros_study_msgs__rosidl_typesupport_introspection_cpp.dir/rosidl_typesupport_introspection_cpp/ros_study_msgs/action/detail/my_action__type_support.cpp.o[0m
[2.592s] [ 53%] [32mBuilding C object CMakeFiles/ros_study_msgs__rosidl_typesupport_introspection_c.dir/rosidl_typesupport_introspection_c/ros_study_msgs/msg/detail/my_msg__type_support.c.o[0m
[2.636s] [ 54%] [32mBuilding C object CMakeFiles/ros_study_msgs__rosidl_typesupport_introspection_c.dir/rosidl_typesupport_introspection_c/ros_study_msgs/msg/detail/arithmetic_argument__type_support.c.o[0m
[2.668s] [ 56%] [32mBuilding CXX object CMakeFiles/ros_study_msgs__rosidl_typesupport_fastrtps_c.dir/rosidl_typesupport_fastrtps_c/ros_study_msgs/srv/detail/arithmetic_operator__type_support_c.cpp.o[0m
[2.671s] [ 57%] [32mBuilding CXX object CMakeFiles/ros_study_msgs__rosidl_typesupport_fastrtps_c.dir/rosidl_typesupport_fastrtps_c/ros_study_msgs/action/detail/my_action__type_support_c.cpp.o[0m
[2.675s] [ 59%] [32mBuilding CXX object CMakeFiles/ros_study_msgs__rosidl_typesupport_introspection_cpp.dir/rosidl_typesupport_introspection_cpp/ros_study_msgs/action/detail/arithmetic_checker__type_support.cpp.o[0m
[2.689s] [ 60%] [32mBuilding C object CMakeFiles/ros_study_msgs__rosidl_typesupport_introspection_c.dir/rosidl_typesupport_introspection_c/ros_study_msgs/srv/detail/my_srv__type_support.c.o[0m
[2.711s] [ 61%] [32mBuilding CXX object CMakeFiles/ros_study_msgs__rosidl_typesupport_fastrtps_cpp.dir/rosidl_typesupport_fastrtps_cpp/ros_study_msgs/msg/detail/dds_fastrtps/arithmetic_argument__type_support.cpp.o[0m
[2.733s] [ 63%] [32mBuilding C object CMakeFiles/ros_study_msgs__rosidl_typesupport_introspection_c.dir/rosidl_typesupport_introspection_c/ros_study_msgs/srv/detail/arithmetic_operator__type_support.c.o[0m
[2.748s] [ 64%] [32m[1mLinking CXX shared library libros_study_msgs__rosidl_typesupport_cpp.so[0m
[2.752s] [ 66%] [32mBuilding CXX object CMakeFiles/ros_study_msgs__rosidl_typesupport_fastrtps_cpp.dir/rosidl_typesupport_fastrtps_cpp/ros_study_msgs/srv/detail/dds_fastrtps/my_srv__type_support.cpp.o[0m
[2.752s] [ 67%] [32mBuilding CXX object CMakeFiles/ros_study_msgs__rosidl_typesupport_fastrtps_c.dir/rosidl_typesupport_fastrtps_c/ros_study_msgs/action/detail/arithmetic_checker__type_support_c.cpp.o[0m
[2.766s] [ 69%] [32mBuilding C object CMakeFiles/ros_study_msgs__rosidl_typesupport_introspection_c.dir/rosidl_typesupport_introspection_c/ros_study_msgs/action/detail/my_action__type_support.c.o[0m
[2.792s] [ 69%] Built target ros_study_msgs__rosidl_typesupport_cpp
[2.801s] [ 70%] [32mBuilding C object CMakeFiles/ros_study_msgs__rosidl_typesupport_introspection_c.dir/rosidl_typesupport_introspection_c/ros_study_msgs/action/detail/arithmetic_checker__type_support.c.o[0m
[2.815s] [ 71%] [32mBuilding CXX object CMakeFiles/ros_study_msgs__rosidl_typesupport_fastrtps_cpp.dir/rosidl_typesupport_fastrtps_cpp/ros_study_msgs/srv/detail/dds_fastrtps/arithmetic_operator__type_support.cpp.o[0m
[2.852s] [ 73%] [32m[1mLinking C shared library libros_study_msgs__rosidl_typesupport_introspection_c.so[0m
[2.889s] [ 73%] Built target ros_study_msgs__rosidl_typesupport_introspection_c
[2.896s] [ 74%] [32mBuilding CXX object CMakeFiles/ros_study_msgs__rosidl_typesupport_fastrtps_cpp.dir/rosidl_typesupport_fastrtps_cpp/ros_study_msgs/action/detail/dds_fastrtps/my_action__type_support.cpp.o[0m
[2.923s] [ 76%] [32mBuilding CXX object CMakeFiles/ros_study_msgs__rosidl_typesupport_fastrtps_cpp.dir/rosidl_typesupport_fastrtps_cpp/ros_study_msgs/action/detail/dds_fastrtps/arithmetic_checker__type_support.cpp.o[0m
[3.234s] [ 77%] [32m[1mLinking CXX shared library libros_study_msgs__rosidl_typesupport_fastrtps_c.so[0m
[3.331s] [ 77%] Built target ros_study_msgs__rosidl_typesupport_fastrtps_c
[3.352s] [ 78%] [32m[1mLinking CXX shared library libros_study_msgs__rosidl_typesupport_introspection_cpp.so[0m
[3.433s] [ 78%] Built target ros_study_msgs__rosidl_typesupport_introspection_cpp
[3.523s] [ 80%] [32m[1mLinking CXX shared library libros_study_msgs__rosidl_typesupport_fastrtps_cpp.so[0m
[3.587s] [ 80%] Built target ros_study_msgs__rosidl_typesupport_fastrtps_cpp
[3.604s] [ 80%] Built target ros_study_msgs
[3.627s] [ 81%] [34m[1mGenerating Python code for ROS interfaces[0m
[4.629s] [ 81%] Built target ros_study_msgs__py
[4.654s] [ 83%] [32mBuilding C object CMakeFiles/ros_study_msgs__rosidl_generator_py.dir/rosidl_generator_py/ros_study_msgs/msg/_my_msg_s.c.o[0m
[4.656s] [ 84%] [32mBuilding C object CMakeFiles/ros_study_msgs__rosidl_generator_py.dir/rosidl_generator_py/ros_study_msgs/action/_arithmetic_checker_s.c.o[0m
[4.659s] [ 85%] [32mBuilding C object CMakeFiles/ros_study_msgs__rosidl_generator_py.dir/rosidl_generator_py/ros_study_msgs/srv/_my_srv_s.c.o[0m
[4.659s] [ 87%] [32mBuilding C object CMakeFiles/ros_study_msgs__rosidl_generator_py.dir/rosidl_generator_py/ros_study_msgs/msg/_arithmetic_argument_s.c.o[0m
[4.660s] [ 88%] [32mBuilding C object CMakeFiles/ros_study_msgs__rosidl_generator_py.dir/rosidl_generator_py/ros_study_msgs/srv/_arithmetic_operator_s.c.o[0m
[4.661s] [ 90%] [32mBuilding C object CMakeFiles/ros_study_msgs__rosidl_generator_py.dir/rosidl_generator_py/ros_study_msgs/action/_my_action_s.c.o[0m
[4.812s] [ 91%] [32m[1mLinking C shared library rosidl_generator_py/ros_study_msgs/libros_study_msgs__rosidl_generator_py.so[0m
[4.851s] [ 91%] Built target ros_study_msgs__rosidl_generator_py
[4.871s] [ 92%] [32mBuilding C object CMakeFiles/ros_study_msgs__rosidl_typesupport_introspection_c__pyext.dir/rosidl_generator_py/ros_study_msgs/_ros_study_msgs_s.ep.rosidl_typesupport_introspection_c.c.o[0m
[4.874s] [ 94%] [32mBuilding C object CMakeFiles/ros_study_msgs__rosidl_typesupport_c__pyext.dir/rosidl_generator_py/ros_study_msgs/_ros_study_msgs_s.ep.rosidl_typesupport_c.c.o[0m
[4.877s] [ 95%] [32mBuilding C object CMakeFiles/ros_study_msgs__rosidl_typesupport_fastrtps_c__pyext.dir/rosidl_generator_py/ros_study_msgs/_ros_study_msgs_s.ep.rosidl_typesupport_fastrtps_c.c.o[0m
[4.986s] [ 97%] [32m[1mLinking C shared library rosidl_generator_py/ros_study_msgs/ros_study_msgs_s__rosidl_typesupport_c.cpython-310-x86_64-linux-gnu.so[0m
[4.990s] [ 98%] [32m[1mLinking C shared library rosidl_generator_py/ros_study_msgs/ros_study_msgs_s__rosidl_typesupport_introspection_c.cpython-310-x86_64-linux-gnu.so[0m
[5.016s] [ 98%] Built target ros_study_msgs__rosidl_typesupport_c__pyext
[5.028s] [ 98%] Built target ros_study_msgs__rosidl_typesupport_introspection_c__pyext
[5.049s] [100%] [32m[1mLinking C shared library rosidl_generator_py/ros_study_msgs/ros_study_msgs_s__rosidl_typesupport_fastrtps_c.cpython-310-x86_64-linux-gnu.so[0m
[5.090s] [100%] Built target ros_study_msgs__rosidl_typesupport_fastrtps_c__pyext
[5.100s] Invoked command in '/home/leejeongmin/Desktop/pjt_ws/build/ros_study_msgs' returned '0': CMAKE_PREFIX_PATH=${CMAKE_PREFIX_PATH}:/home/leejeongmin/Desktop/pjt_ws/install/turtlebot:/home/leejeongmin/turtlebot3_ws/install/turtlebot3_teleop:/home/leejeongmin/turtlebot3_ws/install/turtlebot3_example:/opt/ros/humble /usr/bin/cmake --build /home/leejeongmin/Desktop/pjt_ws/build/ros_study_msgs -- -j12 -l12
[5.281s] Invoking command in '/home/leejeongmin/Desktop/pjt_ws/build/ros_study_msgs': CMAKE_PREFIX_PATH=${CMAKE_PREFIX_PATH}:/home/leejeongmin/Desktop/pjt_ws/install/turtlebot:/home/leejeongmin/turtlebot3_ws/install/turtlebot3_teleop:/home/leejeongmin/turtlebot3_ws/install/turtlebot3_example:/opt/ros/humble /usr/bin/cmake --install /home/leejeongmin/Desktop/pjt_ws/build/ros_study_msgs
[5.287s] -- Install configuration: ""
[5.287s] -- Installing: /home/leejeongmin/Desktop/pjt_ws/install/ros_study_msgs/share/ament_index/resource_index/rosidl_interfaces/ros_study_msgs
[5.288s] -- Installing: /home/leejeongmin/Desktop/pjt_ws/install/ros_study_msgs/include/ros_study_msgs/ros_study_msgs
[5.288s] -- Installing: /home/leejeongmin/Desktop/pjt_ws/install/ros_study_msgs/include/ros_study_msgs/ros_study_msgs/action
[5.288s] -- Installing: /home/leejeongmin/Desktop/pjt_ws/install/ros_study_msgs/include/ros_study_msgs/ros_study_msgs/action/detail
[5.288s] -- Installing: /home/leejeongmin/Desktop/pjt_ws/install/ros_study_msgs/include/ros_study_msgs/ros_study_msgs/action/detail/arithmetic_checker__type_support.h
[5.288s] -- Installing: /home/leejeongmin/Desktop/pjt_ws/install/ros_study_msgs/include/ros_study_msgs/ros_study_msgs/action/detail/my_action__type_support.h
[5.288s] -- Installing: /home/leejeongmin/Desktop/pjt_ws/install/ros_study_msgs/include/ros_study_msgs/ros_study_msgs/action/detail/arithmetic_checker__struct.h
[5.288s] -- Installing: /home/leejeongmin/Desktop/pjt_ws/install/ros_study_msgs/include/ros_study_msgs/ros_study_msgs/action/detail/arithmetic_checker__functions.h
[5.288s] -- Installing: /home/leejeongmin/Desktop/pjt_ws/install/ros_study_msgs/include/ros_study_msgs/ros_study_msgs/action/detail/my_action__functions.h
[5.288s] -- Installing: /home/leejeongmin/Desktop/pjt_ws/install/ros_study_msgs/include/ros_study_msgs/ros_study_msgs/action/detail/arithmetic_checker__functions.c
[5.288s] -- Installing: /home/leejeongmin/Desktop/pjt_ws/install/ros_study_msgs/include/ros_study_msgs/ros_study_msgs/action/detail/my_action__functions.c
[5.288s] -- Installing: /home/leejeongmin/Desktop/pjt_ws/install/ros_study_msgs/include/ros_study_msgs/ros_study_msgs/action/detail/my_action__struct.h
[5.289s] -- Installing: /home/leejeongmin/Desktop/pjt_ws/install/ros_study_msgs/include/ros_study_msgs/ros_study_msgs/action/arithmetic_checker.h
[5.289s] -- Installing: /home/leejeongmin/Desktop/pjt_ws/install/ros_study_msgs/include/ros_study_msgs/ros_study_msgs/action/my_action.h
[5.289s] -- Installing: /home/leejeongmin/Desktop/pjt_ws/install/ros_study_msgs/include/ros_study_msgs/ros_study_msgs/msg
[5.289s] -- Installing: /home/leejeongmin/Desktop/pjt_ws/install/ros_study_msgs/include/ros_study_msgs/ros_study_msgs/msg/arithmetic_argument.h
[5.289s] -- Installing: /home/leejeongmin/Desktop/pjt_ws/install/ros_study_msgs/include/ros_study_msgs/ros_study_msgs/msg/rosidl_generator_c__visibility_control.h
[5.289s] -- Installing: /home/leejeongmin/Desktop/pjt_ws/install/ros_study_msgs/include/ros_study_msgs/ros_study_msgs/msg/detail
[5.289s] -- Installing: /home/leejeongmin/Desktop/pjt_ws/install/ros_study_msgs/include/ros_study_msgs/ros_study_msgs/msg/detail/arithmetic_argument__struct.h
[5.289s] -- Installing: /home/leejeongmin/Desktop/pjt_ws/install/ros_study_msgs/include/ros_study_msgs/ros_study_msgs/msg/detail/arithmetic_argument__type_support.h
[5.289s] -- Installing: /home/leejeongmin/Desktop/pjt_ws/install/ros_study_msgs/include/ros_study_msgs/ros_study_msgs/msg/detail/arithmetic_argument__functions.c
[5.289s] -- Installing: /home/leejeongmin/Desktop/pjt_ws/install/ros_study_msgs/include/ros_study_msgs/ros_study_msgs/msg/detail/my_msg__functions.c
[5.289s] -- Installing: /home/leejeongmin/Desktop/pjt_ws/install/ros_study_msgs/include/ros_study_msgs/ros_study_msgs/msg/detail/my_msg__functions.h
[5.289s] -- Installing: /home/leejeongmin/Desktop/pjt_ws/install/ros_study_msgs/include/ros_study_msgs/ros_study_msgs/msg/detail/my_msg__struct.h
[5.289s] -- Installing: /home/leejeongmin/Desktop/pjt_ws/install/ros_study_msgs/include/ros_study_msgs/ros_study_msgs/msg/detail/my_msg__type_support.h
[5.289s] -- Installing: /home/leejeongmin/Desktop/pjt_ws/install/ros_study_msgs/include/ros_study_msgs/ros_study_msgs/msg/detail/arithmetic_argument__functions.h
[5.290s] -- Installing: /home/leejeongmin/Desktop/pjt_ws/install/ros_study_msgs/include/ros_study_msgs/ros_study_msgs/msg/my_msg.h
[5.290s] -- Installing: /home/leejeongmin/Desktop/pjt_ws/install/ros_study_msgs/include/ros_study_msgs/ros_study_msgs/srv
[5.290s] -- Installing: /home/leejeongmin/Desktop/pjt_ws/install/ros_study_msgs/include/ros_study_msgs/ros_study_msgs/srv/my_srv.h
[5.290s] -- Installing: /home/leejeongmin/Desktop/pjt_ws/install/ros_study_msgs/include/ros_study_msgs/ros_study_msgs/srv/arithmetic_operator.h
[5.290s] -- Installing: /home/leejeongmin/Desktop/pjt_ws/install/ros_study_msgs/include/ros_study_msgs/ros_study_msgs/srv/detail
[5.290s] -- Installing: /home/leejeongmin/Desktop/pjt_ws/install/ros_study_msgs/include/ros_study_msgs/ros_study_msgs/srv/detail/arithmetic_operator__functions.h
[5.290s] -- Installing: /home/leejeongmin/Desktop/pjt_ws/install/ros_study_msgs/include/ros_study_msgs/ros_study_msgs/srv/detail/my_srv__functions.h
[5.290s] -- Installing: /home/leejeongmin/Desktop/pjt_ws/install/ros_study_msgs/include/ros_study_msgs/ros_study_msgs/srv/detail/my_srv__type_support.h
[5.291s] -- Installing: /home/leejeongmin/Desktop/pjt_ws/install/ros_study_msgs/include/ros_study_msgs/ros_study_msgs/srv/detail/arithmetic_operator__struct.h
[5.291s] -- Installing: /home/leejeongmin/Desktop/pjt_ws/install/ros_study_msgs/include/ros_study_msgs/ros_study_msgs/srv/detail/my_srv__struct.h
[5.291s] -- Installing: /home/leejeongmin/Desktop/pjt_ws/install/ros_study_msgs/include/ros_study_msgs/ros_study_msgs/srv/detail/arithmetic_operator__functions.c
[5.291s] -- Installing: /home/leejeongmin/Desktop/pjt_ws/install/ros_study_msgs/include/ros_study_msgs/ros_study_msgs/srv/detail/my_srv__functions.c
[5.291s] -- Installing: /home/leejeongmin/Desktop/pjt_ws/install/ros_study_msgs/include/ros_study_msgs/ros_study_msgs/srv/detail/arithmetic_operator__type_support.h
[5.291s] -- Installing: /home/leejeongmin/Desktop/pjt_ws/install/ros_study_msgs/share/ros_study_msgs/environment/library_path.sh
[5.291s] -- Installing: /home/leejeongmin/Desktop/pjt_ws/install/ros_study_msgs/share/ros_study_msgs/environment/library_path.dsv
[5.291s] -- Installing: /home/leejeongmin/Desktop/pjt_ws/install/ros_study_msgs/lib/libros_study_msgs__rosidl_generator_c.so
[5.291s] -- Set runtime path of "/home/leejeongmin/Desktop/pjt_ws/install/ros_study_msgs/lib/libros_study_msgs__rosidl_generator_c.so" to ""
[5.291s] -- Up-to-date: /home/leejeongmin/Desktop/pjt_ws/install/ros_study_msgs/include/ros_study_msgs/ros_study_msgs
[5.291s] -- Up-to-date: /home/leejeongmin/Desktop/pjt_ws/install/ros_study_msgs/include/ros_study_msgs/ros_study_msgs/action
[5.291s] -- Up-to-date: /home/leejeongmin/Desktop/pjt_ws/install/ros_study_msgs/include/ros_study_msgs/ros_study_msgs/action/detail
[5.292s] -- Installing: /home/leejeongmin/Desktop/pjt_ws/install/ros_study_msgs/include/ros_study_msgs/ros_study_msgs/action/detail/my_action__rosidl_typesupport_fastrtps_c.h
[5.292s] -- Installing: /home/leejeongmin/Desktop/pjt_ws/install/ros_study_msgs/include/ros_study_msgs/ros_study_msgs/action/detail/arithmetic_checker__rosidl_typesupport_fastrtps_c.h
[5.292s] -- Up-to-date: /home/leejeongmin/Desktop/pjt_ws/install/ros_study_msgs/include/ros_study_msgs/ros_study_msgs/msg
[5.292s] -- Installing: /home/leejeongmin/Desktop/pjt_ws/install/ros_study_msgs/include/ros_study_msgs/ros_study_msgs/msg/rosidl_typesupport_fastrtps_c__visibility_control.h
[5.292s] -- Up-to-date: /home/leejeongmin/Desktop/pjt_ws/install/ros_study_msgs/include/ros_study_msgs/ros_study_msgs/msg/detail
[5.292s] -- Installing: /home/leejeongmin/Desktop/pjt_ws/install/ros_study_msgs/include/ros_study_msgs/ros_study_msgs/msg/detail/arithmetic_argument__rosidl_typesupport_fastrtps_c.h
[5.292s] -- Installing: /home/leejeongmin/Desktop/pjt_ws/install/ros_study_msgs/include/ros_study_msgs/ros_study_msgs/msg/detail/my_msg__rosidl_typesupport_fastrtps_c.h
[5.292s] -- Up-to-date: /home/leejeongmin/Desktop/pjt_ws/install/ros_study_msgs/include/ros_study_msgs/ros_study_msgs/srv
[5.292s] -- Up-to-date: /home/leejeongmin/Desktop/pjt_ws/install/ros_study_msgs/include/ros_study_msgs/ros_study_msgs/srv/detail
[5.292s] -- Installing: /home/leejeongmin/Desktop/pjt_ws/install/ros_study_msgs/include/ros_study_msgs/ros_study_msgs/srv/detail/arithmetic_operator__rosidl_typesupport_fastrtps_c.h
[5.292s] -- Installing: /home/leejeongmin/Desktop/pjt_ws/install/ros_study_msgs/include/ros_study_msgs/ros_study_msgs/srv/detail/my_srv__rosidl_typesupport_fastrtps_c.h
[5.292s] -- Installing: /home/leejeongmin/Desktop/pjt_ws/install/ros_study_msgs/lib/libros_study_msgs__rosidl_typesupport_fastrtps_c.so
[5.293s] -- Set runtime path of "/home/leejeongmin/Desktop/pjt_ws/install/ros_study_msgs/lib/libros_study_msgs__rosidl_typesupport_fastrtps_c.so" to ""
[5.293s] -- Up-to-date: /home/leejeongmin/Desktop/pjt_ws/install/ros_study_msgs/include/ros_study_msgs/ros_study_msgs
[5.293s] -- Up-to-date: /home/leejeongmin/Desktop/pjt_ws/install/ros_study_msgs/include/ros_study_msgs/ros_study_msgs/action
[5.293s] -- Installing: /home/leejeongmin/Desktop/pjt_ws/install/ros_study_msgs/include/ros_study_msgs/ros_study_msgs/action/my_action.hpp
[5.293s] -- Installing: /home/leejeongmin/Desktop/pjt_ws/install/ros_study_msgs/include/ros_study_msgs/ros_study_msgs/action/arithmetic_checker.hpp
[5.293s] -- Up-to-date: /home/leejeongmin/Desktop/pjt_ws/install/ros_study_msgs/include/ros_study_msgs/ros_study_msgs/action/detail
[5.293s] -- Installing: /home/leejeongmin/Desktop/pjt_ws/install/ros_study_msgs/include/ros_study_msgs/ros_study_msgs/action/detail/my_action__struct.hpp
[5.293s] -- Installing: /home/leejeongmin/Desktop/pjt_ws/install/ros_study_msgs/include/ros_study_msgs/ros_study_msgs/action/detail/my_action__traits.hpp
[5.293s] -- Installing: /home/leejeongmin/Desktop/pjt_ws/install/ros_study_msgs/include/ros_study_msgs/ros_study_msgs/action/detail/my_action__builder.hpp
[5.293s] -- Installing: /home/leejeongmin/Desktop/pjt_ws/install/ros_study_msgs/include/ros_study_msgs/ros_study_msgs/action/detail/arithmetic_checker__struct.hpp
[5.293s] -- Installing: /home/leejeongmin/Desktop/pjt_ws/install/ros_study_msgs/include/ros_study_msgs/ros_study_msgs/action/detail/arithmetic_checker__builder.hpp
[5.293s] -- Installing: /home/leejeongmin/Desktop/pjt_ws/install/ros_study_msgs/include/ros_study_msgs/ros_study_msgs/action/detail/arithmetic_checker__traits.hpp
[5.293s] -- Up-to-date: /home/leejeongmin/Desktop/pjt_ws/install/ros_study_msgs/include/ros_study_msgs/ros_study_msgs/msg
[5.293s] -- Installing: /home/leejeongmin/Desktop/pjt_ws/install/ros_study_msgs/include/ros_study_msgs/ros_study_msgs/msg/arithmetic_argument.hpp
[5.293s] -- Up-to-date: /home/leejeongmin/Desktop/pjt_ws/install/ros_study_msgs/include/ros_study_msgs/ros_study_msgs/msg/detail
[5.293s] -- Installing: /home/leejeongmin/Desktop/pjt_ws/install/ros_study_msgs/include/ros_study_msgs/ros_study_msgs/msg/detail/my_msg__builder.hpp
[5.293s] -- Installing: /home/leejeongmin/Desktop/pjt_ws/install/ros_study_msgs/include/ros_study_msgs/ros_study_msgs/msg/detail/arithmetic_argument__struct.hpp
[5.293s] -- Installing: /home/leejeongmin/Desktop/pjt_ws/install/ros_study_msgs/include/ros_study_msgs/ros_study_msgs/msg/detail/arithmetic_argument__builder.hpp
[5.293s] -- Installing: /home/leejeongmin/Desktop/pjt_ws/install/ros_study_msgs/include/ros_study_msgs/ros_study_msgs/msg/detail/arithmetic_argument__traits.hpp
[5.294s] -- Installing: /home/leejeongmin/Desktop/pjt_ws/install/ros_study_msgs/include/ros_study_msgs/ros_study_msgs/msg/detail/my_msg__struct.hpp
[5.294s] -- Installing: /home/leejeongmin/Desktop/pjt_ws/install/ros_study_msgs/include/ros_study_msgs/ros_study_msgs/msg/detail/my_msg__traits.hpp
[5.294s] -- Installing: /home/leejeongmin/Desktop/pjt_ws/install/ros_study_msgs/include/ros_study_msgs/ros_study_msgs/msg/my_msg.hpp
[5.294s] -- Up-to-date: /home/leejeongmin/Desktop/pjt_ws/install/ros_study_msgs/include/ros_study_msgs/ros_study_msgs/srv
[5.294s] -- Installing: /home/leejeongmin/Desktop/pjt_ws/install/ros_study_msgs/include/ros_study_msgs/ros_study_msgs/srv/arithmetic_operator.hpp
[5.294s] -- Installing: /home/leejeongmin/Desktop/pjt_ws/install/ros_study_msgs/include/ros_study_msgs/ros_study_msgs/srv/my_srv.hpp
[5.294s] -- Up-to-date: /home/leejeongmin/Desktop/pjt_ws/install/ros_study_msgs/include/ros_study_msgs/ros_study_msgs/srv/detail
[5.294s] -- Installing: /home/leejeongmin/Desktop/pjt_ws/install/ros_study_msgs/include/ros_study_msgs/ros_study_msgs/srv/detail/arithmetic_operator__struct.hpp
[5.294s] -- Installing: /home/leejeongmin/Desktop/pjt_ws/install/ros_study_msgs/include/ros_study_msgs/ros_study_msgs/srv/detail/arithmetic_operator__builder.hpp
[5.294s] -- Installing: /home/leejeongmin/Desktop/pjt_ws/install/ros_study_msgs/include/ros_study_msgs/ros_study_msgs/srv/detail/my_srv__builder.hpp
[5.295s] -- Installing: /home/leejeongmin/Desktop/pjt_ws/install/ros_study_msgs/include/ros_study_msgs/ros_study_msgs/srv/detail/arithmetic_operator__traits.hpp
[5.295s] -- Installing: /home/leejeongmin/Desktop/pjt_ws/install/ros_study_msgs/include/ros_study_msgs/ros_study_msgs/srv/detail/my_srv__traits.hpp
[5.295s] -- Installing: /home/leejeongmin/Desktop/pjt_ws/install/ros_study_msgs/include/ros_study_msgs/ros_study_msgs/srv/detail/my_srv__struct.hpp
[5.295s] -- Up-to-date: /home/leejeongmin/Desktop/pjt_ws/install/ros_study_msgs/include/ros_study_msgs/ros_study_msgs
[5.295s] -- Up-to-date: /home/leejeongmin/Desktop/pjt_ws/install/ros_study_msgs/include/ros_study_msgs/ros_study_msgs/action
[5.295s] -- Up-to-date: /home/leejeongmin/Desktop/pjt_ws/install/ros_study_msgs/include/ros_study_msgs/ros_study_msgs/action/detail
[5.295s] -- Installing: /home/leejeongmin/Desktop/pjt_ws/install/ros_study_msgs/include/ros_study_msgs/ros_study_msgs/action/detail/arithmetic_checker__rosidl_typesupport_fastrtps_cpp.hpp
[5.295s] -- Installing: /home/leejeongmin/Desktop/pjt_ws/install/ros_study_msgs/include/ros_study_msgs/ros_study_msgs/action/detail/dds_fastrtps
[5.295s] -- Installing: /home/leejeongmin/Desktop/pjt_ws/install/ros_study_msgs/include/ros_study_msgs/ros_study_msgs/action/detail/my_action__rosidl_typesupport_fastrtps_cpp.hpp
[5.295s] -- Up-to-date: /home/leejeongmin/Desktop/pjt_ws/install/ros_study_msgs/include/ros_study_msgs/ros_study_msgs/msg
[5.296s] -- Up-to-date: /home/leejeongmin/Desktop/pjt_ws/install/ros_study_msgs/include/ros_study_msgs/ros_study_msgs/msg/detail
[5.296s] -- Installing: /home/leejeongmin/Desktop/pjt_ws/install/ros_study_msgs/include/ros_study_msgs/ros_study_msgs/msg/detail/arithmetic_argument__rosidl_typesupport_fastrtps_cpp.hpp
[5.296s] -- Installing: /home/leejeongmin/Desktop/pjt_ws/install/ros_study_msgs/include/ros_study_msgs/ros_study_msgs/msg/detail/dds_fastrtps
[5.296s] -- Installing: /home/leejeongmin/Desktop/pjt_ws/install/ros_study_msgs/include/ros_study_msgs/ros_study_msgs/msg/detail/my_msg__rosidl_typesupport_fastrtps_cpp.hpp
[5.296s] -- Installing: /home/leejeongmin/Desktop/pjt_ws/install/ros_study_msgs/include/ros_study_msgs/ros_study_msgs/msg/rosidl_typesupport_fastrtps_cpp__visibility_control.h
[5.296s] -- Up-to-date: /home/leejeongmin/Desktop/pjt_ws/install/ros_study_msgs/include/ros_study_msgs/ros_study_msgs/srv
[5.296s] -- Up-to-date: /home/leejeongmin/Desktop/pjt_ws/install/ros_study_msgs/include/ros_study_msgs/ros_study_msgs/srv/detail
[5.296s] -- Installing: /home/leejeongmin/Desktop/pjt_ws/install/ros_study_msgs/include/ros_study_msgs/ros_study_msgs/srv/detail/dds_fastrtps
[5.296s] -- Installing: /home/leejeongmin/Desktop/pjt_ws/install/ros_study_msgs/include/ros_study_msgs/ros_study_msgs/srv/detail/arithmetic_operator__rosidl_typesupport_fastrtps_cpp.hpp
[5.297s] -- Installing: /home/leejeongmin/Desktop/pjt_ws/install/ros_study_msgs/include/ros_study_msgs/ros_study_msgs/srv/detail/my_srv__rosidl_typesupport_fastrtps_cpp.hpp
[5.297s] -- Installing: /home/leejeongmin/Desktop/pjt_ws/install/ros_study_msgs/lib/libros_study_msgs__rosidl_typesupport_fastrtps_cpp.so
[5.297s] -- Set runtime path of "/home/leejeongmin/Desktop/pjt_ws/install/ros_study_msgs/lib/libros_study_msgs__rosidl_typesupport_fastrtps_cpp.so" to ""
[5.297s] -- Up-to-date: /home/leejeongmin/Desktop/pjt_ws/install/ros_study_msgs/include/ros_study_msgs/ros_study_msgs
[5.297s] -- Up-to-date: /home/leejeongmin/Desktop/pjt_ws/install/ros_study_msgs/include/ros_study_msgs/ros_study_msgs/action
[5.297s] -- Up-to-date: /home/leejeongmin/Desktop/pjt_ws/install/ros_study_msgs/include/ros_study_msgs/ros_study_msgs/action/detail
[5.297s] -- Installing: /home/leejeongmin/Desktop/pjt_ws/install/ros_study_msgs/include/ros_study_msgs/ros_study_msgs/action/detail/my_action__type_support.c
[5.297s] -- Installing: /home/leejeongmin/Desktop/pjt_ws/install/ros_study_msgs/include/ros_study_msgs/ros_study_msgs/action/detail/arithmetic_checker__rosidl_typesupport_introspection_c.h
[5.297s] -- Installing: /home/leejeongmin/Desktop/pjt_ws/install/ros_study_msgs/include/ros_study_msgs/ros_study_msgs/action/detail/my_action__rosidl_typesupport_introspection_c.h
[5.298s] -- Installing: /home/leejeongmin/Desktop/pjt_ws/install/ros_study_msgs/include/ros_study_msgs/ros_study_msgs/action/detail/arithmetic_checker__type_support.c
[5.298s] -- Up-to-date: /home/leejeongmin/Desktop/pjt_ws/install/ros_study_msgs/include/ros_study_msgs/ros_study_msgs/msg
[5.298s] -- Up-to-date: /home/leejeongmin/Desktop/pjt_ws/install/ros_study_msgs/include/ros_study_msgs/ros_study_msgs/msg/detail
[5.298s] -- Installing: /home/leejeongmin/Desktop/pjt_ws/install/ros_study_msgs/include/ros_study_msgs/ros_study_msgs/msg/detail/my_msg__rosidl_typesupport_introspection_c.h
[5.298s] -- Installing: /home/leejeongmin/Desktop/pjt_ws/install/ros_study_msgs/include/ros_study_msgs/ros_study_msgs/msg/detail/my_msg__type_support.c
[5.298s] -- Installing: /home/leejeongmin/Desktop/pjt_ws/install/ros_study_msgs/include/ros_study_msgs/ros_study_msgs/msg/detail/arithmetic_argument__rosidl_typesupport_introspection_c.h
[5.298s] -- Installing: /home/leejeongmin/Desktop/pjt_ws/install/ros_study_msgs/include/ros_study_msgs/ros_study_msgs/msg/detail/arithmetic_argument__type_support.c
[5.298s] -- Installing: /home/leejeongmin/Desktop/pjt_ws/install/ros_study_msgs/include/ros_study_msgs/ros_study_msgs/msg/rosidl_typesupport_introspection_c__visibility_control.h
[5.298s] -- Up-to-date: /home/leejeongmin/Desktop/pjt_ws/install/ros_study_msgs/include/ros_study_msgs/ros_study_msgs/srv
[5.298s] -- Up-to-date: /home/leejeongmin/Desktop/pjt_ws/install/ros_study_msgs/include/ros_study_msgs/ros_study_msgs/srv/detail
[5.298s] -- Installing: /home/leejeongmin/Desktop/pjt_ws/install/ros_study_msgs/include/ros_study_msgs/ros_study_msgs/srv/detail/my_srv__rosidl_typesupport_introspection_c.h
[5.299s] -- Installing: /home/leejeongmin/Desktop/pjt_ws/install/ros_study_msgs/include/ros_study_msgs/ros_study_msgs/srv/detail/my_srv__type_support.c
[5.299s] -- Installing: /home/leejeongmin/Desktop/pjt_ws/install/ros_study_msgs/include/ros_study_msgs/ros_study_msgs/srv/detail/arithmetic_operator__rosidl_typesupport_introspection_c.h
[5.299s] -- Installing: /home/leejeongmin/Desktop/pjt_ws/install/ros_study_msgs/include/ros_study_msgs/ros_study_msgs/srv/detail/arithmetic_operator__type_support.c
[5.299s] -- Installing: /home/leejeongmin/Desktop/pjt_ws/install/ros_study_msgs/lib/libros_study_msgs__rosidl_typesupport_introspection_c.so
[5.299s] -- Set runtime path of "/home/leejeongmin/Desktop/pjt_ws/install/ros_study_msgs/lib/libros_study_msgs__rosidl_typesupport_introspection_c.so" to ""
[5.299s] -- Installing: /home/leejeongmin/Desktop/pjt_ws/install/ros_study_msgs/lib/libros_study_msgs__rosidl_typesupport_c.so
[5.299s] -- Set runtime path of "/home/leejeongmin/Desktop/pjt_ws/install/ros_study_msgs/lib/libros_study_msgs__rosidl_typesupport_c.so" to ""
[5.299s] -- Up-to-date: /home/leejeongmin/Desktop/pjt_ws/install/ros_study_msgs/include/ros_study_msgs/ros_study_msgs
[5.299s] -- Up-to-date: /home/leejeongmin/Desktop/pjt_ws/install/ros_study_msgs/include/ros_study_msgs/ros_study_msgs/action
[5.299s] -- Up-to-date: /home/leejeongmin/Desktop/pjt_ws/install/ros_study_msgs/include/ros_study_msgs/ros_study_msgs/action/detail
[5.299s] -- Installing: /home/leejeongmin/Desktop/pjt_ws/install/ros_study_msgs/include/ros_study_msgs/ros_study_msgs/action/detail/arithmetic_checker__type_support.cpp
[5.299s] -- Installing: /home/leejeongmin/Desktop/pjt_ws/install/ros_study_msgs/include/ros_study_msgs/ros_study_msgs/action/detail/my_action__rosidl_typesupport_introspection_cpp.hpp
[5.300s] -- Installing: /home/leejeongmin/Desktop/pjt_ws/install/ros_study_msgs/include/ros_study_msgs/ros_study_msgs/action/detail/arithmetic_checker__rosidl_typesupport_introspection_cpp.hpp
[5.300s] -- Installing: /home/leejeongmin/Desktop/pjt_ws/install/ros_study_msgs/include/ros_study_msgs/ros_study_msgs/action/detail/my_action__type_support.cpp
[5.300s] -- Up-to-date: /home/leejeongmin/Desktop/pjt_ws/install/ros_study_msgs/include/ros_study_msgs/ros_study_msgs/msg
[5.300s] -- Up-to-date: /home/leejeongmin/Desktop/pjt_ws/install/ros_study_msgs/include/ros_study_msgs/ros_study_msgs/msg/detail
[5.300s] -- Installing: /home/leejeongmin/Desktop/pjt_ws/install/ros_study_msgs/include/ros_study_msgs/ros_study_msgs/msg/detail/arithmetic_argument__rosidl_typesupport_introspection_cpp.hpp
[5.300s] -- Installing: /home/leejeongmin/Desktop/pjt_ws/install/ros_study_msgs/include/ros_study_msgs/ros_study_msgs/msg/detail/my_msg__rosidl_typesupport_introspection_cpp.hpp
[5.300s] -- Installing: /home/leejeongmin/Desktop/pjt_ws/install/ros_study_msgs/include/ros_study_msgs/ros_study_msgs/msg/detail/my_msg__type_support.cpp
[5.300s] -- Installing: /home/leejeongmin/Desktop/pjt_ws/install/ros_study_msgs/include/ros_study_msgs/ros_study_msgs/msg/detail/arithmetic_argument__type_support.cpp
[5.300s] -- Up-to-date: /home/leejeongmin/Desktop/pjt_ws/install/ros_study_msgs/include/ros_study_msgs/ros_study_msgs/srv
[5.300s] -- Up-to-date: /home/leejeongmin/Desktop/pjt_ws/install/ros_study_msgs/include/ros_study_msgs/ros_study_msgs/srv/detail
[5.300s] -- Installing: /home/leejeongmin/Desktop/pjt_ws/install/ros_study_msgs/include/ros_study_msgs/ros_study_msgs/srv/detail/arithmetic_operator__type_support.cpp
[5.300s] -- Installing: /home/leejeongmin/Desktop/pjt_ws/install/ros_study_msgs/include/ros_study_msgs/ros_study_msgs/srv/detail/my_srv__rosidl_typesupport_introspection_cpp.hpp
[5.301s] -- Installing: /home/leejeongmin/Desktop/pjt_ws/install/ros_study_msgs/include/ros_study_msgs/ros_study_msgs/srv/detail/arithmetic_operator__rosidl_typesupport_introspection_cpp.hpp
[5.301s] -- Installing: /home/leejeongmin/Desktop/pjt_ws/install/ros_study_msgs/include/ros_study_msgs/ros_study_msgs/srv/detail/my_srv__type_support.cpp
[5.301s] -- Installing: /home/leejeongmin/Desktop/pjt_ws/install/ros_study_msgs/lib/libros_study_msgs__rosidl_typesupport_introspection_cpp.so
[5.301s] -- Set runtime path of "/home/leejeongmin/Desktop/pjt_ws/install/ros_study_msgs/lib/libros_study_msgs__rosidl_typesupport_introspection_cpp.so" to ""
[5.301s] -- Installing: /home/leejeongmin/Desktop/pjt_ws/install/ros_study_msgs/lib/libros_study_msgs__rosidl_typesupport_cpp.so
[5.301s] -- Set runtime path of "/home/leejeongmin/Desktop/pjt_ws/install/ros_study_msgs/lib/libros_study_msgs__rosidl_typesupport_cpp.so" to ""
[5.301s] -- Installing: /home/leejeongmin/Desktop/pjt_ws/install/ros_study_msgs/share/ros_study_msgs/environment/pythonpath.sh
[5.301s] -- Installing: /home/leejeongmin/Desktop/pjt_ws/install/ros_study_msgs/share/ros_study_msgs/environment/pythonpath.dsv
[5.301s] -- Installing: /home/leejeongmin/Desktop/pjt_ws/install/ros_study_msgs/local/lib/python3.10/dist-packages/ros_study_msgs-0.0.0-py3.10.egg-info
[5.301s] -- Installing: /home/leejeongmin/Desktop/pjt_ws/install/ros_study_msgs/local/lib/python3.10/dist-packages/ros_study_msgs-0.0.0-py3.10.egg-info/PKG-INFO
[5.301s] -- Installing: /home/leejeongmin/Desktop/pjt_ws/install/ros_study_msgs/local/lib/python3.10/dist-packages/ros_study_msgs-0.0.0-py3.10.egg-info/dependency_links.txt
[5.301s] -- Installing: /home/leejeongmin/Desktop/pjt_ws/install/ros_study_msgs/local/lib/python3.10/dist-packages/ros_study_msgs-0.0.0-py3.10.egg-info/top_level.txt
[5.301s] -- Installing: /home/leejeongmin/Desktop/pjt_ws/install/ros_study_msgs/local/lib/python3.10/dist-packages/ros_study_msgs-0.0.0-py3.10.egg-info/SOURCES.txt
[5.302s] -- Installing: /home/leejeongmin/Desktop/pjt_ws/install/ros_study_msgs/local/lib/python3.10/dist-packages/ros_study_msgs
[5.302s] -- Installing: /home/leejeongmin/Desktop/pjt_ws/install/ros_study_msgs/local/lib/python3.10/dist-packages/ros_study_msgs/action
[5.302s] -- Installing: /home/leejeongmin/Desktop/pjt_ws/install/ros_study_msgs/local/lib/python3.10/dist-packages/ros_study_msgs/action/_arithmetic_checker.py
[5.302s] -- Installing: /home/leejeongmin/Desktop/pjt_ws/install/ros_study_msgs/local/lib/python3.10/dist-packages/ros_study_msgs/action/_my_action.py
[5.302s] -- Installing: /home/leejeongmin/Desktop/pjt_ws/install/ros_study_msgs/local/lib/python3.10/dist-packages/ros_study_msgs/action/_my_action_s.c
[5.302s] -- Installing: /home/leejeongmin/Desktop/pjt_ws/install/ros_study_msgs/local/lib/python3.10/dist-packages/ros_study_msgs/action/_arithmetic_checker_s.c
[5.302s] -- Installing: /home/leejeongmin/Desktop/pjt_ws/install/ros_study_msgs/local/lib/python3.10/dist-packages/ros_study_msgs/action/__init__.py
[5.302s] -- Installing: /home/leejeongmin/Desktop/pjt_ws/install/ros_study_msgs/local/lib/python3.10/dist-packages/ros_study_msgs/msg
[5.302s] -- Installing: /home/leejeongmin/Desktop/pjt_ws/install/ros_study_msgs/local/lib/python3.10/dist-packages/ros_study_msgs/msg/_arithmetic_argument_s.c
[5.302s] -- Installing: /home/leejeongmin/Desktop/pjt_ws/install/ros_study_msgs/local/lib/python3.10/dist-packages/ros_study_msgs/msg/_arithmetic_argument.py
[5.302s] -- Installing: /home/leejeongmin/Desktop/pjt_ws/install/ros_study_msgs/local/lib/python3.10/dist-packages/ros_study_msgs/msg/_my_msg.py
[5.302s] -- Installing: /home/leejeongmin/Desktop/pjt_ws/install/ros_study_msgs/local/lib/python3.10/dist-packages/ros_study_msgs/msg/_my_msg_s.c
[5.302s] -- Installing: /home/leejeongmin/Desktop/pjt_ws/install/ros_study_msgs/local/lib/python3.10/dist-packages/ros_study_msgs/msg/__init__.py
[5.303s] -- Installing: /home/leejeongmin/Desktop/pjt_ws/install/ros_study_msgs/local/lib/python3.10/dist-packages/ros_study_msgs/srv
[5.303s] -- Installing: /home/leejeongmin/Desktop/pjt_ws/install/ros_study_msgs/local/lib/python3.10/dist-packages/ros_study_msgs/srv/_arithmetic_operator_s.c
[5.303s] -- Installing: /home/leejeongmin/Desktop/pjt_ws/install/ros_study_msgs/local/lib/python3.10/dist-packages/ros_study_msgs/srv/_my_srv_s.c
[5.303s] -- Installing: /home/leejeongmin/Desktop/pjt_ws/install/ros_study_msgs/local/lib/python3.10/dist-packages/ros_study_msgs/srv/_my_srv.py
[5.303s] -- Installing: /home/leejeongmin/Desktop/pjt_ws/install/ros_study_msgs/local/lib/python3.10/dist-packages/ros_study_msgs/srv/_arithmetic_operator.py
[5.303s] -- Installing: /home/leejeongmin/Desktop/pjt_ws/install/ros_study_msgs/local/lib/python3.10/dist-packages/ros_study_msgs/srv/__init__.py
[5.303s] -- Installing: /home/leejeongmin/Desktop/pjt_ws/install/ros_study_msgs/local/lib/python3.10/dist-packages/ros_study_msgs/ros_study_msgs_s__rosidl_typesupport_c.cpython-310-x86_64-linux-gnu.so
[5.303s] -- Installing: /home/leejeongmin/Desktop/pjt_ws/install/ros_study_msgs/local/lib/python3.10/dist-packages/ros_study_msgs/libros_study_msgs__rosidl_generator_py.so
[5.303s] -- Installing: /home/leejeongmin/Desktop/pjt_ws/install/ros_study_msgs/local/lib/python3.10/dist-packages/ros_study_msgs/_ros_study_msgs_s.ep.rosidl_typesupport_fastrtps_c.c
[5.303s] -- Installing: /home/leejeongmin/Desktop/pjt_ws/install/ros_study_msgs/local/lib/python3.10/dist-packages/ros_study_msgs/ros_study_msgs_s__rosidl_typesupport_introspection_c.cpython-310-x86_64-linux-gnu.so
[5.303s] -- Installing: /home/leejeongmin/Desktop/pjt_ws/install/ros_study_msgs/local/lib/python3.10/dist-packages/ros_study_msgs/_ros_study_msgs_s.ep.rosidl_typesupport_introspection_c.c
[5.303s] -- Installing: /home/leejeongmin/Desktop/pjt_ws/install/ros_study_msgs/local/lib/python3.10/dist-packages/ros_study_msgs/__init__.py
[5.304s] -- Installing: /home/leejeongmin/Desktop/pjt_ws/install/ros_study_msgs/local/lib/python3.10/dist-packages/ros_study_msgs/ros_study_msgs_s__rosidl_typesupport_fastrtps_c.cpython-310-x86_64-linux-gnu.so
[5.304s] -- Installing: /home/leejeongmin/Desktop/pjt_ws/install/ros_study_msgs/local/lib/python3.10/dist-packages/ros_study_msgs/_ros_study_msgs_s.ep.rosidl_typesupport_c.c
[5.339s] Listing '/home/leejeongmin/Desktop/pjt_ws/install/ros_study_msgs/local/lib/python3.10/dist-packages/ros_study_msgs'...
[5.339s] Compiling '/home/leejeongmin/Desktop/pjt_ws/install/ros_study_msgs/local/lib/python3.10/dist-packages/ros_study_msgs/__init__.py'...
[5.340s] Listing '/home/leejeongmin/Desktop/pjt_ws/install/ros_study_msgs/local/lib/python3.10/dist-packages/ros_study_msgs/action'...
[5.340s] Compiling '/home/leejeongmin/Desktop/pjt_ws/install/ros_study_msgs/local/lib/python3.10/dist-packages/ros_study_msgs/action/__init__.py'...
[5.340s] Compiling '/home/leejeongmin/Desktop/pjt_ws/install/ros_study_msgs/local/lib/python3.10/dist-packages/ros_study_msgs/action/_arithmetic_checker.py'...
[5.340s] Compiling '/home/leejeongmin/Desktop/pjt_ws/install/ros_study_msgs/local/lib/python3.10/dist-packages/ros_study_msgs/action/_my_action.py'...
[5.340s] Listing '/home/leejeongmin/Desktop/pjt_ws/install/ros_study_msgs/local/lib/python3.10/dist-packages/ros_study_msgs/msg'...
[5.340s] Compiling '/home/leejeongmin/Desktop/pjt_ws/install/ros_study_msgs/local/lib/python3.10/dist-packages/ros_study_msgs/msg/__init__.py'...
[5.340s] Compiling '/home/leejeongmin/Desktop/pjt_ws/install/ros_study_msgs/local/lib/python3.10/dist-packages/ros_study_msgs/msg/_arithmetic_argument.py'...
[5.340s] Compiling '/home/leejeongmin/Desktop/pjt_ws/install/ros_study_msgs/local/lib/python3.10/dist-packages/ros_study_msgs/msg/_my_msg.py'...
[5.340s] Listing '/home/leejeongmin/Desktop/pjt_ws/install/ros_study_msgs/local/lib/python3.10/dist-packages/ros_study_msgs/srv'...
[5.340s] Compiling '/home/leejeongmin/Desktop/pjt_ws/install/ros_study_msgs/local/lib/python3.10/dist-packages/ros_study_msgs/srv/__init__.py'...
[5.340s] Compiling '/home/leejeongmin/Desktop/pjt_ws/install/ros_study_msgs/local/lib/python3.10/dist-packages/ros_study_msgs/srv/_arithmetic_operator.py'...
[5.341s] Compiling '/home/leejeongmin/Desktop/pjt_ws/install/ros_study_msgs/local/lib/python3.10/dist-packages/ros_study_msgs/srv/_my_srv.py'...
[5.343s] -- Installing: /home/leejeongmin/Desktop/pjt_ws/install/ros_study_msgs/local/lib/python3.10/dist-packages/ros_study_msgs/ros_study_msgs_s__rosidl_typesupport_fastrtps_c.cpython-310-x86_64-linux-gnu.so
[5.343s] -- Set runtime path of "/home/leejeongmin/Desktop/pjt_ws/install/ros_study_msgs/local/lib/python3.10/dist-packages/ros_study_msgs/ros_study_msgs_s__rosidl_typesupport_fastrtps_c.cpython-310-x86_64-linux-gnu.so" to ""
[5.343s] -- Installing: /home/leejeongmin/Desktop/pjt_ws/install/ros_study_msgs/local/lib/python3.10/dist-packages/ros_study_msgs/ros_study_msgs_s__rosidl_typesupport_introspection_c.cpython-310-x86_64-linux-gnu.so
[5.344s] -- Set runtime path of "/home/leejeongmin/Desktop/pjt_ws/install/ros_study_msgs/local/lib/python3.10/dist-packages/ros_study_msgs/ros_study_msgs_s__rosidl_typesupport_introspection_c.cpython-310-x86_64-linux-gnu.so" to ""
[5.344s] -- Installing: /home/leejeongmin/Desktop/pjt_ws/install/ros_study_msgs/local/lib/python3.10/dist-packages/ros_study_msgs/ros_study_msgs_s__rosidl_typesupport_c.cpython-310-x86_64-linux-gnu.so
[5.344s] -- Set runtime path of "/home/leejeongmin/Desktop/pjt_ws/install/ros_study_msgs/local/lib/python3.10/dist-packages/ros_study_msgs/ros_study_msgs_s__rosidl_typesupport_c.cpython-310-x86_64-linux-gnu.so" to ""
[5.344s] -- Installing: /home/leejeongmin/Desktop/pjt_ws/install/ros_study_msgs/lib/libros_study_msgs__rosidl_generator_py.so
[5.344s] -- Set runtime path of "/home/leejeongmin/Desktop/pjt_ws/install/ros_study_msgs/lib/libros_study_msgs__rosidl_generator_py.so" to ""
[5.344s] -- Installing: /home/leejeongmin/Desktop/pjt_ws/install/ros_study_msgs/share/ros_study_msgs/msg/MyMsg.idl
[5.344s] -- Installing: /home/leejeongmin/Desktop/pjt_ws/install/ros_study_msgs/share/ros_study_msgs/msg/ArithmeticArgument.idl
[5.344s] -- Installing: /home/leejeongmin/Desktop/pjt_ws/install/ros_study_msgs/share/ros_study_msgs/srv/MySrv.idl
[5.344s] -- Installing: /home/leejeongmin/Desktop/pjt_ws/install/ros_study_msgs/share/ros_study_msgs/srv/ArithmeticOperator.idl
[5.345s] -- Installing: /home/leejeongmin/Desktop/pjt_ws/install/ros_study_msgs/share/ros_study_msgs/action/MyAction.idl
[5.345s] -- Installing: /home/leejeongmin/Desktop/pjt_ws/install/ros_study_msgs/share/ros_study_msgs/action/ArithmeticChecker.idl
[5.345s] -- Installing: /home/leejeongmin/Desktop/pjt_ws/install/ros_study_msgs/share/ros_study_msgs/msg/MyMsg.msg
[5.345s] -- Installing: /home/leejeongmin/Desktop/pjt_ws/install/ros_study_msgs/share/ros_study_msgs/msg/ArithmeticArgument.msg
[5.345s] -- Installing: /home/leejeongmin/Desktop/pjt_ws/install/ros_study_msgs/share/ros_study_msgs/srv/MySrv.srv
[5.345s] -- Installing: /home/leejeongmin/Desktop/pjt_ws/install/ros_study_msgs/share/ros_study_msgs/srv/MySrv_Request.msg
[5.345s] -- Installing: /home/leejeongmin/Desktop/pjt_ws/install/ros_study_msgs/share/ros_study_msgs/srv/MySrv_Response.msg
[5.345s] -- Installing: /home/leejeongmin/Desktop/pjt_ws/install/ros_study_msgs/share/ros_study_msgs/srv/ArithmeticOperator.srv
[5.345s] -- Installing: /home/leejeongmin/Desktop/pjt_ws/install/ros_study_msgs/share/ros_study_msgs/srv/ArithmeticOperator_Request.msg
[5.346s] -- Installing: /home/leejeongmin/Desktop/pjt_ws/install/ros_study_msgs/share/ros_study_msgs/srv/ArithmeticOperator_Response.msg
[5.346s] -- Installing: /home/leejeongmin/Desktop/pjt_ws/install/ros_study_msgs/share/ros_study_msgs/action/MyAction.action
[5.346s] -- Installing: /home/leejeongmin/Desktop/pjt_ws/install/ros_study_msgs/share/ros_study_msgs/action/ArithmeticChecker.action
[5.346s] -- Installing: /home/leejeongmin/Desktop/pjt_ws/install/ros_study_msgs/share/ament_index/resource_index/package_run_dependencies/ros_study_msgs
[5.346s] -- Installing: /home/leejeongmin/Desktop/pjt_ws/install/ros_study_msgs/share/ament_index/resource_index/parent_prefix_path/ros_study_msgs
[5.346s] -- Installing: /home/leejeongmin/Desktop/pjt_ws/install/ros_study_msgs/share/ros_study_msgs/environment/ament_prefix_path.sh
[5.346s] -- Installing: /home/leejeongmin/Desktop/pjt_ws/install/ros_study_msgs/share/ros_study_msgs/environment/ament_prefix_path.dsv
[5.346s] -- Installing: /home/leejeongmin/Desktop/pjt_ws/install/ros_study_msgs/share/ros_study_msgs/environment/path.sh
[5.346s] -- Installing: /home/leejeongmin/Desktop/pjt_ws/install/ros_study_msgs/share/ros_study_msgs/environment/path.dsv
[5.346s] -- Installing: /home/leejeongmin/Desktop/pjt_ws/install/ros_study_msgs/share/ros_study_msgs/local_setup.bash
[5.347s] -- Installing: /home/leejeongmin/Desktop/pjt_ws/install/ros_study_msgs/share/ros_study_msgs/local_setup.sh
[5.347s] -- Installing: /home/leejeongmin/Desktop/pjt_ws/install/ros_study_msgs/share/ros_study_msgs/local_setup.zsh
[5.347s] -- Installing: /home/leejeongmin/Desktop/pjt_ws/install/ros_study_msgs/share/ros_study_msgs/local_setup.dsv
[5.347s] -- Installing: /home/leejeongmin/Desktop/pjt_ws/install/ros_study_msgs/share/ros_study_msgs/package.dsv
[5.347s] -- Installing: /home/leejeongmin/Desktop/pjt_ws/install/ros_study_msgs/share/ament_index/resource_index/packages/ros_study_msgs
[5.347s] -- Installing: /home/leejeongmin/Desktop/pjt_ws/install/ros_study_msgs/share/ros_study_msgs/cmake/export_ros_study_msgs__rosidl_generator_cExport.cmake
[5.347s] -- Installing: /home/leejeongmin/Desktop/pjt_ws/install/ros_study_msgs/share/ros_study_msgs/cmake/export_ros_study_msgs__rosidl_generator_cExport-noconfig.cmake
[5.347s] -- Installing: /home/leejeongmin/Desktop/pjt_ws/install/ros_study_msgs/share/ros_study_msgs/cmake/export_ros_study_msgs__rosidl_typesupport_fastrtps_cExport.cmake
[5.347s] -- Installing: /home/leejeongmin/Desktop/pjt_ws/install/ros_study_msgs/share/ros_study_msgs/cmake/export_ros_study_msgs__rosidl_typesupport_fastrtps_cExport-noconfig.cmake
[5.347s] -- Installing: /home/leejeongmin/Desktop/pjt_ws/install/ros_study_msgs/share/ros_study_msgs/cmake/export_ros_study_msgs__rosidl_generator_cppExport.cmake
[5.347s] -- Installing: /home/leejeongmin/Desktop/pjt_ws/install/ros_study_msgs/share/ros_study_msgs/cmake/export_ros_study_msgs__rosidl_typesupport_fastrtps_cppExport.cmake
[5.347s] -- Installing: /home/leejeongmin/Desktop/pjt_ws/install/ros_study_msgs/share/ros_study_msgs/cmake/export_ros_study_msgs__rosidl_typesupport_fastrtps_cppExport-noconfig.cmake
[5.348s] -- Installing: /home/leejeongmin/Desktop/pjt_ws/install/ros_study_msgs/share/ros_study_msgs/cmake/ros_study_msgs__rosidl_typesupport_introspection_cExport.cmake
[5.348s] -- Installing: /home/leejeongmin/Desktop/pjt_ws/install/ros_study_msgs/share/ros_study_msgs/cmake/ros_study_msgs__rosidl_typesupport_introspection_cExport-noconfig.cmake
[5.348s] -- Installing: /home/leejeongmin/Desktop/pjt_ws/install/ros_study_msgs/share/ros_study_msgs/cmake/ros_study_msgs__rosidl_typesupport_cExport.cmake
[5.348s] -- Installing: /home/leejeongmin/Desktop/pjt_ws/install/ros_study_msgs/share/ros_study_msgs/cmake/ros_study_msgs__rosidl_typesupport_cExport-noconfig.cmake
[5.348s] -- Installing: /home/leejeongmin/Desktop/pjt_ws/install/ros_study_msgs/share/ros_study_msgs/cmake/ros_study_msgs__rosidl_typesupport_introspection_cppExport.cmake
[5.348s] -- Installing: /home/leejeongmin/Desktop/pjt_ws/install/ros_study_msgs/share/ros_study_msgs/cmake/ros_study_msgs__rosidl_typesupport_introspection_cppExport-noconfig.cmake
[5.348s] -- Installing: /home/leejeongmin/Desktop/pjt_ws/install/ros_study_msgs/share/ros_study_msgs/cmake/ros_study_msgs__rosidl_typesupport_cppExport.cmake
[5.349s] -- Installing: /home/leejeongmin/Desktop/pjt_ws/install/ros_study_msgs/share/ros_study_msgs/cmake/ros_study_msgs__rosidl_typesupport_cppExport-noconfig.cmake
[5.349s] -- Installing: /home/leejeongmin/Desktop/pjt_ws/install/ros_study_msgs/share/ros_study_msgs/cmake/export_ros_study_msgs__rosidl_generator_pyExport.cmake
[5.349s] -- Installing: /home/leejeongmin/Desktop/pjt_ws/install/ros_study_msgs/share/ros_study_msgs/cmake/export_ros_study_msgs__rosidl_generator_pyExport-noconfig.cmake
[5.349s] -- Installing: /home/leejeongmin/Desktop/pjt_ws/install/ros_study_msgs/share/ros_study_msgs/cmake/rosidl_cmake-extras.cmake
[5.350s] -- Installing: /home/leejeongmin/Desktop/pjt_ws/install/ros_study_msgs/share/ros_study_msgs/cmake/ament_cmake_export_dependencies-extras.cmake
[5.350s] -- Installing: /home/leejeongmin/Desktop/pjt_ws/install/ros_study_msgs/share/ros_study_msgs/cmake/ament_cmake_export_include_directories-extras.cmake
[5.350s] -- Installing: /home/leejeongmin/Desktop/pjt_ws/install/ros_study_msgs/share/ros_study_msgs/cmake/ament_cmake_export_libraries-extras.cmake
[5.350s] -- Installing: /home/leejeongmin/Desktop/pjt_ws/install/ros_study_msgs/share/ros_study_msgs/cmake/ament_cmake_export_targets-extras.cmake
[5.350s] -- Installing: /home/leejeongmin/Desktop/pjt_ws/install/ros_study_msgs/share/ros_study_msgs/cmake/rosidl_cmake_export_typesupport_targets-extras.cmake
[5.351s] -- Installing: /home/leejeongmin/Desktop/pjt_ws/install/ros_study_msgs/share/ros_study_msgs/cmake/rosidl_cmake_export_typesupport_libraries-extras.cmake
[5.351s] -- Installing: /home/leejeongmin/Desktop/pjt_ws/install/ros_study_msgs/share/ros_study_msgs/cmake/ros_study_msgsConfig.cmake
[5.351s] -- Installing: /home/leejeongmin/Desktop/pjt_ws/install/ros_study_msgs/share/ros_study_msgs/cmake/ros_study_msgsConfig-version.cmake
[5.351s] -- Installing: /home/leejeongmin/Desktop/pjt_ws/install/ros_study_msgs/share/ros_study_msgs/package.xml
[5.352s] Invoked command in '/home/leejeongmin/Desktop/pjt_ws/build/ros_study_msgs' returned '0': CMAKE_PREFIX_PATH=${CMAKE_PREFIX_PATH}:/home/leejeongmin/Desktop/pjt_ws/install/turtlebot:/home/leejeongmin/turtlebot3_ws/install/turtlebot3_teleop:/home/leejeongmin/turtlebot3_ws/install/turtlebot3_example:/opt/ros/humble /usr/bin/cmake --install /home/leejeongmin/Desktop/pjt_ws/build/ros_study_msgs
