[0.347s] Invoking command in '/home/leejeongmin/Desktop/pjt_ws/src/turtlebot': PYTHONPATH=/home/leejeongmin/Desktop/pjt_ws/build/turtlebot/prefix_override:/usr/lib/python3/dist-packages/colcon_core/task/python/colcon_distutils_commands:/home/leejeongmin/Desktop/pjt_ws/install/turtlebot/lib/python3.10/site-packages:${PYTHONPATH} /usr/bin/python3 -W ignore:setup.py install is deprecated setup.py egg_info --egg-base ../../build/turtlebot build --build-base /home/leejeongmin/Desktop/pjt_ws/build/turtlebot/build install --record /home/leejeongmin/Desktop/pjt_ws/build/turtlebot/install.log --single-version-externally-managed install_data
[0.475s] running egg_info
[0.475s] creating ../../build/turtlebot/turtlebot.egg-info
[0.476s] writing ../../build/turtlebot/turtlebot.egg-info/PKG-INFO
[0.476s] writing dependency_links to ../../build/turtlebot/turtlebot.egg-info/dependency_links.txt
[0.476s] writing entry points to ../../build/turtlebot/turtlebot.egg-info/entry_points.txt
[0.476s] writing requirements to ../../build/turtlebot/turtlebot.egg-info/requires.txt
[0.476s] writing top-level names to ../../build/turtlebot/turtlebot.egg-info/top_level.txt
[0.476s] writing manifest file '../../build/turtlebot/turtlebot.egg-info/SOURCES.txt'
[0.477s] reading manifest file '../../build/turtlebot/turtlebot.egg-info/SOURCES.txt'
[0.477s] writing manifest file '../../build/turtlebot/turtlebot.egg-info/SOURCES.txt'
[0.477s] running build
[0.477s] running build_py
[0.477s] creating /home/leejeongmin/Desktop/pjt_ws/build/turtlebot/build
[0.478s] creating /home/leejeongmin/Desktop/pjt_ws/build/turtlebot/build/lib
[0.478s] creating /home/leejeongmin/Desktop/pjt_ws/build/turtlebot/build/lib/turtlebot
[0.478s] copying turtlebot/Order_client.py -> /home/leejeongmin/Desktop/pjt_ws/build/turtlebot/build/lib/turtlebot
[0.478s] copying turtlebot/gui_pyqt.py -> /home/leejeongmin/Desktop/pjt_ws/build/turtlebot/build/lib/turtlebot
[0.478s] copying turtlebot/pub_topic.py -> /home/leejeongmin/Desktop/pjt_ws/build/turtlebot/build/lib/turtlebot
[0.478s] copying turtlebot/Kitchen_server.py -> /home/leejeongmin/Desktop/pjt_ws/build/turtlebot/build/lib/turtlebot
[0.479s] copying turtlebot/Order_client copy 3.py -> /home/leejeongmin/Desktop/pjt_ws/build/turtlebot/build/lib/turtlebot
[0.479s] copying turtlebot/Kitchen_server copy.py -> /home/leejeongmin/Desktop/pjt_ws/build/turtlebot/build/lib/turtlebot
[0.479s] copying turtlebot/backup_service_server.py -> /home/leejeongmin/Desktop/pjt_ws/build/turtlebot/build/lib/turtlebot
[0.479s] copying turtlebot/__init__.py -> /home/leejeongmin/Desktop/pjt_ws/build/turtlebot/build/lib/turtlebot
[0.479s] copying turtlebot/sub_topic.py -> /home/leejeongmin/Desktop/pjt_ws/build/turtlebot/build/lib/turtlebot
[0.479s] running install
[0.479s] running install_lib
[0.479s] creating /home/leejeongmin/Desktop/pjt_ws/install/turtlebot/lib/python3.10/site-packages/turtlebot
[0.479s] copying /home/leejeongmin/Desktop/pjt_ws/build/turtlebot/build/lib/turtlebot/Order_client.py -> /home/leejeongmin/Desktop/pjt_ws/install/turtlebot/lib/python3.10/site-packages/turtlebot
[0.479s] copying /home/leejeongmin/Desktop/pjt_ws/build/turtlebot/build/lib/turtlebot/gui_pyqt.py -> /home/leejeongmin/Desktop/pjt_ws/install/turtlebot/lib/python3.10/site-packages/turtlebot
[0.479s] copying /home/leejeongmin/Desktop/pjt_ws/build/turtlebot/build/lib/turtlebot/pub_topic.py -> /home/leejeongmin/Desktop/pjt_ws/install/turtlebot/lib/python3.10/site-packages/turtlebot
[0.479s] copying /home/leejeongmin/Desktop/pjt_ws/build/turtlebot/build/lib/turtlebot/Kitchen_server.py -> /home/leejeongmin/Desktop/pjt_ws/install/turtlebot/lib/python3.10/site-packages/turtlebot
[0.480s] copying /home/leejeongmin/Desktop/pjt_ws/build/turtlebot/build/lib/turtlebot/Order_client copy 3.py -> /home/leejeongmin/Desktop/pjt_ws/install/turtlebot/lib/python3.10/site-packages/turtlebot
[0.480s] copying /home/leejeongmin/Desktop/pjt_ws/build/turtlebot/build/lib/turtlebot/Kitchen_server copy.py -> /home/leejeongmin/Desktop/pjt_ws/install/turtlebot/lib/python3.10/site-packages/turtlebot
[0.480s] copying /home/leejeongmin/Desktop/pjt_ws/build/turtlebot/build/lib/turtlebot/backup_service_server.py -> /home/leejeongmin/Desktop/pjt_ws/install/turtlebot/lib/python3.10/site-packages/turtlebot
[0.480s] copying /home/leejeongmin/Desktop/pjt_ws/build/turtlebot/build/lib/turtlebot/__init__.py -> /home/leejeongmin/Desktop/pjt_ws/install/turtlebot/lib/python3.10/site-packages/turtlebot
[0.480s] copying /home/leejeongmin/Desktop/pjt_ws/build/turtlebot/build/lib/turtlebot/sub_topic.py -> /home/leejeongmin/Desktop/pjt_ws/install/turtlebot/lib/python3.10/site-packages/turtlebot
[0.480s] byte-compiling /home/leejeongmin/Desktop/pjt_ws/install/turtlebot/lib/python3.10/site-packages/turtlebot/Order_client.py to Order_client.cpython-310.pyc
[0.480s] byte-compiling /home/leejeongmin/Desktop/pjt_ws/install/turtlebot/lib/python3.10/site-packages/turtlebot/gui_pyqt.py to gui_pyqt.cpython-310.pyc
[0.480s] byte-compiling /home/leejeongmin/Desktop/pjt_ws/install/turtlebot/lib/python3.10/site-packages/turtlebot/pub_topic.py to pub_topic.cpython-310.pyc
[0.481s] byte-compiling /home/leejeongmin/Desktop/pjt_ws/install/turtlebot/lib/python3.10/site-packages/turtlebot/Kitchen_server.py to Kitchen_server.cpython-310.pyc
[0.483s] byte-compiling /home/leejeongmin/Desktop/pjt_ws/install/turtlebot/lib/python3.10/site-packages/turtlebot/Order_client copy 3.py to Order_client copy 3.cpython-310.pyc
[0.484s] byte-compiling /home/leejeongmin/Desktop/pjt_ws/install/turtlebot/lib/python3.10/site-packages/turtlebot/Kitchen_server copy.py to Kitchen_server copy.cpython-310.pyc
[0.485s] byte-compiling /home/leejeongmin/Desktop/pjt_ws/install/turtlebot/lib/python3.10/site-packages/turtlebot/backup_service_server.py to backup_service_server.cpython-310.pyc
[0.485s] byte-compiling /home/leejeongmin/Desktop/pjt_ws/install/turtlebot/lib/python3.10/site-packages/turtlebot/__init__.py to __init__.cpython-310.pyc
[0.485s] byte-compiling /home/leejeongmin/Desktop/pjt_ws/install/turtlebot/lib/python3.10/site-packages/turtlebot/sub_topic.py to sub_topic.cpython-310.pyc
[0.486s] running install_data
[0.486s] creating /home/leejeongmin/Desktop/pjt_ws/install/turtlebot/share/ament_index
[0.486s] creating /home/leejeongmin/Desktop/pjt_ws/install/turtlebot/share/ament_index/resource_index
[0.486s] creating /home/leejeongmin/Desktop/pjt_ws/install/turtlebot/share/ament_index/resource_index/packages
[0.486s] copying resource/turtlebot -> /home/leejeongmin/Desktop/pjt_ws/install/turtlebot/share/ament_index/resource_index/packages
[0.486s] copying package.xml -> /home/leejeongmin/Desktop/pjt_ws/install/turtlebot/share/turtlebot
[0.486s] creating /home/leejeongmin/Desktop/pjt_ws/install/turtlebot/share/turtlebot/launch
[0.486s] creating /home/leejeongmin/Desktop/pjt_ws/install/turtlebot/share/turtlebot/urdf
[0.486s] running install_egg_info
[0.487s] Copying ../../build/turtlebot/turtlebot.egg-info to /home/leejeongmin/Desktop/pjt_ws/install/turtlebot/lib/python3.10/site-packages/turtlebot-0.0.0-py3.10.egg-info
[0.487s] running install_scripts
[0.500s] Installing pub_topic script to /home/leejeongmin/Desktop/pjt_ws/install/turtlebot/lib/turtlebot
[0.500s] Installing send_goal script to /home/leejeongmin/Desktop/pjt_ws/install/turtlebot/lib/turtlebot
[0.500s] Installing sub_topic script to /home/leejeongmin/Desktop/pjt_ws/install/turtlebot/lib/turtlebot
[0.500s] Installing turtlebot_test script to /home/leejeongmin/Desktop/pjt_ws/install/turtlebot/lib/turtlebot
[0.501s] Installing turtlebot_test1 script to /home/leejeongmin/Desktop/pjt_ws/install/turtlebot/lib/turtlebot
[0.501s] writing list of installed files to '/home/leejeongmin/Desktop/pjt_ws/build/turtlebot/install.log'
[0.517s] Invoked command in '/home/leejeongmin/Desktop/pjt_ws/src/turtlebot' returned '0': PYTHONPATH=/home/leejeongmin/Desktop/pjt_ws/build/turtlebot/prefix_override:/usr/lib/python3/dist-packages/colcon_core/task/python/colcon_distutils_commands:/home/leejeongmin/Desktop/pjt_ws/install/turtlebot/lib/python3.10/site-packages:${PYTHONPATH} /usr/bin/python3 -W ignore:setup.py install is deprecated setup.py egg_info --egg-base ../../build/turtlebot build --build-base /home/leejeongmin/Desktop/pjt_ws/build/turtlebot/build install --record /home/leejeongmin/Desktop/pjt_ws/build/turtlebot/install.log --single-version-externally-managed install_data
