[0.175s] Invoking command in '/home/leejeongmin/Desktop/pjt_ws/build/ros_study_msgs': CMAKE_PREFIX_PATH=${CMAKE_PREFIX_PATH}:/home/leejeongmin/Desktop/pjt_ws/install/turtlebot:/home/leejeongmin/turtlebot3_ws/install/turtlebot3_teleop:/home/leejeongmin/turtlebot3_ws/install/turtlebot3_example:/opt/ros/humble /usr/bin/cmake --build /home/leejeongmin/Desktop/pjt_ws/build/ros_study_msgs -- -j12 -l12
[0.563s] [  1%] Built target ros_study_msgs__cpp
[0.571s] [ 12%] Built target ros_study_msgs__rosidl_generator_c
[0.697s] [ 12%] Built target ament_cmake_python_copy_ros_study_msgs
[0.785s] [ 23%] Built target ros_study_msgs__rosidl_typesupport_fastrtps_cpp
[0.803s] [ 35%] Built target ros_study_msgs__rosidl_typesupport_c
[0.805s] [ 46%] Built target ros_study_msgs__rosidl_typesupport_fastrtps_c
[0.841s] [ 59%] Built target ros_study_msgs__rosidl_typesupport_introspection_cpp
[0.842s] [ 69%] Built target ros_study_msgs__rosidl_typesupport_introspection_c
[0.860s] [ 80%] Built target ros_study_msgs__rosidl_typesupport_cpp
[1.016s] [ 80%] Built target ros_study_msgs
[1.177s] [ 81%] Built target ros_study_msgs__py
[1.367s] [ 91%] Built target ros_study_msgs__rosidl_generator_py
[1.564s] [ 94%] Built target ros_study_msgs__rosidl_typesupport_fastrtps_c__pyext
[1.571s] [ 97%] Built target ros_study_msgs__rosidl_typesupport_introspection_c__pyext
[1.590s] [100%] Built target ros_study_msgs__rosidl_typesupport_c__pyext
[3.103s] running egg_info
[3.108s] writing ros_study_msgs.egg-info/PKG-INFO
[3.109s] writing dependency_links to ros_study_msgs.egg-info/dependency_links.txt
[3.112s] writing top-level names to ros_study_msgs.egg-info/top_level.txt
[3.133s] reading manifest file 'ros_study_msgs.egg-info/SOURCES.txt'
[3.140s] writing manifest file 'ros_study_msgs.egg-info/SOURCES.txt'
[3.337s] [100%] Built target ament_cmake_python_build_ros_study_msgs_egg
[3.434s] Invoked command in '/home/leejeongmin/Desktop/pjt_ws/build/ros_study_msgs' returned '0': CMAKE_PREFIX_PATH=${CMAKE_PREFIX_PATH}:/home/leejeongmin/Desktop/pjt_ws/install/turtlebot:/home/leejeongmin/turtlebot3_ws/install/turtlebot3_teleop:/home/leejeongmin/turtlebot3_ws/install/turtlebot3_example:/opt/ros/humble /usr/bin/cmake --build /home/leejeongmin/Desktop/pjt_ws/build/ros_study_msgs -- -j12 -l12
[4.663s] Invoking command in '/home/leejeongmin/Desktop/pjt_ws/build/ros_study_msgs': CMAKE_PREFIX_PATH=${CMAKE_PREFIX_PATH}:/home/leejeongmin/Desktop/pjt_ws/install/turtlebot:/home/leejeongmin/turtlebot3_ws/install/turtlebot3_teleop:/home/leejeongmin/turtlebot3_ws/install/turtlebot3_example:/opt/ros/humble /usr/bin/cmake --install /home/leejeongmin/Desktop/pjt_ws/build/ros_study_msgs
[4.728s] -- Install configuration: ""
[4.729s] -- Up-to-date: /home/leejeongmin/Desktop/pjt_ws/install/ros_study_msgs/share/ament_index/resource_index/rosidl_interfaces/ros_study_msgs
[4.730s] -- Up-to-date: /home/leejeongmin/Desktop/pjt_ws/install/ros_study_msgs/include/ros_study_msgs/ros_study_msgs
[4.730s] -- Up-to-date: /home/leejeongmin/Desktop/pjt_ws/install/ros_study_msgs/include/ros_study_msgs/ros_study_msgs/action
[4.733s] -- Up-to-date: /home/leejeongmin/Desktop/pjt_ws/install/ros_study_msgs/include/ros_study_msgs/ros_study_msgs/action/detail
[4.735s] -- Up-to-date: /home/leejeongmin/Desktop/pjt_ws/install/ros_study_msgs/include/ros_study_msgs/ros_study_msgs/action/detail/arithmetic_checker__type_support.h
[4.736s] -- Up-to-date: /home/leejeongmin/Desktop/pjt_ws/install/ros_study_msgs/include/ros_study_msgs/ros_study_msgs/action/detail/my_action__type_support.h
[4.737s] -- Up-to-date: /home/leejeongmin/Desktop/pjt_ws/install/ros_study_msgs/include/ros_study_msgs/ros_study_msgs/action/detail/arithmetic_checker__struct.h
[4.737s] -- Up-to-date: /home/leejeongmin/Desktop/pjt_ws/install/ros_study_msgs/include/ros_study_msgs/ros_study_msgs/action/detail/arithmetic_checker__functions.h
[4.738s] -- Up-to-date: /home/leejeongmin/Desktop/pjt_ws/install/ros_study_msgs/include/ros_study_msgs/ros_study_msgs/action/detail/my_action__functions.h
[4.739s] -- Up-to-date: /home/leejeongmin/Desktop/pjt_ws/install/ros_study_msgs/include/ros_study_msgs/ros_study_msgs/action/detail/arithmetic_checker__functions.c
[4.739s] -- Up-to-date: /home/leejeongmin/Desktop/pjt_ws/install/ros_study_msgs/include/ros_study_msgs/ros_study_msgs/action/detail/my_action__functions.c
[4.740s] -- Up-to-date: /home/leejeongmin/Desktop/pjt_ws/install/ros_study_msgs/include/ros_study_msgs/ros_study_msgs/action/detail/my_action__struct.h
[4.742s] -- Up-to-date: /home/leejeongmin/Desktop/pjt_ws/install/ros_study_msgs/include/ros_study_msgs/ros_study_msgs/action/arithmetic_checker.h
[4.748s] -- Up-to-date: /home/leejeongmin/Desktop/pjt_ws/install/ros_study_msgs/include/ros_study_msgs/ros_study_msgs/action/my_action.h
[4.749s] -- Up-to-date: /home/leejeongmin/Desktop/pjt_ws/install/ros_study_msgs/include/ros_study_msgs/ros_study_msgs/msg
[4.750s] -- Up-to-date: /home/leejeongmin/Desktop/pjt_ws/install/ros_study_msgs/include/ros_study_msgs/ros_study_msgs/msg/arithmetic_argument.h
[4.750s] -- Up-to-date: /home/leejeongmin/Desktop/pjt_ws/install/ros_study_msgs/include/ros_study_msgs/ros_study_msgs/msg/rosidl_generator_c__visibility_control.h
[4.751s] -- Up-to-date: /home/leejeongmin/Desktop/pjt_ws/install/ros_study_msgs/include/ros_study_msgs/ros_study_msgs/msg/detail
[4.752s] -- Up-to-date: /home/leejeongmin/Desktop/pjt_ws/install/ros_study_msgs/include/ros_study_msgs/ros_study_msgs/msg/detail/arithmetic_argument__struct.h
[4.755s] -- Up-to-date: /home/leejeongmin/Desktop/pjt_ws/install/ros_study_msgs/include/ros_study_msgs/ros_study_msgs/msg/detail/arithmetic_argument__type_support.h
[4.756s] -- Up-to-date: /home/leejeongmin/Desktop/pjt_ws/install/ros_study_msgs/include/ros_study_msgs/ros_study_msgs/msg/detail/arithmetic_argument__functions.c
[4.756s] -- Up-to-date: /home/leejeongmin/Desktop/pjt_ws/install/ros_study_msgs/include/ros_study_msgs/ros_study_msgs/msg/detail/my_msg__functions.c
[4.757s] -- Up-to-date: /home/leejeongmin/Desktop/pjt_ws/install/ros_study_msgs/include/ros_study_msgs/ros_study_msgs/msg/detail/my_msg__functions.h
[4.759s] -- Up-to-date: /home/leejeongmin/Desktop/pjt_ws/install/ros_study_msgs/include/ros_study_msgs/ros_study_msgs/msg/detail/my_msg__struct.h
[4.761s] -- Up-to-date: /home/leejeongmin/Desktop/pjt_ws/install/ros_study_msgs/include/ros_study_msgs/ros_study_msgs/msg/detail/my_msg__type_support.h
[4.762s] -- Up-to-date: /home/leejeongmin/Desktop/pjt_ws/install/ros_study_msgs/include/ros_study_msgs/ros_study_msgs/msg/detail/arithmetic_argument__functions.h
[4.762s] -- Up-to-date: /home/leejeongmin/Desktop/pjt_ws/install/ros_study_msgs/include/ros_study_msgs/ros_study_msgs/msg/my_msg.h
[4.763s] -- Up-to-date: /home/leejeongmin/Desktop/pjt_ws/install/ros_study_msgs/include/ros_study_msgs/ros_study_msgs/srv
[4.766s] -- Up-to-date: /home/leejeongmin/Desktop/pjt_ws/install/ros_study_msgs/include/ros_study_msgs/ros_study_msgs/srv/my_srv.h
[4.767s] -- Up-to-date: /home/leejeongmin/Desktop/pjt_ws/install/ros_study_msgs/include/ros_study_msgs/ros_study_msgs/srv/arithmetic_operator.h
[4.767s] -- Up-to-date: /home/leejeongmin/Desktop/pjt_ws/install/ros_study_msgs/include/ros_study_msgs/ros_study_msgs/srv/detail
[4.769s] -- Up-to-date: /home/leejeongmin/Desktop/pjt_ws/install/ros_study_msgs/include/ros_study_msgs/ros_study_msgs/srv/detail/arithmetic_operator__functions.h
[4.771s] -- Up-to-date: /home/leejeongmin/Desktop/pjt_ws/install/ros_study_msgs/include/ros_study_msgs/ros_study_msgs/srv/detail/my_srv__functions.h
[4.772s] -- Up-to-date: /home/leejeongmin/Desktop/pjt_ws/install/ros_study_msgs/include/ros_study_msgs/ros_study_msgs/srv/detail/my_srv__type_support.h
[4.774s] -- Up-to-date: /home/leejeongmin/Desktop/pjt_ws/install/ros_study_msgs/include/ros_study_msgs/ros_study_msgs/srv/detail/arithmetic_operator__struct.h
[4.777s] -- Up-to-date: /home/leejeongmin/Desktop/pjt_ws/install/ros_study_msgs/include/ros_study_msgs/ros_study_msgs/srv/detail/my_srv__struct.h
[4.778s] -- Up-to-date: /home/leejeongmin/Desktop/pjt_ws/install/ros_study_msgs/include/ros_study_msgs/ros_study_msgs/srv/detail/arithmetic_operator__functions.c
[4.778s] -- Up-to-date: /home/leejeongmin/Desktop/pjt_ws/install/ros_study_msgs/include/ros_study_msgs/ros_study_msgs/srv/detail/my_srv__functions.c
[4.779s] -- Up-to-date: /home/leejeongmin/Desktop/pjt_ws/install/ros_study_msgs/include/ros_study_msgs/ros_study_msgs/srv/detail/arithmetic_operator__type_support.h
[4.780s] -- Up-to-date: /home/leejeongmin/Desktop/pjt_ws/install/ros_study_msgs/share/ros_study_msgs/environment/library_path.sh
[4.782s] -- Up-to-date: /home/leejeongmin/Desktop/pjt_ws/install/ros_study_msgs/share/ros_study_msgs/environment/library_path.dsv
[4.783s] -- Up-to-date: /home/leejeongmin/Desktop/pjt_ws/install/ros_study_msgs/lib/libros_study_msgs__rosidl_generator_c.so
[4.787s] -- Up-to-date: /home/leejeongmin/Desktop/pjt_ws/install/ros_study_msgs/include/ros_study_msgs/ros_study_msgs
[4.789s] -- Up-to-date: /home/leejeongmin/Desktop/pjt_ws/install/ros_study_msgs/include/ros_study_msgs/ros_study_msgs/action
[4.790s] -- Up-to-date: /home/leejeongmin/Desktop/pjt_ws/install/ros_study_msgs/include/ros_study_msgs/ros_study_msgs/action/detail
[4.791s] -- Up-to-date: /home/leejeongmin/Desktop/pjt_ws/install/ros_study_msgs/include/ros_study_msgs/ros_study_msgs/action/detail/my_action__rosidl_typesupport_fastrtps_c.h
[4.791s] -- Up-to-date: /home/leejeongmin/Desktop/pjt_ws/install/ros_study_msgs/include/ros_study_msgs/ros_study_msgs/action/detail/arithmetic_checker__rosidl_typesupport_fastrtps_c.h
[4.792s] -- Up-to-date: /home/leejeongmin/Desktop/pjt_ws/install/ros_study_msgs/include/ros_study_msgs/ros_study_msgs/msg
[4.793s] -- Up-to-date: /home/leejeongmin/Desktop/pjt_ws/install/ros_study_msgs/include/ros_study_msgs/ros_study_msgs/msg/rosidl_typesupport_fastrtps_c__visibility_control.h
[4.794s] -- Up-to-date: /home/leejeongmin/Desktop/pjt_ws/install/ros_study_msgs/include/ros_study_msgs/ros_study_msgs/msg/detail
[4.794s] -- Up-to-date: /home/leejeongmin/Desktop/pjt_ws/install/ros_study_msgs/include/ros_study_msgs/ros_study_msgs/msg/detail/arithmetic_argument__rosidl_typesupport_fastrtps_c.h
[4.795s] -- Up-to-date: /home/leejeongmin/Desktop/pjt_ws/install/ros_study_msgs/include/ros_study_msgs/ros_study_msgs/msg/detail/my_msg__rosidl_typesupport_fastrtps_c.h
[4.796s] -- Up-to-date: /home/leejeongmin/Desktop/pjt_ws/install/ros_study_msgs/include/ros_study_msgs/ros_study_msgs/srv
[4.796s] -- Up-to-date: /home/leejeongmin/Desktop/pjt_ws/install/ros_study_msgs/include/ros_study_msgs/ros_study_msgs/srv/detail
[4.797s] -- Up-to-date: /home/leejeongmin/Desktop/pjt_ws/install/ros_study_msgs/include/ros_study_msgs/ros_study_msgs/srv/detail/arithmetic_operator__rosidl_typesupport_fastrtps_c.h
[4.798s] -- Up-to-date: /home/leejeongmin/Desktop/pjt_ws/install/ros_study_msgs/include/ros_study_msgs/ros_study_msgs/srv/detail/my_srv__rosidl_typesupport_fastrtps_c.h
[4.798s] -- Up-to-date: /home/leejeongmin/Desktop/pjt_ws/install/ros_study_msgs/lib/libros_study_msgs__rosidl_typesupport_fastrtps_c.so
[4.799s] -- Up-to-date: /home/leejeongmin/Desktop/pjt_ws/install/ros_study_msgs/include/ros_study_msgs/ros_study_msgs
[4.800s] -- Up-to-date: /home/leejeongmin/Desktop/pjt_ws/install/ros_study_msgs/include/ros_study_msgs/ros_study_msgs/action
[4.800s] -- Up-to-date: /home/leejeongmin/Desktop/pjt_ws/install/ros_study_msgs/include/ros_study_msgs/ros_study_msgs/action/my_action.hpp
[4.801s] -- Up-to-date: /home/leejeongmin/Desktop/pjt_ws/install/ros_study_msgs/include/ros_study_msgs/ros_study_msgs/action/arithmetic_checker.hpp
[4.801s] -- Up-to-date: /home/leejeongmin/Desktop/pjt_ws/install/ros_study_msgs/include/ros_study_msgs/ros_study_msgs/action/detail
[4.802s] -- Up-to-date: /home/leejeongmin/Desktop/pjt_ws/install/ros_study_msgs/include/ros_study_msgs/ros_study_msgs/action/detail/my_action__struct.hpp
[4.802s] -- Up-to-date: /home/leejeongmin/Desktop/pjt_ws/install/ros_study_msgs/include/ros_study_msgs/ros_study_msgs/action/detail/my_action__traits.hpp
[4.802s] -- Up-to-date: /home/leejeongmin/Desktop/pjt_ws/install/ros_study_msgs/include/ros_study_msgs/ros_study_msgs/action/detail/my_action__builder.hpp
[4.803s] -- Up-to-date: /home/leejeongmin/Desktop/pjt_ws/install/ros_study_msgs/include/ros_study_msgs/ros_study_msgs/action/detail/arithmetic_checker__struct.hpp
[4.803s] -- Up-to-date: /home/leejeongmin/Desktop/pjt_ws/install/ros_study_msgs/include/ros_study_msgs/ros_study_msgs/action/detail/arithmetic_checker__builder.hpp
[4.804s] -- Up-to-date: /home/leejeongmin/Desktop/pjt_ws/install/ros_study_msgs/include/ros_study_msgs/ros_study_msgs/action/detail/arithmetic_checker__traits.hpp
[4.804s] -- Up-to-date: /home/leejeongmin/Desktop/pjt_ws/install/ros_study_msgs/include/ros_study_msgs/ros_study_msgs/msg
[4.805s] -- Up-to-date: /home/leejeongmin/Desktop/pjt_ws/install/ros_study_msgs/include/ros_study_msgs/ros_study_msgs/msg/arithmetic_argument.hpp
[4.811s] -- Up-to-date: /home/leejeongmin/Desktop/pjt_ws/install/ros_study_msgs/include/ros_study_msgs/ros_study_msgs/msg/detail
[4.812s] -- Up-to-date: /home/leejeongmin/Desktop/pjt_ws/install/ros_study_msgs/include/ros_study_msgs/ros_study_msgs/msg/detail/my_msg__builder.hpp
[4.813s] -- Up-to-date: /home/leejeongmin/Desktop/pjt_ws/install/ros_study_msgs/include/ros_study_msgs/ros_study_msgs/msg/detail/arithmetic_argument__struct.hpp
[4.818s] -- Up-to-date: /home/leejeongmin/Desktop/pjt_ws/install/ros_study_msgs/include/ros_study_msgs/ros_study_msgs/msg/detail/arithmetic_argument__builder.hpp
[4.819s] -- Up-to-date: /home/leejeongmin/Desktop/pjt_ws/install/ros_study_msgs/include/ros_study_msgs/ros_study_msgs/msg/detail/arithmetic_argument__traits.hpp
[4.819s] -- Up-to-date: /home/leejeongmin/Desktop/pjt_ws/install/ros_study_msgs/include/ros_study_msgs/ros_study_msgs/msg/detail/my_msg__struct.hpp
[4.820s] -- Up-to-date: /home/leejeongmin/Desktop/pjt_ws/install/ros_study_msgs/include/ros_study_msgs/ros_study_msgs/msg/detail/my_msg__traits.hpp
[4.820s] -- Up-to-date: /home/leejeongmin/Desktop/pjt_ws/install/ros_study_msgs/include/ros_study_msgs/ros_study_msgs/msg/my_msg.hpp
[4.823s] -- Up-to-date: /home/leejeongmin/Desktop/pjt_ws/install/ros_study_msgs/include/ros_study_msgs/ros_study_msgs/srv
[4.824s] -- Up-to-date: /home/leejeongmin/Desktop/pjt_ws/install/ros_study_msgs/include/ros_study_msgs/ros_study_msgs/srv/arithmetic_operator.hpp
[4.824s] -- Up-to-date: /home/leejeongmin/Desktop/pjt_ws/install/ros_study_msgs/include/ros_study_msgs/ros_study_msgs/srv/my_srv.hpp
[4.825s] -- Up-to-date: /home/leejeongmin/Desktop/pjt_ws/install/ros_study_msgs/include/ros_study_msgs/ros_study_msgs/srv/detail
[4.827s] -- Up-to-date: /home/leejeongmin/Desktop/pjt_ws/install/ros_study_msgs/include/ros_study_msgs/ros_study_msgs/srv/detail/arithmetic_operator__struct.hpp
[4.829s] -- Up-to-date: /home/leejeongmin/Desktop/pjt_ws/install/ros_study_msgs/include/ros_study_msgs/ros_study_msgs/srv/detail/arithmetic_operator__builder.hpp
[4.830s] -- Up-to-date: /home/leejeongmin/Desktop/pjt_ws/install/ros_study_msgs/include/ros_study_msgs/ros_study_msgs/srv/detail/my_srv__builder.hpp
[4.831s] -- Up-to-date: /home/leejeongmin/Desktop/pjt_ws/install/ros_study_msgs/include/ros_study_msgs/ros_study_msgs/srv/detail/arithmetic_operator__traits.hpp
[4.832s] -- Up-to-date: /home/leejeongmin/Desktop/pjt_ws/install/ros_study_msgs/include/ros_study_msgs/ros_study_msgs/srv/detail/my_srv__traits.hpp
[4.832s] -- Up-to-date: /home/leejeongmin/Desktop/pjt_ws/install/ros_study_msgs/include/ros_study_msgs/ros_study_msgs/srv/detail/my_srv__struct.hpp
[4.833s] -- Up-to-date: /home/leejeongmin/Desktop/pjt_ws/install/ros_study_msgs/include/ros_study_msgs/ros_study_msgs
[4.834s] -- Up-to-date: /home/leejeongmin/Desktop/pjt_ws/install/ros_study_msgs/include/ros_study_msgs/ros_study_msgs/action
[4.835s] -- Up-to-date: /home/leejeongmin/Desktop/pjt_ws/install/ros_study_msgs/include/ros_study_msgs/ros_study_msgs/action/detail
[4.835s] -- Up-to-date: /home/leejeongmin/Desktop/pjt_ws/install/ros_study_msgs/include/ros_study_msgs/ros_study_msgs/action/detail/arithmetic_checker__rosidl_typesupport_fastrtps_cpp.hpp
[4.836s] -- Up-to-date: /home/leejeongmin/Desktop/pjt_ws/install/ros_study_msgs/include/ros_study_msgs/ros_study_msgs/action/detail/dds_fastrtps
[4.837s] -- Up-to-date: /home/leejeongmin/Desktop/pjt_ws/install/ros_study_msgs/include/ros_study_msgs/ros_study_msgs/action/detail/my_action__rosidl_typesupport_fastrtps_cpp.hpp
[4.837s] -- Up-to-date: /home/leejeongmin/Desktop/pjt_ws/install/ros_study_msgs/include/ros_study_msgs/ros_study_msgs/msg
[4.838s] -- Up-to-date: /home/leejeongmin/Desktop/pjt_ws/install/ros_study_msgs/include/ros_study_msgs/ros_study_msgs/msg/detail
[4.839s] -- Up-to-date: /home/leejeongmin/Desktop/pjt_ws/install/ros_study_msgs/include/ros_study_msgs/ros_study_msgs/msg/detail/arithmetic_argument__rosidl_typesupport_fastrtps_cpp.hpp
[4.839s] -- Up-to-date: /home/leejeongmin/Desktop/pjt_ws/install/ros_study_msgs/include/ros_study_msgs/ros_study_msgs/msg/detail/dds_fastrtps
[4.840s] -- Up-to-date: /home/leejeongmin/Desktop/pjt_ws/install/ros_study_msgs/include/ros_study_msgs/ros_study_msgs/msg/detail/my_msg__rosidl_typesupport_fastrtps_cpp.hpp
[4.841s] -- Up-to-date: /home/leejeongmin/Desktop/pjt_ws/install/ros_study_msgs/include/ros_study_msgs/ros_study_msgs/msg/rosidl_typesupport_fastrtps_cpp__visibility_control.h
[4.841s] -- Up-to-date: /home/leejeongmin/Desktop/pjt_ws/install/ros_study_msgs/include/ros_study_msgs/ros_study_msgs/srv
[4.842s] -- Up-to-date: /home/leejeongmin/Desktop/pjt_ws/install/ros_study_msgs/include/ros_study_msgs/ros_study_msgs/srv/detail
[4.843s] -- Up-to-date: /home/leejeongmin/Desktop/pjt_ws/install/ros_study_msgs/include/ros_study_msgs/ros_study_msgs/srv/detail/dds_fastrtps
[4.843s] -- Up-to-date: /home/leejeongmin/Desktop/pjt_ws/install/ros_study_msgs/include/ros_study_msgs/ros_study_msgs/srv/detail/arithmetic_operator__rosidl_typesupport_fastrtps_cpp.hpp
[4.844s] -- Up-to-date: /home/leejeongmin/Desktop/pjt_ws/install/ros_study_msgs/include/ros_study_msgs/ros_study_msgs/srv/detail/my_srv__rosidl_typesupport_fastrtps_cpp.hpp
[4.844s] -- Up-to-date: /home/leejeongmin/Desktop/pjt_ws/install/ros_study_msgs/lib/libros_study_msgs__rosidl_typesupport_fastrtps_cpp.so
[4.845s] -- Up-to-date: /home/leejeongmin/Desktop/pjt_ws/install/ros_study_msgs/include/ros_study_msgs/ros_study_msgs
[4.846s] -- Up-to-date: /home/leejeongmin/Desktop/pjt_ws/install/ros_study_msgs/include/ros_study_msgs/ros_study_msgs/action
[4.846s] -- Up-to-date: /home/leejeongmin/Desktop/pjt_ws/install/ros_study_msgs/include/ros_study_msgs/ros_study_msgs/action/detail
[4.847s] -- Up-to-date: /home/leejeongmin/Desktop/pjt_ws/install/ros_study_msgs/include/ros_study_msgs/ros_study_msgs/action/detail/my_action__type_support.c
[4.848s] -- Up-to-date: /home/leejeongmin/Desktop/pjt_ws/install/ros_study_msgs/include/ros_study_msgs/ros_study_msgs/action/detail/arithmetic_checker__rosidl_typesupport_introspection_c.h
[4.848s] -- Up-to-date: /home/leejeongmin/Desktop/pjt_ws/install/ros_study_msgs/include/ros_study_msgs/ros_study_msgs/action/detail/my_action__rosidl_typesupport_introspection_c.h
[4.849s] -- Up-to-date: /home/leejeongmin/Desktop/pjt_ws/install/ros_study_msgs/include/ros_study_msgs/ros_study_msgs/action/detail/arithmetic_checker__type_support.c
[4.849s] -- Up-to-date: /home/leejeongmin/Desktop/pjt_ws/install/ros_study_msgs/include/ros_study_msgs/ros_study_msgs/msg
[4.850s] -- Up-to-date: /home/leejeongmin/Desktop/pjt_ws/install/ros_study_msgs/include/ros_study_msgs/ros_study_msgs/msg/detail
[4.850s] -- Up-to-date: /home/leejeongmin/Desktop/pjt_ws/install/ros_study_msgs/include/ros_study_msgs/ros_study_msgs/msg/detail/my_msg__rosidl_typesupport_introspection_c.h
[4.851s] -- Up-to-date: /home/leejeongmin/Desktop/pjt_ws/install/ros_study_msgs/include/ros_study_msgs/ros_study_msgs/msg/detail/my_msg__type_support.c
[4.852s] -- Up-to-date: /home/leejeongmin/Desktop/pjt_ws/install/ros_study_msgs/include/ros_study_msgs/ros_study_msgs/msg/detail/arithmetic_argument__rosidl_typesupport_introspection_c.h
[4.852s] -- Up-to-date: /home/leejeongmin/Desktop/pjt_ws/install/ros_study_msgs/include/ros_study_msgs/ros_study_msgs/msg/detail/arithmetic_argument__type_support.c
[4.853s] -- Up-to-date: /home/leejeongmin/Desktop/pjt_ws/install/ros_study_msgs/include/ros_study_msgs/ros_study_msgs/msg/rosidl_typesupport_introspection_c__visibility_control.h
[4.853s] -- Up-to-date: /home/leejeongmin/Desktop/pjt_ws/install/ros_study_msgs/include/ros_study_msgs/ros_study_msgs/srv
[4.856s] -- Up-to-date: /home/leejeongmin/Desktop/pjt_ws/install/ros_study_msgs/include/ros_study_msgs/ros_study_msgs/srv/detail
[4.856s] -- Up-to-date: /home/leejeongmin/Desktop/pjt_ws/install/ros_study_msgs/include/ros_study_msgs/ros_study_msgs/srv/detail/my_srv__rosidl_typesupport_introspection_c.h
[4.857s] -- Up-to-date: /home/leejeongmin/Desktop/pjt_ws/install/ros_study_msgs/include/ros_study_msgs/ros_study_msgs/srv/detail/my_srv__type_support.c
[4.858s] -- Up-to-date: /home/leejeongmin/Desktop/pjt_ws/install/ros_study_msgs/include/ros_study_msgs/ros_study_msgs/srv/detail/arithmetic_operator__rosidl_typesupport_introspection_c.h
[4.858s] -- Up-to-date: /home/leejeongmin/Desktop/pjt_ws/install/ros_study_msgs/include/ros_study_msgs/ros_study_msgs/srv/detail/arithmetic_operator__type_support.c
[4.859s] -- Up-to-date: /home/leejeongmin/Desktop/pjt_ws/install/ros_study_msgs/lib/libros_study_msgs__rosidl_typesupport_introspection_c.so
[4.860s] -- Up-to-date: /home/leejeongmin/Desktop/pjt_ws/install/ros_study_msgs/lib/libros_study_msgs__rosidl_typesupport_c.so
[4.861s] -- Up-to-date: /home/leejeongmin/Desktop/pjt_ws/install/ros_study_msgs/include/ros_study_msgs/ros_study_msgs
[4.862s] -- Up-to-date: /home/leejeongmin/Desktop/pjt_ws/install/ros_study_msgs/include/ros_study_msgs/ros_study_msgs/action
[4.863s] -- Up-to-date: /home/leejeongmin/Desktop/pjt_ws/install/ros_study_msgs/include/ros_study_msgs/ros_study_msgs/action/detail
[4.863s] -- Up-to-date: /home/leejeongmin/Desktop/pjt_ws/install/ros_study_msgs/include/ros_study_msgs/ros_study_msgs/action/detail/arithmetic_checker__type_support.cpp
[4.864s] -- Up-to-date: /home/leejeongmin/Desktop/pjt_ws/install/ros_study_msgs/include/ros_study_msgs/ros_study_msgs/action/detail/my_action__rosidl_typesupport_introspection_cpp.hpp
[4.865s] -- Up-to-date: /home/leejeongmin/Desktop/pjt_ws/install/ros_study_msgs/include/ros_study_msgs/ros_study_msgs/action/detail/arithmetic_checker__rosidl_typesupport_introspection_cpp.hpp
[4.865s] -- Up-to-date: /home/leejeongmin/Desktop/pjt_ws/install/ros_study_msgs/include/ros_study_msgs/ros_study_msgs/action/detail/my_action__type_support.cpp
[4.866s] -- Up-to-date: /home/leejeongmin/Desktop/pjt_ws/install/ros_study_msgs/include/ros_study_msgs/ros_study_msgs/msg
[4.866s] -- Up-to-date: /home/leejeongmin/Desktop/pjt_ws/install/ros_study_msgs/include/ros_study_msgs/ros_study_msgs/msg/detail
[4.867s] -- Up-to-date: /home/leejeongmin/Desktop/pjt_ws/install/ros_study_msgs/include/ros_study_msgs/ros_study_msgs/msg/detail/arithmetic_argument__rosidl_typesupport_introspection_cpp.hpp
[4.868s] -- Up-to-date: /home/leejeongmin/Desktop/pjt_ws/install/ros_study_msgs/include/ros_study_msgs/ros_study_msgs/msg/detail/my_msg__rosidl_typesupport_introspection_cpp.hpp
[4.869s] -- Up-to-date: /home/leejeongmin/Desktop/pjt_ws/install/ros_study_msgs/include/ros_study_msgs/ros_study_msgs/msg/detail/my_msg__type_support.cpp
[4.869s] -- Up-to-date: /home/leejeongmin/Desktop/pjt_ws/install/ros_study_msgs/include/ros_study_msgs/ros_study_msgs/msg/detail/arithmetic_argument__type_support.cpp
[4.870s] -- Up-to-date: /home/leejeongmin/Desktop/pjt_ws/install/ros_study_msgs/include/ros_study_msgs/ros_study_msgs/srv
[4.870s] -- Up-to-date: /home/leejeongmin/Desktop/pjt_ws/install/ros_study_msgs/include/ros_study_msgs/ros_study_msgs/srv/detail
[4.871s] -- Up-to-date: /home/leejeongmin/Desktop/pjt_ws/install/ros_study_msgs/include/ros_study_msgs/ros_study_msgs/srv/detail/arithmetic_operator__type_support.cpp
[4.872s] -- Up-to-date: /home/leejeongmin/Desktop/pjt_ws/install/ros_study_msgs/include/ros_study_msgs/ros_study_msgs/srv/detail/my_srv__rosidl_typesupport_introspection_cpp.hpp
[4.872s] -- Up-to-date: /home/leejeongmin/Desktop/pjt_ws/install/ros_study_msgs/include/ros_study_msgs/ros_study_msgs/srv/detail/arithmetic_operator__rosidl_typesupport_introspection_cpp.hpp
[4.873s] -- Up-to-date: /home/leejeongmin/Desktop/pjt_ws/install/ros_study_msgs/include/ros_study_msgs/ros_study_msgs/srv/detail/my_srv__type_support.cpp
[4.873s] -- Up-to-date: /home/leejeongmin/Desktop/pjt_ws/install/ros_study_msgs/lib/libros_study_msgs__rosidl_typesupport_introspection_cpp.so
[4.874s] -- Up-to-date: /home/leejeongmin/Desktop/pjt_ws/install/ros_study_msgs/lib/libros_study_msgs__rosidl_typesupport_cpp.so
[4.876s] -- Up-to-date: /home/leejeongmin/Desktop/pjt_ws/install/ros_study_msgs/share/ros_study_msgs/environment/pythonpath.sh
[4.876s] -- Up-to-date: /home/leejeongmin/Desktop/pjt_ws/install/ros_study_msgs/share/ros_study_msgs/environment/pythonpath.dsv
[4.877s] -- Up-to-date: /home/leejeongmin/Desktop/pjt_ws/install/ros_study_msgs/local/lib/python3.10/dist-packages/ros_study_msgs-0.0.0-py3.10.egg-info
[4.878s] -- Installing: /home/leejeongmin/Desktop/pjt_ws/install/ros_study_msgs/local/lib/python3.10/dist-packages/ros_study_msgs-0.0.0-py3.10.egg-info/PKG-INFO
[4.878s] -- Installing: /home/leejeongmin/Desktop/pjt_ws/install/ros_study_msgs/local/lib/python3.10/dist-packages/ros_study_msgs-0.0.0-py3.10.egg-info/dependency_links.txt
[4.879s] -- Installing: /home/leejeongmin/Desktop/pjt_ws/install/ros_study_msgs/local/lib/python3.10/dist-packages/ros_study_msgs-0.0.0-py3.10.egg-info/top_level.txt
[4.880s] -- Installing: /home/leejeongmin/Desktop/pjt_ws/install/ros_study_msgs/local/lib/python3.10/dist-packages/ros_study_msgs-0.0.0-py3.10.egg-info/SOURCES.txt
[4.880s] -- Up-to-date: /home/leejeongmin/Desktop/pjt_ws/install/ros_study_msgs/local/lib/python3.10/dist-packages/ros_study_msgs
[4.881s] -- Up-to-date: /home/leejeongmin/Desktop/pjt_ws/install/ros_study_msgs/local/lib/python3.10/dist-packages/ros_study_msgs/action
[4.881s] -- Up-to-date: /home/leejeongmin/Desktop/pjt_ws/install/ros_study_msgs/local/lib/python3.10/dist-packages/ros_study_msgs/action/_arithmetic_checker.py
[4.882s] -- Up-to-date: /home/leejeongmin/Desktop/pjt_ws/install/ros_study_msgs/local/lib/python3.10/dist-packages/ros_study_msgs/action/_my_action.py
[4.883s] -- Up-to-date: /home/leejeongmin/Desktop/pjt_ws/install/ros_study_msgs/local/lib/python3.10/dist-packages/ros_study_msgs/action/_my_action_s.c
[4.883s] -- Up-to-date: /home/leejeongmin/Desktop/pjt_ws/install/ros_study_msgs/local/lib/python3.10/dist-packages/ros_study_msgs/action/_arithmetic_checker_s.c
[4.884s] -- Up-to-date: /home/leejeongmin/Desktop/pjt_ws/install/ros_study_msgs/local/lib/python3.10/dist-packages/ros_study_msgs/action/__init__.py
[4.885s] -- Up-to-date: /home/leejeongmin/Desktop/pjt_ws/install/ros_study_msgs/local/lib/python3.10/dist-packages/ros_study_msgs/msg
[4.885s] -- Up-to-date: /home/leejeongmin/Desktop/pjt_ws/install/ros_study_msgs/local/lib/python3.10/dist-packages/ros_study_msgs/msg/_arithmetic_argument_s.c
[4.886s] -- Up-to-date: /home/leejeongmin/Desktop/pjt_ws/install/ros_study_msgs/local/lib/python3.10/dist-packages/ros_study_msgs/msg/_arithmetic_argument.py
[4.887s] -- Up-to-date: /home/leejeongmin/Desktop/pjt_ws/install/ros_study_msgs/local/lib/python3.10/dist-packages/ros_study_msgs/msg/_my_msg.py
[4.887s] -- Up-to-date: /home/leejeongmin/Desktop/pjt_ws/install/ros_study_msgs/local/lib/python3.10/dist-packages/ros_study_msgs/msg/_my_msg_s.c
[4.888s] -- Up-to-date: /home/leejeongmin/Desktop/pjt_ws/install/ros_study_msgs/local/lib/python3.10/dist-packages/ros_study_msgs/msg/__init__.py
[4.889s] -- Up-to-date: /home/leejeongmin/Desktop/pjt_ws/install/ros_study_msgs/local/lib/python3.10/dist-packages/ros_study_msgs/srv
[4.889s] -- Up-to-date: /home/leejeongmin/Desktop/pjt_ws/install/ros_study_msgs/local/lib/python3.10/dist-packages/ros_study_msgs/srv/_arithmetic_operator_s.c
[4.890s] -- Up-to-date: /home/leejeongmin/Desktop/pjt_ws/install/ros_study_msgs/local/lib/python3.10/dist-packages/ros_study_msgs/srv/_my_srv_s.c
[4.890s] -- Up-to-date: /home/leejeongmin/Desktop/pjt_ws/install/ros_study_msgs/local/lib/python3.10/dist-packages/ros_study_msgs/srv/_my_srv.py
[4.891s] -- Up-to-date: /home/leejeongmin/Desktop/pjt_ws/install/ros_study_msgs/local/lib/python3.10/dist-packages/ros_study_msgs/srv/_arithmetic_operator.py
[4.892s] -- Up-to-date: /home/leejeongmin/Desktop/pjt_ws/install/ros_study_msgs/local/lib/python3.10/dist-packages/ros_study_msgs/srv/__init__.py
[4.893s] -- Up-to-date: /home/leejeongmin/Desktop/pjt_ws/install/ros_study_msgs/local/lib/python3.10/dist-packages/ros_study_msgs/ros_study_msgs_s__rosidl_typesupport_c.cpython-310-x86_64-linux-gnu.so
[4.893s] -- Up-to-date: /home/leejeongmin/Desktop/pjt_ws/install/ros_study_msgs/local/lib/python3.10/dist-packages/ros_study_msgs/libros_study_msgs__rosidl_generator_py.so
[4.894s] -- Up-to-date: /home/leejeongmin/Desktop/pjt_ws/install/ros_study_msgs/local/lib/python3.10/dist-packages/ros_study_msgs/_ros_study_msgs_s.ep.rosidl_typesupport_fastrtps_c.c
[4.896s] -- Up-to-date: /home/leejeongmin/Desktop/pjt_ws/install/ros_study_msgs/local/lib/python3.10/dist-packages/ros_study_msgs/ros_study_msgs_s__rosidl_typesupport_introspection_c.cpython-310-x86_64-linux-gnu.so
[4.896s] -- Up-to-date: /home/leejeongmin/Desktop/pjt_ws/install/ros_study_msgs/local/lib/python3.10/dist-packages/ros_study_msgs/_ros_study_msgs_s.ep.rosidl_typesupport_introspection_c.c
[4.899s] -- Up-to-date: /home/leejeongmin/Desktop/pjt_ws/install/ros_study_msgs/local/lib/python3.10/dist-packages/ros_study_msgs/__init__.py
[4.900s] -- Up-to-date: /home/leejeongmin/Desktop/pjt_ws/install/ros_study_msgs/local/lib/python3.10/dist-packages/ros_study_msgs/ros_study_msgs_s__rosidl_typesupport_fastrtps_c.cpython-310-x86_64-linux-gnu.so
[4.900s] -- Up-to-date: /home/leejeongmin/Desktop/pjt_ws/install/ros_study_msgs/local/lib/python3.10/dist-packages/ros_study_msgs/_ros_study_msgs_s.ep.rosidl_typesupport_c.c
[5.103s] Listing '/home/leejeongmin/Desktop/pjt_ws/install/ros_study_msgs/local/lib/python3.10/dist-packages/ros_study_msgs'...
[5.104s] Listing '/home/leejeongmin/Desktop/pjt_ws/install/ros_study_msgs/local/lib/python3.10/dist-packages/ros_study_msgs/action'...
[5.105s] Listing '/home/leejeongmin/Desktop/pjt_ws/install/ros_study_msgs/local/lib/python3.10/dist-packages/ros_study_msgs/msg'...
[5.105s] Listing '/home/leejeongmin/Desktop/pjt_ws/install/ros_study_msgs/local/lib/python3.10/dist-packages/ros_study_msgs/srv'...
[5.138s] -- Up-to-date: /home/leejeongmin/Desktop/pjt_ws/install/ros_study_msgs/local/lib/python3.10/dist-packages/ros_study_msgs/ros_study_msgs_s__rosidl_typesupport_fastrtps_c.cpython-310-x86_64-linux-gnu.so
[5.147s] -- Up-to-date: /home/leejeongmin/Desktop/pjt_ws/install/ros_study_msgs/local/lib/python3.10/dist-packages/ros_study_msgs/ros_study_msgs_s__rosidl_typesupport_introspection_c.cpython-310-x86_64-linux-gnu.so
[5.151s] -- Up-to-date: /home/leejeongmin/Desktop/pjt_ws/install/ros_study_msgs/local/lib/python3.10/dist-packages/ros_study_msgs/ros_study_msgs_s__rosidl_typesupport_c.cpython-310-x86_64-linux-gnu.so
[5.154s] -- Up-to-date: /home/leejeongmin/Desktop/pjt_ws/install/ros_study_msgs/lib/libros_study_msgs__rosidl_generator_py.so
[5.159s] -- Up-to-date: /home/leejeongmin/Desktop/pjt_ws/install/ros_study_msgs/share/ros_study_msgs/msg/MyMsg.idl
[5.160s] -- Up-to-date: /home/leejeongmin/Desktop/pjt_ws/install/ros_study_msgs/share/ros_study_msgs/msg/ArithmeticArgument.idl
[5.161s] -- Up-to-date: /home/leejeongmin/Desktop/pjt_ws/install/ros_study_msgs/share/ros_study_msgs/srv/MySrv.idl
[5.162s] -- Up-to-date: /home/leejeongmin/Desktop/pjt_ws/install/ros_study_msgs/share/ros_study_msgs/srv/ArithmeticOperator.idl
[5.163s] -- Up-to-date: /home/leejeongmin/Desktop/pjt_ws/install/ros_study_msgs/share/ros_study_msgs/action/MyAction.idl
[5.163s] -- Up-to-date: /home/leejeongmin/Desktop/pjt_ws/install/ros_study_msgs/share/ros_study_msgs/action/ArithmeticChecker.idl
[5.165s] -- Up-to-date: /home/leejeongmin/Desktop/pjt_ws/install/ros_study_msgs/share/ros_study_msgs/msg/MyMsg.msg
[5.166s] -- Up-to-date: /home/leejeongmin/Desktop/pjt_ws/install/ros_study_msgs/share/ros_study_msgs/msg/ArithmeticArgument.msg
[5.172s] -- Up-to-date: /home/leejeongmin/Desktop/pjt_ws/install/ros_study_msgs/share/ros_study_msgs/srv/MySrv.srv
[5.173s] -- Up-to-date: /home/leejeongmin/Desktop/pjt_ws/install/ros_study_msgs/share/ros_study_msgs/srv/MySrv_Request.msg
[5.174s] -- Up-to-date: /home/leejeongmin/Desktop/pjt_ws/install/ros_study_msgs/share/ros_study_msgs/srv/MySrv_Response.msg
[5.175s] -- Up-to-date: /home/leejeongmin/Desktop/pjt_ws/install/ros_study_msgs/share/ros_study_msgs/srv/ArithmeticOperator.srv
[5.179s] -- Up-to-date: /home/leejeongmin/Desktop/pjt_ws/install/ros_study_msgs/share/ros_study_msgs/srv/ArithmeticOperator_Request.msg
[5.182s] -- Up-to-date: /home/leejeongmin/Desktop/pjt_ws/install/ros_study_msgs/share/ros_study_msgs/srv/ArithmeticOperator_Response.msg
[5.183s] -- Up-to-date: /home/leejeongmin/Desktop/pjt_ws/install/ros_study_msgs/share/ros_study_msgs/action/MyAction.action
[5.183s] -- Up-to-date: /home/leejeongmin/Desktop/pjt_ws/install/ros_study_msgs/share/ros_study_msgs/action/ArithmeticChecker.action
[5.184s] -- Up-to-date: /home/leejeongmin/Desktop/pjt_ws/install/ros_study_msgs/share/ament_index/resource_index/package_run_dependencies/ros_study_msgs
[5.189s] -- Up-to-date: /home/leejeongmin/Desktop/pjt_ws/install/ros_study_msgs/share/ament_index/resource_index/parent_prefix_path/ros_study_msgs
[5.191s] -- Up-to-date: /home/leejeongmin/Desktop/pjt_ws/install/ros_study_msgs/share/ros_study_msgs/environment/ament_prefix_path.sh
[5.194s] -- Up-to-date: /home/leejeongmin/Desktop/pjt_ws/install/ros_study_msgs/share/ros_study_msgs/environment/ament_prefix_path.dsv
[5.195s] -- Up-to-date: /home/leejeongmin/Desktop/pjt_ws/install/ros_study_msgs/share/ros_study_msgs/environment/path.sh
[5.195s] -- Up-to-date: /home/leejeongmin/Desktop/pjt_ws/install/ros_study_msgs/share/ros_study_msgs/environment/path.dsv
[5.203s] -- Up-to-date: /home/leejeongmin/Desktop/pjt_ws/install/ros_study_msgs/share/ros_study_msgs/local_setup.bash
[5.208s] -- Up-to-date: /home/leejeongmin/Desktop/pjt_ws/install/ros_study_msgs/share/ros_study_msgs/local_setup.sh
[5.210s] -- Up-to-date: /home/leejeongmin/Desktop/pjt_ws/install/ros_study_msgs/share/ros_study_msgs/local_setup.zsh
[5.212s] -- Up-to-date: /home/leejeongmin/Desktop/pjt_ws/install/ros_study_msgs/share/ros_study_msgs/local_setup.dsv
[5.213s] -- Installing: /home/leejeongmin/Desktop/pjt_ws/install/ros_study_msgs/share/ros_study_msgs/package.dsv
[5.213s] -- Up-to-date: /home/leejeongmin/Desktop/pjt_ws/install/ros_study_msgs/share/ament_index/resource_index/packages/ros_study_msgs
[5.214s] -- Up-to-date: /home/leejeongmin/Desktop/pjt_ws/install/ros_study_msgs/share/ros_study_msgs/cmake/export_ros_study_msgs__rosidl_generator_cExport.cmake
[5.218s] -- Up-to-date: /home/leejeongmin/Desktop/pjt_ws/install/ros_study_msgs/share/ros_study_msgs/cmake/export_ros_study_msgs__rosidl_generator_cExport-noconfig.cmake
[5.221s] -- Up-to-date: /home/leejeongmin/Desktop/pjt_ws/install/ros_study_msgs/share/ros_study_msgs/cmake/export_ros_study_msgs__rosidl_typesupport_fastrtps_cExport.cmake
[5.222s] -- Up-to-date: /home/leejeongmin/Desktop/pjt_ws/install/ros_study_msgs/share/ros_study_msgs/cmake/export_ros_study_msgs__rosidl_typesupport_fastrtps_cExport-noconfig.cmake
[5.225s] -- Up-to-date: /home/leejeongmin/Desktop/pjt_ws/install/ros_study_msgs/share/ros_study_msgs/cmake/export_ros_study_msgs__rosidl_generator_cppExport.cmake
[5.226s] -- Up-to-date: /home/leejeongmin/Desktop/pjt_ws/install/ros_study_msgs/share/ros_study_msgs/cmake/export_ros_study_msgs__rosidl_typesupport_fastrtps_cppExport.cmake
[5.227s] -- Up-to-date: /home/leejeongmin/Desktop/pjt_ws/install/ros_study_msgs/share/ros_study_msgs/cmake/export_ros_study_msgs__rosidl_typesupport_fastrtps_cppExport-noconfig.cmake
[5.227s] -- Up-to-date: /home/leejeongmin/Desktop/pjt_ws/install/ros_study_msgs/share/ros_study_msgs/cmake/ros_study_msgs__rosidl_typesupport_introspection_cExport.cmake
[5.228s] -- Up-to-date: /home/leejeongmin/Desktop/pjt_ws/install/ros_study_msgs/share/ros_study_msgs/cmake/ros_study_msgs__rosidl_typesupport_introspection_cExport-noconfig.cmake
[5.231s] -- Up-to-date: /home/leejeongmin/Desktop/pjt_ws/install/ros_study_msgs/share/ros_study_msgs/cmake/ros_study_msgs__rosidl_typesupport_cExport.cmake
[5.232s] -- Up-to-date: /home/leejeongmin/Desktop/pjt_ws/install/ros_study_msgs/share/ros_study_msgs/cmake/ros_study_msgs__rosidl_typesupport_cExport-noconfig.cmake
[5.233s] -- Up-to-date: /home/leejeongmin/Desktop/pjt_ws/install/ros_study_msgs/share/ros_study_msgs/cmake/ros_study_msgs__rosidl_typesupport_introspection_cppExport.cmake
[5.234s] -- Up-to-date: /home/leejeongmin/Desktop/pjt_ws/install/ros_study_msgs/share/ros_study_msgs/cmake/ros_study_msgs__rosidl_typesupport_introspection_cppExport-noconfig.cmake
[5.242s] -- Up-to-date: /home/leejeongmin/Desktop/pjt_ws/install/ros_study_msgs/share/ros_study_msgs/cmake/ros_study_msgs__rosidl_typesupport_cppExport.cmake
[5.252s] -- Up-to-date: /home/leejeongmin/Desktop/pjt_ws/install/ros_study_msgs/share/ros_study_msgs/cmake/ros_study_msgs__rosidl_typesupport_cppExport-noconfig.cmake
[5.259s] -- Up-to-date: /home/leejeongmin/Desktop/pjt_ws/install/ros_study_msgs/share/ros_study_msgs/cmake/export_ros_study_msgs__rosidl_generator_pyExport.cmake
[5.260s] -- Up-to-date: /home/leejeongmin/Desktop/pjt_ws/install/ros_study_msgs/share/ros_study_msgs/cmake/export_ros_study_msgs__rosidl_generator_pyExport-noconfig.cmake
[5.260s] -- Up-to-date: /home/leejeongmin/Desktop/pjt_ws/install/ros_study_msgs/share/ros_study_msgs/cmake/rosidl_cmake-extras.cmake
[5.261s] -- Up-to-date: /home/leejeongmin/Desktop/pjt_ws/install/ros_study_msgs/share/ros_study_msgs/cmake/ament_cmake_export_dependencies-extras.cmake
[5.262s] -- Up-to-date: /home/leejeongmin/Desktop/pjt_ws/install/ros_study_msgs/share/ros_study_msgs/cmake/ament_cmake_export_include_directories-extras.cmake
[5.263s] -- Up-to-date: /home/leejeongmin/Desktop/pjt_ws/install/ros_study_msgs/share/ros_study_msgs/cmake/ament_cmake_export_libraries-extras.cmake
[5.270s] -- Up-to-date: /home/leejeongmin/Desktop/pjt_ws/install/ros_study_msgs/share/ros_study_msgs/cmake/ament_cmake_export_targets-extras.cmake
[5.271s] -- Up-to-date: /home/leejeongmin/Desktop/pjt_ws/install/ros_study_msgs/share/ros_study_msgs/cmake/rosidl_cmake_export_typesupport_targets-extras.cmake
[5.273s] -- Up-to-date: /home/leejeongmin/Desktop/pjt_ws/install/ros_study_msgs/share/ros_study_msgs/cmake/rosidl_cmake_export_typesupport_libraries-extras.cmake
[5.276s] -- Up-to-date: /home/leejeongmin/Desktop/pjt_ws/install/ros_study_msgs/share/ros_study_msgs/cmake/ros_study_msgsConfig.cmake
[5.281s] -- Up-to-date: /home/leejeongmin/Desktop/pjt_ws/install/ros_study_msgs/share/ros_study_msgs/cmake/ros_study_msgsConfig-version.cmake
[5.288s] -- Up-to-date: /home/leejeongmin/Desktop/pjt_ws/install/ros_study_msgs/share/ros_study_msgs/package.xml
[5.289s] Invoked command in '/home/leejeongmin/Desktop/pjt_ws/build/ros_study_msgs' returned '0': CMAKE_PREFIX_PATH=${CMAKE_PREFIX_PATH}:/home/leejeongmin/Desktop/pjt_ws/install/turtlebot:/home/leejeongmin/turtlebot3_ws/install/turtlebot3_teleop:/home/leejeongmin/turtlebot3_ws/install/turtlebot3_example:/opt/ros/humble /usr/bin/cmake --install /home/leejeongmin/Desktop/pjt_ws/build/ros_study_msgs
