[0.774s] DEBUG:colcon:Command line arguments: ['/usr/bin/colcon', 'build']
[0.775s] DEBUG:colcon:Parsed command line arguments: Namespace(log_base=None, log_level=None, verb_name='build', build_base='build', install_base='install', merge_install=False, symlink_install=False, test_result_base=None, continue_on_error=False, executor='parallel', parallel_workers=12, event_handlers=None, ignore_user_meta=False, metas=['./colcon.meta'], base_paths=['.'], packages_ignore=None, packages_ignore_regex=None, paths=None, packages_up_to=None, packages_up_to_regex=None, packages_above=None, packages_above_and_dependencies=None, packages_above_depth=None, packages_select_by_dep=None, packages_skip_by_dep=None, packages_skip_up_to=None, packages_select_build_failed=False, packages_skip_build_finished=False, packages_select_test_failures=False, packages_skip_test_passed=False, packages_select=None, packages_skip=None, packages_select_regex=None, packages_skip_regex=None, packages_start=None, packages_end=None, allow_overriding=[], cmake_args=None, cmake_target=None, cmake_target_skip_unavailable=False, cmake_clean_cache=False, cmake_clean_first=False, cmake_force_configure=False, ament_cmake_args=None, catkin_cmake_args=None, catkin_skip_building_tests=False, mixin_files=None, mixin=None, verb_parser=<colcon_mixin.mixin.mixin_argument.MixinArgumentDecorator object at 0x7ff4b425b670>, verb_extension=<colcon_core.verb.build.BuildVerb object at 0x7ff4b425afe0>, main=<bound method BuildVerb.main of <colcon_core.verb.build.BuildVerb object at 0x7ff4b425afe0>>, mixin_verb=('build',))
[0.923s] Level 1:colcon.colcon_core.package_discovery:discover_packages(colcon_meta) check parameters
[0.923s] Level 1:colcon.colcon_core.package_discovery:discover_packages(recursive) check parameters
[0.923s] Level 1:colcon.colcon_core.package_discovery:discover_packages(ignore) check parameters
[0.923s] Level 1:colcon.colcon_core.package_discovery:discover_packages(path) check parameters
[0.923s] Level 1:colcon.colcon_core.package_discovery:discover_packages(colcon_meta) discover
[0.923s] Level 1:colcon.colcon_core.package_discovery:discover_packages(recursive) discover
[0.923s] INFO:colcon.colcon_core.package_discovery:Crawling recursively for packages in '/home/leejeongmin/Desktop/pjt_ws'
[0.923s] Level 1:colcon.colcon_core.package_identification:_identify(.) by extensions ['ignore', 'ignore_ament_install']
[0.923s] Level 1:colcon.colcon_core.package_identification:_identify(.) by extension 'ignore'
[0.923s] Level 1:colcon.colcon_core.package_identification:_identify(.) by extension 'ignore_ament_install'
[0.923s] Level 1:colcon.colcon_core.package_identification:_identify(.) by extensions ['colcon_pkg']
[0.923s] Level 1:colcon.colcon_core.package_identification:_identify(.) by extension 'colcon_pkg'
[0.923s] Level 1:colcon.colcon_core.package_identification:_identify(.) by extensions ['colcon_meta']
[0.924s] Level 1:colcon.colcon_core.package_identification:_identify(.) by extension 'colcon_meta'
[0.924s] Level 1:colcon.colcon_core.package_identification:_identify(.) by extensions ['ros']
[0.924s] Level 1:colcon.colcon_core.package_identification:_identify(.) by extension 'ros'
[0.932s] Level 1:colcon.colcon_core.package_identification:_identify(.) by extensions ['cmake', 'python']
[0.932s] Level 1:colcon.colcon_core.package_identification:_identify(.) by extension 'cmake'
[0.932s] Level 1:colcon.colcon_core.package_identification:_identify(.) by extension 'python'
[0.932s] Level 1:colcon.colcon_core.package_identification:_identify(.) by extensions ['python_setup_py']
[0.932s] Level 1:colcon.colcon_core.package_identification:_identify(.) by extension 'python_setup_py'
[0.932s] Level 1:colcon.colcon_core.package_identification:_identify(build) by extensions ['ignore', 'ignore_ament_install']
[0.932s] Level 1:colcon.colcon_core.package_identification:_identify(build) by extension 'ignore'
[0.932s] Level 1:colcon.colcon_core.package_identification:_identify(build) ignored
[0.932s] Level 1:colcon.colcon_core.package_identification:_identify(install) by extensions ['ignore', 'ignore_ament_install']
[0.932s] Level 1:colcon.colcon_core.package_identification:_identify(install) by extension 'ignore'
[0.932s] Level 1:colcon.colcon_core.package_identification:_identify(install) ignored
[0.932s] Level 1:colcon.colcon_core.package_identification:_identify(log) by extensions ['ignore', 'ignore_ament_install']
[0.933s] Level 1:colcon.colcon_core.package_identification:_identify(log) by extension 'ignore'
[0.933s] Level 1:colcon.colcon_core.package_identification:_identify(log) ignored
[0.933s] Level 1:colcon.colcon_core.package_identification:_identify(src) by extensions ['ignore', 'ignore_ament_install']
[0.933s] Level 1:colcon.colcon_core.package_identification:_identify(src) by extension 'ignore'
[0.933s] Level 1:colcon.colcon_core.package_identification:_identify(src) by extension 'ignore_ament_install'
[0.933s] Level 1:colcon.colcon_core.package_identification:_identify(src) by extensions ['colcon_pkg']
[0.933s] Level 1:colcon.colcon_core.package_identification:_identify(src) by extension 'colcon_pkg'
[0.933s] Level 1:colcon.colcon_core.package_identification:_identify(src) by extensions ['colcon_meta']
[0.933s] Level 1:colcon.colcon_core.package_identification:_identify(src) by extension 'colcon_meta'
[0.933s] Level 1:colcon.colcon_core.package_identification:_identify(src) by extensions ['ros']
[0.933s] Level 1:colcon.colcon_core.package_identification:_identify(src) by extension 'ros'
[0.933s] Level 1:colcon.colcon_core.package_identification:_identify(src) by extensions ['cmake', 'python']
[0.933s] Level 1:colcon.colcon_core.package_identification:_identify(src) by extension 'cmake'
[0.933s] Level 1:colcon.colcon_core.package_identification:_identify(src) by extension 'python'
[0.933s] Level 1:colcon.colcon_core.package_identification:_identify(src) by extensions ['python_setup_py']
[0.933s] Level 1:colcon.colcon_core.package_identification:_identify(src) by extension 'python_setup_py'
[0.933s] Level 1:colcon.colcon_core.package_identification:_identify(src/ros_study_msgs) by extensions ['ignore', 'ignore_ament_install']
[0.933s] Level 1:colcon.colcon_core.package_identification:_identify(src/ros_study_msgs) by extension 'ignore'
[0.933s] Level 1:colcon.colcon_core.package_identification:_identify(src/ros_study_msgs) by extension 'ignore_ament_install'
[0.933s] Level 1:colcon.colcon_core.package_identification:_identify(src/ros_study_msgs) by extensions ['colcon_pkg']
[0.933s] Level 1:colcon.colcon_core.package_identification:_identify(src/ros_study_msgs) by extension 'colcon_pkg'
[0.933s] Level 1:colcon.colcon_core.package_identification:_identify(src/ros_study_msgs) by extensions ['colcon_meta']
[0.933s] Level 1:colcon.colcon_core.package_identification:_identify(src/ros_study_msgs) by extension 'colcon_meta'
[0.933s] Level 1:colcon.colcon_core.package_identification:_identify(src/ros_study_msgs) by extensions ['ros']
[0.933s] Level 1:colcon.colcon_core.package_identification:_identify(src/ros_study_msgs) by extension 'ros'
[0.935s] DEBUG:colcon.colcon_core.package_identification:Package 'src/ros_study_msgs' with type 'ros.ament_cmake' and name 'ros_study_msgs'
[0.935s] Level 1:colcon.colcon_core.package_identification:_identify(src/turtlebot) by extensions ['ignore', 'ignore_ament_install']
[0.935s] Level 1:colcon.colcon_core.package_identification:_identify(src/turtlebot) by extension 'ignore'
[0.935s] Level 1:colcon.colcon_core.package_identification:_identify(src/turtlebot) by extension 'ignore_ament_install'
[0.935s] Level 1:colcon.colcon_core.package_identification:_identify(src/turtlebot) by extensions ['colcon_pkg']
[0.935s] Level 1:colcon.colcon_core.package_identification:_identify(src/turtlebot) by extension 'colcon_pkg'
[0.935s] Level 1:colcon.colcon_core.package_identification:_identify(src/turtlebot) by extensions ['colcon_meta']
[0.935s] Level 1:colcon.colcon_core.package_identification:_identify(src/turtlebot) by extension 'colcon_meta'
[0.935s] Level 1:colcon.colcon_core.package_identification:_identify(src/turtlebot) by extensions ['ros']
[0.935s] Level 1:colcon.colcon_core.package_identification:_identify(src/turtlebot) by extension 'ros'
[0.936s] DEBUG:colcon.colcon_core.package_identification:Package 'src/turtlebot' with type 'ros.ament_python' and name 'turtlebot'
[0.936s] Level 1:colcon.colcon_core.package_discovery:discover_packages(recursive) using defaults
[0.936s] Level 1:colcon.colcon_core.package_discovery:discover_packages(ignore) discover
[0.936s] Level 1:colcon.colcon_core.package_discovery:discover_packages(ignore) using defaults
[0.936s] Level 1:colcon.colcon_core.package_discovery:discover_packages(path) discover
[0.936s] Level 1:colcon.colcon_core.package_discovery:discover_packages(path) using defaults
[0.949s] Level 1:colcon.colcon_core.package_discovery:discover_packages(prefix_path) check parameters
[0.949s] Level 1:colcon.colcon_core.package_discovery:discover_packages(prefix_path) discover
[0.950s] DEBUG:colcon.colcon_installed_package_information.package_discovery:Found 2 installed packages in /home/leejeongmin/Desktop/pjt_ws/install
[0.951s] DEBUG:colcon.colcon_installed_package_information.package_discovery:Found 12 installed packages in /home/leejeongmin/turtlebot3_ws/install
[0.952s] DEBUG:colcon.colcon_installed_package_information.package_discovery:Found 369 installed packages in /opt/ros/humble
[0.953s] Level 1:colcon.colcon_core.package_discovery:discover_packages(prefix_path) using defaults
[0.983s] Level 5:colcon.colcon_core.verb:set package 'ros_study_msgs' build argument 'cmake_args' from command line to 'None'
[0.983s] Level 5:colcon.colcon_core.verb:set package 'ros_study_msgs' build argument 'cmake_target' from command line to 'None'
[0.983s] Level 5:colcon.colcon_core.verb:set package 'ros_study_msgs' build argument 'cmake_target_skip_unavailable' from command line to 'False'
[0.983s] Level 5:colcon.colcon_core.verb:set package 'ros_study_msgs' build argument 'cmake_clean_cache' from command line to 'False'
[0.983s] Level 5:colcon.colcon_core.verb:set package 'ros_study_msgs' build argument 'cmake_clean_first' from command line to 'False'
[0.983s] Level 5:colcon.colcon_core.verb:set package 'ros_study_msgs' build argument 'cmake_force_configure' from command line to 'False'
[0.983s] Level 5:colcon.colcon_core.verb:set package 'ros_study_msgs' build argument 'ament_cmake_args' from command line to 'None'
[0.983s] Level 5:colcon.colcon_core.verb:set package 'ros_study_msgs' build argument 'catkin_cmake_args' from command line to 'None'
[0.983s] Level 5:colcon.colcon_core.verb:set package 'ros_study_msgs' build argument 'catkin_skip_building_tests' from command line to 'False'
[0.983s] DEBUG:colcon.colcon_core.verb:Building package 'ros_study_msgs' with the following arguments: {'ament_cmake_args': None, 'build_base': '/home/leejeongmin/Desktop/pjt_ws/build/ros_study_msgs', 'catkin_cmake_args': None, 'catkin_skip_building_tests': False, 'cmake_args': None, 'cmake_clean_cache': False, 'cmake_clean_first': False, 'cmake_force_configure': False, 'cmake_target': None, 'cmake_target_skip_unavailable': False, 'install_base': '/home/leejeongmin/Desktop/pjt_ws/install/ros_study_msgs', 'merge_install': False, 'path': '/home/leejeongmin/Desktop/pjt_ws/src/ros_study_msgs', 'symlink_install': False, 'test_result_base': None}
[0.983s] Level 5:colcon.colcon_core.verb:set package 'turtlebot' build argument 'cmake_args' from command line to 'None'
[0.983s] Level 5:colcon.colcon_core.verb:set package 'turtlebot' build argument 'cmake_target' from command line to 'None'
[0.983s] Level 5:colcon.colcon_core.verb:set package 'turtlebot' build argument 'cmake_target_skip_unavailable' from command line to 'False'
[0.983s] Level 5:colcon.colcon_core.verb:set package 'turtlebot' build argument 'cmake_clean_cache' from command line to 'False'
[0.983s] Level 5:colcon.colcon_core.verb:set package 'turtlebot' build argument 'cmake_clean_first' from command line to 'False'
[0.983s] Level 5:colcon.colcon_core.verb:set package 'turtlebot' build argument 'cmake_force_configure' from command line to 'False'
[0.983s] Level 5:colcon.colcon_core.verb:set package 'turtlebot' build argument 'ament_cmake_args' from command line to 'None'
[0.983s] Level 5:colcon.colcon_core.verb:set package 'turtlebot' build argument 'catkin_cmake_args' from command line to 'None'
[0.983s] Level 5:colcon.colcon_core.verb:set package 'turtlebot' build argument 'catkin_skip_building_tests' from command line to 'False'
[0.983s] DEBUG:colcon.colcon_core.verb:Building package 'turtlebot' with the following arguments: {'ament_cmake_args': None, 'build_base': '/home/leejeongmin/Desktop/pjt_ws/build/turtlebot', 'catkin_cmake_args': None, 'catkin_skip_building_tests': False, 'cmake_args': None, 'cmake_clean_cache': False, 'cmake_clean_first': False, 'cmake_force_configure': False, 'cmake_target': None, 'cmake_target_skip_unavailable': False, 'install_base': '/home/leejeongmin/Desktop/pjt_ws/install/turtlebot', 'merge_install': False, 'path': '/home/leejeongmin/Desktop/pjt_ws/src/turtlebot', 'symlink_install': False, 'test_result_base': None}
[0.983s] INFO:colcon.colcon_core.executor:Executing jobs using 'parallel' executor
[0.984s] DEBUG:colcon.colcon_parallel_executor.executor.parallel:run_until_complete
[0.984s] INFO:colcon.colcon_ros.task.ament_cmake.build:Building ROS package in '/home/leejeongmin/Desktop/pjt_ws/src/ros_study_msgs' with build type 'ament_cmake'
[0.984s] INFO:colcon.colcon_cmake.task.cmake.build:Building CMake package in '/home/leejeongmin/Desktop/pjt_ws/src/ros_study_msgs'
[0.986s] INFO:colcon.colcon_core.plugin_system:Skipping extension 'colcon_core.shell.bat': Not used on non-Windows systems
[0.986s] INFO:colcon.colcon_core.shell:Skip shell extension 'powershell' for command environment: Not usable outside of PowerShell
[0.986s] DEBUG:colcon.colcon_core.shell:Skip shell extension 'dsv' for command environment
[0.989s] INFO:colcon.colcon_ros.task.ament_python.build:Building ROS package in '/home/leejeongmin/Desktop/pjt_ws/src/turtlebot' with build type 'ament_python'
[0.989s] Level 1:colcon.colcon_core.shell:create_environment_hook('turtlebot', 'ament_prefix_path')
[0.989s] INFO:colcon.colcon_core.shell:Creating environment hook '/home/leejeongmin/Desktop/pjt_ws/install/turtlebot/share/turtlebot/hook/ament_prefix_path.ps1'
[0.990s] INFO:colcon.colcon_core.shell:Creating environment descriptor '/home/leejeongmin/Desktop/pjt_ws/install/turtlebot/share/turtlebot/hook/ament_prefix_path.dsv'
[0.990s] INFO:colcon.colcon_core.shell:Creating environment hook '/home/leejeongmin/Desktop/pjt_ws/install/turtlebot/share/turtlebot/hook/ament_prefix_path.sh'
[0.990s] INFO:colcon.colcon_core.shell:Skip shell extension 'powershell' for command environment: Not usable outside of PowerShell
[0.990s] DEBUG:colcon.colcon_core.shell:Skip shell extension 'dsv' for command environment
[0.996s] DEBUG:colcon.colcon_core.event_handler.log_command:Invoking command in '/home/leejeongmin/Desktop/pjt_ws/build/ros_study_msgs': CMAKE_PREFIX_PATH=${CMAKE_PREFIX_PATH}:/home/leejeongmin/Desktop/pjt_ws/install/turtlebot:/home/leejeongmin/turtlebot3_ws/install/turtlebot3_teleop:/home/leejeongmin/turtlebot3_ws/install/turtlebot3_example:/opt/ros/humble /usr/bin/cmake --build /home/leejeongmin/Desktop/pjt_ws/build/ros_study_msgs -- -j12 -l12
[1.199s] INFO:colcon.colcon_core.task.python.build:Building Python package in '/home/leejeongmin/Desktop/pjt_ws/src/turtlebot'
[1.199s] INFO:colcon.colcon_core.shell:Skip shell extension 'powershell' for command environment: Not usable outside of PowerShell
[1.199s] DEBUG:colcon.colcon_core.shell:Skip shell extension 'dsv' for command environment
[1.282s] DEBUG:colcon.colcon_core.event_handler.log_command:Invoked command in '/home/leejeongmin/Desktop/pjt_ws/build/ros_study_msgs' returned '0': CMAKE_PREFIX_PATH=${CMAKE_PREFIX_PATH}:/home/leejeongmin/Desktop/pjt_ws/install/turtlebot:/home/leejeongmin/turtlebot3_ws/install/turtlebot3_teleop:/home/leejeongmin/turtlebot3_ws/install/turtlebot3_example:/opt/ros/humble /usr/bin/cmake --build /home/leejeongmin/Desktop/pjt_ws/build/ros_study_msgs -- -j12 -l12
[1.449s] DEBUG:colcon.colcon_core.event_handler.log_command:Invoking command in '/home/leejeongmin/Desktop/pjt_ws/build/ros_study_msgs': CMAKE_PREFIX_PATH=${CMAKE_PREFIX_PATH}:/home/leejeongmin/Desktop/pjt_ws/install/turtlebot:/home/leejeongmin/turtlebot3_ws/install/turtlebot3_teleop:/home/leejeongmin/turtlebot3_ws/install/turtlebot3_example:/opt/ros/humble /usr/bin/cmake --install /home/leejeongmin/Desktop/pjt_ws/build/ros_study_msgs
[1.495s] Level 1:colcon.colcon_core.environment:create_environment_scripts_only(ros_study_msgs)
[1.496s] DEBUG:colcon.colcon_core.event_handler.log_command:Invoked command in '/home/leejeongmin/Desktop/pjt_ws/build/ros_study_msgs' returned '0': CMAKE_PREFIX_PATH=${CMAKE_PREFIX_PATH}:/home/leejeongmin/Desktop/pjt_ws/install/turtlebot:/home/leejeongmin/turtlebot3_ws/install/turtlebot3_teleop:/home/leejeongmin/turtlebot3_ws/install/turtlebot3_example:/opt/ros/humble /usr/bin/cmake --install /home/leejeongmin/Desktop/pjt_ws/build/ros_study_msgs
[1.499s] Level 1:colcon.colcon_core.environment:checking '/home/leejeongmin/Desktop/pjt_ws/install/ros_study_msgs' for CMake module files
[1.500s] Level 1:colcon.colcon_core.environment:checking '/home/leejeongmin/Desktop/pjt_ws/install/ros_study_msgs' for CMake config files
[1.500s] Level 1:colcon.colcon_core.shell:create_environment_hook('ros_study_msgs', 'cmake_prefix_path')
[1.501s] INFO:colcon.colcon_core.shell:Creating environment hook '/home/leejeongmin/Desktop/pjt_ws/install/ros_study_msgs/share/ros_study_msgs/hook/cmake_prefix_path.ps1'
[1.502s] INFO:colcon.colcon_core.shell:Creating environment descriptor '/home/leejeongmin/Desktop/pjt_ws/install/ros_study_msgs/share/ros_study_msgs/hook/cmake_prefix_path.dsv'
[1.502s] INFO:colcon.colcon_core.shell:Creating environment hook '/home/leejeongmin/Desktop/pjt_ws/install/ros_study_msgs/share/ros_study_msgs/hook/cmake_prefix_path.sh'
[1.503s] Level 1:colcon.colcon_core.environment:checking '/home/leejeongmin/Desktop/pjt_ws/install/ros_study_msgs/lib'
[1.503s] Level 1:colcon.colcon_core.shell:create_environment_hook('ros_study_msgs', 'ld_library_path_lib')
[1.503s] INFO:colcon.colcon_core.shell:Creating environment hook '/home/leejeongmin/Desktop/pjt_ws/install/ros_study_msgs/share/ros_study_msgs/hook/ld_library_path_lib.ps1'
[1.504s] INFO:colcon.colcon_core.shell:Creating environment descriptor '/home/leejeongmin/Desktop/pjt_ws/install/ros_study_msgs/share/ros_study_msgs/hook/ld_library_path_lib.dsv'
[1.504s] INFO:colcon.colcon_core.shell:Creating environment hook '/home/leejeongmin/Desktop/pjt_ws/install/ros_study_msgs/share/ros_study_msgs/hook/ld_library_path_lib.sh'
[1.504s] Level 1:colcon.colcon_core.environment:checking '/home/leejeongmin/Desktop/pjt_ws/install/ros_study_msgs/bin'
[1.504s] Level 1:colcon.colcon_core.environment:checking '/home/leejeongmin/Desktop/pjt_ws/install/ros_study_msgs/lib/pkgconfig/ros_study_msgs.pc'
[1.504s] Level 1:colcon.colcon_core.environment:checking '/home/leejeongmin/Desktop/pjt_ws/install/ros_study_msgs/lib/python3.10/site-packages'
[1.504s] Level 1:colcon.colcon_core.environment:checking '/home/leejeongmin/Desktop/pjt_ws/install/ros_study_msgs/bin'
[1.505s] INFO:colcon.colcon_core.shell:Creating package script '/home/leejeongmin/Desktop/pjt_ws/install/ros_study_msgs/share/ros_study_msgs/package.ps1'
[1.505s] INFO:colcon.colcon_core.shell:Creating package descriptor '/home/leejeongmin/Desktop/pjt_ws/install/ros_study_msgs/share/ros_study_msgs/package.dsv'
[1.506s] INFO:colcon.colcon_core.shell:Creating package script '/home/leejeongmin/Desktop/pjt_ws/install/ros_study_msgs/share/ros_study_msgs/package.sh'
[1.506s] INFO:colcon.colcon_core.shell:Creating package script '/home/leejeongmin/Desktop/pjt_ws/install/ros_study_msgs/share/ros_study_msgs/package.bash'
[1.507s] INFO:colcon.colcon_core.shell:Creating package script '/home/leejeongmin/Desktop/pjt_ws/install/ros_study_msgs/share/ros_study_msgs/package.zsh'
[1.507s] Level 1:colcon.colcon_core.environment:create_file_with_runtime_dependencies(/home/leejeongmin/Desktop/pjt_ws/install/ros_study_msgs/share/colcon-core/packages/ros_study_msgs)
[1.750s] DEBUG:colcon.colcon_core.event_handler.log_command:Invoking command in '/home/leejeongmin/Desktop/pjt_ws/src/turtlebot': PYTHONPATH=/home/leejeongmin/Desktop/pjt_ws/build/turtlebot/prefix_override:/usr/lib/python3/dist-packages/colcon_core/task/python/colcon_distutils_commands:/home/leejeongmin/Desktop/pjt_ws/install/turtlebot/lib/python3.10/site-packages:${PYTHONPATH} /usr/bin/python3 -W ignore:setup.py install is deprecated setup.py egg_info --egg-base ../../build/turtlebot build --build-base /home/leejeongmin/Desktop/pjt_ws/build/turtlebot/build install --record /home/leejeongmin/Desktop/pjt_ws/build/turtlebot/install.log --single-version-externally-managed install_data
[1.845s] Level 1:colcon.colcon_core.environment:create_environment_scripts_only(ros_study_msgs)
[1.847s] Level 1:colcon.colcon_core.environment:checking '/home/leejeongmin/Desktop/pjt_ws/install/ros_study_msgs' for CMake module files
[1.852s] Level 1:colcon.colcon_core.environment:checking '/home/leejeongmin/Desktop/pjt_ws/install/ros_study_msgs' for CMake config files
[1.858s] Level 1:colcon.colcon_core.shell:create_environment_hook('ros_study_msgs', 'cmake_prefix_path')
[1.860s] INFO:colcon.colcon_core.shell:Creating environment hook '/home/leejeongmin/Desktop/pjt_ws/install/ros_study_msgs/share/ros_study_msgs/hook/cmake_prefix_path.ps1'
[1.863s] INFO:colcon.colcon_core.shell:Creating environment descriptor '/home/leejeongmin/Desktop/pjt_ws/install/ros_study_msgs/share/ros_study_msgs/hook/cmake_prefix_path.dsv'
[1.866s] INFO:colcon.colcon_core.shell:Creating environment hook '/home/leejeongmin/Desktop/pjt_ws/install/ros_study_msgs/share/ros_study_msgs/hook/cmake_prefix_path.sh'
[1.871s] Level 1:colcon.colcon_core.environment:checking '/home/leejeongmin/Desktop/pjt_ws/install/ros_study_msgs/lib'
[1.871s] Level 1:colcon.colcon_core.shell:create_environment_hook('ros_study_msgs', 'ld_library_path_lib')
[1.873s] INFO:colcon.colcon_core.shell:Creating environment hook '/home/leejeongmin/Desktop/pjt_ws/install/ros_study_msgs/share/ros_study_msgs/hook/ld_library_path_lib.ps1'
[1.877s] INFO:colcon.colcon_core.shell:Creating environment descriptor '/home/leejeongmin/Desktop/pjt_ws/install/ros_study_msgs/share/ros_study_msgs/hook/ld_library_path_lib.dsv'
[1.879s] INFO:colcon.colcon_core.shell:Creating environment hook '/home/leejeongmin/Desktop/pjt_ws/install/ros_study_msgs/share/ros_study_msgs/hook/ld_library_path_lib.sh'
[1.883s] Level 1:colcon.colcon_core.environment:checking '/home/leejeongmin/Desktop/pjt_ws/install/ros_study_msgs/bin'
[1.883s] Level 1:colcon.colcon_core.environment:checking '/home/leejeongmin/Desktop/pjt_ws/install/ros_study_msgs/lib/pkgconfig/ros_study_msgs.pc'
[1.885s] Level 1:colcon.colcon_core.environment:checking '/home/leejeongmin/Desktop/pjt_ws/install/ros_study_msgs/lib/python3.10/site-packages'
[1.887s] Level 1:colcon.colcon_core.environment:checking '/home/leejeongmin/Desktop/pjt_ws/install/ros_study_msgs/bin'
[1.890s] INFO:colcon.colcon_core.shell:Creating package script '/home/leejeongmin/Desktop/pjt_ws/install/ros_study_msgs/share/ros_study_msgs/package.ps1'
[1.895s] INFO:colcon.colcon_core.shell:Creating package descriptor '/home/leejeongmin/Desktop/pjt_ws/install/ros_study_msgs/share/ros_study_msgs/package.dsv'
[1.899s] INFO:colcon.colcon_core.shell:Creating package script '/home/leejeongmin/Desktop/pjt_ws/install/ros_study_msgs/share/ros_study_msgs/package.sh'
[1.903s] INFO:colcon.colcon_core.shell:Creating package script '/home/leejeongmin/Desktop/pjt_ws/install/ros_study_msgs/share/ros_study_msgs/package.bash'
[1.906s] INFO:colcon.colcon_core.shell:Creating package script '/home/leejeongmin/Desktop/pjt_ws/install/ros_study_msgs/share/ros_study_msgs/package.zsh'
[1.909s] Level 1:colcon.colcon_core.environment:create_file_with_runtime_dependencies(/home/leejeongmin/Desktop/pjt_ws/install/ros_study_msgs/share/colcon-core/packages/ros_study_msgs)
[2.206s] Level 1:colcon.colcon_core.environment:checking '/home/leejeongmin/Desktop/pjt_ws/install/turtlebot' for CMake module files
[2.206s] DEBUG:colcon.colcon_core.event_handler.log_command:Invoked command in '/home/leejeongmin/Desktop/pjt_ws/src/turtlebot' returned '0': PYTHONPATH=/home/leejeongmin/Desktop/pjt_ws/build/turtlebot/prefix_override:/usr/lib/python3/dist-packages/colcon_core/task/python/colcon_distutils_commands:/home/leejeongmin/Desktop/pjt_ws/install/turtlebot/lib/python3.10/site-packages:${PYTHONPATH} /usr/bin/python3 -W ignore:setup.py install is deprecated setup.py egg_info --egg-base ../../build/turtlebot build --build-base /home/leejeongmin/Desktop/pjt_ws/build/turtlebot/build install --record /home/leejeongmin/Desktop/pjt_ws/build/turtlebot/install.log --single-version-externally-managed install_data
[2.207s] Level 1:colcon.colcon_core.environment:checking '/home/leejeongmin/Desktop/pjt_ws/install/turtlebot' for CMake config files
[2.208s] Level 1:colcon.colcon_core.environment:checking '/home/leejeongmin/Desktop/pjt_ws/install/turtlebot/lib'
[2.208s] Level 1:colcon.colcon_core.environment:checking '/home/leejeongmin/Desktop/pjt_ws/install/turtlebot/bin'
[2.208s] Level 1:colcon.colcon_core.environment:checking '/home/leejeongmin/Desktop/pjt_ws/install/turtlebot/lib/pkgconfig/turtlebot.pc'
[2.208s] Level 1:colcon.colcon_core.environment:checking '/home/leejeongmin/Desktop/pjt_ws/install/turtlebot/lib/python3.10/site-packages'
[2.208s] Level 1:colcon.colcon_core.shell:create_environment_hook('turtlebot', 'pythonpath')
[2.209s] INFO:colcon.colcon_core.shell:Creating environment hook '/home/leejeongmin/Desktop/pjt_ws/install/turtlebot/share/turtlebot/hook/pythonpath.ps1'
[2.209s] INFO:colcon.colcon_core.shell:Creating environment descriptor '/home/leejeongmin/Desktop/pjt_ws/install/turtlebot/share/turtlebot/hook/pythonpath.dsv'
[2.210s] INFO:colcon.colcon_core.shell:Creating environment hook '/home/leejeongmin/Desktop/pjt_ws/install/turtlebot/share/turtlebot/hook/pythonpath.sh'
[2.210s] Level 1:colcon.colcon_core.environment:checking '/home/leejeongmin/Desktop/pjt_ws/install/turtlebot/bin'
[2.211s] Level 1:colcon.colcon_core.environment:create_environment_scripts_only(turtlebot)
[2.211s] INFO:colcon.colcon_core.shell:Creating package script '/home/leejeongmin/Desktop/pjt_ws/install/turtlebot/share/turtlebot/package.ps1'
[2.212s] INFO:colcon.colcon_core.shell:Creating package descriptor '/home/leejeongmin/Desktop/pjt_ws/install/turtlebot/share/turtlebot/package.dsv'
[2.212s] INFO:colcon.colcon_core.shell:Creating package script '/home/leejeongmin/Desktop/pjt_ws/install/turtlebot/share/turtlebot/package.sh'
[2.213s] INFO:colcon.colcon_core.shell:Creating package script '/home/leejeongmin/Desktop/pjt_ws/install/turtlebot/share/turtlebot/package.bash'
[2.213s] INFO:colcon.colcon_core.shell:Creating package script '/home/leejeongmin/Desktop/pjt_ws/install/turtlebot/share/turtlebot/package.zsh'
[2.214s] Level 1:colcon.colcon_core.environment:create_file_with_runtime_dependencies(/home/leejeongmin/Desktop/pjt_ws/install/turtlebot/share/colcon-core/packages/turtlebot)
[2.214s] DEBUG:colcon.colcon_parallel_executor.executor.parallel:closing loop
[2.214s] DEBUG:colcon.colcon_parallel_executor.executor.parallel:loop closed
[2.214s] DEBUG:colcon.colcon_parallel_executor.executor.parallel:run_until_complete finished with '0'
[2.214s] DEBUG:colcon.colcon_core.event_reactor:joining thread
[2.221s] INFO:colcon.colcon_core.plugin_system:Skipping extension 'colcon_notification.desktop_notification.terminal_notifier': Not used on non-Darwin systems
[2.221s] INFO:colcon.colcon_core.plugin_system:Skipping extension 'colcon_notification.desktop_notification.win32': Not used on non-Windows systems
[2.221s] INFO:colcon.colcon_notification.desktop_notification:Sending desktop notification using 'notify2'
[2.235s] DEBUG:colcon.colcon_core.event_reactor:joined thread
[2.235s] INFO:colcon.colcon_core.shell:Creating prefix script '/home/leejeongmin/Desktop/pjt_ws/install/local_setup.ps1'
[2.236s] INFO:colcon.colcon_core.shell:Creating prefix util module '/home/leejeongmin/Desktop/pjt_ws/install/_local_setup_util_ps1.py'
[2.238s] INFO:colcon.colcon_core.shell:Creating prefix chain script '/home/leejeongmin/Desktop/pjt_ws/install/setup.ps1'
[2.239s] INFO:colcon.colcon_core.shell:Creating prefix script '/home/leejeongmin/Desktop/pjt_ws/install/local_setup.sh'
[2.239s] INFO:colcon.colcon_core.shell:Creating prefix util module '/home/leejeongmin/Desktop/pjt_ws/install/_local_setup_util_sh.py'
[2.240s] INFO:colcon.colcon_core.shell:Creating prefix chain script '/home/leejeongmin/Desktop/pjt_ws/install/setup.sh'
[2.240s] INFO:colcon.colcon_core.shell:Creating prefix script '/home/leejeongmin/Desktop/pjt_ws/install/local_setup.bash'
[2.241s] INFO:colcon.colcon_core.shell:Creating prefix chain script '/home/leejeongmin/Desktop/pjt_ws/install/setup.bash'
[2.241s] INFO:colcon.colcon_core.shell:Creating prefix script '/home/leejeongmin/Desktop/pjt_ws/install/local_setup.zsh'
[2.242s] INFO:colcon.colcon_core.shell:Creating prefix chain script '/home/leejeongmin/Desktop/pjt_ws/install/setup.zsh'
