[1.172s] DEBUG:colcon:Command line arguments: ['/usr/bin/colcon', 'build']
[1.173s] DEBUG:colcon:Parsed command line arguments: Namespace(log_base=None, log_level=None, verb_name='build', build_base='build', install_base='install', merge_install=False, symlink_install=False, test_result_base=None, continue_on_error=False, executor='parallel', parallel_workers=12, event_handlers=None, ignore_user_meta=False, metas=['./colcon.meta'], base_paths=['.'], packages_ignore=None, packages_ignore_regex=None, paths=None, packages_up_to=None, packages_up_to_regex=None, packages_above=None, packages_above_and_dependencies=None, packages_above_depth=None, packages_select_by_dep=None, packages_skip_by_dep=None, packages_skip_up_to=None, packages_select_build_failed=False, packages_skip_build_finished=False, packages_select_test_failures=False, packages_skip_test_passed=False, packages_select=None, packages_skip=None, packages_select_regex=None, packages_skip_regex=None, packages_start=None, packages_end=None, allow_overriding=[], cmake_args=None, cmake_target=None, cmake_target_skip_unavailable=False, cmake_clean_cache=False, cmake_clean_first=False, cmake_force_configure=False, ament_cmake_args=None, catkin_cmake_args=None, catkin_skip_building_tests=False, mixin_files=None, mixin=None, verb_parser=<colcon_mixin.mixin.mixin_argument.MixinArgumentDecorator object at 0x7e403ce736a0>, verb_extension=<colcon_core.verb.build.BuildVerb object at 0x7e403ce73010>, main=<bound method BuildVerb.main of <colcon_core.verb.build.BuildVerb object at 0x7e403ce73010>>, mixin_verb=('build',))
[2.900s] Level 1:colcon.colcon_core.package_discovery:discover_packages(colcon_meta) check parameters
[2.901s] Level 1:colcon.colcon_core.package_discovery:discover_packages(recursive) check parameters
[2.901s] Level 1:colcon.colcon_core.package_discovery:discover_packages(ignore) check parameters
[2.901s] Level 1:colcon.colcon_core.package_discovery:discover_packages(path) check parameters
[2.902s] Level 1:colcon.colcon_core.package_discovery:discover_packages(colcon_meta) discover
[2.902s] Level 1:colcon.colcon_core.package_discovery:discover_packages(recursive) discover
[2.903s] INFO:colcon.colcon_core.package_discovery:Crawling recursively for packages in '/home/leejeongmin/Desktop/pjt_ws'
[2.903s] Level 1:colcon.colcon_core.package_identification:_identify(.) by extensions ['ignore', 'ignore_ament_install']
[2.904s] Level 1:colcon.colcon_core.package_identification:_identify(.) by extension 'ignore'
[2.905s] Level 1:colcon.colcon_core.package_identification:_identify(.) by extension 'ignore_ament_install'
[2.906s] Level 1:colcon.colcon_core.package_identification:_identify(.) by extensions ['colcon_pkg']
[2.906s] Level 1:colcon.colcon_core.package_identification:_identify(.) by extension 'colcon_pkg'
[2.906s] Level 1:colcon.colcon_core.package_identification:_identify(.) by extensions ['colcon_meta']
[2.907s] Level 1:colcon.colcon_core.package_identification:_identify(.) by extension 'colcon_meta'
[2.907s] Level 1:colcon.colcon_core.package_identification:_identify(.) by extensions ['ros']
[2.907s] Level 1:colcon.colcon_core.package_identification:_identify(.) by extension 'ros'
[3.004s] Level 1:colcon.colcon_core.package_identification:_identify(.) by extensions ['cmake', 'python']
[3.005s] Level 1:colcon.colcon_core.package_identification:_identify(.) by extension 'cmake'
[3.006s] Level 1:colcon.colcon_core.package_identification:_identify(.) by extension 'python'
[3.006s] Level 1:colcon.colcon_core.package_identification:_identify(.) by extensions ['python_setup_py']
[3.006s] Level 1:colcon.colcon_core.package_identification:_identify(.) by extension 'python_setup_py'
[3.008s] Level 1:colcon.colcon_core.package_identification:_identify(build) by extensions ['ignore', 'ignore_ament_install']
[3.008s] Level 1:colcon.colcon_core.package_identification:_identify(build) by extension 'ignore'
[3.009s] Level 1:colcon.colcon_core.package_identification:_identify(build) ignored
[3.010s] Level 1:colcon.colcon_core.package_identification:_identify(install) by extensions ['ignore', 'ignore_ament_install']
[3.011s] Level 1:colcon.colcon_core.package_identification:_identify(install) by extension 'ignore'
[3.012s] Level 1:colcon.colcon_core.package_identification:_identify(install) ignored
[3.013s] Level 1:colcon.colcon_core.package_identification:_identify(log) by extensions ['ignore', 'ignore_ament_install']
[3.014s] Level 1:colcon.colcon_core.package_identification:_identify(log) by extension 'ignore'
[3.014s] Level 1:colcon.colcon_core.package_identification:_identify(log) ignored
[3.015s] Level 1:colcon.colcon_core.package_identification:_identify(src) by extensions ['ignore', 'ignore_ament_install']
[3.015s] Level 1:colcon.colcon_core.package_identification:_identify(src) by extension 'ignore'
[3.016s] Level 1:colcon.colcon_core.package_identification:_identify(src) by extension 'ignore_ament_install'
[3.016s] Level 1:colcon.colcon_core.package_identification:_identify(src) by extensions ['colcon_pkg']
[3.017s] Level 1:colcon.colcon_core.package_identification:_identify(src) by extension 'colcon_pkg'
[3.017s] Level 1:colcon.colcon_core.package_identification:_identify(src) by extensions ['colcon_meta']
[3.017s] Level 1:colcon.colcon_core.package_identification:_identify(src) by extension 'colcon_meta'
[3.018s] Level 1:colcon.colcon_core.package_identification:_identify(src) by extensions ['ros']
[3.018s] Level 1:colcon.colcon_core.package_identification:_identify(src) by extension 'ros'
[3.019s] Level 1:colcon.colcon_core.package_identification:_identify(src) by extensions ['cmake', 'python']
[3.019s] Level 1:colcon.colcon_core.package_identification:_identify(src) by extension 'cmake'
[3.020s] Level 1:colcon.colcon_core.package_identification:_identify(src) by extension 'python'
[3.020s] Level 1:colcon.colcon_core.package_identification:_identify(src) by extensions ['python_setup_py']
[3.020s] Level 1:colcon.colcon_core.package_identification:_identify(src) by extension 'python_setup_py'
[3.021s] Level 1:colcon.colcon_core.package_identification:_identify(src/ros_study_msgs) by extensions ['ignore', 'ignore_ament_install']
[3.022s] Level 1:colcon.colcon_core.package_identification:_identify(src/ros_study_msgs) by extension 'ignore'
[3.022s] Level 1:colcon.colcon_core.package_identification:_identify(src/ros_study_msgs) by extension 'ignore_ament_install'
[3.023s] Level 1:colcon.colcon_core.package_identification:_identify(src/ros_study_msgs) by extensions ['colcon_pkg']
[3.023s] Level 1:colcon.colcon_core.package_identification:_identify(src/ros_study_msgs) by extension 'colcon_pkg'
[3.023s] Level 1:colcon.colcon_core.package_identification:_identify(src/ros_study_msgs) by extensions ['colcon_meta']
[3.024s] Level 1:colcon.colcon_core.package_identification:_identify(src/ros_study_msgs) by extension 'colcon_meta'
[3.024s] Level 1:colcon.colcon_core.package_identification:_identify(src/ros_study_msgs) by extensions ['ros']
[3.024s] Level 1:colcon.colcon_core.package_identification:_identify(src/ros_study_msgs) by extension 'ros'
[3.045s] DEBUG:colcon.colcon_core.package_identification:Package 'src/ros_study_msgs' with type 'ros.ament_cmake' and name 'ros_study_msgs'
[3.046s] Level 1:colcon.colcon_core.package_identification:_identify(src/turtlebot) by extensions ['ignore', 'ignore_ament_install']
[3.047s] Level 1:colcon.colcon_core.package_identification:_identify(src/turtlebot) by extension 'ignore'
[3.048s] Level 1:colcon.colcon_core.package_identification:_identify(src/turtlebot) by extension 'ignore_ament_install'
[3.048s] Level 1:colcon.colcon_core.package_identification:_identify(src/turtlebot) by extensions ['colcon_pkg']
[3.049s] Level 1:colcon.colcon_core.package_identification:_identify(src/turtlebot) by extension 'colcon_pkg'
[3.049s] Level 1:colcon.colcon_core.package_identification:_identify(src/turtlebot) by extensions ['colcon_meta']
[3.049s] Level 1:colcon.colcon_core.package_identification:_identify(src/turtlebot) by extension 'colcon_meta'
[3.050s] Level 1:colcon.colcon_core.package_identification:_identify(src/turtlebot) by extensions ['ros']
[3.050s] Level 1:colcon.colcon_core.package_identification:_identify(src/turtlebot) by extension 'ros'
[3.058s] DEBUG:colcon.colcon_core.package_identification:Package 'src/turtlebot' with type 'ros.ament_python' and name 'turtlebot'
[3.059s] Level 1:colcon.colcon_core.package_discovery:discover_packages(recursive) using defaults
[3.059s] Level 1:colcon.colcon_core.package_discovery:discover_packages(ignore) discover
[3.059s] Level 1:colcon.colcon_core.package_discovery:discover_packages(ignore) using defaults
[3.060s] Level 1:colcon.colcon_core.package_discovery:discover_packages(path) discover
[3.060s] Level 1:colcon.colcon_core.package_discovery:discover_packages(path) using defaults
[3.232s] Level 1:colcon.colcon_core.package_discovery:discover_packages(prefix_path) check parameters
[3.233s] Level 1:colcon.colcon_core.package_discovery:discover_packages(prefix_path) discover
[3.250s] DEBUG:colcon.colcon_installed_package_information.package_discovery:Found 2 installed packages in /home/leejeongmin/Desktop/pjt_ws/install
[3.256s] DEBUG:colcon.colcon_installed_package_information.package_discovery:Found 12 installed packages in /home/leejeongmin/turtlebot3_ws/install
[3.271s] DEBUG:colcon.colcon_installed_package_information.package_discovery:Found 369 installed packages in /opt/ros/humble
[3.294s] Level 1:colcon.colcon_core.package_discovery:discover_packages(prefix_path) using defaults
[3.714s] Level 5:colcon.colcon_core.verb:set package 'ros_study_msgs' build argument 'cmake_args' from command line to 'None'
[3.715s] Level 5:colcon.colcon_core.verb:set package 'ros_study_msgs' build argument 'cmake_target' from command line to 'None'
[3.715s] Level 5:colcon.colcon_core.verb:set package 'ros_study_msgs' build argument 'cmake_target_skip_unavailable' from command line to 'False'
[3.715s] Level 5:colcon.colcon_core.verb:set package 'ros_study_msgs' build argument 'cmake_clean_cache' from command line to 'False'
[3.716s] Level 5:colcon.colcon_core.verb:set package 'ros_study_msgs' build argument 'cmake_clean_first' from command line to 'False'
[3.716s] Level 5:colcon.colcon_core.verb:set package 'ros_study_msgs' build argument 'cmake_force_configure' from command line to 'False'
[3.716s] Level 5:colcon.colcon_core.verb:set package 'ros_study_msgs' build argument 'ament_cmake_args' from command line to 'None'
[3.717s] Level 5:colcon.colcon_core.verb:set package 'ros_study_msgs' build argument 'catkin_cmake_args' from command line to 'None'
[3.717s] Level 5:colcon.colcon_core.verb:set package 'ros_study_msgs' build argument 'catkin_skip_building_tests' from command line to 'False'
[3.717s] DEBUG:colcon.colcon_core.verb:Building package 'ros_study_msgs' with the following arguments: {'ament_cmake_args': None, 'build_base': '/home/leejeongmin/Desktop/pjt_ws/build/ros_study_msgs', 'catkin_cmake_args': None, 'catkin_skip_building_tests': False, 'cmake_args': None, 'cmake_clean_cache': False, 'cmake_clean_first': False, 'cmake_force_configure': False, 'cmake_target': None, 'cmake_target_skip_unavailable': False, 'install_base': '/home/leejeongmin/Desktop/pjt_ws/install/ros_study_msgs', 'merge_install': False, 'path': '/home/leejeongmin/Desktop/pjt_ws/src/ros_study_msgs', 'symlink_install': False, 'test_result_base': None}
[3.721s] Level 5:colcon.colcon_core.verb:set package 'turtlebot' build argument 'cmake_args' from command line to 'None'
[3.721s] Level 5:colcon.colcon_core.verb:set package 'turtlebot' build argument 'cmake_target' from command line to 'None'
[3.722s] Level 5:colcon.colcon_core.verb:set package 'turtlebot' build argument 'cmake_target_skip_unavailable' from command line to 'False'
[3.722s] Level 5:colcon.colcon_core.verb:set package 'turtlebot' build argument 'cmake_clean_cache' from command line to 'False'
[3.722s] Level 5:colcon.colcon_core.verb:set package 'turtlebot' build argument 'cmake_clean_first' from command line to 'False'
[3.722s] Level 5:colcon.colcon_core.verb:set package 'turtlebot' build argument 'cmake_force_configure' from command line to 'False'
[3.723s] Level 5:colcon.colcon_core.verb:set package 'turtlebot' build argument 'ament_cmake_args' from command line to 'None'
[3.723s] Level 5:colcon.colcon_core.verb:set package 'turtlebot' build argument 'catkin_cmake_args' from command line to 'None'
[3.723s] Level 5:colcon.colcon_core.verb:set package 'turtlebot' build argument 'catkin_skip_building_tests' from command line to 'False'
[3.723s] DEBUG:colcon.colcon_core.verb:Building package 'turtlebot' with the following arguments: {'ament_cmake_args': None, 'build_base': '/home/leejeongmin/Desktop/pjt_ws/build/turtlebot', 'catkin_cmake_args': None, 'catkin_skip_building_tests': False, 'cmake_args': None, 'cmake_clean_cache': False, 'cmake_clean_first': False, 'cmake_force_configure': False, 'cmake_target': None, 'cmake_target_skip_unavailable': False, 'install_base': '/home/leejeongmin/Desktop/pjt_ws/install/turtlebot', 'merge_install': False, 'path': '/home/leejeongmin/Desktop/pjt_ws/src/turtlebot', 'symlink_install': False, 'test_result_base': None}
[3.725s] INFO:colcon.colcon_core.executor:Executing jobs using 'parallel' executor
[3.732s] DEBUG:colcon.colcon_parallel_executor.executor.parallel:run_until_complete
[3.734s] INFO:colcon.colcon_ros.task.ament_cmake.build:Building ROS package in '/home/leejeongmin/Desktop/pjt_ws/src/ros_study_msgs' with build type 'ament_cmake'
[3.735s] INFO:colcon.colcon_cmake.task.cmake.build:Building CMake package in '/home/leejeongmin/Desktop/pjt_ws/src/ros_study_msgs'
[3.754s] INFO:colcon.colcon_core.plugin_system:Skipping extension 'colcon_core.shell.bat': Not used on non-Windows systems
[3.756s] INFO:colcon.colcon_core.shell:Skip shell extension 'powershell' for command environment: Not usable outside of PowerShell
[3.756s] DEBUG:colcon.colcon_core.shell:Skip shell extension 'dsv' for command environment
[3.796s] INFO:colcon.colcon_ros.task.ament_python.build:Building ROS package in '/home/leejeongmin/Desktop/pjt_ws/src/turtlebot' with build type 'ament_python'
[3.796s] Level 1:colcon.colcon_core.shell:create_environment_hook('turtlebot', 'ament_prefix_path')
[3.796s] INFO:colcon.colcon_core.shell:Creating environment hook '/home/leejeongmin/Desktop/pjt_ws/install/turtlebot/share/turtlebot/hook/ament_prefix_path.ps1'
[3.797s] INFO:colcon.colcon_core.shell:Creating environment descriptor '/home/leejeongmin/Desktop/pjt_ws/install/turtlebot/share/turtlebot/hook/ament_prefix_path.dsv'
[3.798s] INFO:colcon.colcon_core.shell:Creating environment hook '/home/leejeongmin/Desktop/pjt_ws/install/turtlebot/share/turtlebot/hook/ament_prefix_path.sh'
[3.799s] INFO:colcon.colcon_core.shell:Skip shell extension 'powershell' for command environment: Not usable outside of PowerShell
[3.799s] DEBUG:colcon.colcon_core.shell:Skip shell extension 'dsv' for command environment
[3.812s] DEBUG:colcon.colcon_core.event_handler.log_command:Invoking command in '/home/leejeongmin/Desktop/pjt_ws/build/ros_study_msgs': CMAKE_PREFIX_PATH=${CMAKE_PREFIX_PATH}:/home/leejeongmin/Desktop/pjt_ws/install/turtlebot:/home/leejeongmin/turtlebot3_ws/install/turtlebot3_teleop:/home/leejeongmin/turtlebot3_ws/install/turtlebot3_example:/opt/ros/humble /usr/bin/cmake --build /home/leejeongmin/Desktop/pjt_ws/build/ros_study_msgs -- -j12 -l12
[4.081s] INFO:colcon.colcon_core.task.python.build:Building Python package in '/home/leejeongmin/Desktop/pjt_ws/src/turtlebot'
[4.082s] INFO:colcon.colcon_core.shell:Skip shell extension 'powershell' for command environment: Not usable outside of PowerShell
[4.082s] DEBUG:colcon.colcon_core.shell:Skip shell extension 'dsv' for command environment
[4.219s] DEBUG:colcon.colcon_core.event_handler.log_command:Invoked command in '/home/leejeongmin/Desktop/pjt_ws/build/ros_study_msgs' returned '0': CMAKE_PREFIX_PATH=${CMAKE_PREFIX_PATH}:/home/leejeongmin/Desktop/pjt_ws/install/turtlebot:/home/leejeongmin/turtlebot3_ws/install/turtlebot3_teleop:/home/leejeongmin/turtlebot3_ws/install/turtlebot3_example:/opt/ros/humble /usr/bin/cmake --build /home/leejeongmin/Desktop/pjt_ws/build/ros_study_msgs -- -j12 -l12
[4.382s] DEBUG:colcon.colcon_core.event_handler.log_command:Invoking command in '/home/leejeongmin/Desktop/pjt_ws/build/ros_study_msgs': CMAKE_PREFIX_PATH=${CMAKE_PREFIX_PATH}:/home/leejeongmin/Desktop/pjt_ws/install/turtlebot:/home/leejeongmin/turtlebot3_ws/install/turtlebot3_teleop:/home/leejeongmin/turtlebot3_ws/install/turtlebot3_example:/opt/ros/humble /usr/bin/cmake --install /home/leejeongmin/Desktop/pjt_ws/build/ros_study_msgs
[4.458s] Level 1:colcon.colcon_core.environment:create_environment_scripts_only(ros_study_msgs)
[4.459s] DEBUG:colcon.colcon_core.event_handler.log_command:Invoked command in '/home/leejeongmin/Desktop/pjt_ws/build/ros_study_msgs' returned '0': CMAKE_PREFIX_PATH=${CMAKE_PREFIX_PATH}:/home/leejeongmin/Desktop/pjt_ws/install/turtlebot:/home/leejeongmin/turtlebot3_ws/install/turtlebot3_teleop:/home/leejeongmin/turtlebot3_ws/install/turtlebot3_example:/opt/ros/humble /usr/bin/cmake --install /home/leejeongmin/Desktop/pjt_ws/build/ros_study_msgs
[4.462s] Level 1:colcon.colcon_core.environment:checking '/home/leejeongmin/Desktop/pjt_ws/install/ros_study_msgs' for CMake module files
[4.463s] Level 1:colcon.colcon_core.environment:checking '/home/leejeongmin/Desktop/pjt_ws/install/ros_study_msgs' for CMake config files
[4.464s] Level 1:colcon.colcon_core.shell:create_environment_hook('ros_study_msgs', 'cmake_prefix_path')
[4.464s] INFO:colcon.colcon_core.shell:Creating environment hook '/home/leejeongmin/Desktop/pjt_ws/install/ros_study_msgs/share/ros_study_msgs/hook/cmake_prefix_path.ps1'
[4.465s] INFO:colcon.colcon_core.shell:Creating environment descriptor '/home/leejeongmin/Desktop/pjt_ws/install/ros_study_msgs/share/ros_study_msgs/hook/cmake_prefix_path.dsv'
[4.465s] INFO:colcon.colcon_core.shell:Creating environment hook '/home/leejeongmin/Desktop/pjt_ws/install/ros_study_msgs/share/ros_study_msgs/hook/cmake_prefix_path.sh'
[4.466s] Level 1:colcon.colcon_core.environment:checking '/home/leejeongmin/Desktop/pjt_ws/install/ros_study_msgs/lib'
[4.466s] Level 1:colcon.colcon_core.shell:create_environment_hook('ros_study_msgs', 'ld_library_path_lib')
[4.467s] INFO:colcon.colcon_core.shell:Creating environment hook '/home/leejeongmin/Desktop/pjt_ws/install/ros_study_msgs/share/ros_study_msgs/hook/ld_library_path_lib.ps1'
[4.467s] INFO:colcon.colcon_core.shell:Creating environment descriptor '/home/leejeongmin/Desktop/pjt_ws/install/ros_study_msgs/share/ros_study_msgs/hook/ld_library_path_lib.dsv'
[4.468s] INFO:colcon.colcon_core.shell:Creating environment hook '/home/leejeongmin/Desktop/pjt_ws/install/ros_study_msgs/share/ros_study_msgs/hook/ld_library_path_lib.sh'
[4.468s] Level 1:colcon.colcon_core.environment:checking '/home/leejeongmin/Desktop/pjt_ws/install/ros_study_msgs/bin'
[4.469s] Level 1:colcon.colcon_core.environment:checking '/home/leejeongmin/Desktop/pjt_ws/install/ros_study_msgs/lib/pkgconfig/ros_study_msgs.pc'
[4.469s] Level 1:colcon.colcon_core.environment:checking '/home/leejeongmin/Desktop/pjt_ws/install/ros_study_msgs/lib/python3.10/site-packages'
[4.469s] Level 1:colcon.colcon_core.environment:checking '/home/leejeongmin/Desktop/pjt_ws/install/ros_study_msgs/bin'
[4.470s] INFO:colcon.colcon_core.shell:Creating package script '/home/leejeongmin/Desktop/pjt_ws/install/ros_study_msgs/share/ros_study_msgs/package.ps1'
[4.471s] INFO:colcon.colcon_core.shell:Creating package descriptor '/home/leejeongmin/Desktop/pjt_ws/install/ros_study_msgs/share/ros_study_msgs/package.dsv'
[4.471s] INFO:colcon.colcon_core.shell:Creating package script '/home/leejeongmin/Desktop/pjt_ws/install/ros_study_msgs/share/ros_study_msgs/package.sh'
[4.473s] INFO:colcon.colcon_core.shell:Creating package script '/home/leejeongmin/Desktop/pjt_ws/install/ros_study_msgs/share/ros_study_msgs/package.bash'
[4.474s] INFO:colcon.colcon_core.shell:Creating package script '/home/leejeongmin/Desktop/pjt_ws/install/ros_study_msgs/share/ros_study_msgs/package.zsh'
[4.475s] Level 1:colcon.colcon_core.environment:create_file_with_runtime_dependencies(/home/leejeongmin/Desktop/pjt_ws/install/ros_study_msgs/share/colcon-core/packages/ros_study_msgs)
[4.586s] DEBUG:colcon.colcon_core.event_handler.log_command:Invoking command in '/home/leejeongmin/Desktop/pjt_ws/src/turtlebot': PYTHONPATH=/home/leejeongmin/Desktop/pjt_ws/build/turtlebot/prefix_override:/usr/lib/python3/dist-packages/colcon_core/task/python/colcon_distutils_commands:/home/leejeongmin/Desktop/pjt_ws/install/turtlebot/lib/python3.10/site-packages:${PYTHONPATH} /usr/bin/python3 -W ignore:setup.py install is deprecated setup.py egg_info --egg-base ../../build/turtlebot build --build-base /home/leejeongmin/Desktop/pjt_ws/build/turtlebot/build install --record /home/leejeongmin/Desktop/pjt_ws/build/turtlebot/install.log --single-version-externally-managed install_data
[4.641s] Level 1:colcon.colcon_core.environment:create_environment_scripts_only(ros_study_msgs)
[4.641s] Level 1:colcon.colcon_core.environment:checking '/home/leejeongmin/Desktop/pjt_ws/install/ros_study_msgs' for CMake module files
[4.642s] Level 1:colcon.colcon_core.environment:checking '/home/leejeongmin/Desktop/pjt_ws/install/ros_study_msgs' for CMake config files
[4.643s] Level 1:colcon.colcon_core.shell:create_environment_hook('ros_study_msgs', 'cmake_prefix_path')
[4.643s] INFO:colcon.colcon_core.shell:Creating environment hook '/home/leejeongmin/Desktop/pjt_ws/install/ros_study_msgs/share/ros_study_msgs/hook/cmake_prefix_path.ps1'
[4.644s] INFO:colcon.colcon_core.shell:Creating environment descriptor '/home/leejeongmin/Desktop/pjt_ws/install/ros_study_msgs/share/ros_study_msgs/hook/cmake_prefix_path.dsv'
[4.645s] INFO:colcon.colcon_core.shell:Creating environment hook '/home/leejeongmin/Desktop/pjt_ws/install/ros_study_msgs/share/ros_study_msgs/hook/cmake_prefix_path.sh'
[4.645s] Level 1:colcon.colcon_core.environment:checking '/home/leejeongmin/Desktop/pjt_ws/install/ros_study_msgs/lib'
[4.645s] Level 1:colcon.colcon_core.shell:create_environment_hook('ros_study_msgs', 'ld_library_path_lib')
[4.646s] INFO:colcon.colcon_core.shell:Creating environment hook '/home/leejeongmin/Desktop/pjt_ws/install/ros_study_msgs/share/ros_study_msgs/hook/ld_library_path_lib.ps1'
[4.646s] INFO:colcon.colcon_core.shell:Creating environment descriptor '/home/leejeongmin/Desktop/pjt_ws/install/ros_study_msgs/share/ros_study_msgs/hook/ld_library_path_lib.dsv'
[4.647s] INFO:colcon.colcon_core.shell:Creating environment hook '/home/leejeongmin/Desktop/pjt_ws/install/ros_study_msgs/share/ros_study_msgs/hook/ld_library_path_lib.sh'
[4.648s] Level 1:colcon.colcon_core.environment:checking '/home/leejeongmin/Desktop/pjt_ws/install/ros_study_msgs/bin'
[4.648s] Level 1:colcon.colcon_core.environment:checking '/home/leejeongmin/Desktop/pjt_ws/install/ros_study_msgs/lib/pkgconfig/ros_study_msgs.pc'
[4.648s] Level 1:colcon.colcon_core.environment:checking '/home/leejeongmin/Desktop/pjt_ws/install/ros_study_msgs/lib/python3.10/site-packages'
[4.648s] Level 1:colcon.colcon_core.environment:checking '/home/leejeongmin/Desktop/pjt_ws/install/ros_study_msgs/bin'
[4.649s] INFO:colcon.colcon_core.shell:Creating package script '/home/leejeongmin/Desktop/pjt_ws/install/ros_study_msgs/share/ros_study_msgs/package.ps1'
[4.650s] INFO:colcon.colcon_core.shell:Creating package descriptor '/home/leejeongmin/Desktop/pjt_ws/install/ros_study_msgs/share/ros_study_msgs/package.dsv'
[4.651s] INFO:colcon.colcon_core.shell:Creating package script '/home/leejeongmin/Desktop/pjt_ws/install/ros_study_msgs/share/ros_study_msgs/package.sh'
[4.651s] INFO:colcon.colcon_core.shell:Creating package script '/home/leejeongmin/Desktop/pjt_ws/install/ros_study_msgs/share/ros_study_msgs/package.bash'
[4.652s] INFO:colcon.colcon_core.shell:Creating package script '/home/leejeongmin/Desktop/pjt_ws/install/ros_study_msgs/share/ros_study_msgs/package.zsh'
[4.652s] Level 1:colcon.colcon_core.environment:create_file_with_runtime_dependencies(/home/leejeongmin/Desktop/pjt_ws/install/ros_study_msgs/share/colcon-core/packages/ros_study_msgs)
[4.835s] Level 1:colcon.colcon_core.environment:checking '/home/leejeongmin/Desktop/pjt_ws/install/turtlebot' for CMake module files
[4.836s] DEBUG:colcon.colcon_core.event_handler.log_command:Invoked command in '/home/leejeongmin/Desktop/pjt_ws/src/turtlebot' returned '0': PYTHONPATH=/home/leejeongmin/Desktop/pjt_ws/build/turtlebot/prefix_override:/usr/lib/python3/dist-packages/colcon_core/task/python/colcon_distutils_commands:/home/leejeongmin/Desktop/pjt_ws/install/turtlebot/lib/python3.10/site-packages:${PYTHONPATH} /usr/bin/python3 -W ignore:setup.py install is deprecated setup.py egg_info --egg-base ../../build/turtlebot build --build-base /home/leejeongmin/Desktop/pjt_ws/build/turtlebot/build install --record /home/leejeongmin/Desktop/pjt_ws/build/turtlebot/install.log --single-version-externally-managed install_data
[4.836s] Level 1:colcon.colcon_core.environment:checking '/home/leejeongmin/Desktop/pjt_ws/install/turtlebot' for CMake config files
[4.838s] Level 1:colcon.colcon_core.environment:checking '/home/leejeongmin/Desktop/pjt_ws/install/turtlebot/lib'
[4.838s] Level 1:colcon.colcon_core.environment:checking '/home/leejeongmin/Desktop/pjt_ws/install/turtlebot/bin'
[4.838s] Level 1:colcon.colcon_core.environment:checking '/home/leejeongmin/Desktop/pjt_ws/install/turtlebot/lib/pkgconfig/turtlebot.pc'
[4.838s] Level 1:colcon.colcon_core.environment:checking '/home/leejeongmin/Desktop/pjt_ws/install/turtlebot/lib/python3.10/site-packages'
[4.838s] Level 1:colcon.colcon_core.shell:create_environment_hook('turtlebot', 'pythonpath')
[4.839s] INFO:colcon.colcon_core.shell:Creating environment hook '/home/leejeongmin/Desktop/pjt_ws/install/turtlebot/share/turtlebot/hook/pythonpath.ps1'
[4.839s] INFO:colcon.colcon_core.shell:Creating environment descriptor '/home/leejeongmin/Desktop/pjt_ws/install/turtlebot/share/turtlebot/hook/pythonpath.dsv'
[4.840s] INFO:colcon.colcon_core.shell:Creating environment hook '/home/leejeongmin/Desktop/pjt_ws/install/turtlebot/share/turtlebot/hook/pythonpath.sh'
[4.841s] Level 1:colcon.colcon_core.environment:checking '/home/leejeongmin/Desktop/pjt_ws/install/turtlebot/bin'
[4.841s] Level 1:colcon.colcon_core.environment:create_environment_scripts_only(turtlebot)
[4.841s] INFO:colcon.colcon_core.shell:Creating package script '/home/leejeongmin/Desktop/pjt_ws/install/turtlebot/share/turtlebot/package.ps1'
[4.842s] INFO:colcon.colcon_core.shell:Creating package descriptor '/home/leejeongmin/Desktop/pjt_ws/install/turtlebot/share/turtlebot/package.dsv'
[4.843s] INFO:colcon.colcon_core.shell:Creating package script '/home/leejeongmin/Desktop/pjt_ws/install/turtlebot/share/turtlebot/package.sh'
[4.843s] INFO:colcon.colcon_core.shell:Creating package script '/home/leejeongmin/Desktop/pjt_ws/install/turtlebot/share/turtlebot/package.bash'
[4.844s] INFO:colcon.colcon_core.shell:Creating package script '/home/leejeongmin/Desktop/pjt_ws/install/turtlebot/share/turtlebot/package.zsh'
[4.844s] Level 1:colcon.colcon_core.environment:create_file_with_runtime_dependencies(/home/leejeongmin/Desktop/pjt_ws/install/turtlebot/share/colcon-core/packages/turtlebot)
[4.844s] DEBUG:colcon.colcon_parallel_executor.executor.parallel:closing loop
[4.845s] DEBUG:colcon.colcon_parallel_executor.executor.parallel:loop closed
[4.845s] DEBUG:colcon.colcon_parallel_executor.executor.parallel:run_until_complete finished with '0'
[4.845s] DEBUG:colcon.colcon_core.event_reactor:joining thread
[4.850s] INFO:colcon.colcon_core.plugin_system:Skipping extension 'colcon_notification.desktop_notification.terminal_notifier': Not used on non-Darwin systems
[4.850s] INFO:colcon.colcon_core.plugin_system:Skipping extension 'colcon_notification.desktop_notification.win32': Not used on non-Windows systems
[4.850s] INFO:colcon.colcon_notification.desktop_notification:Sending desktop notification using 'notify2'
[4.866s] DEBUG:colcon.colcon_core.event_reactor:joined thread
[4.867s] INFO:colcon.colcon_core.shell:Creating prefix script '/home/leejeongmin/Desktop/pjt_ws/install/local_setup.ps1'
[4.868s] INFO:colcon.colcon_core.shell:Creating prefix util module '/home/leejeongmin/Desktop/pjt_ws/install/_local_setup_util_ps1.py'
[4.869s] INFO:colcon.colcon_core.shell:Creating prefix chain script '/home/leejeongmin/Desktop/pjt_ws/install/setup.ps1'
[4.870s] INFO:colcon.colcon_core.shell:Creating prefix script '/home/leejeongmin/Desktop/pjt_ws/install/local_setup.sh'
[4.871s] INFO:colcon.colcon_core.shell:Creating prefix util module '/home/leejeongmin/Desktop/pjt_ws/install/_local_setup_util_sh.py'
[4.871s] INFO:colcon.colcon_core.shell:Creating prefix chain script '/home/leejeongmin/Desktop/pjt_ws/install/setup.sh'
[4.872s] INFO:colcon.colcon_core.shell:Creating prefix script '/home/leejeongmin/Desktop/pjt_ws/install/local_setup.bash'
[4.872s] INFO:colcon.colcon_core.shell:Creating prefix chain script '/home/leejeongmin/Desktop/pjt_ws/install/setup.bash'
[4.873s] INFO:colcon.colcon_core.shell:Creating prefix script '/home/leejeongmin/Desktop/pjt_ws/install/local_setup.zsh'
[4.874s] INFO:colcon.colcon_core.shell:Creating prefix chain script '/home/leejeongmin/Desktop/pjt_ws/install/setup.zsh'
