[0.765s] DEBUG:colcon:Command line arguments: ['/usr/bin/colcon', 'build']
[0.765s] DEBUG:colcon:Parsed command line arguments: Namespace(log_base=None, log_level=None, verb_name='build', build_base='build', install_base='install', merge_install=False, symlink_install=False, test_result_base=None, continue_on_error=False, executor='parallel', parallel_workers=12, event_handlers=None, ignore_user_meta=False, metas=['./colcon.meta'], base_paths=['.'], packages_ignore=None, packages_ignore_regex=None, paths=None, packages_up_to=None, packages_up_to_regex=None, packages_above=None, packages_above_and_dependencies=None, packages_above_depth=None, packages_select_by_dep=None, packages_skip_by_dep=None, packages_skip_up_to=None, packages_select_build_failed=False, packages_skip_build_finished=False, packages_select_test_failures=False, packages_skip_test_passed=False, packages_select=None, packages_skip=None, packages_select_regex=None, packages_skip_regex=None, packages_start=None, packages_end=None, allow_overriding=[], cmake_args=None, cmake_target=None, cmake_target_skip_unavailable=False, cmake_clean_cache=False, cmake_clean_first=False, cmake_force_configure=False, ament_cmake_args=None, catkin_cmake_args=None, catkin_skip_building_tests=False, mixin_files=None, mixin=None, verb_parser=<colcon_mixin.mixin.mixin_argument.MixinArgumentDecorator object at 0x7420e475b700>, verb_extension=<colcon_core.verb.build.BuildVerb object at 0x7420e475b070>, main=<bound method BuildVerb.main of <colcon_core.verb.build.BuildVerb object at 0x7420e475b070>>, mixin_verb=('build',))
[1.853s] Level 1:colcon.colcon_core.package_discovery:discover_packages(colcon_meta) check parameters
[1.854s] Level 1:colcon.colcon_core.package_discovery:discover_packages(recursive) check parameters
[1.854s] Level 1:colcon.colcon_core.package_discovery:discover_packages(ignore) check parameters
[1.855s] Level 1:colcon.colcon_core.package_discovery:discover_packages(path) check parameters
[1.855s] Level 1:colcon.colcon_core.package_discovery:discover_packages(colcon_meta) discover
[1.855s] Level 1:colcon.colcon_core.package_discovery:discover_packages(recursive) discover
[1.855s] INFO:colcon.colcon_core.package_discovery:Crawling recursively for packages in '/home/leejeongmin/Desktop/pjt_ws'
[1.856s] Level 1:colcon.colcon_core.package_identification:_identify(.) by extensions ['ignore', 'ignore_ament_install']
[1.856s] Level 1:colcon.colcon_core.package_identification:_identify(.) by extension 'ignore'
[1.857s] Level 1:colcon.colcon_core.package_identification:_identify(.) by extension 'ignore_ament_install'
[1.857s] Level 1:colcon.colcon_core.package_identification:_identify(.) by extensions ['colcon_pkg']
[1.857s] Level 1:colcon.colcon_core.package_identification:_identify(.) by extension 'colcon_pkg'
[1.858s] Level 1:colcon.colcon_core.package_identification:_identify(.) by extensions ['colcon_meta']
[1.858s] Level 1:colcon.colcon_core.package_identification:_identify(.) by extension 'colcon_meta'
[1.858s] Level 1:colcon.colcon_core.package_identification:_identify(.) by extensions ['ros']
[1.858s] Level 1:colcon.colcon_core.package_identification:_identify(.) by extension 'ros'
[1.923s] Level 1:colcon.colcon_core.package_identification:_identify(.) by extensions ['cmake', 'python']
[1.923s] Level 1:colcon.colcon_core.package_identification:_identify(.) by extension 'cmake'
[1.923s] Level 1:colcon.colcon_core.package_identification:_identify(.) by extension 'python'
[1.924s] Level 1:colcon.colcon_core.package_identification:_identify(.) by extensions ['python_setup_py']
[1.924s] Level 1:colcon.colcon_core.package_identification:_identify(.) by extension 'python_setup_py'
[1.925s] Level 1:colcon.colcon_core.package_identification:_identify(build) by extensions ['ignore', 'ignore_ament_install']
[1.925s] Level 1:colcon.colcon_core.package_identification:_identify(build) by extension 'ignore'
[1.926s] Level 1:colcon.colcon_core.package_identification:_identify(build) ignored
[1.926s] Level 1:colcon.colcon_core.package_identification:_identify(install) by extensions ['ignore', 'ignore_ament_install']
[1.927s] Level 1:colcon.colcon_core.package_identification:_identify(install) by extension 'ignore'
[1.927s] Level 1:colcon.colcon_core.package_identification:_identify(install) ignored
[1.928s] Level 1:colcon.colcon_core.package_identification:_identify(log) by extensions ['ignore', 'ignore_ament_install']
[1.928s] Level 1:colcon.colcon_core.package_identification:_identify(log) by extension 'ignore'
[1.928s] Level 1:colcon.colcon_core.package_identification:_identify(log) ignored
[1.929s] Level 1:colcon.colcon_core.package_identification:_identify(src) by extensions ['ignore', 'ignore_ament_install']
[1.929s] Level 1:colcon.colcon_core.package_identification:_identify(src) by extension 'ignore'
[1.929s] Level 1:colcon.colcon_core.package_identification:_identify(src) by extension 'ignore_ament_install'
[1.930s] Level 1:colcon.colcon_core.package_identification:_identify(src) by extensions ['colcon_pkg']
[1.930s] Level 1:colcon.colcon_core.package_identification:_identify(src) by extension 'colcon_pkg'
[1.930s] Level 1:colcon.colcon_core.package_identification:_identify(src) by extensions ['colcon_meta']
[1.930s] Level 1:colcon.colcon_core.package_identification:_identify(src) by extension 'colcon_meta'
[1.931s] Level 1:colcon.colcon_core.package_identification:_identify(src) by extensions ['ros']
[1.931s] Level 1:colcon.colcon_core.package_identification:_identify(src) by extension 'ros'
[1.931s] Level 1:colcon.colcon_core.package_identification:_identify(src) by extensions ['cmake', 'python']
[1.931s] Level 1:colcon.colcon_core.package_identification:_identify(src) by extension 'cmake'
[1.932s] Level 1:colcon.colcon_core.package_identification:_identify(src) by extension 'python'
[1.932s] Level 1:colcon.colcon_core.package_identification:_identify(src) by extensions ['python_setup_py']
[1.932s] Level 1:colcon.colcon_core.package_identification:_identify(src) by extension 'python_setup_py'
[1.932s] Level 1:colcon.colcon_core.package_identification:_identify(src/ros_study_msgs) by extensions ['ignore', 'ignore_ament_install']
[1.933s] Level 1:colcon.colcon_core.package_identification:_identify(src/ros_study_msgs) by extension 'ignore'
[1.933s] Level 1:colcon.colcon_core.package_identification:_identify(src/ros_study_msgs) by extension 'ignore_ament_install'
[1.933s] Level 1:colcon.colcon_core.package_identification:_identify(src/ros_study_msgs) by extensions ['colcon_pkg']
[1.934s] Level 1:colcon.colcon_core.package_identification:_identify(src/ros_study_msgs) by extension 'colcon_pkg'
[1.934s] Level 1:colcon.colcon_core.package_identification:_identify(src/ros_study_msgs) by extensions ['colcon_meta']
[1.934s] Level 1:colcon.colcon_core.package_identification:_identify(src/ros_study_msgs) by extension 'colcon_meta'
[1.934s] Level 1:colcon.colcon_core.package_identification:_identify(src/ros_study_msgs) by extensions ['ros']
[1.934s] Level 1:colcon.colcon_core.package_identification:_identify(src/ros_study_msgs) by extension 'ros'
[1.949s] DEBUG:colcon.colcon_core.package_identification:Package 'src/ros_study_msgs' with type 'ros.ament_cmake' and name 'ros_study_msgs'
[1.950s] Level 1:colcon.colcon_core.package_identification:_identify(src/turtlebot) by extensions ['ignore', 'ignore_ament_install']
[1.951s] Level 1:colcon.colcon_core.package_identification:_identify(src/turtlebot) by extension 'ignore'
[1.951s] Level 1:colcon.colcon_core.package_identification:_identify(src/turtlebot) by extension 'ignore_ament_install'
[1.952s] Level 1:colcon.colcon_core.package_identification:_identify(src/turtlebot) by extensions ['colcon_pkg']
[1.952s] Level 1:colcon.colcon_core.package_identification:_identify(src/turtlebot) by extension 'colcon_pkg'
[1.952s] Level 1:colcon.colcon_core.package_identification:_identify(src/turtlebot) by extensions ['colcon_meta']
[1.952s] Level 1:colcon.colcon_core.package_identification:_identify(src/turtlebot) by extension 'colcon_meta'
[1.952s] Level 1:colcon.colcon_core.package_identification:_identify(src/turtlebot) by extensions ['ros']
[1.953s] Level 1:colcon.colcon_core.package_identification:_identify(src/turtlebot) by extension 'ros'
[1.958s] DEBUG:colcon.colcon_core.package_identification:Package 'src/turtlebot' with type 'ros.ament_python' and name 'turtlebot'
[1.958s] Level 1:colcon.colcon_core.package_discovery:discover_packages(recursive) using defaults
[1.958s] Level 1:colcon.colcon_core.package_discovery:discover_packages(ignore) discover
[1.959s] Level 1:colcon.colcon_core.package_discovery:discover_packages(ignore) using defaults
[1.959s] Level 1:colcon.colcon_core.package_discovery:discover_packages(path) discover
[1.959s] Level 1:colcon.colcon_core.package_discovery:discover_packages(path) using defaults
[2.080s] Level 1:colcon.colcon_core.package_discovery:discover_packages(prefix_path) check parameters
[2.081s] Level 1:colcon.colcon_core.package_discovery:discover_packages(prefix_path) discover
[2.092s] DEBUG:colcon.colcon_installed_package_information.package_discovery:Found 2 installed packages in /home/leejeongmin/Desktop/pjt_ws/install
[2.095s] DEBUG:colcon.colcon_installed_package_information.package_discovery:Found 12 installed packages in /home/leejeongmin/turtlebot3_ws/install
[2.104s] DEBUG:colcon.colcon_installed_package_information.package_discovery:Found 369 installed packages in /opt/ros/humble
[2.116s] Level 1:colcon.colcon_core.package_discovery:discover_packages(prefix_path) using defaults
[2.356s] Level 5:colcon.colcon_core.verb:set package 'ros_study_msgs' build argument 'cmake_args' from command line to 'None'
[2.356s] Level 5:colcon.colcon_core.verb:set package 'ros_study_msgs' build argument 'cmake_target' from command line to 'None'
[2.356s] Level 5:colcon.colcon_core.verb:set package 'ros_study_msgs' build argument 'cmake_target_skip_unavailable' from command line to 'False'
[2.357s] Level 5:colcon.colcon_core.verb:set package 'ros_study_msgs' build argument 'cmake_clean_cache' from command line to 'False'
[2.357s] Level 5:colcon.colcon_core.verb:set package 'ros_study_msgs' build argument 'cmake_clean_first' from command line to 'False'
[2.357s] Level 5:colcon.colcon_core.verb:set package 'ros_study_msgs' build argument 'cmake_force_configure' from command line to 'False'
[2.357s] Level 5:colcon.colcon_core.verb:set package 'ros_study_msgs' build argument 'ament_cmake_args' from command line to 'None'
[2.357s] Level 5:colcon.colcon_core.verb:set package 'ros_study_msgs' build argument 'catkin_cmake_args' from command line to 'None'
[2.357s] Level 5:colcon.colcon_core.verb:set package 'ros_study_msgs' build argument 'catkin_skip_building_tests' from command line to 'False'
[2.357s] DEBUG:colcon.colcon_core.verb:Building package 'ros_study_msgs' with the following arguments: {'ament_cmake_args': None, 'build_base': '/home/leejeongmin/Desktop/pjt_ws/build/ros_study_msgs', 'catkin_cmake_args': None, 'catkin_skip_building_tests': False, 'cmake_args': None, 'cmake_clean_cache': False, 'cmake_clean_first': False, 'cmake_force_configure': False, 'cmake_target': None, 'cmake_target_skip_unavailable': False, 'install_base': '/home/leejeongmin/Desktop/pjt_ws/install/ros_study_msgs', 'merge_install': False, 'path': '/home/leejeongmin/Desktop/pjt_ws/src/ros_study_msgs', 'symlink_install': False, 'test_result_base': None}
[2.360s] Level 5:colcon.colcon_core.verb:set package 'turtlebot' build argument 'cmake_args' from command line to 'None'
[2.360s] Level 5:colcon.colcon_core.verb:set package 'turtlebot' build argument 'cmake_target' from command line to 'None'
[2.360s] Level 5:colcon.colcon_core.verb:set package 'turtlebot' build argument 'cmake_target_skip_unavailable' from command line to 'False'
[2.360s] Level 5:colcon.colcon_core.verb:set package 'turtlebot' build argument 'cmake_clean_cache' from command line to 'False'
[2.360s] Level 5:colcon.colcon_core.verb:set package 'turtlebot' build argument 'cmake_clean_first' from command line to 'False'
[2.360s] Level 5:colcon.colcon_core.verb:set package 'turtlebot' build argument 'cmake_force_configure' from command line to 'False'
[2.360s] Level 5:colcon.colcon_core.verb:set package 'turtlebot' build argument 'ament_cmake_args' from command line to 'None'
[2.361s] Level 5:colcon.colcon_core.verb:set package 'turtlebot' build argument 'catkin_cmake_args' from command line to 'None'
[2.361s] Level 5:colcon.colcon_core.verb:set package 'turtlebot' build argument 'catkin_skip_building_tests' from command line to 'False'
[2.361s] DEBUG:colcon.colcon_core.verb:Building package 'turtlebot' with the following arguments: {'ament_cmake_args': None, 'build_base': '/home/leejeongmin/Desktop/pjt_ws/build/turtlebot', 'catkin_cmake_args': None, 'catkin_skip_building_tests': False, 'cmake_args': None, 'cmake_clean_cache': False, 'cmake_clean_first': False, 'cmake_force_configure': False, 'cmake_target': None, 'cmake_target_skip_unavailable': False, 'install_base': '/home/leejeongmin/Desktop/pjt_ws/install/turtlebot', 'merge_install': False, 'path': '/home/leejeongmin/Desktop/pjt_ws/src/turtlebot', 'symlink_install': False, 'test_result_base': None}
[2.362s] INFO:colcon.colcon_core.executor:Executing jobs using 'parallel' executor
[2.367s] DEBUG:colcon.colcon_parallel_executor.executor.parallel:run_until_complete
[2.368s] INFO:colcon.colcon_ros.task.ament_cmake.build:Building ROS package in '/home/leejeongmin/Desktop/pjt_ws/src/ros_study_msgs' with build type 'ament_cmake'
[2.369s] INFO:colcon.colcon_cmake.task.cmake.build:Building CMake package in '/home/leejeongmin/Desktop/pjt_ws/src/ros_study_msgs'
[2.383s] INFO:colcon.colcon_core.plugin_system:Skipping extension 'colcon_core.shell.bat': Not used on non-Windows systems
[2.384s] INFO:colcon.colcon_core.shell:Skip shell extension 'powershell' for command environment: Not usable outside of PowerShell
[2.384s] DEBUG:colcon.colcon_core.shell:Skip shell extension 'dsv' for command environment
[2.409s] INFO:colcon.colcon_ros.task.ament_python.build:Building ROS package in '/home/leejeongmin/Desktop/pjt_ws/src/turtlebot' with build type 'ament_python'
[2.410s] Level 1:colcon.colcon_core.shell:create_environment_hook('turtlebot', 'ament_prefix_path')
[2.411s] INFO:colcon.colcon_core.shell:Creating environment hook '/home/leejeongmin/Desktop/pjt_ws/install/turtlebot/share/turtlebot/hook/ament_prefix_path.ps1'
[2.416s] INFO:colcon.colcon_core.shell:Creating environment descriptor '/home/leejeongmin/Desktop/pjt_ws/install/turtlebot/share/turtlebot/hook/ament_prefix_path.dsv'
[2.419s] INFO:colcon.colcon_core.shell:Creating environment hook '/home/leejeongmin/Desktop/pjt_ws/install/turtlebot/share/turtlebot/hook/ament_prefix_path.sh'
[2.423s] INFO:colcon.colcon_core.shell:Skip shell extension 'powershell' for command environment: Not usable outside of PowerShell
[2.423s] DEBUG:colcon.colcon_core.shell:Skip shell extension 'dsv' for command environment
[2.479s] DEBUG:colcon.colcon_core.event_handler.log_command:Invoking command in '/home/leejeongmin/Desktop/pjt_ws/build/ros_study_msgs': CMAKE_PREFIX_PATH=${CMAKE_PREFIX_PATH}:/home/leejeongmin/Desktop/pjt_ws/install/turtlebot:/home/leejeongmin/turtlebot3_ws/install/turtlebot3_teleop:/home/leejeongmin/turtlebot3_ws/install/turtlebot3_example:/opt/ros/humble /usr/bin/cmake --build /home/leejeongmin/Desktop/pjt_ws/build/ros_study_msgs -- -j12 -l12
[4.129s] INFO:colcon.colcon_core.task.python.build:Building Python package in '/home/leejeongmin/Desktop/pjt_ws/src/turtlebot'
[4.131s] INFO:colcon.colcon_core.shell:Skip shell extension 'powershell' for command environment: Not usable outside of PowerShell
[4.131s] DEBUG:colcon.colcon_core.shell:Skip shell extension 'dsv' for command environment
[4.863s] DEBUG:colcon.colcon_core.event_handler.log_command:Invoked command in '/home/leejeongmin/Desktop/pjt_ws/build/ros_study_msgs' returned '0': CMAKE_PREFIX_PATH=${CMAKE_PREFIX_PATH}:/home/leejeongmin/Desktop/pjt_ws/install/turtlebot:/home/leejeongmin/turtlebot3_ws/install/turtlebot3_teleop:/home/leejeongmin/turtlebot3_ws/install/turtlebot3_example:/opt/ros/humble /usr/bin/cmake --build /home/leejeongmin/Desktop/pjt_ws/build/ros_study_msgs -- -j12 -l12
[5.965s] DEBUG:colcon.colcon_core.event_handler.log_command:Invoking command in '/home/leejeongmin/Desktop/pjt_ws/build/ros_study_msgs': CMAKE_PREFIX_PATH=${CMAKE_PREFIX_PATH}:/home/leejeongmin/Desktop/pjt_ws/install/turtlebot:/home/leejeongmin/turtlebot3_ws/install/turtlebot3_teleop:/home/leejeongmin/turtlebot3_ws/install/turtlebot3_example:/opt/ros/humble /usr/bin/cmake --install /home/leejeongmin/Desktop/pjt_ws/build/ros_study_msgs
[6.360s] Level 1:colcon.colcon_core.environment:create_environment_scripts_only(ros_study_msgs)
[6.386s] DEBUG:colcon.colcon_core.event_handler.log_command:Invoking command in '/home/leejeongmin/Desktop/pjt_ws/src/turtlebot': PYTHONPATH=/home/leejeongmin/Desktop/pjt_ws/build/turtlebot/prefix_override:/usr/lib/python3/dist-packages/colcon_core/task/python/colcon_distutils_commands:/home/leejeongmin/Desktop/pjt_ws/install/turtlebot/lib/python3.10/site-packages:${PYTHONPATH} /usr/bin/python3 -W ignore:setup.py install is deprecated setup.py egg_info --egg-base ../../build/turtlebot build --build-base /home/leejeongmin/Desktop/pjt_ws/build/turtlebot/build install --record /home/leejeongmin/Desktop/pjt_ws/build/turtlebot/install.log --single-version-externally-managed install_data
[6.401s] Level 1:colcon.colcon_core.environment:checking '/home/leejeongmin/Desktop/pjt_ws/install/ros_study_msgs' for CMake module files
[6.423s] Level 1:colcon.colcon_core.environment:checking '/home/leejeongmin/Desktop/pjt_ws/install/ros_study_msgs' for CMake config files
[6.444s] DEBUG:colcon.colcon_core.event_handler.log_command:Invoked command in '/home/leejeongmin/Desktop/pjt_ws/build/ros_study_msgs' returned '0': CMAKE_PREFIX_PATH=${CMAKE_PREFIX_PATH}:/home/leejeongmin/Desktop/pjt_ws/install/turtlebot:/home/leejeongmin/turtlebot3_ws/install/turtlebot3_teleop:/home/leejeongmin/turtlebot3_ws/install/turtlebot3_example:/opt/ros/humble /usr/bin/cmake --install /home/leejeongmin/Desktop/pjt_ws/build/ros_study_msgs
[6.446s] Level 1:colcon.colcon_core.shell:create_environment_hook('ros_study_msgs', 'cmake_prefix_path')
[6.448s] INFO:colcon.colcon_core.shell:Creating environment hook '/home/leejeongmin/Desktop/pjt_ws/install/ros_study_msgs/share/ros_study_msgs/hook/cmake_prefix_path.ps1'
[6.452s] INFO:colcon.colcon_core.shell:Creating environment descriptor '/home/leejeongmin/Desktop/pjt_ws/install/ros_study_msgs/share/ros_study_msgs/hook/cmake_prefix_path.dsv'
[6.455s] INFO:colcon.colcon_core.shell:Creating environment hook '/home/leejeongmin/Desktop/pjt_ws/install/ros_study_msgs/share/ros_study_msgs/hook/cmake_prefix_path.sh'
[6.461s] Level 1:colcon.colcon_core.environment:checking '/home/leejeongmin/Desktop/pjt_ws/install/ros_study_msgs/lib'
[6.463s] Level 1:colcon.colcon_core.shell:create_environment_hook('ros_study_msgs', 'ld_library_path_lib')
[6.465s] INFO:colcon.colcon_core.shell:Creating environment hook '/home/leejeongmin/Desktop/pjt_ws/install/ros_study_msgs/share/ros_study_msgs/hook/ld_library_path_lib.ps1'
[6.468s] INFO:colcon.colcon_core.shell:Creating environment descriptor '/home/leejeongmin/Desktop/pjt_ws/install/ros_study_msgs/share/ros_study_msgs/hook/ld_library_path_lib.dsv'
[6.472s] INFO:colcon.colcon_core.shell:Creating environment hook '/home/leejeongmin/Desktop/pjt_ws/install/ros_study_msgs/share/ros_study_msgs/hook/ld_library_path_lib.sh'
[6.475s] Level 1:colcon.colcon_core.environment:checking '/home/leejeongmin/Desktop/pjt_ws/install/ros_study_msgs/bin'
[6.476s] Level 1:colcon.colcon_core.environment:checking '/home/leejeongmin/Desktop/pjt_ws/install/ros_study_msgs/lib/pkgconfig/ros_study_msgs.pc'
[6.478s] Level 1:colcon.colcon_core.environment:checking '/home/leejeongmin/Desktop/pjt_ws/install/ros_study_msgs/lib/python3.10/site-packages'
[6.480s] Level 1:colcon.colcon_core.environment:checking '/home/leejeongmin/Desktop/pjt_ws/install/ros_study_msgs/bin'
[6.483s] INFO:colcon.colcon_core.shell:Creating package script '/home/leejeongmin/Desktop/pjt_ws/install/ros_study_msgs/share/ros_study_msgs/package.ps1'
[6.490s] INFO:colcon.colcon_core.shell:Creating package descriptor '/home/leejeongmin/Desktop/pjt_ws/install/ros_study_msgs/share/ros_study_msgs/package.dsv'
[6.494s] INFO:colcon.colcon_core.shell:Creating package script '/home/leejeongmin/Desktop/pjt_ws/install/ros_study_msgs/share/ros_study_msgs/package.sh'
[6.500s] INFO:colcon.colcon_core.shell:Creating package script '/home/leejeongmin/Desktop/pjt_ws/install/ros_study_msgs/share/ros_study_msgs/package.bash'
[6.506s] INFO:colcon.colcon_core.shell:Creating package script '/home/leejeongmin/Desktop/pjt_ws/install/ros_study_msgs/share/ros_study_msgs/package.zsh'
[6.512s] Level 1:colcon.colcon_core.environment:create_file_with_runtime_dependencies(/home/leejeongmin/Desktop/pjt_ws/install/ros_study_msgs/share/colcon-core/packages/ros_study_msgs)
[7.586s] Level 1:colcon.colcon_core.environment:create_environment_scripts_only(ros_study_msgs)
[7.588s] Level 1:colcon.colcon_core.environment:checking '/home/leejeongmin/Desktop/pjt_ws/install/ros_study_msgs' for CMake module files
[7.593s] Level 1:colcon.colcon_core.environment:checking '/home/leejeongmin/Desktop/pjt_ws/install/ros_study_msgs' for CMake config files
[7.599s] Level 1:colcon.colcon_core.shell:create_environment_hook('ros_study_msgs', 'cmake_prefix_path')
[7.601s] INFO:colcon.colcon_core.shell:Creating environment hook '/home/leejeongmin/Desktop/pjt_ws/install/ros_study_msgs/share/ros_study_msgs/hook/cmake_prefix_path.ps1'
[7.604s] INFO:colcon.colcon_core.shell:Creating environment descriptor '/home/leejeongmin/Desktop/pjt_ws/install/ros_study_msgs/share/ros_study_msgs/hook/cmake_prefix_path.dsv'
[7.606s] INFO:colcon.colcon_core.shell:Creating environment hook '/home/leejeongmin/Desktop/pjt_ws/install/ros_study_msgs/share/ros_study_msgs/hook/cmake_prefix_path.sh'
[7.609s] Level 1:colcon.colcon_core.environment:checking '/home/leejeongmin/Desktop/pjt_ws/install/ros_study_msgs/lib'
[7.610s] Level 1:colcon.colcon_core.shell:create_environment_hook('ros_study_msgs', 'ld_library_path_lib')
[7.611s] INFO:colcon.colcon_core.shell:Creating environment hook '/home/leejeongmin/Desktop/pjt_ws/install/ros_study_msgs/share/ros_study_msgs/hook/ld_library_path_lib.ps1'
[7.613s] INFO:colcon.colcon_core.shell:Creating environment descriptor '/home/leejeongmin/Desktop/pjt_ws/install/ros_study_msgs/share/ros_study_msgs/hook/ld_library_path_lib.dsv'
[7.614s] INFO:colcon.colcon_core.shell:Creating environment hook '/home/leejeongmin/Desktop/pjt_ws/install/ros_study_msgs/share/ros_study_msgs/hook/ld_library_path_lib.sh'
[7.616s] Level 1:colcon.colcon_core.environment:checking '/home/leejeongmin/Desktop/pjt_ws/install/ros_study_msgs/bin'
[7.617s] Level 1:colcon.colcon_core.environment:checking '/home/leejeongmin/Desktop/pjt_ws/install/ros_study_msgs/lib/pkgconfig/ros_study_msgs.pc'
[7.618s] Level 1:colcon.colcon_core.environment:checking '/home/leejeongmin/Desktop/pjt_ws/install/ros_study_msgs/lib/python3.10/site-packages'
[7.619s] Level 1:colcon.colcon_core.environment:checking '/home/leejeongmin/Desktop/pjt_ws/install/ros_study_msgs/bin'
[7.621s] INFO:colcon.colcon_core.shell:Creating package script '/home/leejeongmin/Desktop/pjt_ws/install/ros_study_msgs/share/ros_study_msgs/package.ps1'
[7.624s] INFO:colcon.colcon_core.shell:Creating package descriptor '/home/leejeongmin/Desktop/pjt_ws/install/ros_study_msgs/share/ros_study_msgs/package.dsv'
[7.626s] INFO:colcon.colcon_core.shell:Creating package script '/home/leejeongmin/Desktop/pjt_ws/install/ros_study_msgs/share/ros_study_msgs/package.sh'
[7.629s] INFO:colcon.colcon_core.shell:Creating package script '/home/leejeongmin/Desktop/pjt_ws/install/ros_study_msgs/share/ros_study_msgs/package.bash'
[7.632s] INFO:colcon.colcon_core.shell:Creating package script '/home/leejeongmin/Desktop/pjt_ws/install/ros_study_msgs/share/ros_study_msgs/package.zsh'
[7.635s] Level 1:colcon.colcon_core.environment:create_file_with_runtime_dependencies(/home/leejeongmin/Desktop/pjt_ws/install/ros_study_msgs/share/colcon-core/packages/ros_study_msgs)
[8.361s] Level 1:colcon.colcon_core.environment:checking '/home/leejeongmin/Desktop/pjt_ws/install/turtlebot' for CMake module files
[8.365s] DEBUG:colcon.colcon_core.event_handler.log_command:Invoked command in '/home/leejeongmin/Desktop/pjt_ws/src/turtlebot' returned '0': PYTHONPATH=/home/leejeongmin/Desktop/pjt_ws/build/turtlebot/prefix_override:/usr/lib/python3/dist-packages/colcon_core/task/python/colcon_distutils_commands:/home/leejeongmin/Desktop/pjt_ws/install/turtlebot/lib/python3.10/site-packages:${PYTHONPATH} /usr/bin/python3 -W ignore:setup.py install is deprecated setup.py egg_info --egg-base ../../build/turtlebot build --build-base /home/leejeongmin/Desktop/pjt_ws/build/turtlebot/build install --record /home/leejeongmin/Desktop/pjt_ws/build/turtlebot/install.log --single-version-externally-managed install_data
[8.368s] Level 1:colcon.colcon_core.environment:checking '/home/leejeongmin/Desktop/pjt_ws/install/turtlebot' for CMake config files
[8.372s] Level 1:colcon.colcon_core.environment:checking '/home/leejeongmin/Desktop/pjt_ws/install/turtlebot/lib'
[8.373s] Level 1:colcon.colcon_core.environment:checking '/home/leejeongmin/Desktop/pjt_ws/install/turtlebot/bin'
[8.373s] Level 1:colcon.colcon_core.environment:checking '/home/leejeongmin/Desktop/pjt_ws/install/turtlebot/lib/pkgconfig/turtlebot.pc'
[8.375s] Level 1:colcon.colcon_core.environment:checking '/home/leejeongmin/Desktop/pjt_ws/install/turtlebot/lib/python3.10/site-packages'
[8.375s] Level 1:colcon.colcon_core.shell:create_environment_hook('turtlebot', 'pythonpath')
[8.376s] INFO:colcon.colcon_core.shell:Creating environment hook '/home/leejeongmin/Desktop/pjt_ws/install/turtlebot/share/turtlebot/hook/pythonpath.ps1'
[8.379s] INFO:colcon.colcon_core.shell:Creating environment descriptor '/home/leejeongmin/Desktop/pjt_ws/install/turtlebot/share/turtlebot/hook/pythonpath.dsv'
[8.381s] INFO:colcon.colcon_core.shell:Creating environment hook '/home/leejeongmin/Desktop/pjt_ws/install/turtlebot/share/turtlebot/hook/pythonpath.sh'
[8.384s] Level 1:colcon.colcon_core.environment:checking '/home/leejeongmin/Desktop/pjt_ws/install/turtlebot/bin'
[8.385s] Level 1:colcon.colcon_core.environment:create_environment_scripts_only(turtlebot)
[8.387s] INFO:colcon.colcon_core.shell:Creating package script '/home/leejeongmin/Desktop/pjt_ws/install/turtlebot/share/turtlebot/package.ps1'
[8.389s] INFO:colcon.colcon_core.shell:Creating package descriptor '/home/leejeongmin/Desktop/pjt_ws/install/turtlebot/share/turtlebot/package.dsv'
[8.392s] INFO:colcon.colcon_core.shell:Creating package script '/home/leejeongmin/Desktop/pjt_ws/install/turtlebot/share/turtlebot/package.sh'
[8.394s] INFO:colcon.colcon_core.shell:Creating package script '/home/leejeongmin/Desktop/pjt_ws/install/turtlebot/share/turtlebot/package.bash'
[8.396s] INFO:colcon.colcon_core.shell:Creating package script '/home/leejeongmin/Desktop/pjt_ws/install/turtlebot/share/turtlebot/package.zsh'
[8.397s] Level 1:colcon.colcon_core.environment:create_file_with_runtime_dependencies(/home/leejeongmin/Desktop/pjt_ws/install/turtlebot/share/colcon-core/packages/turtlebot)
[8.399s] DEBUG:colcon.colcon_parallel_executor.executor.parallel:closing loop
[8.400s] DEBUG:colcon.colcon_parallel_executor.executor.parallel:loop closed
[8.401s] DEBUG:colcon.colcon_parallel_executor.executor.parallel:run_until_complete finished with '0'
[8.401s] DEBUG:colcon.colcon_core.event_reactor:joining thread
[8.438s] INFO:colcon.colcon_core.plugin_system:Skipping extension 'colcon_notification.desktop_notification.terminal_notifier': Not used on non-Darwin systems
[8.439s] INFO:colcon.colcon_core.plugin_system:Skipping extension 'colcon_notification.desktop_notification.win32': Not used on non-Windows systems
[8.439s] INFO:colcon.colcon_notification.desktop_notification:Sending desktop notification using 'notify2'
[8.528s] DEBUG:colcon.colcon_core.event_reactor:joined thread
[8.531s] INFO:colcon.colcon_core.shell:Creating prefix script '/home/leejeongmin/Desktop/pjt_ws/install/local_setup.ps1'
[8.538s] INFO:colcon.colcon_core.shell:Creating prefix util module '/home/leejeongmin/Desktop/pjt_ws/install/_local_setup_util_ps1.py'
[8.548s] INFO:colcon.colcon_core.shell:Creating prefix chain script '/home/leejeongmin/Desktop/pjt_ws/install/setup.ps1'
[8.561s] INFO:colcon.colcon_core.shell:Creating prefix script '/home/leejeongmin/Desktop/pjt_ws/install/local_setup.sh'
[8.565s] INFO:colcon.colcon_core.shell:Creating prefix util module '/home/leejeongmin/Desktop/pjt_ws/install/_local_setup_util_sh.py'
[8.570s] INFO:colcon.colcon_core.shell:Creating prefix chain script '/home/leejeongmin/Desktop/pjt_ws/install/setup.sh'
[8.583s] INFO:colcon.colcon_core.shell:Creating prefix script '/home/leejeongmin/Desktop/pjt_ws/install/local_setup.bash'
[8.588s] INFO:colcon.colcon_core.shell:Creating prefix chain script '/home/leejeongmin/Desktop/pjt_ws/install/setup.bash'
[8.601s] INFO:colcon.colcon_core.shell:Creating prefix script '/home/leejeongmin/Desktop/pjt_ws/install/local_setup.zsh'
[8.604s] INFO:colcon.colcon_core.shell:Creating prefix chain script '/home/leejeongmin/Desktop/pjt_ws/install/setup.zsh'
