[0.760s] Invoking command in '/home/leejeongmin/Desktop/pjt_ws/src/turtlebot': PYTHONPATH=/home/leejeongmin/Desktop/pjt_ws/build/turtlebot/prefix_override:/usr/lib/python3/dist-packages/colcon_core/task/python/colcon_distutils_commands:/home/leejeongmin/Desktop/pjt_ws/install/turtlebot/lib/python3.10/site-packages:${PYTHONPATH} /usr/bin/python3 -W ignore:setup.py install is deprecated setup.py egg_info --egg-base ../../build/turtlebot build --build-base /home/leejeongmin/Desktop/pjt_ws/build/turtlebot/build install --record /home/leejeongmin/Desktop/pjt_ws/build/turtlebot/install.log --single-version-externally-managed install_data
[1.176s] running egg_info
[1.176s] writing ../../build/turtlebot/turtlebot.egg-info/PKG-INFO
[1.177s] writing dependency_links to ../../build/turtlebot/turtlebot.egg-info/dependency_links.txt
[1.177s] writing entry points to ../../build/turtlebot/turtlebot.egg-info/entry_points.txt
[1.177s] writing requirements to ../../build/turtlebot/turtlebot.egg-info/requires.txt
[1.177s] writing top-level names to ../../build/turtlebot/turtlebot.egg-info/top_level.txt
[1.178s] reading manifest file '../../build/turtlebot/turtlebot.egg-info/SOURCES.txt'
[1.179s] writing manifest file '../../build/turtlebot/turtlebot.egg-info/SOURCES.txt'
[1.179s] running build
[1.179s] running build_py
[1.179s] copying turtlebot/Kitchen_server.py -> /home/leejeongmin/Desktop/pjt_ws/build/turtlebot/build/lib/turtlebot
[1.179s] running install
[1.180s] running install_lib
[1.180s] copying /home/leejeongmin/Desktop/pjt_ws/build/turtlebot/build/lib/turtlebot/Kitchen_server.py -> /home/leejeongmin/Desktop/pjt_ws/install/turtlebot/lib/python3.10/site-packages/turtlebot
[1.180s] byte-compiling /home/leejeongmin/Desktop/pjt_ws/install/turtlebot/lib/python3.10/site-packages/turtlebot/Kitchen_server.py to Kitchen_server.cpython-310.pyc
[1.183s] running install_data
[1.183s] running install_egg_info
[1.184s] removing '/home/leejeongmin/Desktop/pjt_ws/install/turtlebot/lib/python3.10/site-packages/turtlebot-0.0.0-py3.10.egg-info' (and everything under it)
[1.185s] Copying ../../build/turtlebot/turtlebot.egg-info to /home/leejeongmin/Desktop/pjt_ws/install/turtlebot/lib/python3.10/site-packages/turtlebot-0.0.0-py3.10.egg-info
[1.185s] running install_scripts
[1.198s] Installing pub_topic script to /home/leejeongmin/Desktop/pjt_ws/install/turtlebot/lib/turtlebot
[1.198s] Installing send_goal script to /home/leejeongmin/Desktop/pjt_ws/install/turtlebot/lib/turtlebot
[1.199s] Installing sub_topic script to /home/leejeongmin/Desktop/pjt_ws/install/turtlebot/lib/turtlebot
[1.199s] Installing turtlebot_test script to /home/leejeongmin/Desktop/pjt_ws/install/turtlebot/lib/turtlebot
[1.199s] Installing turtlebot_test1 script to /home/leejeongmin/Desktop/pjt_ws/install/turtlebot/lib/turtlebot
[1.199s] writing list of installed files to '/home/leejeongmin/Desktop/pjt_ws/build/turtlebot/install.log'
[1.217s] Invoked command in '/home/leejeongmin/Desktop/pjt_ws/src/turtlebot' returned '0': PYTHONPATH=/home/leejeongmin/Desktop/pjt_ws/build/turtlebot/prefix_override:/usr/lib/python3/dist-packages/colcon_core/task/python/colcon_distutils_commands:/home/leejeongmin/Desktop/pjt_ws/install/turtlebot/lib/python3.10/site-packages:${PYTHONPATH} /usr/bin/python3 -W ignore:setup.py install is deprecated setup.py egg_info --egg-base ../../build/turtlebot build --build-base /home/leejeongmin/Desktop/pjt_ws/build/turtlebot/build install --record /home/leejeongmin/Desktop/pjt_ws/build/turtlebot/install.log --single-version-externally-managed install_data
