[0.418s] Invoking command in '/home/leejeongmin/Desktop/pjt_ws/src/turtlebot': PYTHONPATH=/home/leejeongmin/Desktop/pjt_ws/build/turtlebot/prefix_override:/usr/lib/python3/dist-packages/colcon_core/task/python/colcon_distutils_commands:/home/leejeongmin/Desktop/pjt_ws/install/turtlebot/lib/python3.10/site-packages:${PYTHONPATH} /usr/bin/python3 -W ignore:setup.py install is deprecated setup.py egg_info --egg-base ../../build/turtlebot build --build-base /home/leejeongmin/Desktop/pjt_ws/build/turtlebot/build install --record /home/leejeongmin/Desktop/pjt_ws/build/turtlebot/install.log --single-version-externally-managed install_data
[0.598s] running egg_info
[0.598s] writing ../../build/turtlebot/turtlebot.egg-info/PKG-INFO
[0.598s] writing dependency_links to ../../build/turtlebot/turtlebot.egg-info/dependency_links.txt
[0.599s] writing entry points to ../../build/turtlebot/turtlebot.egg-info/entry_points.txt
[0.599s] writing requirements to ../../build/turtlebot/turtlebot.egg-info/requires.txt
[0.599s] writing top-level names to ../../build/turtlebot/turtlebot.egg-info/top_level.txt
[0.601s] reading manifest file '../../build/turtlebot/turtlebot.egg-info/SOURCES.txt'
[0.602s] writing manifest file '../../build/turtlebot/turtlebot.egg-info/SOURCES.txt'
[0.602s] running build
[0.602s] running build_py
[0.603s] running install
[0.603s] running install_lib
[0.605s] running install_data
[0.605s] running install_egg_info
[0.607s] removing '/home/leejeongmin/Desktop/pjt_ws/install/turtlebot/lib/python3.10/site-packages/turtlebot-0.0.0-py3.10.egg-info' (and everything under it)
[0.608s] Copying ../../build/turtlebot/turtlebot.egg-info to /home/leejeongmin/Desktop/pjt_ws/install/turtlebot/lib/python3.10/site-packages/turtlebot-0.0.0-py3.10.egg-info
[0.609s] running install_scripts
[0.632s] Installing pub_topic script to /home/leejeongmin/Desktop/pjt_ws/install/turtlebot/lib/turtlebot
[0.632s] Installing send_goal script to /home/leejeongmin/Desktop/pjt_ws/install/turtlebot/lib/turtlebot
[0.632s] Installing sub_topic script to /home/leejeongmin/Desktop/pjt_ws/install/turtlebot/lib/turtlebot
[0.632s] Installing turtlebot_test script to /home/leejeongmin/Desktop/pjt_ws/install/turtlebot/lib/turtlebot
[0.633s] Installing turtlebot_test1 script to /home/leejeongmin/Desktop/pjt_ws/install/turtlebot/lib/turtlebot
[0.633s] writing list of installed files to '/home/leejeongmin/Desktop/pjt_ws/build/turtlebot/install.log'
[0.659s] Invoked command in '/home/leejeongmin/Desktop/pjt_ws/src/turtlebot' returned '0': PYTHONPATH=/home/leejeongmin/Desktop/pjt_ws/build/turtlebot/prefix_override:/usr/lib/python3/dist-packages/colcon_core/task/python/colcon_distutils_commands:/home/leejeongmin/Desktop/pjt_ws/install/turtlebot/lib/python3.10/site-packages:${PYTHONPATH} /usr/bin/python3 -W ignore:setup.py install is deprecated setup.py egg_info --egg-base ../../build/turtlebot build --build-base /home/leejeongmin/Desktop/pjt_ws/build/turtlebot/build install --record /home/leejeongmin/Desktop/pjt_ws/build/turtlebot/install.log --single-version-externally-managed install_data
