[0.133s] Invoking command in '/home/leejeongmin/Desktop/pjt_ws/build/ros_study_msgs': CMAKE_PREFIX_PATH=${CMAKE_PREFIX_PATH}:/home/leejeongmin/Desktop/pjt_ws/install/turtlebot:/home/leejeongmin/turtlebot3_ws/install/turtlebot3_teleop:/home/leejeongmin/turtlebot3_ws/install/turtlebot3_example:/opt/ros/humble /usr/bin/cmake --build /home/leejeongmin/Desktop/pjt_ws/build/ros_study_msgs -- -j12 -l12
[0.606s] [  1%] Built target ros_study_msgs__cpp
[0.636s] [ 12%] Built target ros_study_msgs__rosidl_generator_c
[0.702s] [ 12%] Built target ament_cmake_python_copy_ros_study_msgs
[0.835s] [ 26%] Built target ros_study_msgs__rosidl_typesupport_c
[0.839s] [ 35%] Built target ros_study_msgs__rosidl_typesupport_introspection_c
[0.842s] [ 47%] Built target ros_study_msgs__rosidl_typesupport_fastrtps_cpp
[0.844s] [ 57%] Built target ros_study_msgs__rosidl_typesupport_cpp
[0.848s] [ 69%] Built target ros_study_msgs__rosidl_typesupport_introspection_cpp
[0.853s] [ 80%] Built target ros_study_msgs__rosidl_typesupport_fastrtps_c
[0.977s] [ 80%] Built target ros_study_msgs
[1.129s] [ 81%] Built target ros_study_msgs__py
[1.328s] [ 91%] Built target ros_study_msgs__rosidl_generator_py
[1.485s] [ 94%] Built target ros_study_msgs__rosidl_typesupport_fastrtps_c__pyext
[1.506s] [100%] Built target ros_study_msgs__rosidl_typesupport_introspection_c__pyext
[1.507s] [100%] Built target ros_study_msgs__rosidl_typesupport_c__pyext
[3.099s] running egg_info
[3.105s] writing ros_study_msgs.egg-info/PKG-INFO
[3.106s] writing dependency_links to ros_study_msgs.egg-info/dependency_links.txt
[3.107s] writing top-level names to ros_study_msgs.egg-info/top_level.txt
[3.129s] reading manifest file 'ros_study_msgs.egg-info/SOURCES.txt'
[3.133s] writing manifest file 'ros_study_msgs.egg-info/SOURCES.txt'
[3.309s] [100%] Built target ament_cmake_python_build_ros_study_msgs_egg
[3.389s] Invoked command in '/home/leejeongmin/Desktop/pjt_ws/build/ros_study_msgs' returned '0': CMAKE_PREFIX_PATH=${CMAKE_PREFIX_PATH}:/home/leejeongmin/Desktop/pjt_ws/install/turtlebot:/home/leejeongmin/turtlebot3_ws/install/turtlebot3_teleop:/home/leejeongmin/turtlebot3_ws/install/turtlebot3_example:/opt/ros/humble /usr/bin/cmake --build /home/leejeongmin/Desktop/pjt_ws/build/ros_study_msgs -- -j12 -l12
[4.554s] Invoking command in '/home/leejeongmin/Desktop/pjt_ws/build/ros_study_msgs': CMAKE_PREFIX_PATH=${CMAKE_PREFIX_PATH}:/home/leejeongmin/Desktop/pjt_ws/install/turtlebot:/home/leejeongmin/turtlebot3_ws/install/turtlebot3_teleop:/home/leejeongmin/turtlebot3_ws/install/turtlebot3_example:/opt/ros/humble /usr/bin/cmake --install /home/leejeongmin/Desktop/pjt_ws/build/ros_study_msgs
[4.618s] -- Install configuration: ""
[4.619s] -- Up-to-date: /home/leejeongmin/Desktop/pjt_ws/install/ros_study_msgs/share/ament_index/resource_index/rosidl_interfaces/ros_study_msgs
[4.622s] -- Up-to-date: /home/leejeongmin/Desktop/pjt_ws/install/ros_study_msgs/include/ros_study_msgs/ros_study_msgs
[4.622s] -- Up-to-date: /home/leejeongmin/Desktop/pjt_ws/install/ros_study_msgs/include/ros_study_msgs/ros_study_msgs/action
[4.623s] -- Up-to-date: /home/leejeongmin/Desktop/pjt_ws/install/ros_study_msgs/include/ros_study_msgs/ros_study_msgs/action/detail
[4.624s] -- Up-to-date: /home/leejeongmin/Desktop/pjt_ws/install/ros_study_msgs/include/ros_study_msgs/ros_study_msgs/action/detail/arithmetic_checker__type_support.h
[4.626s] -- Up-to-date: /home/leejeongmin/Desktop/pjt_ws/install/ros_study_msgs/include/ros_study_msgs/ros_study_msgs/action/detail/my_action__type_support.h
[4.627s] -- Up-to-date: /home/leejeongmin/Desktop/pjt_ws/install/ros_study_msgs/include/ros_study_msgs/ros_study_msgs/action/detail/arithmetic_checker__struct.h
[4.628s] -- Up-to-date: /home/leejeongmin/Desktop/pjt_ws/install/ros_study_msgs/include/ros_study_msgs/ros_study_msgs/action/detail/arithmetic_checker__functions.h
[4.630s] -- Up-to-date: /home/leejeongmin/Desktop/pjt_ws/install/ros_study_msgs/include/ros_study_msgs/ros_study_msgs/action/detail/my_action__functions.h
[4.631s] -- Up-to-date: /home/leejeongmin/Desktop/pjt_ws/install/ros_study_msgs/include/ros_study_msgs/ros_study_msgs/action/detail/arithmetic_checker__functions.c
[4.632s] -- Up-to-date: /home/leejeongmin/Desktop/pjt_ws/install/ros_study_msgs/include/ros_study_msgs/ros_study_msgs/action/detail/my_action__functions.c
[4.634s] -- Up-to-date: /home/leejeongmin/Desktop/pjt_ws/install/ros_study_msgs/include/ros_study_msgs/ros_study_msgs/action/detail/my_action__struct.h
[4.635s] -- Up-to-date: /home/leejeongmin/Desktop/pjt_ws/install/ros_study_msgs/include/ros_study_msgs/ros_study_msgs/action/arithmetic_checker.h
[4.635s] -- Up-to-date: /home/leejeongmin/Desktop/pjt_ws/install/ros_study_msgs/include/ros_study_msgs/ros_study_msgs/action/my_action.h
[4.637s] -- Up-to-date: /home/leejeongmin/Desktop/pjt_ws/install/ros_study_msgs/include/ros_study_msgs/ros_study_msgs/msg
[4.638s] -- Up-to-date: /home/leejeongmin/Desktop/pjt_ws/install/ros_study_msgs/include/ros_study_msgs/ros_study_msgs/msg/arithmetic_argument.h
[4.640s] -- Up-to-date: /home/leejeongmin/Desktop/pjt_ws/install/ros_study_msgs/include/ros_study_msgs/ros_study_msgs/msg/rosidl_generator_c__visibility_control.h
[4.642s] -- Up-to-date: /home/leejeongmin/Desktop/pjt_ws/install/ros_study_msgs/include/ros_study_msgs/ros_study_msgs/msg/detail
[4.643s] -- Up-to-date: /home/leejeongmin/Desktop/pjt_ws/install/ros_study_msgs/include/ros_study_msgs/ros_study_msgs/msg/detail/arithmetic_argument__struct.h
[4.643s] -- Up-to-date: /home/leejeongmin/Desktop/pjt_ws/install/ros_study_msgs/include/ros_study_msgs/ros_study_msgs/msg/detail/arithmetic_argument__type_support.h
[4.646s] -- Up-to-date: /home/leejeongmin/Desktop/pjt_ws/install/ros_study_msgs/include/ros_study_msgs/ros_study_msgs/msg/detail/arithmetic_argument__functions.c
[4.647s] -- Up-to-date: /home/leejeongmin/Desktop/pjt_ws/install/ros_study_msgs/include/ros_study_msgs/ros_study_msgs/msg/detail/my_msg__functions.c
[4.648s] -- Up-to-date: /home/leejeongmin/Desktop/pjt_ws/install/ros_study_msgs/include/ros_study_msgs/ros_study_msgs/msg/detail/my_msg__functions.h
[4.649s] -- Up-to-date: /home/leejeongmin/Desktop/pjt_ws/install/ros_study_msgs/include/ros_study_msgs/ros_study_msgs/msg/detail/my_msg__struct.h
[4.651s] -- Up-to-date: /home/leejeongmin/Desktop/pjt_ws/install/ros_study_msgs/include/ros_study_msgs/ros_study_msgs/msg/detail/my_msg__type_support.h
[4.653s] -- Up-to-date: /home/leejeongmin/Desktop/pjt_ws/install/ros_study_msgs/include/ros_study_msgs/ros_study_msgs/msg/detail/arithmetic_argument__functions.h
[4.654s] -- Up-to-date: /home/leejeongmin/Desktop/pjt_ws/install/ros_study_msgs/include/ros_study_msgs/ros_study_msgs/msg/my_msg.h
[4.655s] -- Up-to-date: /home/leejeongmin/Desktop/pjt_ws/install/ros_study_msgs/include/ros_study_msgs/ros_study_msgs/srv
[4.657s] -- Up-to-date: /home/leejeongmin/Desktop/pjt_ws/install/ros_study_msgs/include/ros_study_msgs/ros_study_msgs/srv/my_srv.h
[4.659s] -- Up-to-date: /home/leejeongmin/Desktop/pjt_ws/install/ros_study_msgs/include/ros_study_msgs/ros_study_msgs/srv/arithmetic_operator.h
[4.660s] -- Up-to-date: /home/leejeongmin/Desktop/pjt_ws/install/ros_study_msgs/include/ros_study_msgs/ros_study_msgs/srv/detail
[4.662s] -- Up-to-date: /home/leejeongmin/Desktop/pjt_ws/install/ros_study_msgs/include/ros_study_msgs/ros_study_msgs/srv/detail/arithmetic_operator__functions.h
[4.664s] -- Up-to-date: /home/leejeongmin/Desktop/pjt_ws/install/ros_study_msgs/include/ros_study_msgs/ros_study_msgs/srv/detail/my_srv__functions.h
[4.665s] -- Up-to-date: /home/leejeongmin/Desktop/pjt_ws/install/ros_study_msgs/include/ros_study_msgs/ros_study_msgs/srv/detail/my_srv__type_support.h
[4.666s] -- Up-to-date: /home/leejeongmin/Desktop/pjt_ws/install/ros_study_msgs/include/ros_study_msgs/ros_study_msgs/srv/detail/arithmetic_operator__struct.h
[4.667s] -- Up-to-date: /home/leejeongmin/Desktop/pjt_ws/install/ros_study_msgs/include/ros_study_msgs/ros_study_msgs/srv/detail/my_srv__struct.h
[4.667s] -- Up-to-date: /home/leejeongmin/Desktop/pjt_ws/install/ros_study_msgs/include/ros_study_msgs/ros_study_msgs/srv/detail/arithmetic_operator__functions.c
[4.669s] -- Up-to-date: /home/leejeongmin/Desktop/pjt_ws/install/ros_study_msgs/include/ros_study_msgs/ros_study_msgs/srv/detail/my_srv__functions.c
[4.670s] -- Up-to-date: /home/leejeongmin/Desktop/pjt_ws/install/ros_study_msgs/include/ros_study_msgs/ros_study_msgs/srv/detail/arithmetic_operator__type_support.h
[4.670s] -- Up-to-date: /home/leejeongmin/Desktop/pjt_ws/install/ros_study_msgs/share/ros_study_msgs/environment/library_path.sh
[4.672s] -- Up-to-date: /home/leejeongmin/Desktop/pjt_ws/install/ros_study_msgs/share/ros_study_msgs/environment/library_path.dsv
[4.674s] -- Up-to-date: /home/leejeongmin/Desktop/pjt_ws/install/ros_study_msgs/lib/libros_study_msgs__rosidl_generator_c.so
[4.676s] -- Up-to-date: /home/leejeongmin/Desktop/pjt_ws/install/ros_study_msgs/include/ros_study_msgs/ros_study_msgs
[4.677s] -- Up-to-date: /home/leejeongmin/Desktop/pjt_ws/install/ros_study_msgs/include/ros_study_msgs/ros_study_msgs/action
[4.679s] -- Up-to-date: /home/leejeongmin/Desktop/pjt_ws/install/ros_study_msgs/include/ros_study_msgs/ros_study_msgs/action/detail
[4.679s] -- Up-to-date: /home/leejeongmin/Desktop/pjt_ws/install/ros_study_msgs/include/ros_study_msgs/ros_study_msgs/action/detail/my_action__rosidl_typesupport_fastrtps_c.h
[4.681s] -- Up-to-date: /home/leejeongmin/Desktop/pjt_ws/install/ros_study_msgs/include/ros_study_msgs/ros_study_msgs/action/detail/arithmetic_checker__rosidl_typesupport_fastrtps_c.h
[4.682s] -- Up-to-date: /home/leejeongmin/Desktop/pjt_ws/install/ros_study_msgs/include/ros_study_msgs/ros_study_msgs/msg
[4.683s] -- Up-to-date: /home/leejeongmin/Desktop/pjt_ws/install/ros_study_msgs/include/ros_study_msgs/ros_study_msgs/msg/rosidl_typesupport_fastrtps_c__visibility_control.h
[4.684s] -- Up-to-date: /home/leejeongmin/Desktop/pjt_ws/install/ros_study_msgs/include/ros_study_msgs/ros_study_msgs/msg/detail
[4.686s] -- Up-to-date: /home/leejeongmin/Desktop/pjt_ws/install/ros_study_msgs/include/ros_study_msgs/ros_study_msgs/msg/detail/arithmetic_argument__rosidl_typesupport_fastrtps_c.h
[4.687s] -- Up-to-date: /home/leejeongmin/Desktop/pjt_ws/install/ros_study_msgs/include/ros_study_msgs/ros_study_msgs/msg/detail/my_msg__rosidl_typesupport_fastrtps_c.h
[4.687s] -- Up-to-date: /home/leejeongmin/Desktop/pjt_ws/install/ros_study_msgs/include/ros_study_msgs/ros_study_msgs/srv
[4.688s] -- Up-to-date: /home/leejeongmin/Desktop/pjt_ws/install/ros_study_msgs/include/ros_study_msgs/ros_study_msgs/srv/detail
[4.688s] -- Up-to-date: /home/leejeongmin/Desktop/pjt_ws/install/ros_study_msgs/include/ros_study_msgs/ros_study_msgs/srv/detail/arithmetic_operator__rosidl_typesupport_fastrtps_c.h
[4.688s] -- Up-to-date: /home/leejeongmin/Desktop/pjt_ws/install/ros_study_msgs/include/ros_study_msgs/ros_study_msgs/srv/detail/my_srv__rosidl_typesupport_fastrtps_c.h
[4.689s] -- Up-to-date: /home/leejeongmin/Desktop/pjt_ws/install/ros_study_msgs/lib/libros_study_msgs__rosidl_typesupport_fastrtps_c.so
[4.689s] -- Up-to-date: /home/leejeongmin/Desktop/pjt_ws/install/ros_study_msgs/include/ros_study_msgs/ros_study_msgs
[4.689s] -- Up-to-date: /home/leejeongmin/Desktop/pjt_ws/install/ros_study_msgs/include/ros_study_msgs/ros_study_msgs/action
[4.690s] -- Up-to-date: /home/leejeongmin/Desktop/pjt_ws/install/ros_study_msgs/include/ros_study_msgs/ros_study_msgs/action/my_action.hpp
[4.690s] -- Up-to-date: /home/leejeongmin/Desktop/pjt_ws/install/ros_study_msgs/include/ros_study_msgs/ros_study_msgs/action/arithmetic_checker.hpp
[4.690s] -- Up-to-date: /home/leejeongmin/Desktop/pjt_ws/install/ros_study_msgs/include/ros_study_msgs/ros_study_msgs/action/detail
[4.691s] -- Up-to-date: /home/leejeongmin/Desktop/pjt_ws/install/ros_study_msgs/include/ros_study_msgs/ros_study_msgs/action/detail/my_action__struct.hpp
[4.691s] -- Up-to-date: /home/leejeongmin/Desktop/pjt_ws/install/ros_study_msgs/include/ros_study_msgs/ros_study_msgs/action/detail/my_action__traits.hpp
[4.691s] -- Up-to-date: /home/leejeongmin/Desktop/pjt_ws/install/ros_study_msgs/include/ros_study_msgs/ros_study_msgs/action/detail/my_action__builder.hpp
[4.692s] -- Up-to-date: /home/leejeongmin/Desktop/pjt_ws/install/ros_study_msgs/include/ros_study_msgs/ros_study_msgs/action/detail/arithmetic_checker__struct.hpp
[4.692s] -- Up-to-date: /home/leejeongmin/Desktop/pjt_ws/install/ros_study_msgs/include/ros_study_msgs/ros_study_msgs/action/detail/arithmetic_checker__builder.hpp
[4.692s] -- Up-to-date: /home/leejeongmin/Desktop/pjt_ws/install/ros_study_msgs/include/ros_study_msgs/ros_study_msgs/action/detail/arithmetic_checker__traits.hpp
[4.693s] -- Up-to-date: /home/leejeongmin/Desktop/pjt_ws/install/ros_study_msgs/include/ros_study_msgs/ros_study_msgs/msg
[4.693s] -- Up-to-date: /home/leejeongmin/Desktop/pjt_ws/install/ros_study_msgs/include/ros_study_msgs/ros_study_msgs/msg/arithmetic_argument.hpp
[4.693s] -- Up-to-date: /home/leejeongmin/Desktop/pjt_ws/install/ros_study_msgs/include/ros_study_msgs/ros_study_msgs/msg/detail
[4.694s] -- Up-to-date: /home/leejeongmin/Desktop/pjt_ws/install/ros_study_msgs/include/ros_study_msgs/ros_study_msgs/msg/detail/my_msg__builder.hpp
[4.694s] -- Up-to-date: /home/leejeongmin/Desktop/pjt_ws/install/ros_study_msgs/include/ros_study_msgs/ros_study_msgs/msg/detail/arithmetic_argument__struct.hpp
[4.694s] -- Up-to-date: /home/leejeongmin/Desktop/pjt_ws/install/ros_study_msgs/include/ros_study_msgs/ros_study_msgs/msg/detail/arithmetic_argument__builder.hpp
[4.694s] -- Up-to-date: /home/leejeongmin/Desktop/pjt_ws/install/ros_study_msgs/include/ros_study_msgs/ros_study_msgs/msg/detail/arithmetic_argument__traits.hpp
[4.695s] -- Up-to-date: /home/leejeongmin/Desktop/pjt_ws/install/ros_study_msgs/include/ros_study_msgs/ros_study_msgs/msg/detail/my_msg__struct.hpp
[4.695s] -- Up-to-date: /home/leejeongmin/Desktop/pjt_ws/install/ros_study_msgs/include/ros_study_msgs/ros_study_msgs/msg/detail/my_msg__traits.hpp
[4.696s] -- Up-to-date: /home/leejeongmin/Desktop/pjt_ws/install/ros_study_msgs/include/ros_study_msgs/ros_study_msgs/msg/my_msg.hpp
[4.696s] -- Up-to-date: /home/leejeongmin/Desktop/pjt_ws/install/ros_study_msgs/include/ros_study_msgs/ros_study_msgs/srv
[4.697s] -- Up-to-date: /home/leejeongmin/Desktop/pjt_ws/install/ros_study_msgs/include/ros_study_msgs/ros_study_msgs/srv/arithmetic_operator.hpp
[4.697s] -- Up-to-date: /home/leejeongmin/Desktop/pjt_ws/install/ros_study_msgs/include/ros_study_msgs/ros_study_msgs/srv/my_srv.hpp
[4.697s] -- Up-to-date: /home/leejeongmin/Desktop/pjt_ws/install/ros_study_msgs/include/ros_study_msgs/ros_study_msgs/srv/detail
[4.698s] -- Up-to-date: /home/leejeongmin/Desktop/pjt_ws/install/ros_study_msgs/include/ros_study_msgs/ros_study_msgs/srv/detail/arithmetic_operator__struct.hpp
[4.698s] -- Up-to-date: /home/leejeongmin/Desktop/pjt_ws/install/ros_study_msgs/include/ros_study_msgs/ros_study_msgs/srv/detail/arithmetic_operator__builder.hpp
[4.698s] -- Up-to-date: /home/leejeongmin/Desktop/pjt_ws/install/ros_study_msgs/include/ros_study_msgs/ros_study_msgs/srv/detail/my_srv__builder.hpp
[4.698s] -- Up-to-date: /home/leejeongmin/Desktop/pjt_ws/install/ros_study_msgs/include/ros_study_msgs/ros_study_msgs/srv/detail/arithmetic_operator__traits.hpp
[4.699s] -- Up-to-date: /home/leejeongmin/Desktop/pjt_ws/install/ros_study_msgs/include/ros_study_msgs/ros_study_msgs/srv/detail/my_srv__traits.hpp
[4.699s] -- Up-to-date: /home/leejeongmin/Desktop/pjt_ws/install/ros_study_msgs/include/ros_study_msgs/ros_study_msgs/srv/detail/my_srv__struct.hpp
[4.699s] -- Up-to-date: /home/leejeongmin/Desktop/pjt_ws/install/ros_study_msgs/include/ros_study_msgs/ros_study_msgs
[4.700s] -- Up-to-date: /home/leejeongmin/Desktop/pjt_ws/install/ros_study_msgs/include/ros_study_msgs/ros_study_msgs/action
[4.700s] -- Up-to-date: /home/leejeongmin/Desktop/pjt_ws/install/ros_study_msgs/include/ros_study_msgs/ros_study_msgs/action/detail
[4.700s] -- Up-to-date: /home/leejeongmin/Desktop/pjt_ws/install/ros_study_msgs/include/ros_study_msgs/ros_study_msgs/action/detail/arithmetic_checker__rosidl_typesupport_fastrtps_cpp.hpp
[4.700s] -- Up-to-date: /home/leejeongmin/Desktop/pjt_ws/install/ros_study_msgs/include/ros_study_msgs/ros_study_msgs/action/detail/dds_fastrtps
[4.701s] -- Up-to-date: /home/leejeongmin/Desktop/pjt_ws/install/ros_study_msgs/include/ros_study_msgs/ros_study_msgs/action/detail/my_action__rosidl_typesupport_fastrtps_cpp.hpp
[4.701s] -- Up-to-date: /home/leejeongmin/Desktop/pjt_ws/install/ros_study_msgs/include/ros_study_msgs/ros_study_msgs/msg
[4.701s] -- Up-to-date: /home/leejeongmin/Desktop/pjt_ws/install/ros_study_msgs/include/ros_study_msgs/ros_study_msgs/msg/detail
[4.702s] -- Up-to-date: /home/leejeongmin/Desktop/pjt_ws/install/ros_study_msgs/include/ros_study_msgs/ros_study_msgs/msg/detail/arithmetic_argument__rosidl_typesupport_fastrtps_cpp.hpp
[4.702s] -- Up-to-date: /home/leejeongmin/Desktop/pjt_ws/install/ros_study_msgs/include/ros_study_msgs/ros_study_msgs/msg/detail/dds_fastrtps
[4.703s] -- Up-to-date: /home/leejeongmin/Desktop/pjt_ws/install/ros_study_msgs/include/ros_study_msgs/ros_study_msgs/msg/detail/my_msg__rosidl_typesupport_fastrtps_cpp.hpp
[4.703s] -- Up-to-date: /home/leejeongmin/Desktop/pjt_ws/install/ros_study_msgs/include/ros_study_msgs/ros_study_msgs/msg/rosidl_typesupport_fastrtps_cpp__visibility_control.h
[4.703s] -- Up-to-date: /home/leejeongmin/Desktop/pjt_ws/install/ros_study_msgs/include/ros_study_msgs/ros_study_msgs/srv
[4.704s] -- Up-to-date: /home/leejeongmin/Desktop/pjt_ws/install/ros_study_msgs/include/ros_study_msgs/ros_study_msgs/srv/detail
[4.704s] -- Up-to-date: /home/leejeongmin/Desktop/pjt_ws/install/ros_study_msgs/include/ros_study_msgs/ros_study_msgs/srv/detail/dds_fastrtps
[4.704s] -- Up-to-date: /home/leejeongmin/Desktop/pjt_ws/install/ros_study_msgs/include/ros_study_msgs/ros_study_msgs/srv/detail/arithmetic_operator__rosidl_typesupport_fastrtps_cpp.hpp
[4.704s] -- Up-to-date: /home/leejeongmin/Desktop/pjt_ws/install/ros_study_msgs/include/ros_study_msgs/ros_study_msgs/srv/detail/my_srv__rosidl_typesupport_fastrtps_cpp.hpp
[4.705s] -- Up-to-date: /home/leejeongmin/Desktop/pjt_ws/install/ros_study_msgs/lib/libros_study_msgs__rosidl_typesupport_fastrtps_cpp.so
[4.705s] -- Up-to-date: /home/leejeongmin/Desktop/pjt_ws/install/ros_study_msgs/include/ros_study_msgs/ros_study_msgs
[4.705s] -- Up-to-date: /home/leejeongmin/Desktop/pjt_ws/install/ros_study_msgs/include/ros_study_msgs/ros_study_msgs/action
[4.706s] -- Up-to-date: /home/leejeongmin/Desktop/pjt_ws/install/ros_study_msgs/include/ros_study_msgs/ros_study_msgs/action/detail
[4.706s] -- Up-to-date: /home/leejeongmin/Desktop/pjt_ws/install/ros_study_msgs/include/ros_study_msgs/ros_study_msgs/action/detail/my_action__type_support.c
[4.706s] -- Up-to-date: /home/leejeongmin/Desktop/pjt_ws/install/ros_study_msgs/include/ros_study_msgs/ros_study_msgs/action/detail/arithmetic_checker__rosidl_typesupport_introspection_c.h
[4.706s] -- Up-to-date: /home/leejeongmin/Desktop/pjt_ws/install/ros_study_msgs/include/ros_study_msgs/ros_study_msgs/action/detail/my_action__rosidl_typesupport_introspection_c.h
[4.707s] -- Up-to-date: /home/leejeongmin/Desktop/pjt_ws/install/ros_study_msgs/include/ros_study_msgs/ros_study_msgs/action/detail/arithmetic_checker__type_support.c
[4.707s] -- Up-to-date: /home/leejeongmin/Desktop/pjt_ws/install/ros_study_msgs/include/ros_study_msgs/ros_study_msgs/msg
[4.707s] -- Up-to-date: /home/leejeongmin/Desktop/pjt_ws/install/ros_study_msgs/include/ros_study_msgs/ros_study_msgs/msg/detail
[4.708s] -- Up-to-date: /home/leejeongmin/Desktop/pjt_ws/install/ros_study_msgs/include/ros_study_msgs/ros_study_msgs/msg/detail/my_msg__rosidl_typesupport_introspection_c.h
[4.708s] -- Up-to-date: /home/leejeongmin/Desktop/pjt_ws/install/ros_study_msgs/include/ros_study_msgs/ros_study_msgs/msg/detail/my_msg__type_support.c
[4.708s] -- Up-to-date: /home/leejeongmin/Desktop/pjt_ws/install/ros_study_msgs/include/ros_study_msgs/ros_study_msgs/msg/detail/arithmetic_argument__rosidl_typesupport_introspection_c.h
[4.708s] -- Up-to-date: /home/leejeongmin/Desktop/pjt_ws/install/ros_study_msgs/include/ros_study_msgs/ros_study_msgs/msg/detail/arithmetic_argument__type_support.c
[4.709s] -- Up-to-date: /home/leejeongmin/Desktop/pjt_ws/install/ros_study_msgs/include/ros_study_msgs/ros_study_msgs/msg/rosidl_typesupport_introspection_c__visibility_control.h
[4.709s] -- Up-to-date: /home/leejeongmin/Desktop/pjt_ws/install/ros_study_msgs/include/ros_study_msgs/ros_study_msgs/srv
[4.709s] -- Up-to-date: /home/leejeongmin/Desktop/pjt_ws/install/ros_study_msgs/include/ros_study_msgs/ros_study_msgs/srv/detail
[4.710s] -- Up-to-date: /home/leejeongmin/Desktop/pjt_ws/install/ros_study_msgs/include/ros_study_msgs/ros_study_msgs/srv/detail/my_srv__rosidl_typesupport_introspection_c.h
[4.710s] -- Up-to-date: /home/leejeongmin/Desktop/pjt_ws/install/ros_study_msgs/include/ros_study_msgs/ros_study_msgs/srv/detail/my_srv__type_support.c
[4.711s] -- Up-to-date: /home/leejeongmin/Desktop/pjt_ws/install/ros_study_msgs/include/ros_study_msgs/ros_study_msgs/srv/detail/arithmetic_operator__rosidl_typesupport_introspection_c.h
[4.711s] -- Up-to-date: /home/leejeongmin/Desktop/pjt_ws/install/ros_study_msgs/include/ros_study_msgs/ros_study_msgs/srv/detail/arithmetic_operator__type_support.c
[4.711s] -- Up-to-date: /home/leejeongmin/Desktop/pjt_ws/install/ros_study_msgs/lib/libros_study_msgs__rosidl_typesupport_introspection_c.so
[4.712s] -- Up-to-date: /home/leejeongmin/Desktop/pjt_ws/install/ros_study_msgs/lib/libros_study_msgs__rosidl_typesupport_c.so
[4.712s] -- Up-to-date: /home/leejeongmin/Desktop/pjt_ws/install/ros_study_msgs/include/ros_study_msgs/ros_study_msgs
[4.712s] -- Up-to-date: /home/leejeongmin/Desktop/pjt_ws/install/ros_study_msgs/include/ros_study_msgs/ros_study_msgs/action
[4.713s] -- Up-to-date: /home/leejeongmin/Desktop/pjt_ws/install/ros_study_msgs/include/ros_study_msgs/ros_study_msgs/action/detail
[4.713s] -- Up-to-date: /home/leejeongmin/Desktop/pjt_ws/install/ros_study_msgs/include/ros_study_msgs/ros_study_msgs/action/detail/arithmetic_checker__type_support.cpp
[4.713s] -- Up-to-date: /home/leejeongmin/Desktop/pjt_ws/install/ros_study_msgs/include/ros_study_msgs/ros_study_msgs/action/detail/my_action__rosidl_typesupport_introspection_cpp.hpp
[4.713s] -- Up-to-date: /home/leejeongmin/Desktop/pjt_ws/install/ros_study_msgs/include/ros_study_msgs/ros_study_msgs/action/detail/arithmetic_checker__rosidl_typesupport_introspection_cpp.hpp
[4.714s] -- Up-to-date: /home/leejeongmin/Desktop/pjt_ws/install/ros_study_msgs/include/ros_study_msgs/ros_study_msgs/action/detail/my_action__type_support.cpp
[4.714s] -- Up-to-date: /home/leejeongmin/Desktop/pjt_ws/install/ros_study_msgs/include/ros_study_msgs/ros_study_msgs/msg
[4.715s] -- Up-to-date: /home/leejeongmin/Desktop/pjt_ws/install/ros_study_msgs/include/ros_study_msgs/ros_study_msgs/msg/detail
[4.715s] -- Up-to-date: /home/leejeongmin/Desktop/pjt_ws/install/ros_study_msgs/include/ros_study_msgs/ros_study_msgs/msg/detail/arithmetic_argument__rosidl_typesupport_introspection_cpp.hpp
[4.716s] -- Up-to-date: /home/leejeongmin/Desktop/pjt_ws/install/ros_study_msgs/include/ros_study_msgs/ros_study_msgs/msg/detail/my_msg__rosidl_typesupport_introspection_cpp.hpp
[4.716s] -- Up-to-date: /home/leejeongmin/Desktop/pjt_ws/install/ros_study_msgs/include/ros_study_msgs/ros_study_msgs/msg/detail/my_msg__type_support.cpp
[4.716s] -- Up-to-date: /home/leejeongmin/Desktop/pjt_ws/install/ros_study_msgs/include/ros_study_msgs/ros_study_msgs/msg/detail/arithmetic_argument__type_support.cpp
[4.716s] -- Up-to-date: /home/leejeongmin/Desktop/pjt_ws/install/ros_study_msgs/include/ros_study_msgs/ros_study_msgs/srv
[4.717s] -- Up-to-date: /home/leejeongmin/Desktop/pjt_ws/install/ros_study_msgs/include/ros_study_msgs/ros_study_msgs/srv/detail
[4.717s] -- Up-to-date: /home/leejeongmin/Desktop/pjt_ws/install/ros_study_msgs/include/ros_study_msgs/ros_study_msgs/srv/detail/arithmetic_operator__type_support.cpp
[4.717s] -- Up-to-date: /home/leejeongmin/Desktop/pjt_ws/install/ros_study_msgs/include/ros_study_msgs/ros_study_msgs/srv/detail/my_srv__rosidl_typesupport_introspection_cpp.hpp
[4.718s] -- Up-to-date: /home/leejeongmin/Desktop/pjt_ws/install/ros_study_msgs/include/ros_study_msgs/ros_study_msgs/srv/detail/arithmetic_operator__rosidl_typesupport_introspection_cpp.hpp
[4.718s] -- Up-to-date: /home/leejeongmin/Desktop/pjt_ws/install/ros_study_msgs/include/ros_study_msgs/ros_study_msgs/srv/detail/my_srv__type_support.cpp
[4.718s] -- Up-to-date: /home/leejeongmin/Desktop/pjt_ws/install/ros_study_msgs/lib/libros_study_msgs__rosidl_typesupport_introspection_cpp.so
[4.719s] -- Up-to-date: /home/leejeongmin/Desktop/pjt_ws/install/ros_study_msgs/lib/libros_study_msgs__rosidl_typesupport_cpp.so
[4.719s] -- Up-to-date: /home/leejeongmin/Desktop/pjt_ws/install/ros_study_msgs/share/ros_study_msgs/environment/pythonpath.sh
[4.720s] -- Up-to-date: /home/leejeongmin/Desktop/pjt_ws/install/ros_study_msgs/share/ros_study_msgs/environment/pythonpath.dsv
[4.720s] -- Up-to-date: /home/leejeongmin/Desktop/pjt_ws/install/ros_study_msgs/local/lib/python3.10/dist-packages/ros_study_msgs-0.0.0-py3.10.egg-info
[4.720s] -- Installing: /home/leejeongmin/Desktop/pjt_ws/install/ros_study_msgs/local/lib/python3.10/dist-packages/ros_study_msgs-0.0.0-py3.10.egg-info/PKG-INFO
[4.721s] -- Installing: /home/leejeongmin/Desktop/pjt_ws/install/ros_study_msgs/local/lib/python3.10/dist-packages/ros_study_msgs-0.0.0-py3.10.egg-info/dependency_links.txt
[4.721s] -- Installing: /home/leejeongmin/Desktop/pjt_ws/install/ros_study_msgs/local/lib/python3.10/dist-packages/ros_study_msgs-0.0.0-py3.10.egg-info/top_level.txt
[4.721s] -- Installing: /home/leejeongmin/Desktop/pjt_ws/install/ros_study_msgs/local/lib/python3.10/dist-packages/ros_study_msgs-0.0.0-py3.10.egg-info/SOURCES.txt
[4.722s] -- Up-to-date: /home/leejeongmin/Desktop/pjt_ws/install/ros_study_msgs/local/lib/python3.10/dist-packages/ros_study_msgs
[4.722s] -- Up-to-date: /home/leejeongmin/Desktop/pjt_ws/install/ros_study_msgs/local/lib/python3.10/dist-packages/ros_study_msgs/action
[4.722s] -- Up-to-date: /home/leejeongmin/Desktop/pjt_ws/install/ros_study_msgs/local/lib/python3.10/dist-packages/ros_study_msgs/action/_arithmetic_checker.py
[4.722s] -- Up-to-date: /home/leejeongmin/Desktop/pjt_ws/install/ros_study_msgs/local/lib/python3.10/dist-packages/ros_study_msgs/action/_my_action.py
[4.723s] -- Up-to-date: /home/leejeongmin/Desktop/pjt_ws/install/ros_study_msgs/local/lib/python3.10/dist-packages/ros_study_msgs/action/_my_action_s.c
[4.723s] -- Up-to-date: /home/leejeongmin/Desktop/pjt_ws/install/ros_study_msgs/local/lib/python3.10/dist-packages/ros_study_msgs/action/_arithmetic_checker_s.c
[4.723s] -- Up-to-date: /home/leejeongmin/Desktop/pjt_ws/install/ros_study_msgs/local/lib/python3.10/dist-packages/ros_study_msgs/action/__init__.py
[4.724s] -- Up-to-date: /home/leejeongmin/Desktop/pjt_ws/install/ros_study_msgs/local/lib/python3.10/dist-packages/ros_study_msgs/msg
[4.724s] -- Up-to-date: /home/leejeongmin/Desktop/pjt_ws/install/ros_study_msgs/local/lib/python3.10/dist-packages/ros_study_msgs/msg/_arithmetic_argument_s.c
[4.724s] -- Up-to-date: /home/leejeongmin/Desktop/pjt_ws/install/ros_study_msgs/local/lib/python3.10/dist-packages/ros_study_msgs/msg/_arithmetic_argument.py
[4.725s] -- Up-to-date: /home/leejeongmin/Desktop/pjt_ws/install/ros_study_msgs/local/lib/python3.10/dist-packages/ros_study_msgs/msg/_my_msg.py
[4.725s] -- Up-to-date: /home/leejeongmin/Desktop/pjt_ws/install/ros_study_msgs/local/lib/python3.10/dist-packages/ros_study_msgs/msg/_my_msg_s.c
[4.725s] -- Up-to-date: /home/leejeongmin/Desktop/pjt_ws/install/ros_study_msgs/local/lib/python3.10/dist-packages/ros_study_msgs/msg/__init__.py
[4.725s] -- Up-to-date: /home/leejeongmin/Desktop/pjt_ws/install/ros_study_msgs/local/lib/python3.10/dist-packages/ros_study_msgs/srv
[4.726s] -- Up-to-date: /home/leejeongmin/Desktop/pjt_ws/install/ros_study_msgs/local/lib/python3.10/dist-packages/ros_study_msgs/srv/_arithmetic_operator_s.c
[4.726s] -- Up-to-date: /home/leejeongmin/Desktop/pjt_ws/install/ros_study_msgs/local/lib/python3.10/dist-packages/ros_study_msgs/srv/_my_srv_s.c
[4.726s] -- Up-to-date: /home/leejeongmin/Desktop/pjt_ws/install/ros_study_msgs/local/lib/python3.10/dist-packages/ros_study_msgs/srv/_my_srv.py
[4.727s] -- Up-to-date: /home/leejeongmin/Desktop/pjt_ws/install/ros_study_msgs/local/lib/python3.10/dist-packages/ros_study_msgs/srv/_arithmetic_operator.py
[4.727s] -- Up-to-date: /home/leejeongmin/Desktop/pjt_ws/install/ros_study_msgs/local/lib/python3.10/dist-packages/ros_study_msgs/srv/__init__.py
[4.727s] -- Up-to-date: /home/leejeongmin/Desktop/pjt_ws/install/ros_study_msgs/local/lib/python3.10/dist-packages/ros_study_msgs/ros_study_msgs_s__rosidl_typesupport_c.cpython-310-x86_64-linux-gnu.so
[4.727s] -- Up-to-date: /home/leejeongmin/Desktop/pjt_ws/install/ros_study_msgs/local/lib/python3.10/dist-packages/ros_study_msgs/libros_study_msgs__rosidl_generator_py.so
[4.728s] -- Up-to-date: /home/leejeongmin/Desktop/pjt_ws/install/ros_study_msgs/local/lib/python3.10/dist-packages/ros_study_msgs/_ros_study_msgs_s.ep.rosidl_typesupport_fastrtps_c.c
[4.728s] -- Up-to-date: /home/leejeongmin/Desktop/pjt_ws/install/ros_study_msgs/local/lib/python3.10/dist-packages/ros_study_msgs/ros_study_msgs_s__rosidl_typesupport_introspection_c.cpython-310-x86_64-linux-gnu.so
[4.728s] -- Up-to-date: /home/leejeongmin/Desktop/pjt_ws/install/ros_study_msgs/local/lib/python3.10/dist-packages/ros_study_msgs/_ros_study_msgs_s.ep.rosidl_typesupport_introspection_c.c
[4.728s] -- Up-to-date: /home/leejeongmin/Desktop/pjt_ws/install/ros_study_msgs/local/lib/python3.10/dist-packages/ros_study_msgs/__init__.py
[4.729s] -- Up-to-date: /home/leejeongmin/Desktop/pjt_ws/install/ros_study_msgs/local/lib/python3.10/dist-packages/ros_study_msgs/ros_study_msgs_s__rosidl_typesupport_fastrtps_c.cpython-310-x86_64-linux-gnu.so
[4.729s] -- Up-to-date: /home/leejeongmin/Desktop/pjt_ws/install/ros_study_msgs/local/lib/python3.10/dist-packages/ros_study_msgs/_ros_study_msgs_s.ep.rosidl_typesupport_c.c
[4.941s] Listing '/home/leejeongmin/Desktop/pjt_ws/install/ros_study_msgs/local/lib/python3.10/dist-packages/ros_study_msgs'...
[4.942s] Listing '/home/leejeongmin/Desktop/pjt_ws/install/ros_study_msgs/local/lib/python3.10/dist-packages/ros_study_msgs/action'...
[4.942s] Listing '/home/leejeongmin/Desktop/pjt_ws/install/ros_study_msgs/local/lib/python3.10/dist-packages/ros_study_msgs/msg'...
[4.942s] Listing '/home/leejeongmin/Desktop/pjt_ws/install/ros_study_msgs/local/lib/python3.10/dist-packages/ros_study_msgs/srv'...
[4.978s] -- Up-to-date: /home/leejeongmin/Desktop/pjt_ws/install/ros_study_msgs/local/lib/python3.10/dist-packages/ros_study_msgs/ros_study_msgs_s__rosidl_typesupport_fastrtps_c.cpython-310-x86_64-linux-gnu.so
[4.980s] -- Up-to-date: /home/leejeongmin/Desktop/pjt_ws/install/ros_study_msgs/local/lib/python3.10/dist-packages/ros_study_msgs/ros_study_msgs_s__rosidl_typesupport_introspection_c.cpython-310-x86_64-linux-gnu.so
[4.983s] -- Up-to-date: /home/leejeongmin/Desktop/pjt_ws/install/ros_study_msgs/local/lib/python3.10/dist-packages/ros_study_msgs/ros_study_msgs_s__rosidl_typesupport_c.cpython-310-x86_64-linux-gnu.so
[4.987s] -- Up-to-date: /home/leejeongmin/Desktop/pjt_ws/install/ros_study_msgs/lib/libros_study_msgs__rosidl_generator_py.so
[4.989s] -- Up-to-date: /home/leejeongmin/Desktop/pjt_ws/install/ros_study_msgs/share/ros_study_msgs/msg/MyMsg.idl
[4.991s] -- Up-to-date: /home/leejeongmin/Desktop/pjt_ws/install/ros_study_msgs/share/ros_study_msgs/msg/ArithmeticArgument.idl
[4.993s] -- Up-to-date: /home/leejeongmin/Desktop/pjt_ws/install/ros_study_msgs/share/ros_study_msgs/srv/MySrv.idl
[4.994s] -- Up-to-date: /home/leejeongmin/Desktop/pjt_ws/install/ros_study_msgs/share/ros_study_msgs/srv/ArithmeticOperator.idl
[4.995s] -- Up-to-date: /home/leejeongmin/Desktop/pjt_ws/install/ros_study_msgs/share/ros_study_msgs/action/MyAction.idl
[4.996s] -- Up-to-date: /home/leejeongmin/Desktop/pjt_ws/install/ros_study_msgs/share/ros_study_msgs/action/ArithmeticChecker.idl
[4.997s] -- Up-to-date: /home/leejeongmin/Desktop/pjt_ws/install/ros_study_msgs/share/ros_study_msgs/msg/MyMsg.msg
[4.997s] -- Up-to-date: /home/leejeongmin/Desktop/pjt_ws/install/ros_study_msgs/share/ros_study_msgs/msg/ArithmeticArgument.msg
[4.998s] -- Up-to-date: /home/leejeongmin/Desktop/pjt_ws/install/ros_study_msgs/share/ros_study_msgs/srv/MySrv.srv
[4.998s] -- Up-to-date: /home/leejeongmin/Desktop/pjt_ws/install/ros_study_msgs/share/ros_study_msgs/srv/MySrv_Request.msg
[4.999s] -- Up-to-date: /home/leejeongmin/Desktop/pjt_ws/install/ros_study_msgs/share/ros_study_msgs/srv/MySrv_Response.msg
[4.999s] -- Up-to-date: /home/leejeongmin/Desktop/pjt_ws/install/ros_study_msgs/share/ros_study_msgs/srv/ArithmeticOperator.srv
[5.000s] -- Up-to-date: /home/leejeongmin/Desktop/pjt_ws/install/ros_study_msgs/share/ros_study_msgs/srv/ArithmeticOperator_Request.msg
[5.000s] -- Up-to-date: /home/leejeongmin/Desktop/pjt_ws/install/ros_study_msgs/share/ros_study_msgs/srv/ArithmeticOperator_Response.msg
[5.002s] -- Up-to-date: /home/leejeongmin/Desktop/pjt_ws/install/ros_study_msgs/share/ros_study_msgs/action/MyAction.action
[5.004s] -- Up-to-date: /home/leejeongmin/Desktop/pjt_ws/install/ros_study_msgs/share/ros_study_msgs/action/ArithmeticChecker.action
[5.005s] -- Up-to-date: /home/leejeongmin/Desktop/pjt_ws/install/ros_study_msgs/share/ament_index/resource_index/package_run_dependencies/ros_study_msgs
[5.006s] -- Up-to-date: /home/leejeongmin/Desktop/pjt_ws/install/ros_study_msgs/share/ament_index/resource_index/parent_prefix_path/ros_study_msgs
[5.007s] -- Up-to-date: /home/leejeongmin/Desktop/pjt_ws/install/ros_study_msgs/share/ros_study_msgs/environment/ament_prefix_path.sh
[5.008s] -- Up-to-date: /home/leejeongmin/Desktop/pjt_ws/install/ros_study_msgs/share/ros_study_msgs/environment/ament_prefix_path.dsv
[5.009s] -- Up-to-date: /home/leejeongmin/Desktop/pjt_ws/install/ros_study_msgs/share/ros_study_msgs/environment/path.sh
[5.010s] -- Up-to-date: /home/leejeongmin/Desktop/pjt_ws/install/ros_study_msgs/share/ros_study_msgs/environment/path.dsv
[5.010s] -- Up-to-date: /home/leejeongmin/Desktop/pjt_ws/install/ros_study_msgs/share/ros_study_msgs/local_setup.bash
[5.012s] -- Up-to-date: /home/leejeongmin/Desktop/pjt_ws/install/ros_study_msgs/share/ros_study_msgs/local_setup.sh
[5.012s] -- Up-to-date: /home/leejeongmin/Desktop/pjt_ws/install/ros_study_msgs/share/ros_study_msgs/local_setup.zsh
[5.013s] -- Up-to-date: /home/leejeongmin/Desktop/pjt_ws/install/ros_study_msgs/share/ros_study_msgs/local_setup.dsv
[5.014s] -- Installing: /home/leejeongmin/Desktop/pjt_ws/install/ros_study_msgs/share/ros_study_msgs/package.dsv
[5.015s] -- Up-to-date: /home/leejeongmin/Desktop/pjt_ws/install/ros_study_msgs/share/ament_index/resource_index/packages/ros_study_msgs
[5.017s] -- Up-to-date: /home/leejeongmin/Desktop/pjt_ws/install/ros_study_msgs/share/ros_study_msgs/cmake/export_ros_study_msgs__rosidl_generator_cExport.cmake
[5.018s] -- Up-to-date: /home/leejeongmin/Desktop/pjt_ws/install/ros_study_msgs/share/ros_study_msgs/cmake/export_ros_study_msgs__rosidl_generator_cExport-noconfig.cmake
[5.018s] -- Up-to-date: /home/leejeongmin/Desktop/pjt_ws/install/ros_study_msgs/share/ros_study_msgs/cmake/export_ros_study_msgs__rosidl_typesupport_fastrtps_cExport.cmake
[5.019s] -- Up-to-date: /home/leejeongmin/Desktop/pjt_ws/install/ros_study_msgs/share/ros_study_msgs/cmake/export_ros_study_msgs__rosidl_typesupport_fastrtps_cExport-noconfig.cmake
[5.021s] -- Up-to-date: /home/leejeongmin/Desktop/pjt_ws/install/ros_study_msgs/share/ros_study_msgs/cmake/export_ros_study_msgs__rosidl_generator_cppExport.cmake
[5.021s] -- Up-to-date: /home/leejeongmin/Desktop/pjt_ws/install/ros_study_msgs/share/ros_study_msgs/cmake/export_ros_study_msgs__rosidl_typesupport_fastrtps_cppExport.cmake
[5.022s] -- Up-to-date: /home/leejeongmin/Desktop/pjt_ws/install/ros_study_msgs/share/ros_study_msgs/cmake/export_ros_study_msgs__rosidl_typesupport_fastrtps_cppExport-noconfig.cmake
[5.023s] -- Up-to-date: /home/leejeongmin/Desktop/pjt_ws/install/ros_study_msgs/share/ros_study_msgs/cmake/ros_study_msgs__rosidl_typesupport_introspection_cExport.cmake
[5.024s] -- Up-to-date: /home/leejeongmin/Desktop/pjt_ws/install/ros_study_msgs/share/ros_study_msgs/cmake/ros_study_msgs__rosidl_typesupport_introspection_cExport-noconfig.cmake
[5.024s] -- Up-to-date: /home/leejeongmin/Desktop/pjt_ws/install/ros_study_msgs/share/ros_study_msgs/cmake/ros_study_msgs__rosidl_typesupport_cExport.cmake
[5.025s] -- Up-to-date: /home/leejeongmin/Desktop/pjt_ws/install/ros_study_msgs/share/ros_study_msgs/cmake/ros_study_msgs__rosidl_typesupport_cExport-noconfig.cmake
[5.026s] -- Up-to-date: /home/leejeongmin/Desktop/pjt_ws/install/ros_study_msgs/share/ros_study_msgs/cmake/ros_study_msgs__rosidl_typesupport_introspection_cppExport.cmake
[5.028s] -- Up-to-date: /home/leejeongmin/Desktop/pjt_ws/install/ros_study_msgs/share/ros_study_msgs/cmake/ros_study_msgs__rosidl_typesupport_introspection_cppExport-noconfig.cmake
[5.030s] -- Up-to-date: /home/leejeongmin/Desktop/pjt_ws/install/ros_study_msgs/share/ros_study_msgs/cmake/ros_study_msgs__rosidl_typesupport_cppExport.cmake
[5.031s] -- Up-to-date: /home/leejeongmin/Desktop/pjt_ws/install/ros_study_msgs/share/ros_study_msgs/cmake/ros_study_msgs__rosidl_typesupport_cppExport-noconfig.cmake
[5.032s] -- Up-to-date: /home/leejeongmin/Desktop/pjt_ws/install/ros_study_msgs/share/ros_study_msgs/cmake/export_ros_study_msgs__rosidl_generator_pyExport.cmake
[5.033s] -- Up-to-date: /home/leejeongmin/Desktop/pjt_ws/install/ros_study_msgs/share/ros_study_msgs/cmake/export_ros_study_msgs__rosidl_generator_pyExport-noconfig.cmake
[5.035s] -- Up-to-date: /home/leejeongmin/Desktop/pjt_ws/install/ros_study_msgs/share/ros_study_msgs/cmake/rosidl_cmake-extras.cmake
[5.039s] -- Up-to-date: /home/leejeongmin/Desktop/pjt_ws/install/ros_study_msgs/share/ros_study_msgs/cmake/ament_cmake_export_dependencies-extras.cmake
[5.043s] -- Up-to-date: /home/leejeongmin/Desktop/pjt_ws/install/ros_study_msgs/share/ros_study_msgs/cmake/ament_cmake_export_include_directories-extras.cmake
[5.044s] -- Up-to-date: /home/leejeongmin/Desktop/pjt_ws/install/ros_study_msgs/share/ros_study_msgs/cmake/ament_cmake_export_libraries-extras.cmake
[5.045s] -- Up-to-date: /home/leejeongmin/Desktop/pjt_ws/install/ros_study_msgs/share/ros_study_msgs/cmake/ament_cmake_export_targets-extras.cmake
[5.046s] -- Up-to-date: /home/leejeongmin/Desktop/pjt_ws/install/ros_study_msgs/share/ros_study_msgs/cmake/rosidl_cmake_export_typesupport_targets-extras.cmake
[5.048s] -- Up-to-date: /home/leejeongmin/Desktop/pjt_ws/install/ros_study_msgs/share/ros_study_msgs/cmake/rosidl_cmake_export_typesupport_libraries-extras.cmake
[5.049s] -- Up-to-date: /home/leejeongmin/Desktop/pjt_ws/install/ros_study_msgs/share/ros_study_msgs/cmake/ros_study_msgsConfig.cmake
[5.050s] -- Up-to-date: /home/leejeongmin/Desktop/pjt_ws/install/ros_study_msgs/share/ros_study_msgs/cmake/ros_study_msgsConfig-version.cmake
[5.051s] -- Up-to-date: /home/leejeongmin/Desktop/pjt_ws/install/ros_study_msgs/share/ros_study_msgs/package.xml
[5.052s] Invoked command in '/home/leejeongmin/Desktop/pjt_ws/build/ros_study_msgs' returned '0': CMAKE_PREFIX_PATH=${CMAKE_PREFIX_PATH}:/home/leejeongmin/Desktop/pjt_ws/install/turtlebot:/home/leejeongmin/turtlebot3_ws/install/turtlebot3_teleop:/home/leejeongmin/turtlebot3_ws/install/turtlebot3_example:/opt/ros/humble /usr/bin/cmake --install /home/leejeongmin/Desktop/pjt_ws/build/ros_study_msgs
