[0.010s] Invoking command in '/home/leejeongmin/Desktop/pjt_ws/build/ros_study_msgs': CMAKE_PREFIX_PATH=${CMAKE_PREFIX_PATH}:/home/leejeongmin/Desktop/pjt_ws/install/turtlebot:/home/leejeongmin/turtlebot3_ws/install/turtlebot3_teleop:/home/leejeongmin/turtlebot3_ws/install/turtlebot3_example:/opt/ros/humble /usr/bin/cmake /home/leejeongmin/Desktop/pjt_ws/src/ros_study_msgs -DCMAKE_INSTALL_PREFIX=/home/leejeongmin/Desktop/pjt_ws/install/ros_study_msgs
[0.065s] -- The C compiler identification is GNU 11.4.0
[0.117s] -- The CXX compiler identification is GNU 11.4.0
[0.122s] -- Detecting C compiler ABI info
[0.192s] -- Detecting C compiler ABI info - done
[0.201s] -- Check for working C compiler: /usr/bin/cc - skipped
[0.201s] -- Detecting C compile features
[0.202s] -- Detecting C compile features - done
[0.204s] -- Detecting CXX compiler ABI info
[0.271s] -- Detecting CXX compiler ABI info - done
[0.281s] -- Check for working CXX compiler: /usr/bin/c++ - skipped
[0.281s] -- Detecting CXX compile features
[0.281s] -- Detecting CXX compile features - done
[0.284s] -- Found ament_cmake: 1.3.10 (/opt/ros/humble/share/ament_cmake/cmake)
[0.423s] -- Found Python3: /usr/bin/python3 (found version "3.10.12") found components: Interpreter 
[0.502s] -- Found builtin_interfaces: 1.2.1 (/opt/ros/humble/share/builtin_interfaces/cmake)
[0.525s] -- Found rosidl_generator_c: 3.1.5 (/opt/ros/humble/share/rosidl_generator_c/cmake)
[0.527s] -- Found rosidl_adapter: 3.1.5 (/opt/ros/humble/share/rosidl_adapter/cmake)
[0.533s] -- Found rosidl_generator_cpp: 3.1.5 (/opt/ros/humble/share/rosidl_generator_cpp/cmake)
[0.541s] -- Using all available rosidl_typesupport_c: rosidl_typesupport_fastrtps_c;rosidl_typesupport_introspection_c
[0.552s] -- Using all available rosidl_typesupport_cpp: rosidl_typesupport_fastrtps_cpp;rosidl_typesupport_introspection_cpp
[0.562s] -- Found rosidl_default_generators: 1.2.0 (/opt/ros/humble/share/rosidl_default_generators/cmake)
[0.823s] -- Found ament_cmake_ros: 0.10.0 (/opt/ros/humble/share/ament_cmake_ros/cmake)
[1.088s] -- Using all available rosidl_typesupport_c: rosidl_typesupport_fastrtps_c;rosidl_typesupport_introspection_c
[1.200s] -- Using all available rosidl_typesupport_cpp: rosidl_typesupport_fastrtps_cpp;rosidl_typesupport_introspection_cpp
[1.222s] -- Found PythonInterp: /usr/bin/python3 (found suitable version "3.10.12", minimum required is "3.6") 
[1.223s] -- Found python_cmake_module: 0.10.0 (/opt/ros/humble/share/python_cmake_module/cmake)
[1.254s] -- Found PythonLibs: /usr/lib/x86_64-linux-gnu/libpython3.10.so (found suitable version "3.10.12", minimum required is "3.5") 
[1.254s] -- Using PYTHON_EXECUTABLE: /usr/bin/python3
[1.254s] -- Using PYTHON_INCLUDE_DIRS: /usr/include/python3.10
[1.255s] -- Using PYTHON_LIBRARIES: /usr/lib/x86_64-linux-gnu/libpython3.10.so
[1.275s] -- Found PythonExtra: .so  
[1.319s] [31mCMake Error at CMakeLists.txt:40 (find_package):
[1.319s]   By not providing "Findament_lint_auto.cmake" in CMAKE_MODULE_PATH this
[1.319s]   project has asked CMake to find a package configuration file provided by
[1.319s]   "ament_lint_auto", but CMake did not find one.
[1.319s] 
[1.319s]   Could not find a package configuration file provided by "ament_lint_auto"
[1.319s]   with any of the following names:
[1.319s] 
[1.319s]     ament_lint_autoConfig.cmake
[1.320s]     ament_lint_auto-config.cmake
[1.320s] 
[1.320s]   Add the installation prefix of "ament_lint_auto" to CMAKE_PREFIX_PATH or
[1.320s]   set "ament_lint_auto_DIR" to a directory containing one of the above files.
[1.320s]   If "ament_lint_auto" provides a separate development package or SDK, be
[1.320s]   sure it has been installed.
[1.320s] 
[1.320s] [0m
[1.320s] -- Configuring incomplete, errors occurred!
[1.320s] See also "/home/leejeongmin/Desktop/pjt_ws/build/ros_study_msgs/CMakeFiles/CMakeOutput.log".
[1.324s] Invoked command in '/home/leejeongmin/Desktop/pjt_ws/build/ros_study_msgs' returned '1': CMAKE_PREFIX_PATH=${CMAKE_PREFIX_PATH}:/home/leejeongmin/Desktop/pjt_ws/install/turtlebot:/home/leejeongmin/turtlebot3_ws/install/turtlebot3_teleop:/home/leejeongmin/turtlebot3_ws/install/turtlebot3_example:/opt/ros/humble /usr/bin/cmake /home/leejeongmin/Desktop/pjt_ws/src/ros_study_msgs -DCMAKE_INSTALL_PREFIX=/home/leejeongmin/Desktop/pjt_ws/install/ros_study_msgs
