[0.101s] Invoking command in '/home/leejeongmin/Desktop/pjt_ws/build/ros_study_msgs': CMAKE_PREFIX_PATH=${CMAKE_PREFIX_PATH}:/home/leejeongmin/Desktop/pjt_ws/install/turtlebot:/home/leejeongmin/turtlebot3_ws/install/turtlebot3_teleop:/home/leejeongmin/turtlebot3_ws/install/turtlebot3_example:/opt/ros/humble /usr/bin/cmake --build /home/leejeongmin/Desktop/pjt_ws/build/ros_study_msgs -- -j12 -l12
[0.430s] [ 11%] Built target ros_study_msgs__rosidl_generator_c
[0.431s] [ 12%] Built target ros_study_msgs__cpp
[0.487s] [ 12%] Built target ament_cmake_python_copy_ros_study_msgs
[0.586s] [ 23%] Built target ros_study_msgs__rosidl_typesupport_introspection_c
[0.595s] [ 35%] Built target ros_study_msgs__rosidl_typesupport_c
[0.608s] [ 46%] Built target ros_study_msgs__rosidl_typesupport_fastrtps_c
[0.615s] [ 57%] Built target ros_study_msgs__rosidl_typesupport_introspection_cpp
[0.652s] [ 69%] Built target ros_study_msgs__rosidl_typesupport_fastrtps_cpp
[0.656s] [ 80%] Built target ros_study_msgs__rosidl_typesupport_cpp
[0.781s] [ 80%] Built target ros_study_msgs
[0.930s] [ 81%] Built target ros_study_msgs__py
[1.094s] [ 91%] Built target ros_study_msgs__rosidl_generator_py
[1.233s] [ 94%] Built target ros_study_msgs__rosidl_typesupport_fastrtps_c__pyext
[1.241s] [ 97%] Built target ros_study_msgs__rosidl_typesupport_introspection_c__pyext
[1.250s] [100%] Built target ros_study_msgs__rosidl_typesupport_c__pyext
[2.237s] running egg_info
[2.241s] writing ros_study_msgs.egg-info/PKG-INFO
[2.242s] writing dependency_links to ros_study_msgs.egg-info/dependency_links.txt
[2.243s] writing top-level names to ros_study_msgs.egg-info/top_level.txt
[2.257s] reading manifest file 'ros_study_msgs.egg-info/SOURCES.txt'
[2.262s] writing manifest file 'ros_study_msgs.egg-info/SOURCES.txt'
[2.403s] [100%] Built target ament_cmake_python_build_ros_study_msgs_egg
[2.487s] Invoked command in '/home/leejeongmin/Desktop/pjt_ws/build/ros_study_msgs' returned '0': CMAKE_PREFIX_PATH=${CMAKE_PREFIX_PATH}:/home/leejeongmin/Desktop/pjt_ws/install/turtlebot:/home/leejeongmin/turtlebot3_ws/install/turtlebot3_teleop:/home/leejeongmin/turtlebot3_ws/install/turtlebot3_example:/opt/ros/humble /usr/bin/cmake --build /home/leejeongmin/Desktop/pjt_ws/build/ros_study_msgs -- -j12 -l12
[3.588s] Invoking command in '/home/leejeongmin/Desktop/pjt_ws/build/ros_study_msgs': CMAKE_PREFIX_PATH=${CMAKE_PREFIX_PATH}:/home/leejeongmin/Desktop/pjt_ws/install/turtlebot:/home/leejeongmin/turtlebot3_ws/install/turtlebot3_teleop:/home/leejeongmin/turtlebot3_ws/install/turtlebot3_example:/opt/ros/humble /usr/bin/cmake --install /home/leejeongmin/Desktop/pjt_ws/build/ros_study_msgs
[3.632s] -- Install configuration: ""
[3.634s] -- Up-to-date: /home/leejeongmin/Desktop/pjt_ws/install/ros_study_msgs/share/ament_index/resource_index/rosidl_interfaces/ros_study_msgs
[3.635s] -- Up-to-date: /home/leejeongmin/Desktop/pjt_ws/install/ros_study_msgs/include/ros_study_msgs/ros_study_msgs
[3.637s] -- Up-to-date: /home/leejeongmin/Desktop/pjt_ws/install/ros_study_msgs/include/ros_study_msgs/ros_study_msgs/action
[3.639s] -- Up-to-date: /home/leejeongmin/Desktop/pjt_ws/install/ros_study_msgs/include/ros_study_msgs/ros_study_msgs/action/detail
[3.642s] -- Up-to-date: /home/leejeongmin/Desktop/pjt_ws/install/ros_study_msgs/include/ros_study_msgs/ros_study_msgs/action/detail/arithmetic_checker__type_support.h
[3.644s] -- Up-to-date: /home/leejeongmin/Desktop/pjt_ws/install/ros_study_msgs/include/ros_study_msgs/ros_study_msgs/action/detail/my_action__type_support.h
[3.646s] -- Up-to-date: /home/leejeongmin/Desktop/pjt_ws/install/ros_study_msgs/include/ros_study_msgs/ros_study_msgs/action/detail/arithmetic_checker__struct.h
[3.647s] -- Up-to-date: /home/leejeongmin/Desktop/pjt_ws/install/ros_study_msgs/include/ros_study_msgs/ros_study_msgs/action/detail/arithmetic_checker__functions.h
[3.648s] -- Up-to-date: /home/leejeongmin/Desktop/pjt_ws/install/ros_study_msgs/include/ros_study_msgs/ros_study_msgs/action/detail/my_action__functions.h
[3.649s] -- Up-to-date: /home/leejeongmin/Desktop/pjt_ws/install/ros_study_msgs/include/ros_study_msgs/ros_study_msgs/action/detail/arithmetic_checker__functions.c
[3.651s] -- Up-to-date: /home/leejeongmin/Desktop/pjt_ws/install/ros_study_msgs/include/ros_study_msgs/ros_study_msgs/action/detail/my_action__functions.c
[3.652s] -- Up-to-date: /home/leejeongmin/Desktop/pjt_ws/install/ros_study_msgs/include/ros_study_msgs/ros_study_msgs/action/detail/my_action__struct.h
[3.652s] -- Up-to-date: /home/leejeongmin/Desktop/pjt_ws/install/ros_study_msgs/include/ros_study_msgs/ros_study_msgs/action/arithmetic_checker.h
[3.653s] -- Up-to-date: /home/leejeongmin/Desktop/pjt_ws/install/ros_study_msgs/include/ros_study_msgs/ros_study_msgs/action/my_action.h
[3.655s] -- Up-to-date: /home/leejeongmin/Desktop/pjt_ws/install/ros_study_msgs/include/ros_study_msgs/ros_study_msgs/msg
[3.656s] -- Up-to-date: /home/leejeongmin/Desktop/pjt_ws/install/ros_study_msgs/include/ros_study_msgs/ros_study_msgs/msg/arithmetic_argument.h
[3.656s] -- Up-to-date: /home/leejeongmin/Desktop/pjt_ws/install/ros_study_msgs/include/ros_study_msgs/ros_study_msgs/msg/rosidl_generator_c__visibility_control.h
[3.657s] -- Up-to-date: /home/leejeongmin/Desktop/pjt_ws/install/ros_study_msgs/include/ros_study_msgs/ros_study_msgs/msg/detail
[3.658s] -- Up-to-date: /home/leejeongmin/Desktop/pjt_ws/install/ros_study_msgs/include/ros_study_msgs/ros_study_msgs/msg/detail/arithmetic_argument__struct.h
[3.659s] -- Up-to-date: /home/leejeongmin/Desktop/pjt_ws/install/ros_study_msgs/include/ros_study_msgs/ros_study_msgs/msg/detail/arithmetic_argument__type_support.h
[3.660s] -- Up-to-date: /home/leejeongmin/Desktop/pjt_ws/install/ros_study_msgs/include/ros_study_msgs/ros_study_msgs/msg/detail/arithmetic_argument__functions.c
[3.660s] -- Up-to-date: /home/leejeongmin/Desktop/pjt_ws/install/ros_study_msgs/include/ros_study_msgs/ros_study_msgs/msg/detail/my_msg__functions.c
[3.661s] -- Up-to-date: /home/leejeongmin/Desktop/pjt_ws/install/ros_study_msgs/include/ros_study_msgs/ros_study_msgs/msg/detail/my_msg__functions.h
[3.662s] -- Up-to-date: /home/leejeongmin/Desktop/pjt_ws/install/ros_study_msgs/include/ros_study_msgs/ros_study_msgs/msg/detail/my_msg__struct.h
[3.663s] -- Up-to-date: /home/leejeongmin/Desktop/pjt_ws/install/ros_study_msgs/include/ros_study_msgs/ros_study_msgs/msg/detail/my_msg__type_support.h
[3.664s] -- Up-to-date: /home/leejeongmin/Desktop/pjt_ws/install/ros_study_msgs/include/ros_study_msgs/ros_study_msgs/msg/detail/arithmetic_argument__functions.h
[3.665s] -- Up-to-date: /home/leejeongmin/Desktop/pjt_ws/install/ros_study_msgs/include/ros_study_msgs/ros_study_msgs/msg/my_msg.h
[3.665s] -- Up-to-date: /home/leejeongmin/Desktop/pjt_ws/install/ros_study_msgs/include/ros_study_msgs/ros_study_msgs/srv
[3.666s] -- Up-to-date: /home/leejeongmin/Desktop/pjt_ws/install/ros_study_msgs/include/ros_study_msgs/ros_study_msgs/srv/my_srv.h
[3.667s] -- Up-to-date: /home/leejeongmin/Desktop/pjt_ws/install/ros_study_msgs/include/ros_study_msgs/ros_study_msgs/srv/arithmetic_operator.h
[3.667s] -- Up-to-date: /home/leejeongmin/Desktop/pjt_ws/install/ros_study_msgs/include/ros_study_msgs/ros_study_msgs/srv/detail
[3.668s] -- Up-to-date: /home/leejeongmin/Desktop/pjt_ws/install/ros_study_msgs/include/ros_study_msgs/ros_study_msgs/srv/detail/arithmetic_operator__functions.h
[3.669s] -- Up-to-date: /home/leejeongmin/Desktop/pjt_ws/install/ros_study_msgs/include/ros_study_msgs/ros_study_msgs/srv/detail/my_srv__functions.h
[3.669s] -- Up-to-date: /home/leejeongmin/Desktop/pjt_ws/install/ros_study_msgs/include/ros_study_msgs/ros_study_msgs/srv/detail/my_srv__type_support.h
[3.670s] -- Up-to-date: /home/leejeongmin/Desktop/pjt_ws/install/ros_study_msgs/include/ros_study_msgs/ros_study_msgs/srv/detail/arithmetic_operator__struct.h
[3.671s] -- Up-to-date: /home/leejeongmin/Desktop/pjt_ws/install/ros_study_msgs/include/ros_study_msgs/ros_study_msgs/srv/detail/my_srv__struct.h
[3.671s] -- Up-to-date: /home/leejeongmin/Desktop/pjt_ws/install/ros_study_msgs/include/ros_study_msgs/ros_study_msgs/srv/detail/arithmetic_operator__functions.c
[3.672s] -- Up-to-date: /home/leejeongmin/Desktop/pjt_ws/install/ros_study_msgs/include/ros_study_msgs/ros_study_msgs/srv/detail/my_srv__functions.c
[3.672s] -- Up-to-date: /home/leejeongmin/Desktop/pjt_ws/install/ros_study_msgs/include/ros_study_msgs/ros_study_msgs/srv/detail/arithmetic_operator__type_support.h
[3.673s] -- Up-to-date: /home/leejeongmin/Desktop/pjt_ws/install/ros_study_msgs/share/ros_study_msgs/environment/library_path.sh
[3.674s] -- Up-to-date: /home/leejeongmin/Desktop/pjt_ws/install/ros_study_msgs/share/ros_study_msgs/environment/library_path.dsv
[3.674s] -- Up-to-date: /home/leejeongmin/Desktop/pjt_ws/install/ros_study_msgs/lib/libros_study_msgs__rosidl_generator_c.so
[3.675s] -- Up-to-date: /home/leejeongmin/Desktop/pjt_ws/install/ros_study_msgs/include/ros_study_msgs/ros_study_msgs
[3.676s] -- Up-to-date: /home/leejeongmin/Desktop/pjt_ws/install/ros_study_msgs/include/ros_study_msgs/ros_study_msgs/action
[3.676s] -- Up-to-date: /home/leejeongmin/Desktop/pjt_ws/install/ros_study_msgs/include/ros_study_msgs/ros_study_msgs/action/detail
[3.677s] -- Up-to-date: /home/leejeongmin/Desktop/pjt_ws/install/ros_study_msgs/include/ros_study_msgs/ros_study_msgs/action/detail/my_action__rosidl_typesupport_fastrtps_c.h
[3.677s] -- Up-to-date: /home/leejeongmin/Desktop/pjt_ws/install/ros_study_msgs/include/ros_study_msgs/ros_study_msgs/action/detail/arithmetic_checker__rosidl_typesupport_fastrtps_c.h
[3.678s] -- Up-to-date: /home/leejeongmin/Desktop/pjt_ws/install/ros_study_msgs/include/ros_study_msgs/ros_study_msgs/msg
[3.679s] -- Up-to-date: /home/leejeongmin/Desktop/pjt_ws/install/ros_study_msgs/include/ros_study_msgs/ros_study_msgs/msg/rosidl_typesupport_fastrtps_c__visibility_control.h
[3.679s] -- Up-to-date: /home/leejeongmin/Desktop/pjt_ws/install/ros_study_msgs/include/ros_study_msgs/ros_study_msgs/msg/detail
[3.680s] -- Up-to-date: /home/leejeongmin/Desktop/pjt_ws/install/ros_study_msgs/include/ros_study_msgs/ros_study_msgs/msg/detail/arithmetic_argument__rosidl_typesupport_fastrtps_c.h
[3.680s] -- Up-to-date: /home/leejeongmin/Desktop/pjt_ws/install/ros_study_msgs/include/ros_study_msgs/ros_study_msgs/msg/detail/my_msg__rosidl_typesupport_fastrtps_c.h
[3.681s] -- Up-to-date: /home/leejeongmin/Desktop/pjt_ws/install/ros_study_msgs/include/ros_study_msgs/ros_study_msgs/srv
[3.682s] -- Up-to-date: /home/leejeongmin/Desktop/pjt_ws/install/ros_study_msgs/include/ros_study_msgs/ros_study_msgs/srv/detail
[3.682s] -- Up-to-date: /home/leejeongmin/Desktop/pjt_ws/install/ros_study_msgs/include/ros_study_msgs/ros_study_msgs/srv/detail/arithmetic_operator__rosidl_typesupport_fastrtps_c.h
[3.683s] -- Up-to-date: /home/leejeongmin/Desktop/pjt_ws/install/ros_study_msgs/include/ros_study_msgs/ros_study_msgs/srv/detail/my_srv__rosidl_typesupport_fastrtps_c.h
[3.683s] -- Up-to-date: /home/leejeongmin/Desktop/pjt_ws/install/ros_study_msgs/lib/libros_study_msgs__rosidl_typesupport_fastrtps_c.so
[3.684s] -- Up-to-date: /home/leejeongmin/Desktop/pjt_ws/install/ros_study_msgs/include/ros_study_msgs/ros_study_msgs
[3.684s] -- Up-to-date: /home/leejeongmin/Desktop/pjt_ws/install/ros_study_msgs/include/ros_study_msgs/ros_study_msgs/action
[3.685s] -- Up-to-date: /home/leejeongmin/Desktop/pjt_ws/install/ros_study_msgs/include/ros_study_msgs/ros_study_msgs/action/my_action.hpp
[3.686s] -- Up-to-date: /home/leejeongmin/Desktop/pjt_ws/install/ros_study_msgs/include/ros_study_msgs/ros_study_msgs/action/arithmetic_checker.hpp
[3.686s] -- Up-to-date: /home/leejeongmin/Desktop/pjt_ws/install/ros_study_msgs/include/ros_study_msgs/ros_study_msgs/action/detail
[3.687s] -- Up-to-date: /home/leejeongmin/Desktop/pjt_ws/install/ros_study_msgs/include/ros_study_msgs/ros_study_msgs/action/detail/my_action__struct.hpp
[3.687s] -- Up-to-date: /home/leejeongmin/Desktop/pjt_ws/install/ros_study_msgs/include/ros_study_msgs/ros_study_msgs/action/detail/my_action__traits.hpp
[3.688s] -- Up-to-date: /home/leejeongmin/Desktop/pjt_ws/install/ros_study_msgs/include/ros_study_msgs/ros_study_msgs/action/detail/my_action__builder.hpp
[3.689s] -- Up-to-date: /home/leejeongmin/Desktop/pjt_ws/install/ros_study_msgs/include/ros_study_msgs/ros_study_msgs/action/detail/arithmetic_checker__struct.hpp
[3.689s] -- Up-to-date: /home/leejeongmin/Desktop/pjt_ws/install/ros_study_msgs/include/ros_study_msgs/ros_study_msgs/action/detail/arithmetic_checker__builder.hpp
[3.690s] -- Up-to-date: /home/leejeongmin/Desktop/pjt_ws/install/ros_study_msgs/include/ros_study_msgs/ros_study_msgs/action/detail/arithmetic_checker__traits.hpp
[3.690s] -- Up-to-date: /home/leejeongmin/Desktop/pjt_ws/install/ros_study_msgs/include/ros_study_msgs/ros_study_msgs/msg
[3.691s] -- Up-to-date: /home/leejeongmin/Desktop/pjt_ws/install/ros_study_msgs/include/ros_study_msgs/ros_study_msgs/msg/arithmetic_argument.hpp
[3.692s] -- Up-to-date: /home/leejeongmin/Desktop/pjt_ws/install/ros_study_msgs/include/ros_study_msgs/ros_study_msgs/msg/detail
[3.692s] -- Up-to-date: /home/leejeongmin/Desktop/pjt_ws/install/ros_study_msgs/include/ros_study_msgs/ros_study_msgs/msg/detail/my_msg__builder.hpp
[3.693s] -- Up-to-date: /home/leejeongmin/Desktop/pjt_ws/install/ros_study_msgs/include/ros_study_msgs/ros_study_msgs/msg/detail/arithmetic_argument__struct.hpp
[3.693s] -- Up-to-date: /home/leejeongmin/Desktop/pjt_ws/install/ros_study_msgs/include/ros_study_msgs/ros_study_msgs/msg/detail/arithmetic_argument__builder.hpp
[3.694s] -- Up-to-date: /home/leejeongmin/Desktop/pjt_ws/install/ros_study_msgs/include/ros_study_msgs/ros_study_msgs/msg/detail/arithmetic_argument__traits.hpp
[3.695s] -- Up-to-date: /home/leejeongmin/Desktop/pjt_ws/install/ros_study_msgs/include/ros_study_msgs/ros_study_msgs/msg/detail/my_msg__struct.hpp
[3.695s] -- Up-to-date: /home/leejeongmin/Desktop/pjt_ws/install/ros_study_msgs/include/ros_study_msgs/ros_study_msgs/msg/detail/my_msg__traits.hpp
[3.696s] -- Up-to-date: /home/leejeongmin/Desktop/pjt_ws/install/ros_study_msgs/include/ros_study_msgs/ros_study_msgs/msg/my_msg.hpp
[3.696s] -- Up-to-date: /home/leejeongmin/Desktop/pjt_ws/install/ros_study_msgs/include/ros_study_msgs/ros_study_msgs/srv
[3.697s] -- Up-to-date: /home/leejeongmin/Desktop/pjt_ws/install/ros_study_msgs/include/ros_study_msgs/ros_study_msgs/srv/arithmetic_operator.hpp
[3.698s] -- Up-to-date: /home/leejeongmin/Desktop/pjt_ws/install/ros_study_msgs/include/ros_study_msgs/ros_study_msgs/srv/my_srv.hpp
[3.698s] -- Up-to-date: /home/leejeongmin/Desktop/pjt_ws/install/ros_study_msgs/include/ros_study_msgs/ros_study_msgs/srv/detail
[3.699s] -- Up-to-date: /home/leejeongmin/Desktop/pjt_ws/install/ros_study_msgs/include/ros_study_msgs/ros_study_msgs/srv/detail/arithmetic_operator__struct.hpp
[3.699s] -- Up-to-date: /home/leejeongmin/Desktop/pjt_ws/install/ros_study_msgs/include/ros_study_msgs/ros_study_msgs/srv/detail/arithmetic_operator__builder.hpp
[3.700s] -- Up-to-date: /home/leejeongmin/Desktop/pjt_ws/install/ros_study_msgs/include/ros_study_msgs/ros_study_msgs/srv/detail/my_srv__builder.hpp
[3.700s] -- Up-to-date: /home/leejeongmin/Desktop/pjt_ws/install/ros_study_msgs/include/ros_study_msgs/ros_study_msgs/srv/detail/arithmetic_operator__traits.hpp
[3.701s] -- Up-to-date: /home/leejeongmin/Desktop/pjt_ws/install/ros_study_msgs/include/ros_study_msgs/ros_study_msgs/srv/detail/my_srv__traits.hpp
[3.702s] -- Up-to-date: /home/leejeongmin/Desktop/pjt_ws/install/ros_study_msgs/include/ros_study_msgs/ros_study_msgs/srv/detail/my_srv__struct.hpp
[3.702s] -- Up-to-date: /home/leejeongmin/Desktop/pjt_ws/install/ros_study_msgs/include/ros_study_msgs/ros_study_msgs
[3.703s] -- Up-to-date: /home/leejeongmin/Desktop/pjt_ws/install/ros_study_msgs/include/ros_study_msgs/ros_study_msgs/action
[3.703s] -- Up-to-date: /home/leejeongmin/Desktop/pjt_ws/install/ros_study_msgs/include/ros_study_msgs/ros_study_msgs/action/detail
[3.704s] -- Up-to-date: /home/leejeongmin/Desktop/pjt_ws/install/ros_study_msgs/include/ros_study_msgs/ros_study_msgs/action/detail/arithmetic_checker__rosidl_typesupport_fastrtps_cpp.hpp
[3.704s] -- Up-to-date: /home/leejeongmin/Desktop/pjt_ws/install/ros_study_msgs/include/ros_study_msgs/ros_study_msgs/action/detail/dds_fastrtps
[3.705s] -- Up-to-date: /home/leejeongmin/Desktop/pjt_ws/install/ros_study_msgs/include/ros_study_msgs/ros_study_msgs/action/detail/my_action__rosidl_typesupport_fastrtps_cpp.hpp
[3.706s] -- Up-to-date: /home/leejeongmin/Desktop/pjt_ws/install/ros_study_msgs/include/ros_study_msgs/ros_study_msgs/msg
[3.706s] -- Up-to-date: /home/leejeongmin/Desktop/pjt_ws/install/ros_study_msgs/include/ros_study_msgs/ros_study_msgs/msg/detail
[3.707s] -- Up-to-date: /home/leejeongmin/Desktop/pjt_ws/install/ros_study_msgs/include/ros_study_msgs/ros_study_msgs/msg/detail/arithmetic_argument__rosidl_typesupport_fastrtps_cpp.hpp
[3.707s] -- Up-to-date: /home/leejeongmin/Desktop/pjt_ws/install/ros_study_msgs/include/ros_study_msgs/ros_study_msgs/msg/detail/dds_fastrtps
[3.708s] -- Up-to-date: /home/leejeongmin/Desktop/pjt_ws/install/ros_study_msgs/include/ros_study_msgs/ros_study_msgs/msg/detail/my_msg__rosidl_typesupport_fastrtps_cpp.hpp
[3.708s] -- Up-to-date: /home/leejeongmin/Desktop/pjt_ws/install/ros_study_msgs/include/ros_study_msgs/ros_study_msgs/msg/rosidl_typesupport_fastrtps_cpp__visibility_control.h
[3.709s] -- Up-to-date: /home/leejeongmin/Desktop/pjt_ws/install/ros_study_msgs/include/ros_study_msgs/ros_study_msgs/srv
[3.710s] -- Up-to-date: /home/leejeongmin/Desktop/pjt_ws/install/ros_study_msgs/include/ros_study_msgs/ros_study_msgs/srv/detail
[3.710s] -- Up-to-date: /home/leejeongmin/Desktop/pjt_ws/install/ros_study_msgs/include/ros_study_msgs/ros_study_msgs/srv/detail/dds_fastrtps
[3.711s] -- Up-to-date: /home/leejeongmin/Desktop/pjt_ws/install/ros_study_msgs/include/ros_study_msgs/ros_study_msgs/srv/detail/arithmetic_operator__rosidl_typesupport_fastrtps_cpp.hpp
[3.711s] -- Up-to-date: /home/leejeongmin/Desktop/pjt_ws/install/ros_study_msgs/include/ros_study_msgs/ros_study_msgs/srv/detail/my_srv__rosidl_typesupport_fastrtps_cpp.hpp
[3.712s] -- Up-to-date: /home/leejeongmin/Desktop/pjt_ws/install/ros_study_msgs/lib/libros_study_msgs__rosidl_typesupport_fastrtps_cpp.so
[3.712s] -- Up-to-date: /home/leejeongmin/Desktop/pjt_ws/install/ros_study_msgs/include/ros_study_msgs/ros_study_msgs
[3.713s] -- Up-to-date: /home/leejeongmin/Desktop/pjt_ws/install/ros_study_msgs/include/ros_study_msgs/ros_study_msgs/action
[3.714s] -- Up-to-date: /home/leejeongmin/Desktop/pjt_ws/install/ros_study_msgs/include/ros_study_msgs/ros_study_msgs/action/detail
[3.714s] -- Up-to-date: /home/leejeongmin/Desktop/pjt_ws/install/ros_study_msgs/include/ros_study_msgs/ros_study_msgs/action/detail/my_action__type_support.c
[3.715s] -- Up-to-date: /home/leejeongmin/Desktop/pjt_ws/install/ros_study_msgs/include/ros_study_msgs/ros_study_msgs/action/detail/arithmetic_checker__rosidl_typesupport_introspection_c.h
[3.716s] -- Up-to-date: /home/leejeongmin/Desktop/pjt_ws/install/ros_study_msgs/include/ros_study_msgs/ros_study_msgs/action/detail/my_action__rosidl_typesupport_introspection_c.h
[3.716s] -- Up-to-date: /home/leejeongmin/Desktop/pjt_ws/install/ros_study_msgs/include/ros_study_msgs/ros_study_msgs/action/detail/arithmetic_checker__type_support.c
[3.717s] -- Up-to-date: /home/leejeongmin/Desktop/pjt_ws/install/ros_study_msgs/include/ros_study_msgs/ros_study_msgs/msg
[3.717s] -- Up-to-date: /home/leejeongmin/Desktop/pjt_ws/install/ros_study_msgs/include/ros_study_msgs/ros_study_msgs/msg/detail
[3.718s] -- Up-to-date: /home/leejeongmin/Desktop/pjt_ws/install/ros_study_msgs/include/ros_study_msgs/ros_study_msgs/msg/detail/my_msg__rosidl_typesupport_introspection_c.h
[3.719s] -- Up-to-date: /home/leejeongmin/Desktop/pjt_ws/install/ros_study_msgs/include/ros_study_msgs/ros_study_msgs/msg/detail/my_msg__type_support.c
[3.719s] -- Up-to-date: /home/leejeongmin/Desktop/pjt_ws/install/ros_study_msgs/include/ros_study_msgs/ros_study_msgs/msg/detail/arithmetic_argument__rosidl_typesupport_introspection_c.h
[3.720s] -- Up-to-date: /home/leejeongmin/Desktop/pjt_ws/install/ros_study_msgs/include/ros_study_msgs/ros_study_msgs/msg/detail/arithmetic_argument__type_support.c
[3.720s] -- Up-to-date: /home/leejeongmin/Desktop/pjt_ws/install/ros_study_msgs/include/ros_study_msgs/ros_study_msgs/msg/rosidl_typesupport_introspection_c__visibility_control.h
[3.721s] -- Up-to-date: /home/leejeongmin/Desktop/pjt_ws/install/ros_study_msgs/include/ros_study_msgs/ros_study_msgs/srv
[3.722s] -- Up-to-date: /home/leejeongmin/Desktop/pjt_ws/install/ros_study_msgs/include/ros_study_msgs/ros_study_msgs/srv/detail
[3.722s] -- Up-to-date: /home/leejeongmin/Desktop/pjt_ws/install/ros_study_msgs/include/ros_study_msgs/ros_study_msgs/srv/detail/my_srv__rosidl_typesupport_introspection_c.h
[3.723s] -- Up-to-date: /home/leejeongmin/Desktop/pjt_ws/install/ros_study_msgs/include/ros_study_msgs/ros_study_msgs/srv/detail/my_srv__type_support.c
[3.723s] -- Up-to-date: /home/leejeongmin/Desktop/pjt_ws/install/ros_study_msgs/include/ros_study_msgs/ros_study_msgs/srv/detail/arithmetic_operator__rosidl_typesupport_introspection_c.h
[3.724s] -- Up-to-date: /home/leejeongmin/Desktop/pjt_ws/install/ros_study_msgs/include/ros_study_msgs/ros_study_msgs/srv/detail/arithmetic_operator__type_support.c
[3.725s] -- Up-to-date: /home/leejeongmin/Desktop/pjt_ws/install/ros_study_msgs/lib/libros_study_msgs__rosidl_typesupport_introspection_c.so
[3.725s] -- Up-to-date: /home/leejeongmin/Desktop/pjt_ws/install/ros_study_msgs/lib/libros_study_msgs__rosidl_typesupport_c.so
[3.726s] -- Up-to-date: /home/leejeongmin/Desktop/pjt_ws/install/ros_study_msgs/include/ros_study_msgs/ros_study_msgs
[3.726s] -- Up-to-date: /home/leejeongmin/Desktop/pjt_ws/install/ros_study_msgs/include/ros_study_msgs/ros_study_msgs/action
[3.727s] -- Up-to-date: /home/leejeongmin/Desktop/pjt_ws/install/ros_study_msgs/include/ros_study_msgs/ros_study_msgs/action/detail
[3.728s] -- Up-to-date: /home/leejeongmin/Desktop/pjt_ws/install/ros_study_msgs/include/ros_study_msgs/ros_study_msgs/action/detail/arithmetic_checker__type_support.cpp
[3.728s] -- Up-to-date: /home/leejeongmin/Desktop/pjt_ws/install/ros_study_msgs/include/ros_study_msgs/ros_study_msgs/action/detail/my_action__rosidl_typesupport_introspection_cpp.hpp
[3.729s] -- Up-to-date: /home/leejeongmin/Desktop/pjt_ws/install/ros_study_msgs/include/ros_study_msgs/ros_study_msgs/action/detail/arithmetic_checker__rosidl_typesupport_introspection_cpp.hpp
[3.729s] -- Up-to-date: /home/leejeongmin/Desktop/pjt_ws/install/ros_study_msgs/include/ros_study_msgs/ros_study_msgs/action/detail/my_action__type_support.cpp
[3.730s] -- Up-to-date: /home/leejeongmin/Desktop/pjt_ws/install/ros_study_msgs/include/ros_study_msgs/ros_study_msgs/msg
[3.731s] -- Up-to-date: /home/leejeongmin/Desktop/pjt_ws/install/ros_study_msgs/include/ros_study_msgs/ros_study_msgs/msg/detail
[3.731s] -- Up-to-date: /home/leejeongmin/Desktop/pjt_ws/install/ros_study_msgs/include/ros_study_msgs/ros_study_msgs/msg/detail/arithmetic_argument__rosidl_typesupport_introspection_cpp.hpp
[3.732s] -- Up-to-date: /home/leejeongmin/Desktop/pjt_ws/install/ros_study_msgs/include/ros_study_msgs/ros_study_msgs/msg/detail/my_msg__rosidl_typesupport_introspection_cpp.hpp
[3.732s] -- Up-to-date: /home/leejeongmin/Desktop/pjt_ws/install/ros_study_msgs/include/ros_study_msgs/ros_study_msgs/msg/detail/my_msg__type_support.cpp
[3.733s] -- Up-to-date: /home/leejeongmin/Desktop/pjt_ws/install/ros_study_msgs/include/ros_study_msgs/ros_study_msgs/msg/detail/arithmetic_argument__type_support.cpp
[3.734s] -- Up-to-date: /home/leejeongmin/Desktop/pjt_ws/install/ros_study_msgs/include/ros_study_msgs/ros_study_msgs/srv
[3.734s] -- Up-to-date: /home/leejeongmin/Desktop/pjt_ws/install/ros_study_msgs/include/ros_study_msgs/ros_study_msgs/srv/detail
[3.735s] -- Up-to-date: /home/leejeongmin/Desktop/pjt_ws/install/ros_study_msgs/include/ros_study_msgs/ros_study_msgs/srv/detail/arithmetic_operator__type_support.cpp
[3.735s] -- Up-to-date: /home/leejeongmin/Desktop/pjt_ws/install/ros_study_msgs/include/ros_study_msgs/ros_study_msgs/srv/detail/my_srv__rosidl_typesupport_introspection_cpp.hpp
[3.736s] -- Up-to-date: /home/leejeongmin/Desktop/pjt_ws/install/ros_study_msgs/include/ros_study_msgs/ros_study_msgs/srv/detail/arithmetic_operator__rosidl_typesupport_introspection_cpp.hpp
[3.736s] -- Up-to-date: /home/leejeongmin/Desktop/pjt_ws/install/ros_study_msgs/include/ros_study_msgs/ros_study_msgs/srv/detail/my_srv__type_support.cpp
[3.737s] -- Up-to-date: /home/leejeongmin/Desktop/pjt_ws/install/ros_study_msgs/lib/libros_study_msgs__rosidl_typesupport_introspection_cpp.so
[3.738s] -- Up-to-date: /home/leejeongmin/Desktop/pjt_ws/install/ros_study_msgs/lib/libros_study_msgs__rosidl_typesupport_cpp.so
[3.738s] -- Up-to-date: /home/leejeongmin/Desktop/pjt_ws/install/ros_study_msgs/share/ros_study_msgs/environment/pythonpath.sh
[3.739s] -- Up-to-date: /home/leejeongmin/Desktop/pjt_ws/install/ros_study_msgs/share/ros_study_msgs/environment/pythonpath.dsv
[3.739s] -- Up-to-date: /home/leejeongmin/Desktop/pjt_ws/install/ros_study_msgs/local/lib/python3.10/dist-packages/ros_study_msgs-0.0.0-py3.10.egg-info
[3.741s] -- Installing: /home/leejeongmin/Desktop/pjt_ws/install/ros_study_msgs/local/lib/python3.10/dist-packages/ros_study_msgs-0.0.0-py3.10.egg-info/PKG-INFO
[3.741s] -- Installing: /home/leejeongmin/Desktop/pjt_ws/install/ros_study_msgs/local/lib/python3.10/dist-packages/ros_study_msgs-0.0.0-py3.10.egg-info/dependency_links.txt
[3.742s] -- Installing: /home/leejeongmin/Desktop/pjt_ws/install/ros_study_msgs/local/lib/python3.10/dist-packages/ros_study_msgs-0.0.0-py3.10.egg-info/top_level.txt
[3.743s] -- Installing: /home/leejeongmin/Desktop/pjt_ws/install/ros_study_msgs/local/lib/python3.10/dist-packages/ros_study_msgs-0.0.0-py3.10.egg-info/SOURCES.txt
[3.743s] -- Up-to-date: /home/leejeongmin/Desktop/pjt_ws/install/ros_study_msgs/local/lib/python3.10/dist-packages/ros_study_msgs
[3.744s] -- Up-to-date: /home/leejeongmin/Desktop/pjt_ws/install/ros_study_msgs/local/lib/python3.10/dist-packages/ros_study_msgs/action
[3.744s] -- Up-to-date: /home/leejeongmin/Desktop/pjt_ws/install/ros_study_msgs/local/lib/python3.10/dist-packages/ros_study_msgs/action/_arithmetic_checker.py
[3.745s] -- Up-to-date: /home/leejeongmin/Desktop/pjt_ws/install/ros_study_msgs/local/lib/python3.10/dist-packages/ros_study_msgs/action/_my_action.py
[3.745s] -- Up-to-date: /home/leejeongmin/Desktop/pjt_ws/install/ros_study_msgs/local/lib/python3.10/dist-packages/ros_study_msgs/action/_my_action_s.c
[3.746s] -- Up-to-date: /home/leejeongmin/Desktop/pjt_ws/install/ros_study_msgs/local/lib/python3.10/dist-packages/ros_study_msgs/action/_arithmetic_checker_s.c
[3.747s] -- Up-to-date: /home/leejeongmin/Desktop/pjt_ws/install/ros_study_msgs/local/lib/python3.10/dist-packages/ros_study_msgs/action/__init__.py
[3.747s] -- Up-to-date: /home/leejeongmin/Desktop/pjt_ws/install/ros_study_msgs/local/lib/python3.10/dist-packages/ros_study_msgs/msg
[3.748s] -- Up-to-date: /home/leejeongmin/Desktop/pjt_ws/install/ros_study_msgs/local/lib/python3.10/dist-packages/ros_study_msgs/msg/_arithmetic_argument_s.c
[3.748s] -- Up-to-date: /home/leejeongmin/Desktop/pjt_ws/install/ros_study_msgs/local/lib/python3.10/dist-packages/ros_study_msgs/msg/_arithmetic_argument.py
[3.749s] -- Up-to-date: /home/leejeongmin/Desktop/pjt_ws/install/ros_study_msgs/local/lib/python3.10/dist-packages/ros_study_msgs/msg/_my_msg.py
[3.750s] -- Up-to-date: /home/leejeongmin/Desktop/pjt_ws/install/ros_study_msgs/local/lib/python3.10/dist-packages/ros_study_msgs/msg/_my_msg_s.c
[3.750s] -- Up-to-date: /home/leejeongmin/Desktop/pjt_ws/install/ros_study_msgs/local/lib/python3.10/dist-packages/ros_study_msgs/msg/__init__.py
[3.751s] -- Up-to-date: /home/leejeongmin/Desktop/pjt_ws/install/ros_study_msgs/local/lib/python3.10/dist-packages/ros_study_msgs/srv
[3.752s] -- Up-to-date: /home/leejeongmin/Desktop/pjt_ws/install/ros_study_msgs/local/lib/python3.10/dist-packages/ros_study_msgs/srv/_arithmetic_operator_s.c
[3.753s] -- Up-to-date: /home/leejeongmin/Desktop/pjt_ws/install/ros_study_msgs/local/lib/python3.10/dist-packages/ros_study_msgs/srv/_my_srv_s.c
[3.753s] -- Up-to-date: /home/leejeongmin/Desktop/pjt_ws/install/ros_study_msgs/local/lib/python3.10/dist-packages/ros_study_msgs/srv/_my_srv.py
[3.754s] -- Up-to-date: /home/leejeongmin/Desktop/pjt_ws/install/ros_study_msgs/local/lib/python3.10/dist-packages/ros_study_msgs/srv/_arithmetic_operator.py
[3.755s] -- Up-to-date: /home/leejeongmin/Desktop/pjt_ws/install/ros_study_msgs/local/lib/python3.10/dist-packages/ros_study_msgs/srv/__init__.py
[3.755s] -- Up-to-date: /home/leejeongmin/Desktop/pjt_ws/install/ros_study_msgs/local/lib/python3.10/dist-packages/ros_study_msgs/ros_study_msgs_s__rosidl_typesupport_c.cpython-310-x86_64-linux-gnu.so
[3.756s] -- Up-to-date: /home/leejeongmin/Desktop/pjt_ws/install/ros_study_msgs/local/lib/python3.10/dist-packages/ros_study_msgs/libros_study_msgs__rosidl_generator_py.so
[3.756s] -- Up-to-date: /home/leejeongmin/Desktop/pjt_ws/install/ros_study_msgs/local/lib/python3.10/dist-packages/ros_study_msgs/_ros_study_msgs_s.ep.rosidl_typesupport_fastrtps_c.c
[3.757s] -- Up-to-date: /home/leejeongmin/Desktop/pjt_ws/install/ros_study_msgs/local/lib/python3.10/dist-packages/ros_study_msgs/ros_study_msgs_s__rosidl_typesupport_introspection_c.cpython-310-x86_64-linux-gnu.so
[3.757s] -- Up-to-date: /home/leejeongmin/Desktop/pjt_ws/install/ros_study_msgs/local/lib/python3.10/dist-packages/ros_study_msgs/_ros_study_msgs_s.ep.rosidl_typesupport_introspection_c.c
[3.758s] -- Up-to-date: /home/leejeongmin/Desktop/pjt_ws/install/ros_study_msgs/local/lib/python3.10/dist-packages/ros_study_msgs/__init__.py
[3.759s] -- Up-to-date: /home/leejeongmin/Desktop/pjt_ws/install/ros_study_msgs/local/lib/python3.10/dist-packages/ros_study_msgs/ros_study_msgs_s__rosidl_typesupport_fastrtps_c.cpython-310-x86_64-linux-gnu.so
[3.759s] -- Up-to-date: /home/leejeongmin/Desktop/pjt_ws/install/ros_study_msgs/local/lib/python3.10/dist-packages/ros_study_msgs/_ros_study_msgs_s.ep.rosidl_typesupport_c.c
[3.927s] Listing '/home/leejeongmin/Desktop/pjt_ws/install/ros_study_msgs/local/lib/python3.10/dist-packages/ros_study_msgs'...
[3.927s] Listing '/home/leejeongmin/Desktop/pjt_ws/install/ros_study_msgs/local/lib/python3.10/dist-packages/ros_study_msgs/action'...
[3.928s] Listing '/home/leejeongmin/Desktop/pjt_ws/install/ros_study_msgs/local/lib/python3.10/dist-packages/ros_study_msgs/msg'...
[3.929s] Listing '/home/leejeongmin/Desktop/pjt_ws/install/ros_study_msgs/local/lib/python3.10/dist-packages/ros_study_msgs/srv'...
[3.954s] -- Up-to-date: /home/leejeongmin/Desktop/pjt_ws/install/ros_study_msgs/local/lib/python3.10/dist-packages/ros_study_msgs/ros_study_msgs_s__rosidl_typesupport_fastrtps_c.cpython-310-x86_64-linux-gnu.so
[3.961s] -- Up-to-date: /home/leejeongmin/Desktop/pjt_ws/install/ros_study_msgs/local/lib/python3.10/dist-packages/ros_study_msgs/ros_study_msgs_s__rosidl_typesupport_introspection_c.cpython-310-x86_64-linux-gnu.so
[3.967s] -- Up-to-date: /home/leejeongmin/Desktop/pjt_ws/install/ros_study_msgs/local/lib/python3.10/dist-packages/ros_study_msgs/ros_study_msgs_s__rosidl_typesupport_c.cpython-310-x86_64-linux-gnu.so
[3.970s] -- Up-to-date: /home/leejeongmin/Desktop/pjt_ws/install/ros_study_msgs/lib/libros_study_msgs__rosidl_generator_py.so
[3.976s] -- Up-to-date: /home/leejeongmin/Desktop/pjt_ws/install/ros_study_msgs/share/ros_study_msgs/msg/MyMsg.idl
[3.980s] -- Up-to-date: /home/leejeongmin/Desktop/pjt_ws/install/ros_study_msgs/share/ros_study_msgs/msg/ArithmeticArgument.idl
[3.984s] -- Up-to-date: /home/leejeongmin/Desktop/pjt_ws/install/ros_study_msgs/share/ros_study_msgs/srv/MySrv.idl
[3.988s] -- Up-to-date: /home/leejeongmin/Desktop/pjt_ws/install/ros_study_msgs/share/ros_study_msgs/srv/ArithmeticOperator.idl
[3.989s] -- Up-to-date: /home/leejeongmin/Desktop/pjt_ws/install/ros_study_msgs/share/ros_study_msgs/action/MyAction.idl
[3.990s] -- Up-to-date: /home/leejeongmin/Desktop/pjt_ws/install/ros_study_msgs/share/ros_study_msgs/action/ArithmeticChecker.idl
[3.991s] -- Up-to-date: /home/leejeongmin/Desktop/pjt_ws/install/ros_study_msgs/share/ros_study_msgs/msg/MyMsg.msg
[3.992s] -- Up-to-date: /home/leejeongmin/Desktop/pjt_ws/install/ros_study_msgs/share/ros_study_msgs/msg/ArithmeticArgument.msg
[3.994s] -- Up-to-date: /home/leejeongmin/Desktop/pjt_ws/install/ros_study_msgs/share/ros_study_msgs/srv/MySrv.srv
[3.995s] -- Up-to-date: /home/leejeongmin/Desktop/pjt_ws/install/ros_study_msgs/share/ros_study_msgs/srv/MySrv_Request.msg
[4.012s] -- Up-to-date: /home/leejeongmin/Desktop/pjt_ws/install/ros_study_msgs/share/ros_study_msgs/srv/MySrv_Response.msg
[4.013s] -- Up-to-date: /home/leejeongmin/Desktop/pjt_ws/install/ros_study_msgs/share/ros_study_msgs/srv/ArithmeticOperator.srv
[4.014s] -- Up-to-date: /home/leejeongmin/Desktop/pjt_ws/install/ros_study_msgs/share/ros_study_msgs/srv/ArithmeticOperator_Request.msg
[4.015s] -- Up-to-date: /home/leejeongmin/Desktop/pjt_ws/install/ros_study_msgs/share/ros_study_msgs/srv/ArithmeticOperator_Response.msg
[4.016s] -- Up-to-date: /home/leejeongmin/Desktop/pjt_ws/install/ros_study_msgs/share/ros_study_msgs/action/MyAction.action
[4.018s] -- Up-to-date: /home/leejeongmin/Desktop/pjt_ws/install/ros_study_msgs/share/ros_study_msgs/action/ArithmeticChecker.action
[4.019s] -- Up-to-date: /home/leejeongmin/Desktop/pjt_ws/install/ros_study_msgs/share/ament_index/resource_index/package_run_dependencies/ros_study_msgs
[4.021s] -- Up-to-date: /home/leejeongmin/Desktop/pjt_ws/install/ros_study_msgs/share/ament_index/resource_index/parent_prefix_path/ros_study_msgs
[4.022s] -- Up-to-date: /home/leejeongmin/Desktop/pjt_ws/install/ros_study_msgs/share/ros_study_msgs/environment/ament_prefix_path.sh
[4.023s] -- Up-to-date: /home/leejeongmin/Desktop/pjt_ws/install/ros_study_msgs/share/ros_study_msgs/environment/ament_prefix_path.dsv
[4.028s] -- Up-to-date: /home/leejeongmin/Desktop/pjt_ws/install/ros_study_msgs/share/ros_study_msgs/environment/path.sh
[4.030s] -- Up-to-date: /home/leejeongmin/Desktop/pjt_ws/install/ros_study_msgs/share/ros_study_msgs/environment/path.dsv
[4.031s] -- Up-to-date: /home/leejeongmin/Desktop/pjt_ws/install/ros_study_msgs/share/ros_study_msgs/local_setup.bash
[4.034s] -- Up-to-date: /home/leejeongmin/Desktop/pjt_ws/install/ros_study_msgs/share/ros_study_msgs/local_setup.sh
[4.036s] -- Up-to-date: /home/leejeongmin/Desktop/pjt_ws/install/ros_study_msgs/share/ros_study_msgs/local_setup.zsh
[4.037s] -- Up-to-date: /home/leejeongmin/Desktop/pjt_ws/install/ros_study_msgs/share/ros_study_msgs/local_setup.dsv
[4.038s] -- Installing: /home/leejeongmin/Desktop/pjt_ws/install/ros_study_msgs/share/ros_study_msgs/package.dsv
[4.040s] -- Up-to-date: /home/leejeongmin/Desktop/pjt_ws/install/ros_study_msgs/share/ament_index/resource_index/packages/ros_study_msgs
[4.041s] -- Up-to-date: /home/leejeongmin/Desktop/pjt_ws/install/ros_study_msgs/share/ros_study_msgs/cmake/export_ros_study_msgs__rosidl_generator_cExport.cmake
[4.043s] -- Up-to-date: /home/leejeongmin/Desktop/pjt_ws/install/ros_study_msgs/share/ros_study_msgs/cmake/export_ros_study_msgs__rosidl_generator_cExport-noconfig.cmake
[4.044s] -- Up-to-date: /home/leejeongmin/Desktop/pjt_ws/install/ros_study_msgs/share/ros_study_msgs/cmake/export_ros_study_msgs__rosidl_typesupport_fastrtps_cExport.cmake
[4.046s] -- Up-to-date: /home/leejeongmin/Desktop/pjt_ws/install/ros_study_msgs/share/ros_study_msgs/cmake/export_ros_study_msgs__rosidl_typesupport_fastrtps_cExport-noconfig.cmake
[4.047s] -- Up-to-date: /home/leejeongmin/Desktop/pjt_ws/install/ros_study_msgs/share/ros_study_msgs/cmake/export_ros_study_msgs__rosidl_generator_cppExport.cmake
[4.049s] -- Up-to-date: /home/leejeongmin/Desktop/pjt_ws/install/ros_study_msgs/share/ros_study_msgs/cmake/export_ros_study_msgs__rosidl_typesupport_fastrtps_cppExport.cmake
[4.050s] -- Up-to-date: /home/leejeongmin/Desktop/pjt_ws/install/ros_study_msgs/share/ros_study_msgs/cmake/export_ros_study_msgs__rosidl_typesupport_fastrtps_cppExport-noconfig.cmake
[4.051s] -- Up-to-date: /home/leejeongmin/Desktop/pjt_ws/install/ros_study_msgs/share/ros_study_msgs/cmake/ros_study_msgs__rosidl_typesupport_introspection_cExport.cmake
[4.052s] -- Up-to-date: /home/leejeongmin/Desktop/pjt_ws/install/ros_study_msgs/share/ros_study_msgs/cmake/ros_study_msgs__rosidl_typesupport_introspection_cExport-noconfig.cmake
[4.054s] -- Up-to-date: /home/leejeongmin/Desktop/pjt_ws/install/ros_study_msgs/share/ros_study_msgs/cmake/ros_study_msgs__rosidl_typesupport_cExport.cmake
[4.055s] -- Up-to-date: /home/leejeongmin/Desktop/pjt_ws/install/ros_study_msgs/share/ros_study_msgs/cmake/ros_study_msgs__rosidl_typesupport_cExport-noconfig.cmake
[4.057s] -- Up-to-date: /home/leejeongmin/Desktop/pjt_ws/install/ros_study_msgs/share/ros_study_msgs/cmake/ros_study_msgs__rosidl_typesupport_introspection_cppExport.cmake
[4.057s] -- Up-to-date: /home/leejeongmin/Desktop/pjt_ws/install/ros_study_msgs/share/ros_study_msgs/cmake/ros_study_msgs__rosidl_typesupport_introspection_cppExport-noconfig.cmake
[4.058s] -- Up-to-date: /home/leejeongmin/Desktop/pjt_ws/install/ros_study_msgs/share/ros_study_msgs/cmake/ros_study_msgs__rosidl_typesupport_cppExport.cmake
[4.058s] -- Up-to-date: /home/leejeongmin/Desktop/pjt_ws/install/ros_study_msgs/share/ros_study_msgs/cmake/ros_study_msgs__rosidl_typesupport_cppExport-noconfig.cmake
[4.059s] -- Up-to-date: /home/leejeongmin/Desktop/pjt_ws/install/ros_study_msgs/share/ros_study_msgs/cmake/export_ros_study_msgs__rosidl_generator_pyExport.cmake
[4.059s] -- Up-to-date: /home/leejeongmin/Desktop/pjt_ws/install/ros_study_msgs/share/ros_study_msgs/cmake/export_ros_study_msgs__rosidl_generator_pyExport-noconfig.cmake
[4.060s] -- Up-to-date: /home/leejeongmin/Desktop/pjt_ws/install/ros_study_msgs/share/ros_study_msgs/cmake/rosidl_cmake-extras.cmake
[4.061s] -- Up-to-date: /home/leejeongmin/Desktop/pjt_ws/install/ros_study_msgs/share/ros_study_msgs/cmake/ament_cmake_export_dependencies-extras.cmake
[4.062s] -- Up-to-date: /home/leejeongmin/Desktop/pjt_ws/install/ros_study_msgs/share/ros_study_msgs/cmake/ament_cmake_export_include_directories-extras.cmake
[4.063s] -- Up-to-date: /home/leejeongmin/Desktop/pjt_ws/install/ros_study_msgs/share/ros_study_msgs/cmake/ament_cmake_export_libraries-extras.cmake
[4.064s] -- Up-to-date: /home/leejeongmin/Desktop/pjt_ws/install/ros_study_msgs/share/ros_study_msgs/cmake/ament_cmake_export_targets-extras.cmake
[4.064s] -- Up-to-date: /home/leejeongmin/Desktop/pjt_ws/install/ros_study_msgs/share/ros_study_msgs/cmake/rosidl_cmake_export_typesupport_targets-extras.cmake
[4.065s] -- Up-to-date: /home/leejeongmin/Desktop/pjt_ws/install/ros_study_msgs/share/ros_study_msgs/cmake/rosidl_cmake_export_typesupport_libraries-extras.cmake
[4.065s] -- Up-to-date: /home/leejeongmin/Desktop/pjt_ws/install/ros_study_msgs/share/ros_study_msgs/cmake/ros_study_msgsConfig.cmake
[4.066s] -- Up-to-date: /home/leejeongmin/Desktop/pjt_ws/install/ros_study_msgs/share/ros_study_msgs/cmake/ros_study_msgsConfig-version.cmake
[4.066s] -- Up-to-date: /home/leejeongmin/Desktop/pjt_ws/install/ros_study_msgs/share/ros_study_msgs/package.xml
[4.067s] Invoked command in '/home/leejeongmin/Desktop/pjt_ws/build/ros_study_msgs' returned '0': CMAKE_PREFIX_PATH=${CMAKE_PREFIX_PATH}:/home/leejeongmin/Desktop/pjt_ws/install/turtlebot:/home/leejeongmin/turtlebot3_ws/install/turtlebot3_teleop:/home/leejeongmin/turtlebot3_ws/install/turtlebot3_example:/opt/ros/humble /usr/bin/cmake --install /home/leejeongmin/Desktop/pjt_ws/build/ros_study_msgs
