[1.007s] DEBUG:colcon:Command line arguments: ['/usr/bin/colcon', 'build']
[1.008s] DEBUG:colcon:Parsed command line arguments: Namespace(log_base=None, log_level=None, verb_name='build', build_base='build', install_base='install', merge_install=False, symlink_install=False, test_result_base=None, continue_on_error=False, executor='parallel', parallel_workers=12, event_handlers=None, ignore_user_meta=False, metas=['./colcon.meta'], base_paths=['.'], packages_ignore=None, packages_ignore_regex=None, paths=None, packages_up_to=None, packages_up_to_regex=None, packages_above=None, packages_above_and_dependencies=None, packages_above_depth=None, packages_select_by_dep=None, packages_skip_by_dep=None, packages_skip_up_to=None, packages_select_build_failed=False, packages_skip_build_finished=False, packages_select_test_failures=False, packages_skip_test_passed=False, packages_select=None, packages_skip=None, packages_select_regex=None, packages_skip_regex=None, packages_start=None, packages_end=None, allow_overriding=[], cmake_args=None, cmake_target=None, cmake_target_skip_unavailable=False, cmake_clean_cache=False, cmake_clean_first=False, cmake_force_configure=False, ament_cmake_args=None, catkin_cmake_args=None, catkin_skip_building_tests=False, mixin_files=None, mixin=None, verb_parser=<colcon_mixin.mixin.mixin_argument.MixinArgumentDecorator object at 0x7e9cc50676d0>, verb_extension=<colcon_core.verb.build.BuildVerb object at 0x7e9cc5067040>, main=<bound method BuildVerb.main of <colcon_core.verb.build.BuildVerb object at 0x7e9cc5067040>>, mixin_verb=('build',))
[2.761s] Level 1:colcon.colcon_core.package_discovery:discover_packages(colcon_meta) check parameters
[2.762s] Level 1:colcon.colcon_core.package_discovery:discover_packages(recursive) check parameters
[2.762s] Level 1:colcon.colcon_core.package_discovery:discover_packages(ignore) check parameters
[2.763s] Level 1:colcon.colcon_core.package_discovery:discover_packages(path) check parameters
[2.763s] Level 1:colcon.colcon_core.package_discovery:discover_packages(colcon_meta) discover
[2.764s] Level 1:colcon.colcon_core.package_discovery:discover_packages(recursive) discover
[2.764s] INFO:colcon.colcon_core.package_discovery:Crawling recursively for packages in '/home/leejeongmin/Desktop/pjt_ws'
[2.765s] Level 1:colcon.colcon_core.package_identification:_identify(.) by extensions ['ignore', 'ignore_ament_install']
[2.766s] Level 1:colcon.colcon_core.package_identification:_identify(.) by extension 'ignore'
[2.767s] Level 1:colcon.colcon_core.package_identification:_identify(.) by extension 'ignore_ament_install'
[2.767s] Level 1:colcon.colcon_core.package_identification:_identify(.) by extensions ['colcon_pkg']
[2.767s] Level 1:colcon.colcon_core.package_identification:_identify(.) by extension 'colcon_pkg'
[2.768s] Level 1:colcon.colcon_core.package_identification:_identify(.) by extensions ['colcon_meta']
[2.768s] Level 1:colcon.colcon_core.package_identification:_identify(.) by extension 'colcon_meta'
[2.769s] Level 1:colcon.colcon_core.package_identification:_identify(.) by extensions ['ros']
[2.769s] Level 1:colcon.colcon_core.package_identification:_identify(.) by extension 'ros'
[2.865s] Level 1:colcon.colcon_core.package_identification:_identify(.) by extensions ['cmake', 'python']
[2.866s] Level 1:colcon.colcon_core.package_identification:_identify(.) by extension 'cmake'
[2.867s] Level 1:colcon.colcon_core.package_identification:_identify(.) by extension 'python'
[2.867s] Level 1:colcon.colcon_core.package_identification:_identify(.) by extensions ['python_setup_py']
[2.868s] Level 1:colcon.colcon_core.package_identification:_identify(.) by extension 'python_setup_py'
[2.869s] Level 1:colcon.colcon_core.package_identification:_identify(build) by extensions ['ignore', 'ignore_ament_install']
[2.870s] Level 1:colcon.colcon_core.package_identification:_identify(build) by extension 'ignore'
[2.870s] Level 1:colcon.colcon_core.package_identification:_identify(build) ignored
[2.871s] Level 1:colcon.colcon_core.package_identification:_identify(install) by extensions ['ignore', 'ignore_ament_install']
[2.872s] Level 1:colcon.colcon_core.package_identification:_identify(install) by extension 'ignore'
[2.873s] Level 1:colcon.colcon_core.package_identification:_identify(install) ignored
[2.874s] Level 1:colcon.colcon_core.package_identification:_identify(log) by extensions ['ignore', 'ignore_ament_install']
[2.875s] Level 1:colcon.colcon_core.package_identification:_identify(log) by extension 'ignore'
[2.875s] Level 1:colcon.colcon_core.package_identification:_identify(log) ignored
[2.876s] Level 1:colcon.colcon_core.package_identification:_identify(src) by extensions ['ignore', 'ignore_ament_install']
[2.877s] Level 1:colcon.colcon_core.package_identification:_identify(src) by extension 'ignore'
[2.877s] Level 1:colcon.colcon_core.package_identification:_identify(src) by extension 'ignore_ament_install'
[2.878s] Level 1:colcon.colcon_core.package_identification:_identify(src) by extensions ['colcon_pkg']
[2.878s] Level 1:colcon.colcon_core.package_identification:_identify(src) by extension 'colcon_pkg'
[2.878s] Level 1:colcon.colcon_core.package_identification:_identify(src) by extensions ['colcon_meta']
[2.879s] Level 1:colcon.colcon_core.package_identification:_identify(src) by extension 'colcon_meta'
[2.879s] Level 1:colcon.colcon_core.package_identification:_identify(src) by extensions ['ros']
[2.880s] Level 1:colcon.colcon_core.package_identification:_identify(src) by extension 'ros'
[2.880s] Level 1:colcon.colcon_core.package_identification:_identify(src) by extensions ['cmake', 'python']
[2.881s] Level 1:colcon.colcon_core.package_identification:_identify(src) by extension 'cmake'
[2.881s] Level 1:colcon.colcon_core.package_identification:_identify(src) by extension 'python'
[2.881s] Level 1:colcon.colcon_core.package_identification:_identify(src) by extensions ['python_setup_py']
[2.882s] Level 1:colcon.colcon_core.package_identification:_identify(src) by extension 'python_setup_py'
[2.883s] Level 1:colcon.colcon_core.package_identification:_identify(src/ros_study_msgs) by extensions ['ignore', 'ignore_ament_install']
[2.884s] Level 1:colcon.colcon_core.package_identification:_identify(src/ros_study_msgs) by extension 'ignore'
[2.885s] Level 1:colcon.colcon_core.package_identification:_identify(src/ros_study_msgs) by extension 'ignore_ament_install'
[2.885s] Level 1:colcon.colcon_core.package_identification:_identify(src/ros_study_msgs) by extensions ['colcon_pkg']
[2.886s] Level 1:colcon.colcon_core.package_identification:_identify(src/ros_study_msgs) by extension 'colcon_pkg'
[2.886s] Level 1:colcon.colcon_core.package_identification:_identify(src/ros_study_msgs) by extensions ['colcon_meta']
[2.886s] Level 1:colcon.colcon_core.package_identification:_identify(src/ros_study_msgs) by extension 'colcon_meta'
[2.887s] Level 1:colcon.colcon_core.package_identification:_identify(src/ros_study_msgs) by extensions ['ros']
[2.887s] Level 1:colcon.colcon_core.package_identification:_identify(src/ros_study_msgs) by extension 'ros'
[2.908s] DEBUG:colcon.colcon_core.package_identification:Package 'src/ros_study_msgs' with type 'ros.ament_cmake' and name 'ros_study_msgs'
[2.910s] Level 1:colcon.colcon_core.package_identification:_identify(src/turtlebot) by extensions ['ignore', 'ignore_ament_install']
[2.911s] Level 1:colcon.colcon_core.package_identification:_identify(src/turtlebot) by extension 'ignore'
[2.911s] Level 1:colcon.colcon_core.package_identification:_identify(src/turtlebot) by extension 'ignore_ament_install'
[2.912s] Level 1:colcon.colcon_core.package_identification:_identify(src/turtlebot) by extensions ['colcon_pkg']
[2.912s] Level 1:colcon.colcon_core.package_identification:_identify(src/turtlebot) by extension 'colcon_pkg'
[2.913s] Level 1:colcon.colcon_core.package_identification:_identify(src/turtlebot) by extensions ['colcon_meta']
[2.913s] Level 1:colcon.colcon_core.package_identification:_identify(src/turtlebot) by extension 'colcon_meta'
[2.914s] Level 1:colcon.colcon_core.package_identification:_identify(src/turtlebot) by extensions ['ros']
[2.914s] Level 1:colcon.colcon_core.package_identification:_identify(src/turtlebot) by extension 'ros'
[2.922s] DEBUG:colcon.colcon_core.package_identification:Package 'src/turtlebot' with type 'ros.ament_python' and name 'turtlebot'
[2.923s] Level 1:colcon.colcon_core.package_discovery:discover_packages(recursive) using defaults
[2.923s] Level 1:colcon.colcon_core.package_discovery:discover_packages(ignore) discover
[2.923s] Level 1:colcon.colcon_core.package_discovery:discover_packages(ignore) using defaults
[2.924s] Level 1:colcon.colcon_core.package_discovery:discover_packages(path) discover
[2.924s] Level 1:colcon.colcon_core.package_discovery:discover_packages(path) using defaults
[3.097s] Level 1:colcon.colcon_core.package_discovery:discover_packages(prefix_path) check parameters
[3.097s] Level 1:colcon.colcon_core.package_discovery:discover_packages(prefix_path) discover
[3.116s] DEBUG:colcon.colcon_installed_package_information.package_discovery:Found 2 installed packages in /home/leejeongmin/Desktop/pjt_ws/install
[3.123s] DEBUG:colcon.colcon_installed_package_information.package_discovery:Found 12 installed packages in /home/leejeongmin/turtlebot3_ws/install
[3.138s] DEBUG:colcon.colcon_installed_package_information.package_discovery:Found 369 installed packages in /opt/ros/humble
[3.161s] Level 1:colcon.colcon_core.package_discovery:discover_packages(prefix_path) using defaults
[3.575s] Level 5:colcon.colcon_core.verb:set package 'ros_study_msgs' build argument 'cmake_args' from command line to 'None'
[3.576s] Level 5:colcon.colcon_core.verb:set package 'ros_study_msgs' build argument 'cmake_target' from command line to 'None'
[3.576s] Level 5:colcon.colcon_core.verb:set package 'ros_study_msgs' build argument 'cmake_target_skip_unavailable' from command line to 'False'
[3.577s] Level 5:colcon.colcon_core.verb:set package 'ros_study_msgs' build argument 'cmake_clean_cache' from command line to 'False'
[3.577s] Level 5:colcon.colcon_core.verb:set package 'ros_study_msgs' build argument 'cmake_clean_first' from command line to 'False'
[3.577s] Level 5:colcon.colcon_core.verb:set package 'ros_study_msgs' build argument 'cmake_force_configure' from command line to 'False'
[3.578s] Level 5:colcon.colcon_core.verb:set package 'ros_study_msgs' build argument 'ament_cmake_args' from command line to 'None'
[3.578s] Level 5:colcon.colcon_core.verb:set package 'ros_study_msgs' build argument 'catkin_cmake_args' from command line to 'None'
[3.578s] Level 5:colcon.colcon_core.verb:set package 'ros_study_msgs' build argument 'catkin_skip_building_tests' from command line to 'False'
[3.579s] DEBUG:colcon.colcon_core.verb:Building package 'ros_study_msgs' with the following arguments: {'ament_cmake_args': None, 'build_base': '/home/leejeongmin/Desktop/pjt_ws/build/ros_study_msgs', 'catkin_cmake_args': None, 'catkin_skip_building_tests': False, 'cmake_args': None, 'cmake_clean_cache': False, 'cmake_clean_first': False, 'cmake_force_configure': False, 'cmake_target': None, 'cmake_target_skip_unavailable': False, 'install_base': '/home/leejeongmin/Desktop/pjt_ws/install/ros_study_msgs', 'merge_install': False, 'path': '/home/leejeongmin/Desktop/pjt_ws/src/ros_study_msgs', 'symlink_install': False, 'test_result_base': None}
[3.582s] Level 5:colcon.colcon_core.verb:set package 'turtlebot' build argument 'cmake_args' from command line to 'None'
[3.583s] Level 5:colcon.colcon_core.verb:set package 'turtlebot' build argument 'cmake_target' from command line to 'None'
[3.583s] Level 5:colcon.colcon_core.verb:set package 'turtlebot' build argument 'cmake_target_skip_unavailable' from command line to 'False'
[3.583s] Level 5:colcon.colcon_core.verb:set package 'turtlebot' build argument 'cmake_clean_cache' from command line to 'False'
[3.583s] Level 5:colcon.colcon_core.verb:set package 'turtlebot' build argument 'cmake_clean_first' from command line to 'False'
[3.584s] Level 5:colcon.colcon_core.verb:set package 'turtlebot' build argument 'cmake_force_configure' from command line to 'False'
[3.584s] Level 5:colcon.colcon_core.verb:set package 'turtlebot' build argument 'ament_cmake_args' from command line to 'None'
[3.584s] Level 5:colcon.colcon_core.verb:set package 'turtlebot' build argument 'catkin_cmake_args' from command line to 'None'
[3.584s] Level 5:colcon.colcon_core.verb:set package 'turtlebot' build argument 'catkin_skip_building_tests' from command line to 'False'
[3.585s] DEBUG:colcon.colcon_core.verb:Building package 'turtlebot' with the following arguments: {'ament_cmake_args': None, 'build_base': '/home/leejeongmin/Desktop/pjt_ws/build/turtlebot', 'catkin_cmake_args': None, 'catkin_skip_building_tests': False, 'cmake_args': None, 'cmake_clean_cache': False, 'cmake_clean_first': False, 'cmake_force_configure': False, 'cmake_target': None, 'cmake_target_skip_unavailable': False, 'install_base': '/home/leejeongmin/Desktop/pjt_ws/install/turtlebot', 'merge_install': False, 'path': '/home/leejeongmin/Desktop/pjt_ws/src/turtlebot', 'symlink_install': False, 'test_result_base': None}
[3.586s] INFO:colcon.colcon_core.executor:Executing jobs using 'parallel' executor
[3.594s] DEBUG:colcon.colcon_parallel_executor.executor.parallel:run_until_complete
[3.596s] INFO:colcon.colcon_ros.task.ament_cmake.build:Building ROS package in '/home/leejeongmin/Desktop/pjt_ws/src/ros_study_msgs' with build type 'ament_cmake'
[3.599s] INFO:colcon.colcon_cmake.task.cmake.build:Building CMake package in '/home/leejeongmin/Desktop/pjt_ws/src/ros_study_msgs'
[3.615s] INFO:colcon.colcon_core.plugin_system:Skipping extension 'colcon_core.shell.bat': Not used on non-Windows systems
[3.618s] INFO:colcon.colcon_core.shell:Skip shell extension 'powershell' for command environment: Not usable outside of PowerShell
[3.618s] DEBUG:colcon.colcon_core.shell:Skip shell extension 'dsv' for command environment
[3.660s] INFO:colcon.colcon_ros.task.ament_python.build:Building ROS package in '/home/leejeongmin/Desktop/pjt_ws/src/turtlebot' with build type 'ament_python'
[3.662s] Level 1:colcon.colcon_core.shell:create_environment_hook('turtlebot', 'ament_prefix_path')
[3.664s] INFO:colcon.colcon_core.shell:Creating environment hook '/home/leejeongmin/Desktop/pjt_ws/install/turtlebot/share/turtlebot/hook/ament_prefix_path.ps1'
[3.672s] INFO:colcon.colcon_core.shell:Creating environment descriptor '/home/leejeongmin/Desktop/pjt_ws/install/turtlebot/share/turtlebot/hook/ament_prefix_path.dsv'
[3.676s] INFO:colcon.colcon_core.shell:Creating environment hook '/home/leejeongmin/Desktop/pjt_ws/install/turtlebot/share/turtlebot/hook/ament_prefix_path.sh'
[3.683s] INFO:colcon.colcon_core.shell:Skip shell extension 'powershell' for command environment: Not usable outside of PowerShell
[3.684s] DEBUG:colcon.colcon_core.shell:Skip shell extension 'dsv' for command environment
[3.776s] DEBUG:colcon.colcon_core.event_handler.log_command:Invoking command in '/home/leejeongmin/Desktop/pjt_ws/build/ros_study_msgs': CMAKE_PREFIX_PATH=${CMAKE_PREFIX_PATH}:/home/leejeongmin/Desktop/pjt_ws/install/turtlebot:/home/leejeongmin/turtlebot3_ws/install/turtlebot3_teleop:/home/leejeongmin/turtlebot3_ws/install/turtlebot3_example:/opt/ros/humble /usr/bin/cmake --build /home/leejeongmin/Desktop/pjt_ws/build/ros_study_msgs -- -j12 -l12
[6.301s] INFO:colcon.colcon_core.task.python.build:Building Python package in '/home/leejeongmin/Desktop/pjt_ws/src/turtlebot'
[6.304s] INFO:colcon.colcon_core.shell:Skip shell extension 'powershell' for command environment: Not usable outside of PowerShell
[6.304s] DEBUG:colcon.colcon_core.shell:Skip shell extension 'dsv' for command environment
[7.033s] DEBUG:colcon.colcon_core.event_handler.log_command:Invoked command in '/home/leejeongmin/Desktop/pjt_ws/build/ros_study_msgs' returned '0': CMAKE_PREFIX_PATH=${CMAKE_PREFIX_PATH}:/home/leejeongmin/Desktop/pjt_ws/install/turtlebot:/home/leejeongmin/turtlebot3_ws/install/turtlebot3_teleop:/home/leejeongmin/turtlebot3_ws/install/turtlebot3_example:/opt/ros/humble /usr/bin/cmake --build /home/leejeongmin/Desktop/pjt_ws/build/ros_study_msgs -- -j12 -l12
[8.263s] DEBUG:colcon.colcon_core.event_handler.log_command:Invoking command in '/home/leejeongmin/Desktop/pjt_ws/build/ros_study_msgs': CMAKE_PREFIX_PATH=${CMAKE_PREFIX_PATH}:/home/leejeongmin/Desktop/pjt_ws/install/turtlebot:/home/leejeongmin/turtlebot3_ws/install/turtlebot3_teleop:/home/leejeongmin/turtlebot3_ws/install/turtlebot3_example:/opt/ros/humble /usr/bin/cmake --install /home/leejeongmin/Desktop/pjt_ws/build/ros_study_msgs
[8.845s] Level 1:colcon.colcon_core.environment:create_environment_scripts_only(ros_study_msgs)
[8.888s] DEBUG:colcon.colcon_core.event_handler.log_command:Invoked command in '/home/leejeongmin/Desktop/pjt_ws/build/ros_study_msgs' returned '0': CMAKE_PREFIX_PATH=${CMAKE_PREFIX_PATH}:/home/leejeongmin/Desktop/pjt_ws/install/turtlebot:/home/leejeongmin/turtlebot3_ws/install/turtlebot3_teleop:/home/leejeongmin/turtlebot3_ws/install/turtlebot3_example:/opt/ros/humble /usr/bin/cmake --install /home/leejeongmin/Desktop/pjt_ws/build/ros_study_msgs
[8.894s] Level 1:colcon.colcon_core.environment:checking '/home/leejeongmin/Desktop/pjt_ws/install/ros_study_msgs' for CMake module files
[8.902s] Level 1:colcon.colcon_core.environment:checking '/home/leejeongmin/Desktop/pjt_ws/install/ros_study_msgs' for CMake config files
[8.908s] Level 1:colcon.colcon_core.shell:create_environment_hook('ros_study_msgs', 'cmake_prefix_path')
[8.911s] INFO:colcon.colcon_core.shell:Creating environment hook '/home/leejeongmin/Desktop/pjt_ws/install/ros_study_msgs/share/ros_study_msgs/hook/cmake_prefix_path.ps1'
[8.917s] INFO:colcon.colcon_core.shell:Creating environment descriptor '/home/leejeongmin/Desktop/pjt_ws/install/ros_study_msgs/share/ros_study_msgs/hook/cmake_prefix_path.dsv'
[8.921s] INFO:colcon.colcon_core.shell:Creating environment hook '/home/leejeongmin/Desktop/pjt_ws/install/ros_study_msgs/share/ros_study_msgs/hook/cmake_prefix_path.sh'
[8.928s] Level 1:colcon.colcon_core.environment:checking '/home/leejeongmin/Desktop/pjt_ws/install/ros_study_msgs/lib'
[8.931s] Level 1:colcon.colcon_core.shell:create_environment_hook('ros_study_msgs', 'ld_library_path_lib')
[8.936s] INFO:colcon.colcon_core.shell:Creating environment hook '/home/leejeongmin/Desktop/pjt_ws/install/ros_study_msgs/share/ros_study_msgs/hook/ld_library_path_lib.ps1'
[8.940s] INFO:colcon.colcon_core.shell:Creating environment descriptor '/home/leejeongmin/Desktop/pjt_ws/install/ros_study_msgs/share/ros_study_msgs/hook/ld_library_path_lib.dsv'
[8.944s] INFO:colcon.colcon_core.shell:Creating environment hook '/home/leejeongmin/Desktop/pjt_ws/install/ros_study_msgs/share/ros_study_msgs/hook/ld_library_path_lib.sh'
[8.950s] Level 1:colcon.colcon_core.environment:checking '/home/leejeongmin/Desktop/pjt_ws/install/ros_study_msgs/bin'
[8.950s] Level 1:colcon.colcon_core.environment:checking '/home/leejeongmin/Desktop/pjt_ws/install/ros_study_msgs/lib/pkgconfig/ros_study_msgs.pc'
[8.953s] Level 1:colcon.colcon_core.environment:checking '/home/leejeongmin/Desktop/pjt_ws/install/ros_study_msgs/lib/python3.10/site-packages'
[8.955s] Level 1:colcon.colcon_core.environment:checking '/home/leejeongmin/Desktop/pjt_ws/install/ros_study_msgs/bin'
[8.958s] INFO:colcon.colcon_core.shell:Creating package script '/home/leejeongmin/Desktop/pjt_ws/install/ros_study_msgs/share/ros_study_msgs/package.ps1'
[8.967s] INFO:colcon.colcon_core.shell:Creating package descriptor '/home/leejeongmin/Desktop/pjt_ws/install/ros_study_msgs/share/ros_study_msgs/package.dsv'
[8.973s] INFO:colcon.colcon_core.shell:Creating package script '/home/leejeongmin/Desktop/pjt_ws/install/ros_study_msgs/share/ros_study_msgs/package.sh'
[8.983s] INFO:colcon.colcon_core.shell:Creating package script '/home/leejeongmin/Desktop/pjt_ws/install/ros_study_msgs/share/ros_study_msgs/package.bash'
[8.990s] INFO:colcon.colcon_core.shell:Creating package script '/home/leejeongmin/Desktop/pjt_ws/install/ros_study_msgs/share/ros_study_msgs/package.zsh'
[8.996s] Level 1:colcon.colcon_core.environment:create_file_with_runtime_dependencies(/home/leejeongmin/Desktop/pjt_ws/install/ros_study_msgs/share/colcon-core/packages/ros_study_msgs)
[9.803s] DEBUG:colcon.colcon_core.event_handler.log_command:Invoking command in '/home/leejeongmin/Desktop/pjt_ws/src/turtlebot': PYTHONPATH=/home/leejeongmin/Desktop/pjt_ws/build/turtlebot/prefix_override:/usr/lib/python3/dist-packages/colcon_core/task/python/colcon_distutils_commands:/home/leejeongmin/Desktop/pjt_ws/install/turtlebot/lib/python3.10/site-packages:${PYTHONPATH} /usr/bin/python3 -W ignore:setup.py install is deprecated setup.py egg_info --egg-base ../../build/turtlebot build --build-base /home/leejeongmin/Desktop/pjt_ws/build/turtlebot/build install --record /home/leejeongmin/Desktop/pjt_ws/build/turtlebot/install.log --single-version-externally-managed install_data
[10.329s] Level 1:colcon.colcon_core.environment:create_environment_scripts_only(ros_study_msgs)
[10.333s] Level 1:colcon.colcon_core.environment:checking '/home/leejeongmin/Desktop/pjt_ws/install/ros_study_msgs' for CMake module files
[10.340s] Level 1:colcon.colcon_core.environment:checking '/home/leejeongmin/Desktop/pjt_ws/install/ros_study_msgs' for CMake config files
[10.347s] Level 1:colcon.colcon_core.shell:create_environment_hook('ros_study_msgs', 'cmake_prefix_path')
[10.350s] INFO:colcon.colcon_core.shell:Creating environment hook '/home/leejeongmin/Desktop/pjt_ws/install/ros_study_msgs/share/ros_study_msgs/hook/cmake_prefix_path.ps1'
[10.356s] INFO:colcon.colcon_core.shell:Creating environment descriptor '/home/leejeongmin/Desktop/pjt_ws/install/ros_study_msgs/share/ros_study_msgs/hook/cmake_prefix_path.dsv'
[10.369s] INFO:colcon.colcon_core.shell:Creating environment hook '/home/leejeongmin/Desktop/pjt_ws/install/ros_study_msgs/share/ros_study_msgs/hook/cmake_prefix_path.sh'
[10.386s] Level 1:colcon.colcon_core.environment:checking '/home/leejeongmin/Desktop/pjt_ws/install/ros_study_msgs/lib'
[10.389s] Level 1:colcon.colcon_core.shell:create_environment_hook('ros_study_msgs', 'ld_library_path_lib')
[10.394s] INFO:colcon.colcon_core.shell:Creating environment hook '/home/leejeongmin/Desktop/pjt_ws/install/ros_study_msgs/share/ros_study_msgs/hook/ld_library_path_lib.ps1'
[10.403s] INFO:colcon.colcon_core.shell:Creating environment descriptor '/home/leejeongmin/Desktop/pjt_ws/install/ros_study_msgs/share/ros_study_msgs/hook/ld_library_path_lib.dsv'
[10.408s] INFO:colcon.colcon_core.shell:Creating environment hook '/home/leejeongmin/Desktop/pjt_ws/install/ros_study_msgs/share/ros_study_msgs/hook/ld_library_path_lib.sh'
[10.413s] Level 1:colcon.colcon_core.environment:checking '/home/leejeongmin/Desktop/pjt_ws/install/ros_study_msgs/bin'
[10.414s] Level 1:colcon.colcon_core.environment:checking '/home/leejeongmin/Desktop/pjt_ws/install/ros_study_msgs/lib/pkgconfig/ros_study_msgs.pc'
[10.416s] Level 1:colcon.colcon_core.environment:checking '/home/leejeongmin/Desktop/pjt_ws/install/ros_study_msgs/lib/python3.10/site-packages'
[10.418s] Level 1:colcon.colcon_core.environment:checking '/home/leejeongmin/Desktop/pjt_ws/install/ros_study_msgs/bin'
[10.421s] INFO:colcon.colcon_core.shell:Creating package script '/home/leejeongmin/Desktop/pjt_ws/install/ros_study_msgs/share/ros_study_msgs/package.ps1'
[10.426s] INFO:colcon.colcon_core.shell:Creating package descriptor '/home/leejeongmin/Desktop/pjt_ws/install/ros_study_msgs/share/ros_study_msgs/package.dsv'
[10.431s] INFO:colcon.colcon_core.shell:Creating package script '/home/leejeongmin/Desktop/pjt_ws/install/ros_study_msgs/share/ros_study_msgs/package.sh'
[10.435s] INFO:colcon.colcon_core.shell:Creating package script '/home/leejeongmin/Desktop/pjt_ws/install/ros_study_msgs/share/ros_study_msgs/package.bash'
[10.440s] INFO:colcon.colcon_core.shell:Creating package script '/home/leejeongmin/Desktop/pjt_ws/install/ros_study_msgs/share/ros_study_msgs/package.zsh'
[10.445s] Level 1:colcon.colcon_core.environment:create_file_with_runtime_dependencies(/home/leejeongmin/Desktop/pjt_ws/install/ros_study_msgs/share/colcon-core/packages/ros_study_msgs)
[12.773s] Level 1:colcon.colcon_core.environment:checking '/home/leejeongmin/Desktop/pjt_ws/install/turtlebot' for CMake module files
[12.784s] DEBUG:colcon.colcon_core.event_handler.log_command:Invoked command in '/home/leejeongmin/Desktop/pjt_ws/src/turtlebot' returned '0': PYTHONPATH=/home/leejeongmin/Desktop/pjt_ws/build/turtlebot/prefix_override:/usr/lib/python3/dist-packages/colcon_core/task/python/colcon_distutils_commands:/home/leejeongmin/Desktop/pjt_ws/install/turtlebot/lib/python3.10/site-packages:${PYTHONPATH} /usr/bin/python3 -W ignore:setup.py install is deprecated setup.py egg_info --egg-base ../../build/turtlebot build --build-base /home/leejeongmin/Desktop/pjt_ws/build/turtlebot/build install --record /home/leejeongmin/Desktop/pjt_ws/build/turtlebot/install.log --single-version-externally-managed install_data
[12.787s] Level 1:colcon.colcon_core.environment:checking '/home/leejeongmin/Desktop/pjt_ws/install/turtlebot' for CMake config files
[12.792s] Level 1:colcon.colcon_core.environment:checking '/home/leejeongmin/Desktop/pjt_ws/install/turtlebot/lib'
[12.793s] Level 1:colcon.colcon_core.environment:checking '/home/leejeongmin/Desktop/pjt_ws/install/turtlebot/bin'
[12.793s] Level 1:colcon.colcon_core.environment:checking '/home/leejeongmin/Desktop/pjt_ws/install/turtlebot/lib/pkgconfig/turtlebot.pc'
[12.797s] Level 1:colcon.colcon_core.environment:checking '/home/leejeongmin/Desktop/pjt_ws/install/turtlebot/lib/python3.10/site-packages'
[12.797s] Level 1:colcon.colcon_core.shell:create_environment_hook('turtlebot', 'pythonpath')
[12.800s] INFO:colcon.colcon_core.shell:Creating environment hook '/home/leejeongmin/Desktop/pjt_ws/install/turtlebot/share/turtlebot/hook/pythonpath.ps1'
[12.804s] INFO:colcon.colcon_core.shell:Creating environment descriptor '/home/leejeongmin/Desktop/pjt_ws/install/turtlebot/share/turtlebot/hook/pythonpath.dsv'
[12.807s] INFO:colcon.colcon_core.shell:Creating environment hook '/home/leejeongmin/Desktop/pjt_ws/install/turtlebot/share/turtlebot/hook/pythonpath.sh'
[12.813s] Level 1:colcon.colcon_core.environment:checking '/home/leejeongmin/Desktop/pjt_ws/install/turtlebot/bin'
[12.813s] Level 1:colcon.colcon_core.environment:create_environment_scripts_only(turtlebot)
[12.816s] INFO:colcon.colcon_core.shell:Creating package script '/home/leejeongmin/Desktop/pjt_ws/install/turtlebot/share/turtlebot/package.ps1'
[12.821s] INFO:colcon.colcon_core.shell:Creating package descriptor '/home/leejeongmin/Desktop/pjt_ws/install/turtlebot/share/turtlebot/package.dsv'
[12.825s] INFO:colcon.colcon_core.shell:Creating package script '/home/leejeongmin/Desktop/pjt_ws/install/turtlebot/share/turtlebot/package.sh'
[12.829s] INFO:colcon.colcon_core.shell:Creating package script '/home/leejeongmin/Desktop/pjt_ws/install/turtlebot/share/turtlebot/package.bash'
[12.833s] INFO:colcon.colcon_core.shell:Creating package script '/home/leejeongmin/Desktop/pjt_ws/install/turtlebot/share/turtlebot/package.zsh'
[12.835s] Level 1:colcon.colcon_core.environment:create_file_with_runtime_dependencies(/home/leejeongmin/Desktop/pjt_ws/install/turtlebot/share/colcon-core/packages/turtlebot)
[12.838s] DEBUG:colcon.colcon_parallel_executor.executor.parallel:closing loop
[12.841s] DEBUG:colcon.colcon_parallel_executor.executor.parallel:loop closed
[12.842s] DEBUG:colcon.colcon_parallel_executor.executor.parallel:run_until_complete finished with '0'
[12.843s] DEBUG:colcon.colcon_core.event_reactor:joining thread
[12.915s] INFO:colcon.colcon_core.plugin_system:Skipping extension 'colcon_notification.desktop_notification.terminal_notifier': Not used on non-Darwin systems
[12.917s] INFO:colcon.colcon_core.plugin_system:Skipping extension 'colcon_notification.desktop_notification.win32': Not used on non-Windows systems
[12.918s] INFO:colcon.colcon_notification.desktop_notification:Sending desktop notification using 'notify2'
[13.018s] DEBUG:colcon.colcon_core.event_reactor:joined thread
[13.022s] INFO:colcon.colcon_core.shell:Creating prefix script '/home/leejeongmin/Desktop/pjt_ws/install/local_setup.ps1'
[13.033s] INFO:colcon.colcon_core.shell:Creating prefix util module '/home/leejeongmin/Desktop/pjt_ws/install/_local_setup_util_ps1.py'
[13.054s] INFO:colcon.colcon_core.shell:Creating prefix chain script '/home/leejeongmin/Desktop/pjt_ws/install/setup.ps1'
[13.071s] INFO:colcon.colcon_core.shell:Creating prefix script '/home/leejeongmin/Desktop/pjt_ws/install/local_setup.sh'
[13.077s] INFO:colcon.colcon_core.shell:Creating prefix util module '/home/leejeongmin/Desktop/pjt_ws/install/_local_setup_util_sh.py'
[13.084s] INFO:colcon.colcon_core.shell:Creating prefix chain script '/home/leejeongmin/Desktop/pjt_ws/install/setup.sh'
[13.099s] INFO:colcon.colcon_core.shell:Creating prefix script '/home/leejeongmin/Desktop/pjt_ws/install/local_setup.bash'
[13.103s] INFO:colcon.colcon_core.shell:Creating prefix chain script '/home/leejeongmin/Desktop/pjt_ws/install/setup.bash'
[13.114s] INFO:colcon.colcon_core.shell:Creating prefix script '/home/leejeongmin/Desktop/pjt_ws/install/local_setup.zsh'
[13.119s] INFO:colcon.colcon_core.shell:Creating prefix chain script '/home/leejeongmin/Desktop/pjt_ws/install/setup.zsh'
