/home/leejeongmin/Desktop/pjt_ws/install/turtlebot/lib/python3.10/site-packages/turtlebot/client_copy.py
/home/leejeongmin/Desktop/pjt_ws/install/turtlebot/lib/python3.10/site-packages/turtlebot/Order_client.py
/home/leejeongmin/Desktop/pjt_ws/install/turtlebot/lib/python3.10/site-packages/turtlebot/gui_pyqt.py
/home/leejeongmin/Desktop/pjt_ws/install/turtlebot/lib/python3.10/site-packages/turtlebot/pub_topic.py
/home/leejeongmin/Desktop/pjt_ws/install/turtlebot/lib/python3.10/site-packages/turtlebot/Kitchen_server.py
/home/leejeongmin/Desktop/pjt_ws/install/turtlebot/lib/python3.10/site-packages/turtlebot/Order_client copy 3.py
/home/leejeongmin/Desktop/pjt_ws/install/turtlebot/lib/python3.10/site-packages/turtlebot/Kitchen_server copy.py
/home/leejeongmin/Desktop/pjt_ws/install/turtlebot/lib/python3.10/site-packages/turtlebot/backup_service_server.py
/home/leejeongmin/Desktop/pjt_ws/install/turtlebot/lib/python3.10/site-packages/turtlebot/__init__.py
/home/leejeongmin/Desktop/pjt_ws/install/turtlebot/lib/python3.10/site-packages/turtlebot/sub_topic.py
/home/leejeongmin/Desktop/pjt_ws/install/turtlebot/lib/python3.10/site-packages/turtlebot/__pycache__/client_copy.cpython-310.pyc
/home/leejeongmin/Desktop/pjt_ws/install/turtlebot/lib/python3.10/site-packages/turtlebot/__pycache__/Order_client.cpython-310.pyc
/home/leejeongmin/Desktop/pjt_ws/install/turtlebot/lib/python3.10/site-packages/turtlebot/__pycache__/gui_pyqt.cpython-310.pyc
/home/leejeongmin/Desktop/pjt_ws/install/turtlebot/lib/python3.10/site-packages/turtlebot/__pycache__/pub_topic.cpython-310.pyc
/home/leejeongmin/Desktop/pjt_ws/install/turtlebot/lib/python3.10/site-packages/turtlebot/__pycache__/Kitchen_server.cpython-310.pyc
/home/leejeongmin/Desktop/pjt_ws/install/turtlebot/lib/python3.10/site-packages/turtlebot/__pycache__/Order_client copy 3.cpython-310.pyc
/home/leejeongmin/Desktop/pjt_ws/install/turtlebot/lib/python3.10/site-packages/turtlebot/__pycache__/Kitchen_server copy.cpython-310.pyc
/home/leejeongmin/Desktop/pjt_ws/install/turtlebot/lib/python3.10/site-packages/turtlebot/__pycache__/backup_service_server.cpython-310.pyc
/home/leejeongmin/Desktop/pjt_ws/install/turtlebot/lib/python3.10/site-packages/turtlebot/__pycache__/__init__.cpython-310.pyc
/home/leejeongmin/Desktop/pjt_ws/install/turtlebot/lib/python3.10/site-packages/turtlebot/__pycache__/sub_topic.cpython-310.pyc
/home/leejeongmin/Desktop/pjt_ws/install/turtlebot/share/ament_index/resource_index/packages/turtlebot
/home/leejeongmin/Desktop/pjt_ws/install/turtlebot/share/turtlebot/package.xml
/home/leejeongmin/Desktop/pjt_ws/install/turtlebot/share/turtlebot/launch
/home/leejeongmin/Desktop/pjt_ws/install/turtlebot/share/turtlebot/urdf
/home/leejeongmin/Desktop/pjt_ws/install/turtlebot/lib/python3.10/site-packages/turtlebot-0.0.0-py3.10.egg-info/PKG-INFO
/home/leejeongmin/Desktop/pjt_ws/install/turtlebot/lib/python3.10/site-packages/turtlebot-0.0.0-py3.10.egg-info/entry_points.txt
/home/leejeongmin/Desktop/pjt_ws/install/turtlebot/lib/python3.10/site-packages/turtlebot-0.0.0-py3.10.egg-info/dependency_links.txt
/home/leejeongmin/Desktop/pjt_ws/install/turtlebot/lib/python3.10/site-packages/turtlebot-0.0.0-py3.10.egg-info/top_level.txt
/home/leejeongmin/Desktop/pjt_ws/install/turtlebot/lib/python3.10/site-packages/turtlebot-0.0.0-py3.10.egg-info/SOURCES.txt
/home/leejeongmin/Desktop/pjt_ws/install/turtlebot/lib/python3.10/site-packages/turtlebot-0.0.0-py3.10.egg-info/requires.txt
/home/leejeongmin/Desktop/pjt_ws/install/turtlebot/lib/python3.10/site-packages/turtlebot-0.0.0-py3.10.egg-info/zip-safe
/home/leejeongmin/Desktop/pjt_ws/install/turtlebot/lib/turtlebot/pub_topic
/home/leejeongmin/Desktop/pjt_ws/install/turtlebot/lib/turtlebot/send_goal
/home/leejeongmin/Desktop/pjt_ws/install/turtlebot/lib/turtlebot/sub_topic
/home/leejeongmin/Desktop/pjt_ws/install/turtlebot/lib/turtlebot/turtlebot_test
/home/leejeongmin/Desktop/pjt_ws/install/turtlebot/lib/turtlebot/turtlebot_test1
