[0.014s] Invoking command in '/home/leejeongmin/Desktop/pjt_ws/build/ros_study_msgs': CMAKE_PREFIX_PATH=${CMAKE_PREFIX_PATH}:/home/leejeongmin/Desktop/pjt_ws/install/turtlebot:/home/leejeongmin/Desktop/restaurant_ws/install/restaurant:/home/leejeongmin/turtlebot3_ws/install/turtlebot3_teleop:/home/leejeongmin/turtlebot3_ws/install/turtlebot3_example:/opt/ros/humble /usr/bin/cmake --build /home/leejeongmin/Desktop/pjt_ws/build/ros_study_msgs -- -j12 -l12
[0.079s] [  1%] Built target ros_study_msgs__cpp
[0.085s] [ 12%] Built target ros_study_msgs__rosidl_generator_c
[0.093s] [ 12%] Built target ament_cmake_python_copy_ros_study_msgs
[0.109s] [ 23%] Built target ros_study_msgs__rosidl_typesupport_introspection_c
[0.111s] [ 39%] Built target ros_study_msgs__rosidl_typesupport_c
[0.111s] [ 54%] Built target ros_study_msgs__rosidl_typesupport_introspection_cpp
[0.112s] [ 57%] Built target ros_study_msgs__rosidl_typesupport_fastrtps_cpp
[0.114s] [ 69%] Built target ros_study_msgs__rosidl_typesupport_cpp
[0.116s] [ 80%] Built target ros_study_msgs__rosidl_typesupport_fastrtps_c
[0.142s] [ 80%] Built target ros_study_msgs
[0.168s] [ 81%] Built target ros_study_msgs__py
[0.199s] [ 91%] Built target ros_study_msgs__rosidl_generator_py
[0.222s] [ 94%] Built target ros_study_msgs__rosidl_typesupport_introspection_c__pyext
[0.223s] [ 97%] Built target ros_study_msgs__rosidl_typesupport_c__pyext
[0.226s] [100%] Built target ros_study_msgs__rosidl_typesupport_fastrtps_c__pyext
[0.394s] running egg_info
[0.394s] writing ros_study_msgs.egg-info/PKG-INFO
[0.394s] writing dependency_links to ros_study_msgs.egg-info/dependency_links.txt
[0.394s] writing top-level names to ros_study_msgs.egg-info/top_level.txt
[0.397s] reading manifest file 'ros_study_msgs.egg-info/SOURCES.txt'
[0.397s] writing manifest file 'ros_study_msgs.egg-info/SOURCES.txt'
[0.424s] [100%] Built target ament_cmake_python_build_ros_study_msgs_egg
[0.438s] Invoked command in '/home/leejeongmin/Desktop/pjt_ws/build/ros_study_msgs' returned '0': CMAKE_PREFIX_PATH=${CMAKE_PREFIX_PATH}:/home/leejeongmin/Desktop/pjt_ws/install/turtlebot:/home/leejeongmin/Desktop/restaurant_ws/install/restaurant:/home/leejeongmin/turtlebot3_ws/install/turtlebot3_teleop:/home/leejeongmin/turtlebot3_ws/install/turtlebot3_example:/opt/ros/humble /usr/bin/cmake --build /home/leejeongmin/Desktop/pjt_ws/build/ros_study_msgs -- -j12 -l12
[0.658s] Invoking command in '/home/leejeongmin/Desktop/pjt_ws/build/ros_study_msgs': CMAKE_PREFIX_PATH=${CMAKE_PREFIX_PATH}:/home/leejeongmin/Desktop/pjt_ws/install/turtlebot:/home/leejeongmin/Desktop/restaurant_ws/install/restaurant:/home/leejeongmin/turtlebot3_ws/install/turtlebot3_teleop:/home/leejeongmin/turtlebot3_ws/install/turtlebot3_example:/opt/ros/humble /usr/bin/cmake --install /home/leejeongmin/Desktop/pjt_ws/build/ros_study_msgs
[0.668s] -- Install configuration: ""
[0.668s] -- Up-to-date: /home/leejeongmin/Desktop/pjt_ws/install/ros_study_msgs/share/ament_index/resource_index/rosidl_interfaces/ros_study_msgs
[0.668s] -- Up-to-date: /home/leejeongmin/Desktop/pjt_ws/install/ros_study_msgs/include/ros_study_msgs/ros_study_msgs
[0.668s] -- Up-to-date: /home/leejeongmin/Desktop/pjt_ws/install/ros_study_msgs/include/ros_study_msgs/ros_study_msgs/action
[0.669s] -- Up-to-date: /home/leejeongmin/Desktop/pjt_ws/install/ros_study_msgs/include/ros_study_msgs/ros_study_msgs/action/detail
[0.669s] -- Up-to-date: /home/leejeongmin/Desktop/pjt_ws/install/ros_study_msgs/include/ros_study_msgs/ros_study_msgs/action/detail/arithmetic_checker__type_support.h
[0.669s] -- Up-to-date: /home/leejeongmin/Desktop/pjt_ws/install/ros_study_msgs/include/ros_study_msgs/ros_study_msgs/action/detail/my_action__type_support.h
[0.669s] -- Up-to-date: /home/leejeongmin/Desktop/pjt_ws/install/ros_study_msgs/include/ros_study_msgs/ros_study_msgs/action/detail/arithmetic_checker__struct.h
[0.669s] -- Up-to-date: /home/leejeongmin/Desktop/pjt_ws/install/ros_study_msgs/include/ros_study_msgs/ros_study_msgs/action/detail/arithmetic_checker__functions.h
[0.670s] -- Up-to-date: /home/leejeongmin/Desktop/pjt_ws/install/ros_study_msgs/include/ros_study_msgs/ros_study_msgs/action/detail/my_action__functions.h
[0.670s] -- Up-to-date: /home/leejeongmin/Desktop/pjt_ws/install/ros_study_msgs/include/ros_study_msgs/ros_study_msgs/action/detail/arithmetic_checker__functions.c
[0.670s] -- Up-to-date: /home/leejeongmin/Desktop/pjt_ws/install/ros_study_msgs/include/ros_study_msgs/ros_study_msgs/action/detail/my_action__functions.c
[0.670s] -- Up-to-date: /home/leejeongmin/Desktop/pjt_ws/install/ros_study_msgs/include/ros_study_msgs/ros_study_msgs/action/detail/my_action__struct.h
[0.670s] -- Up-to-date: /home/leejeongmin/Desktop/pjt_ws/install/ros_study_msgs/include/ros_study_msgs/ros_study_msgs/action/arithmetic_checker.h
[0.670s] -- Up-to-date: /home/leejeongmin/Desktop/pjt_ws/install/ros_study_msgs/include/ros_study_msgs/ros_study_msgs/action/my_action.h
[0.670s] -- Up-to-date: /home/leejeongmin/Desktop/pjt_ws/install/ros_study_msgs/include/ros_study_msgs/ros_study_msgs/msg
[0.670s] -- Up-to-date: /home/leejeongmin/Desktop/pjt_ws/install/ros_study_msgs/include/ros_study_msgs/ros_study_msgs/msg/arithmetic_argument.h
[0.670s] -- Up-to-date: /home/leejeongmin/Desktop/pjt_ws/install/ros_study_msgs/include/ros_study_msgs/ros_study_msgs/msg/rosidl_generator_c__visibility_control.h
[0.670s] -- Up-to-date: /home/leejeongmin/Desktop/pjt_ws/install/ros_study_msgs/include/ros_study_msgs/ros_study_msgs/msg/detail
[0.670s] -- Up-to-date: /home/leejeongmin/Desktop/pjt_ws/install/ros_study_msgs/include/ros_study_msgs/ros_study_msgs/msg/detail/arithmetic_argument__struct.h
[0.670s] -- Up-to-date: /home/leejeongmin/Desktop/pjt_ws/install/ros_study_msgs/include/ros_study_msgs/ros_study_msgs/msg/detail/arithmetic_argument__type_support.h
[0.670s] -- Up-to-date: /home/leejeongmin/Desktop/pjt_ws/install/ros_study_msgs/include/ros_study_msgs/ros_study_msgs/msg/detail/arithmetic_argument__functions.c
[0.670s] -- Up-to-date: /home/leejeongmin/Desktop/pjt_ws/install/ros_study_msgs/include/ros_study_msgs/ros_study_msgs/msg/detail/my_msg__functions.c
[0.670s] -- Up-to-date: /home/leejeongmin/Desktop/pjt_ws/install/ros_study_msgs/include/ros_study_msgs/ros_study_msgs/msg/detail/my_msg__functions.h
[0.670s] -- Up-to-date: /home/leejeongmin/Desktop/pjt_ws/install/ros_study_msgs/include/ros_study_msgs/ros_study_msgs/msg/detail/my_msg__struct.h
[0.671s] -- Up-to-date: /home/leejeongmin/Desktop/pjt_ws/install/ros_study_msgs/include/ros_study_msgs/ros_study_msgs/msg/detail/my_msg__type_support.h
[0.671s] -- Up-to-date: /home/leejeongmin/Desktop/pjt_ws/install/ros_study_msgs/include/ros_study_msgs/ros_study_msgs/msg/detail/arithmetic_argument__functions.h
[0.671s] -- Up-to-date: /home/leejeongmin/Desktop/pjt_ws/install/ros_study_msgs/include/ros_study_msgs/ros_study_msgs/msg/my_msg.h
[0.671s] -- Up-to-date: /home/leejeongmin/Desktop/pjt_ws/install/ros_study_msgs/include/ros_study_msgs/ros_study_msgs/srv
[0.671s] -- Up-to-date: /home/leejeongmin/Desktop/pjt_ws/install/ros_study_msgs/include/ros_study_msgs/ros_study_msgs/srv/my_srv.h
[0.671s] -- Up-to-date: /home/leejeongmin/Desktop/pjt_ws/install/ros_study_msgs/include/ros_study_msgs/ros_study_msgs/srv/arithmetic_operator.h
[0.671s] -- Up-to-date: /home/leejeongmin/Desktop/pjt_ws/install/ros_study_msgs/include/ros_study_msgs/ros_study_msgs/srv/detail
[0.671s] -- Up-to-date: /home/leejeongmin/Desktop/pjt_ws/install/ros_study_msgs/include/ros_study_msgs/ros_study_msgs/srv/detail/arithmetic_operator__functions.h
[0.671s] -- Up-to-date: /home/leejeongmin/Desktop/pjt_ws/install/ros_study_msgs/include/ros_study_msgs/ros_study_msgs/srv/detail/my_srv__functions.h
[0.671s] -- Up-to-date: /home/leejeongmin/Desktop/pjt_ws/install/ros_study_msgs/include/ros_study_msgs/ros_study_msgs/srv/detail/my_srv__type_support.h
[0.671s] -- Up-to-date: /home/leejeongmin/Desktop/pjt_ws/install/ros_study_msgs/include/ros_study_msgs/ros_study_msgs/srv/detail/arithmetic_operator__struct.h
[0.671s] -- Up-to-date: /home/leejeongmin/Desktop/pjt_ws/install/ros_study_msgs/include/ros_study_msgs/ros_study_msgs/srv/detail/my_srv__struct.h
[0.671s] -- Up-to-date: /home/leejeongmin/Desktop/pjt_ws/install/ros_study_msgs/include/ros_study_msgs/ros_study_msgs/srv/detail/arithmetic_operator__functions.c
[0.671s] -- Up-to-date: /home/leejeongmin/Desktop/pjt_ws/install/ros_study_msgs/include/ros_study_msgs/ros_study_msgs/srv/detail/my_srv__functions.c
[0.671s] -- Up-to-date: /home/leejeongmin/Desktop/pjt_ws/install/ros_study_msgs/include/ros_study_msgs/ros_study_msgs/srv/detail/arithmetic_operator__type_support.h
[0.671s] -- Up-to-date: /home/leejeongmin/Desktop/pjt_ws/install/ros_study_msgs/share/ros_study_msgs/environment/library_path.sh
[0.671s] -- Up-to-date: /home/leejeongmin/Desktop/pjt_ws/install/ros_study_msgs/share/ros_study_msgs/environment/library_path.dsv
[0.671s] -- Up-to-date: /home/leejeongmin/Desktop/pjt_ws/install/ros_study_msgs/lib/libros_study_msgs__rosidl_generator_c.so
[0.671s] -- Up-to-date: /home/leejeongmin/Desktop/pjt_ws/install/ros_study_msgs/include/ros_study_msgs/ros_study_msgs
[0.672s] -- Up-to-date: /home/leejeongmin/Desktop/pjt_ws/install/ros_study_msgs/include/ros_study_msgs/ros_study_msgs/action
[0.672s] -- Up-to-date: /home/leejeongmin/Desktop/pjt_ws/install/ros_study_msgs/include/ros_study_msgs/ros_study_msgs/action/detail
[0.672s] -- Up-to-date: /home/leejeongmin/Desktop/pjt_ws/install/ros_study_msgs/include/ros_study_msgs/ros_study_msgs/action/detail/my_action__rosidl_typesupport_fastrtps_c.h
[0.672s] -- Up-to-date: /home/leejeongmin/Desktop/pjt_ws/install/ros_study_msgs/include/ros_study_msgs/ros_study_msgs/action/detail/arithmetic_checker__rosidl_typesupport_fastrtps_c.h
[0.672s] -- Up-to-date: /home/leejeongmin/Desktop/pjt_ws/install/ros_study_msgs/include/ros_study_msgs/ros_study_msgs/msg
[0.672s] -- Up-to-date: /home/leejeongmin/Desktop/pjt_ws/install/ros_study_msgs/include/ros_study_msgs/ros_study_msgs/msg/rosidl_typesupport_fastrtps_c__visibility_control.h
[0.673s] -- Up-to-date: /home/leejeongmin/Desktop/pjt_ws/install/ros_study_msgs/include/ros_study_msgs/ros_study_msgs/msg/detail
[0.673s] -- Up-to-date: /home/leejeongmin/Desktop/pjt_ws/install/ros_study_msgs/include/ros_study_msgs/ros_study_msgs/msg/detail/arithmetic_argument__rosidl_typesupport_fastrtps_c.h
[0.673s] -- Up-to-date: /home/leejeongmin/Desktop/pjt_ws/install/ros_study_msgs/include/ros_study_msgs/ros_study_msgs/msg/detail/my_msg__rosidl_typesupport_fastrtps_c.h
[0.673s] -- Up-to-date: /home/leejeongmin/Desktop/pjt_ws/install/ros_study_msgs/include/ros_study_msgs/ros_study_msgs/srv
[0.673s] -- Up-to-date: /home/leejeongmin/Desktop/pjt_ws/install/ros_study_msgs/include/ros_study_msgs/ros_study_msgs/srv/detail
[0.673s] -- Up-to-date: /home/leejeongmin/Desktop/pjt_ws/install/ros_study_msgs/include/ros_study_msgs/ros_study_msgs/srv/detail/arithmetic_operator__rosidl_typesupport_fastrtps_c.h
[0.673s] -- Up-to-date: /home/leejeongmin/Desktop/pjt_ws/install/ros_study_msgs/include/ros_study_msgs/ros_study_msgs/srv/detail/my_srv__rosidl_typesupport_fastrtps_c.h
[0.674s] -- Up-to-date: /home/leejeongmin/Desktop/pjt_ws/install/ros_study_msgs/lib/libros_study_msgs__rosidl_typesupport_fastrtps_c.so
[0.674s] -- Up-to-date: /home/leejeongmin/Desktop/pjt_ws/install/ros_study_msgs/include/ros_study_msgs/ros_study_msgs
[0.674s] -- Up-to-date: /home/leejeongmin/Desktop/pjt_ws/install/ros_study_msgs/include/ros_study_msgs/ros_study_msgs/action
[0.674s] -- Up-to-date: /home/leejeongmin/Desktop/pjt_ws/install/ros_study_msgs/include/ros_study_msgs/ros_study_msgs/action/my_action.hpp
[0.674s] -- Up-to-date: /home/leejeongmin/Desktop/pjt_ws/install/ros_study_msgs/include/ros_study_msgs/ros_study_msgs/action/arithmetic_checker.hpp
[0.674s] -- Up-to-date: /home/leejeongmin/Desktop/pjt_ws/install/ros_study_msgs/include/ros_study_msgs/ros_study_msgs/action/detail
[0.674s] -- Up-to-date: /home/leejeongmin/Desktop/pjt_ws/install/ros_study_msgs/include/ros_study_msgs/ros_study_msgs/action/detail/my_action__struct.hpp
[0.674s] -- Up-to-date: /home/leejeongmin/Desktop/pjt_ws/install/ros_study_msgs/include/ros_study_msgs/ros_study_msgs/action/detail/my_action__traits.hpp
[0.674s] -- Up-to-date: /home/leejeongmin/Desktop/pjt_ws/install/ros_study_msgs/include/ros_study_msgs/ros_study_msgs/action/detail/my_action__builder.hpp
[0.674s] -- Up-to-date: /home/leejeongmin/Desktop/pjt_ws/install/ros_study_msgs/include/ros_study_msgs/ros_study_msgs/action/detail/arithmetic_checker__struct.hpp
[0.674s] -- Up-to-date: /home/leejeongmin/Desktop/pjt_ws/install/ros_study_msgs/include/ros_study_msgs/ros_study_msgs/action/detail/arithmetic_checker__builder.hpp
[0.674s] -- Up-to-date: /home/leejeongmin/Desktop/pjt_ws/install/ros_study_msgs/include/ros_study_msgs/ros_study_msgs/action/detail/arithmetic_checker__traits.hpp
[0.675s] -- Up-to-date: /home/leejeongmin/Desktop/pjt_ws/install/ros_study_msgs/include/ros_study_msgs/ros_study_msgs/msg
[0.675s] -- Up-to-date: /home/leejeongmin/Desktop/pjt_ws/install/ros_study_msgs/include/ros_study_msgs/ros_study_msgs/msg/arithmetic_argument.hpp
[0.675s] -- Up-to-date: /home/leejeongmin/Desktop/pjt_ws/install/ros_study_msgs/include/ros_study_msgs/ros_study_msgs/msg/detail
[0.675s] -- Up-to-date: /home/leejeongmin/Desktop/pjt_ws/install/ros_study_msgs/include/ros_study_msgs/ros_study_msgs/msg/detail/my_msg__builder.hpp
[0.675s] -- Up-to-date: /home/leejeongmin/Desktop/pjt_ws/install/ros_study_msgs/include/ros_study_msgs/ros_study_msgs/msg/detail/arithmetic_argument__struct.hpp
[0.675s] -- Up-to-date: /home/leejeongmin/Desktop/pjt_ws/install/ros_study_msgs/include/ros_study_msgs/ros_study_msgs/msg/detail/arithmetic_argument__builder.hpp
[0.675s] -- Up-to-date: /home/leejeongmin/Desktop/pjt_ws/install/ros_study_msgs/include/ros_study_msgs/ros_study_msgs/msg/detail/arithmetic_argument__traits.hpp
[0.675s] -- Up-to-date: /home/leejeongmin/Desktop/pjt_ws/install/ros_study_msgs/include/ros_study_msgs/ros_study_msgs/msg/detail/my_msg__struct.hpp
[0.675s] -- Up-to-date: /home/leejeongmin/Desktop/pjt_ws/install/ros_study_msgs/include/ros_study_msgs/ros_study_msgs/msg/detail/my_msg__traits.hpp
[0.675s] -- Up-to-date: /home/leejeongmin/Desktop/pjt_ws/install/ros_study_msgs/include/ros_study_msgs/ros_study_msgs/msg/my_msg.hpp
[0.675s] -- Up-to-date: /home/leejeongmin/Desktop/pjt_ws/install/ros_study_msgs/include/ros_study_msgs/ros_study_msgs/srv
[0.675s] -- Up-to-date: /home/leejeongmin/Desktop/pjt_ws/install/ros_study_msgs/include/ros_study_msgs/ros_study_msgs/srv/arithmetic_operator.hpp
[0.676s] -- Up-to-date: /home/leejeongmin/Desktop/pjt_ws/install/ros_study_msgs/include/ros_study_msgs/ros_study_msgs/srv/my_srv.hpp
[0.676s] -- Up-to-date: /home/leejeongmin/Desktop/pjt_ws/install/ros_study_msgs/include/ros_study_msgs/ros_study_msgs/srv/detail
[0.676s] -- Up-to-date: /home/leejeongmin/Desktop/pjt_ws/install/ros_study_msgs/include/ros_study_msgs/ros_study_msgs/srv/detail/arithmetic_operator__struct.hpp
[0.676s] -- Up-to-date: /home/leejeongmin/Desktop/pjt_ws/install/ros_study_msgs/include/ros_study_msgs/ros_study_msgs/srv/detail/arithmetic_operator__builder.hpp
[0.676s] -- Up-to-date: /home/leejeongmin/Desktop/pjt_ws/install/ros_study_msgs/include/ros_study_msgs/ros_study_msgs/srv/detail/my_srv__builder.hpp
[0.676s] -- Up-to-date: /home/leejeongmin/Desktop/pjt_ws/install/ros_study_msgs/include/ros_study_msgs/ros_study_msgs/srv/detail/arithmetic_operator__traits.hpp
[0.676s] -- Up-to-date: /home/leejeongmin/Desktop/pjt_ws/install/ros_study_msgs/include/ros_study_msgs/ros_study_msgs/srv/detail/my_srv__traits.hpp
[0.676s] -- Up-to-date: /home/leejeongmin/Desktop/pjt_ws/install/ros_study_msgs/include/ros_study_msgs/ros_study_msgs/srv/detail/my_srv__struct.hpp
[0.676s] -- Up-to-date: /home/leejeongmin/Desktop/pjt_ws/install/ros_study_msgs/include/ros_study_msgs/ros_study_msgs
[0.676s] -- Up-to-date: /home/leejeongmin/Desktop/pjt_ws/install/ros_study_msgs/include/ros_study_msgs/ros_study_msgs/action
[0.676s] -- Up-to-date: /home/leejeongmin/Desktop/pjt_ws/install/ros_study_msgs/include/ros_study_msgs/ros_study_msgs/action/detail
[0.677s] -- Up-to-date: /home/leejeongmin/Desktop/pjt_ws/install/ros_study_msgs/include/ros_study_msgs/ros_study_msgs/action/detail/arithmetic_checker__rosidl_typesupport_fastrtps_cpp.hpp
[0.677s] -- Up-to-date: /home/leejeongmin/Desktop/pjt_ws/install/ros_study_msgs/include/ros_study_msgs/ros_study_msgs/action/detail/dds_fastrtps
[0.677s] -- Up-to-date: /home/leejeongmin/Desktop/pjt_ws/install/ros_study_msgs/include/ros_study_msgs/ros_study_msgs/action/detail/my_action__rosidl_typesupport_fastrtps_cpp.hpp
[0.677s] -- Up-to-date: /home/leejeongmin/Desktop/pjt_ws/install/ros_study_msgs/include/ros_study_msgs/ros_study_msgs/msg
[0.677s] -- Up-to-date: /home/leejeongmin/Desktop/pjt_ws/install/ros_study_msgs/include/ros_study_msgs/ros_study_msgs/msg/detail
[0.677s] -- Up-to-date: /home/leejeongmin/Desktop/pjt_ws/install/ros_study_msgs/include/ros_study_msgs/ros_study_msgs/msg/detail/arithmetic_argument__rosidl_typesupport_fastrtps_cpp.hpp
[0.677s] -- Up-to-date: /home/leejeongmin/Desktop/pjt_ws/install/ros_study_msgs/include/ros_study_msgs/ros_study_msgs/msg/detail/dds_fastrtps
[0.677s] -- Up-to-date: /home/leejeongmin/Desktop/pjt_ws/install/ros_study_msgs/include/ros_study_msgs/ros_study_msgs/msg/detail/my_msg__rosidl_typesupport_fastrtps_cpp.hpp
[0.677s] -- Up-to-date: /home/leejeongmin/Desktop/pjt_ws/install/ros_study_msgs/include/ros_study_msgs/ros_study_msgs/msg/rosidl_typesupport_fastrtps_cpp__visibility_control.h
[0.677s] -- Up-to-date: /home/leejeongmin/Desktop/pjt_ws/install/ros_study_msgs/include/ros_study_msgs/ros_study_msgs/srv
[0.677s] -- Up-to-date: /home/leejeongmin/Desktop/pjt_ws/install/ros_study_msgs/include/ros_study_msgs/ros_study_msgs/srv/detail
[0.678s] -- Up-to-date: /home/leejeongmin/Desktop/pjt_ws/install/ros_study_msgs/include/ros_study_msgs/ros_study_msgs/srv/detail/dds_fastrtps
[0.678s] -- Up-to-date: /home/leejeongmin/Desktop/pjt_ws/install/ros_study_msgs/include/ros_study_msgs/ros_study_msgs/srv/detail/arithmetic_operator__rosidl_typesupport_fastrtps_cpp.hpp
[0.678s] -- Up-to-date: /home/leejeongmin/Desktop/pjt_ws/install/ros_study_msgs/include/ros_study_msgs/ros_study_msgs/srv/detail/my_srv__rosidl_typesupport_fastrtps_cpp.hpp
[0.678s] -- Up-to-date: /home/leejeongmin/Desktop/pjt_ws/install/ros_study_msgs/lib/libros_study_msgs__rosidl_typesupport_fastrtps_cpp.so
[0.678s] -- Up-to-date: /home/leejeongmin/Desktop/pjt_ws/install/ros_study_msgs/include/ros_study_msgs/ros_study_msgs
[0.678s] -- Up-to-date: /home/leejeongmin/Desktop/pjt_ws/install/ros_study_msgs/include/ros_study_msgs/ros_study_msgs/action
[0.678s] -- Up-to-date: /home/leejeongmin/Desktop/pjt_ws/install/ros_study_msgs/include/ros_study_msgs/ros_study_msgs/action/detail
[0.678s] -- Up-to-date: /home/leejeongmin/Desktop/pjt_ws/install/ros_study_msgs/include/ros_study_msgs/ros_study_msgs/action/detail/my_action__type_support.c
[0.678s] -- Up-to-date: /home/leejeongmin/Desktop/pjt_ws/install/ros_study_msgs/include/ros_study_msgs/ros_study_msgs/action/detail/arithmetic_checker__rosidl_typesupport_introspection_c.h
[0.678s] -- Up-to-date: /home/leejeongmin/Desktop/pjt_ws/install/ros_study_msgs/include/ros_study_msgs/ros_study_msgs/action/detail/my_action__rosidl_typesupport_introspection_c.h
[0.678s] -- Up-to-date: /home/leejeongmin/Desktop/pjt_ws/install/ros_study_msgs/include/ros_study_msgs/ros_study_msgs/action/detail/arithmetic_checker__type_support.c
[0.679s] -- Up-to-date: /home/leejeongmin/Desktop/pjt_ws/install/ros_study_msgs/include/ros_study_msgs/ros_study_msgs/msg
[0.679s] -- Up-to-date: /home/leejeongmin/Desktop/pjt_ws/install/ros_study_msgs/include/ros_study_msgs/ros_study_msgs/msg/detail
[0.679s] -- Up-to-date: /home/leejeongmin/Desktop/pjt_ws/install/ros_study_msgs/include/ros_study_msgs/ros_study_msgs/msg/detail/my_msg__rosidl_typesupport_introspection_c.h
[0.679s] -- Up-to-date: /home/leejeongmin/Desktop/pjt_ws/install/ros_study_msgs/include/ros_study_msgs/ros_study_msgs/msg/detail/my_msg__type_support.c
[0.679s] -- Up-to-date: /home/leejeongmin/Desktop/pjt_ws/install/ros_study_msgs/include/ros_study_msgs/ros_study_msgs/msg/detail/arithmetic_argument__rosidl_typesupport_introspection_c.h
[0.679s] -- Up-to-date: /home/leejeongmin/Desktop/pjt_ws/install/ros_study_msgs/include/ros_study_msgs/ros_study_msgs/msg/detail/arithmetic_argument__type_support.c
[0.679s] -- Up-to-date: /home/leejeongmin/Desktop/pjt_ws/install/ros_study_msgs/include/ros_study_msgs/ros_study_msgs/msg/rosidl_typesupport_introspection_c__visibility_control.h
[0.679s] -- Up-to-date: /home/leejeongmin/Desktop/pjt_ws/install/ros_study_msgs/include/ros_study_msgs/ros_study_msgs/srv
[0.679s] -- Up-to-date: /home/leejeongmin/Desktop/pjt_ws/install/ros_study_msgs/include/ros_study_msgs/ros_study_msgs/srv/detail
[0.679s] -- Up-to-date: /home/leejeongmin/Desktop/pjt_ws/install/ros_study_msgs/include/ros_study_msgs/ros_study_msgs/srv/detail/my_srv__rosidl_typesupport_introspection_c.h
[0.679s] -- Up-to-date: /home/leejeongmin/Desktop/pjt_ws/install/ros_study_msgs/include/ros_study_msgs/ros_study_msgs/srv/detail/my_srv__type_support.c
[0.680s] -- Up-to-date: /home/leejeongmin/Desktop/pjt_ws/install/ros_study_msgs/include/ros_study_msgs/ros_study_msgs/srv/detail/arithmetic_operator__rosidl_typesupport_introspection_c.h
[0.680s] -- Up-to-date: /home/leejeongmin/Desktop/pjt_ws/install/ros_study_msgs/include/ros_study_msgs/ros_study_msgs/srv/detail/arithmetic_operator__type_support.c
[0.680s] -- Up-to-date: /home/leejeongmin/Desktop/pjt_ws/install/ros_study_msgs/lib/libros_study_msgs__rosidl_typesupport_introspection_c.so
[0.680s] -- Up-to-date: /home/leejeongmin/Desktop/pjt_ws/install/ros_study_msgs/lib/libros_study_msgs__rosidl_typesupport_c.so
[0.680s] -- Up-to-date: /home/leejeongmin/Desktop/pjt_ws/install/ros_study_msgs/include/ros_study_msgs/ros_study_msgs
[0.680s] -- Up-to-date: /home/leejeongmin/Desktop/pjt_ws/install/ros_study_msgs/include/ros_study_msgs/ros_study_msgs/action
[0.680s] -- Up-to-date: /home/leejeongmin/Desktop/pjt_ws/install/ros_study_msgs/include/ros_study_msgs/ros_study_msgs/action/detail
[0.680s] -- Up-to-date: /home/leejeongmin/Desktop/pjt_ws/install/ros_study_msgs/include/ros_study_msgs/ros_study_msgs/action/detail/arithmetic_checker__type_support.cpp
[0.680s] -- Up-to-date: /home/leejeongmin/Desktop/pjt_ws/install/ros_study_msgs/include/ros_study_msgs/ros_study_msgs/action/detail/my_action__rosidl_typesupport_introspection_cpp.hpp
[0.680s] -- Up-to-date: /home/leejeongmin/Desktop/pjt_ws/install/ros_study_msgs/include/ros_study_msgs/ros_study_msgs/action/detail/arithmetic_checker__rosidl_typesupport_introspection_cpp.hpp
[0.680s] -- Up-to-date: /home/leejeongmin/Desktop/pjt_ws/install/ros_study_msgs/include/ros_study_msgs/ros_study_msgs/action/detail/my_action__type_support.cpp
[0.680s] -- Up-to-date: /home/leejeongmin/Desktop/pjt_ws/install/ros_study_msgs/include/ros_study_msgs/ros_study_msgs/msg
[0.681s] -- Up-to-date: /home/leejeongmin/Desktop/pjt_ws/install/ros_study_msgs/include/ros_study_msgs/ros_study_msgs/msg/detail
[0.681s] -- Up-to-date: /home/leejeongmin/Desktop/pjt_ws/install/ros_study_msgs/include/ros_study_msgs/ros_study_msgs/msg/detail/arithmetic_argument__rosidl_typesupport_introspection_cpp.hpp
[0.681s] -- Up-to-date: /home/leejeongmin/Desktop/pjt_ws/install/ros_study_msgs/include/ros_study_msgs/ros_study_msgs/msg/detail/my_msg__rosidl_typesupport_introspection_cpp.hpp
[0.681s] -- Up-to-date: /home/leejeongmin/Desktop/pjt_ws/install/ros_study_msgs/include/ros_study_msgs/ros_study_msgs/msg/detail/my_msg__type_support.cpp
[0.681s] -- Up-to-date: /home/leejeongmin/Desktop/pjt_ws/install/ros_study_msgs/include/ros_study_msgs/ros_study_msgs/msg/detail/arithmetic_argument__type_support.cpp
[0.681s] -- Up-to-date: /home/leejeongmin/Desktop/pjt_ws/install/ros_study_msgs/include/ros_study_msgs/ros_study_msgs/srv
[0.681s] -- Up-to-date: /home/leejeongmin/Desktop/pjt_ws/install/ros_study_msgs/include/ros_study_msgs/ros_study_msgs/srv/detail
[0.681s] -- Up-to-date: /home/leejeongmin/Desktop/pjt_ws/install/ros_study_msgs/include/ros_study_msgs/ros_study_msgs/srv/detail/arithmetic_operator__type_support.cpp
[0.681s] -- Up-to-date: /home/leejeongmin/Desktop/pjt_ws/install/ros_study_msgs/include/ros_study_msgs/ros_study_msgs/srv/detail/my_srv__rosidl_typesupport_introspection_cpp.hpp
[0.681s] -- Up-to-date: /home/leejeongmin/Desktop/pjt_ws/install/ros_study_msgs/include/ros_study_msgs/ros_study_msgs/srv/detail/arithmetic_operator__rosidl_typesupport_introspection_cpp.hpp
[0.681s] -- Up-to-date: /home/leejeongmin/Desktop/pjt_ws/install/ros_study_msgs/include/ros_study_msgs/ros_study_msgs/srv/detail/my_srv__type_support.cpp
[0.682s] -- Up-to-date: /home/leejeongmin/Desktop/pjt_ws/install/ros_study_msgs/lib/libros_study_msgs__rosidl_typesupport_introspection_cpp.so
[0.682s] -- Up-to-date: /home/leejeongmin/Desktop/pjt_ws/install/ros_study_msgs/lib/libros_study_msgs__rosidl_typesupport_cpp.so
[0.682s] -- Up-to-date: /home/leejeongmin/Desktop/pjt_ws/install/ros_study_msgs/share/ros_study_msgs/environment/pythonpath.sh
[0.682s] -- Up-to-date: /home/leejeongmin/Desktop/pjt_ws/install/ros_study_msgs/share/ros_study_msgs/environment/pythonpath.dsv
[0.682s] -- Up-to-date: /home/leejeongmin/Desktop/pjt_ws/install/ros_study_msgs/local/lib/python3.10/dist-packages/ros_study_msgs-0.0.0-py3.10.egg-info
[0.682s] -- Installing: /home/leejeongmin/Desktop/pjt_ws/install/ros_study_msgs/local/lib/python3.10/dist-packages/ros_study_msgs-0.0.0-py3.10.egg-info/PKG-INFO
[0.682s] -- Installing: /home/leejeongmin/Desktop/pjt_ws/install/ros_study_msgs/local/lib/python3.10/dist-packages/ros_study_msgs-0.0.0-py3.10.egg-info/dependency_links.txt
[0.682s] -- Installing: /home/leejeongmin/Desktop/pjt_ws/install/ros_study_msgs/local/lib/python3.10/dist-packages/ros_study_msgs-0.0.0-py3.10.egg-info/top_level.txt
[0.682s] -- Installing: /home/leejeongmin/Desktop/pjt_ws/install/ros_study_msgs/local/lib/python3.10/dist-packages/ros_study_msgs-0.0.0-py3.10.egg-info/SOURCES.txt
[0.682s] -- Up-to-date: /home/leejeongmin/Desktop/pjt_ws/install/ros_study_msgs/local/lib/python3.10/dist-packages/ros_study_msgs
[0.682s] -- Up-to-date: /home/leejeongmin/Desktop/pjt_ws/install/ros_study_msgs/local/lib/python3.10/dist-packages/ros_study_msgs/action
[0.682s] -- Up-to-date: /home/leejeongmin/Desktop/pjt_ws/install/ros_study_msgs/local/lib/python3.10/dist-packages/ros_study_msgs/action/_arithmetic_checker.py
[0.683s] -- Up-to-date: /home/leejeongmin/Desktop/pjt_ws/install/ros_study_msgs/local/lib/python3.10/dist-packages/ros_study_msgs/action/_my_action.py
[0.683s] -- Up-to-date: /home/leejeongmin/Desktop/pjt_ws/install/ros_study_msgs/local/lib/python3.10/dist-packages/ros_study_msgs/action/_my_action_s.c
[0.683s] -- Up-to-date: /home/leejeongmin/Desktop/pjt_ws/install/ros_study_msgs/local/lib/python3.10/dist-packages/ros_study_msgs/action/_arithmetic_checker_s.c
[0.683s] -- Up-to-date: /home/leejeongmin/Desktop/pjt_ws/install/ros_study_msgs/local/lib/python3.10/dist-packages/ros_study_msgs/action/__init__.py
[0.683s] -- Up-to-date: /home/leejeongmin/Desktop/pjt_ws/install/ros_study_msgs/local/lib/python3.10/dist-packages/ros_study_msgs/msg
[0.683s] -- Up-to-date: /home/leejeongmin/Desktop/pjt_ws/install/ros_study_msgs/local/lib/python3.10/dist-packages/ros_study_msgs/msg/_arithmetic_argument_s.c
[0.683s] -- Up-to-date: /home/leejeongmin/Desktop/pjt_ws/install/ros_study_msgs/local/lib/python3.10/dist-packages/ros_study_msgs/msg/_arithmetic_argument.py
[0.683s] -- Up-to-date: /home/leejeongmin/Desktop/pjt_ws/install/ros_study_msgs/local/lib/python3.10/dist-packages/ros_study_msgs/msg/_my_msg.py
[0.683s] -- Up-to-date: /home/leejeongmin/Desktop/pjt_ws/install/ros_study_msgs/local/lib/python3.10/dist-packages/ros_study_msgs/msg/_my_msg_s.c
[0.683s] -- Up-to-date: /home/leejeongmin/Desktop/pjt_ws/install/ros_study_msgs/local/lib/python3.10/dist-packages/ros_study_msgs/msg/__init__.py
[0.684s] -- Up-to-date: /home/leejeongmin/Desktop/pjt_ws/install/ros_study_msgs/local/lib/python3.10/dist-packages/ros_study_msgs/srv
[0.684s] -- Up-to-date: /home/leejeongmin/Desktop/pjt_ws/install/ros_study_msgs/local/lib/python3.10/dist-packages/ros_study_msgs/srv/_arithmetic_operator_s.c
[0.684s] -- Up-to-date: /home/leejeongmin/Desktop/pjt_ws/install/ros_study_msgs/local/lib/python3.10/dist-packages/ros_study_msgs/srv/_my_srv_s.c
[0.684s] -- Up-to-date: /home/leejeongmin/Desktop/pjt_ws/install/ros_study_msgs/local/lib/python3.10/dist-packages/ros_study_msgs/srv/_my_srv.py
[0.684s] -- Up-to-date: /home/leejeongmin/Desktop/pjt_ws/install/ros_study_msgs/local/lib/python3.10/dist-packages/ros_study_msgs/srv/_arithmetic_operator.py
[0.684s] -- Up-to-date: /home/leejeongmin/Desktop/pjt_ws/install/ros_study_msgs/local/lib/python3.10/dist-packages/ros_study_msgs/srv/__init__.py
[0.684s] -- Up-to-date: /home/leejeongmin/Desktop/pjt_ws/install/ros_study_msgs/local/lib/python3.10/dist-packages/ros_study_msgs/ros_study_msgs_s__rosidl_typesupport_c.cpython-310-x86_64-linux-gnu.so
[0.684s] -- Up-to-date: /home/leejeongmin/Desktop/pjt_ws/install/ros_study_msgs/local/lib/python3.10/dist-packages/ros_study_msgs/libros_study_msgs__rosidl_generator_py.so
[0.684s] -- Up-to-date: /home/leejeongmin/Desktop/pjt_ws/install/ros_study_msgs/local/lib/python3.10/dist-packages/ros_study_msgs/_ros_study_msgs_s.ep.rosidl_typesupport_fastrtps_c.c
[0.684s] -- Up-to-date: /home/leejeongmin/Desktop/pjt_ws/install/ros_study_msgs/local/lib/python3.10/dist-packages/ros_study_msgs/ros_study_msgs_s__rosidl_typesupport_introspection_c.cpython-310-x86_64-linux-gnu.so
[0.685s] -- Up-to-date: /home/leejeongmin/Desktop/pjt_ws/install/ros_study_msgs/local/lib/python3.10/dist-packages/ros_study_msgs/_ros_study_msgs_s.ep.rosidl_typesupport_introspection_c.c
[0.685s] -- Up-to-date: /home/leejeongmin/Desktop/pjt_ws/install/ros_study_msgs/local/lib/python3.10/dist-packages/ros_study_msgs/__init__.py
[0.685s] -- Up-to-date: /home/leejeongmin/Desktop/pjt_ws/install/ros_study_msgs/local/lib/python3.10/dist-packages/ros_study_msgs/ros_study_msgs_s__rosidl_typesupport_fastrtps_c.cpython-310-x86_64-linux-gnu.so
[0.685s] -- Up-to-date: /home/leejeongmin/Desktop/pjt_ws/install/ros_study_msgs/local/lib/python3.10/dist-packages/ros_study_msgs/_ros_study_msgs_s.ep.rosidl_typesupport_c.c
[0.725s] Listing '/home/leejeongmin/Desktop/pjt_ws/install/ros_study_msgs/local/lib/python3.10/dist-packages/ros_study_msgs'...
[0.725s] Listing '/home/leejeongmin/Desktop/pjt_ws/install/ros_study_msgs/local/lib/python3.10/dist-packages/ros_study_msgs/action'...
[0.725s] Listing '/home/leejeongmin/Desktop/pjt_ws/install/ros_study_msgs/local/lib/python3.10/dist-packages/ros_study_msgs/msg'...
[0.725s] Listing '/home/leejeongmin/Desktop/pjt_ws/install/ros_study_msgs/local/lib/python3.10/dist-packages/ros_study_msgs/srv'...
[0.730s] -- Up-to-date: /home/leejeongmin/Desktop/pjt_ws/install/ros_study_msgs/local/lib/python3.10/dist-packages/ros_study_msgs/ros_study_msgs_s__rosidl_typesupport_fastrtps_c.cpython-310-x86_64-linux-gnu.so
[0.730s] -- Up-to-date: /home/leejeongmin/Desktop/pjt_ws/install/ros_study_msgs/local/lib/python3.10/dist-packages/ros_study_msgs/ros_study_msgs_s__rosidl_typesupport_introspection_c.cpython-310-x86_64-linux-gnu.so
[0.730s] -- Up-to-date: /home/leejeongmin/Desktop/pjt_ws/install/ros_study_msgs/local/lib/python3.10/dist-packages/ros_study_msgs/ros_study_msgs_s__rosidl_typesupport_c.cpython-310-x86_64-linux-gnu.so
[0.731s] -- Up-to-date: /home/leejeongmin/Desktop/pjt_ws/install/ros_study_msgs/lib/libros_study_msgs__rosidl_generator_py.so
[0.731s] -- Up-to-date: /home/leejeongmin/Desktop/pjt_ws/install/ros_study_msgs/share/ros_study_msgs/msg/MyMsg.idl
[0.731s] -- Up-to-date: /home/leejeongmin/Desktop/pjt_ws/install/ros_study_msgs/share/ros_study_msgs/msg/ArithmeticArgument.idl
[0.731s] -- Up-to-date: /home/leejeongmin/Desktop/pjt_ws/install/ros_study_msgs/share/ros_study_msgs/srv/MySrv.idl
[0.731s] -- Up-to-date: /home/leejeongmin/Desktop/pjt_ws/install/ros_study_msgs/share/ros_study_msgs/srv/ArithmeticOperator.idl
[0.732s] -- Up-to-date: /home/leejeongmin/Desktop/pjt_ws/install/ros_study_msgs/share/ros_study_msgs/action/MyAction.idl
[0.732s] -- Up-to-date: /home/leejeongmin/Desktop/pjt_ws/install/ros_study_msgs/share/ros_study_msgs/action/ArithmeticChecker.idl
[0.732s] -- Up-to-date: /home/leejeongmin/Desktop/pjt_ws/install/ros_study_msgs/share/ros_study_msgs/msg/MyMsg.msg
[0.732s] -- Up-to-date: /home/leejeongmin/Desktop/pjt_ws/install/ros_study_msgs/share/ros_study_msgs/msg/ArithmeticArgument.msg
[0.732s] -- Up-to-date: /home/leejeongmin/Desktop/pjt_ws/install/ros_study_msgs/share/ros_study_msgs/srv/MySrv.srv
[0.732s] -- Up-to-date: /home/leejeongmin/Desktop/pjt_ws/install/ros_study_msgs/share/ros_study_msgs/srv/MySrv_Request.msg
[0.732s] -- Up-to-date: /home/leejeongmin/Desktop/pjt_ws/install/ros_study_msgs/share/ros_study_msgs/srv/MySrv_Response.msg
[0.733s] -- Up-to-date: /home/leejeongmin/Desktop/pjt_ws/install/ros_study_msgs/share/ros_study_msgs/srv/ArithmeticOperator.srv
[0.733s] -- Up-to-date: /home/leejeongmin/Desktop/pjt_ws/install/ros_study_msgs/share/ros_study_msgs/srv/ArithmeticOperator_Request.msg
[0.733s] -- Up-to-date: /home/leejeongmin/Desktop/pjt_ws/install/ros_study_msgs/share/ros_study_msgs/srv/ArithmeticOperator_Response.msg
[0.733s] -- Up-to-date: /home/leejeongmin/Desktop/pjt_ws/install/ros_study_msgs/share/ros_study_msgs/action/MyAction.action
[0.733s] -- Up-to-date: /home/leejeongmin/Desktop/pjt_ws/install/ros_study_msgs/share/ros_study_msgs/action/ArithmeticChecker.action
[0.733s] -- Up-to-date: /home/leejeongmin/Desktop/pjt_ws/install/ros_study_msgs/share/ament_index/resource_index/package_run_dependencies/ros_study_msgs
[0.733s] -- Up-to-date: /home/leejeongmin/Desktop/pjt_ws/install/ros_study_msgs/share/ament_index/resource_index/parent_prefix_path/ros_study_msgs
[0.733s] -- Up-to-date: /home/leejeongmin/Desktop/pjt_ws/install/ros_study_msgs/share/ros_study_msgs/environment/ament_prefix_path.sh
[0.733s] -- Up-to-date: /home/leejeongmin/Desktop/pjt_ws/install/ros_study_msgs/share/ros_study_msgs/environment/ament_prefix_path.dsv
[0.734s] -- Up-to-date: /home/leejeongmin/Desktop/pjt_ws/install/ros_study_msgs/share/ros_study_msgs/environment/path.sh
[0.734s] -- Up-to-date: /home/leejeongmin/Desktop/pjt_ws/install/ros_study_msgs/share/ros_study_msgs/environment/path.dsv
[0.734s] -- Up-to-date: /home/leejeongmin/Desktop/pjt_ws/install/ros_study_msgs/share/ros_study_msgs/local_setup.bash
[0.734s] -- Up-to-date: /home/leejeongmin/Desktop/pjt_ws/install/ros_study_msgs/share/ros_study_msgs/local_setup.sh
[0.734s] -- Up-to-date: /home/leejeongmin/Desktop/pjt_ws/install/ros_study_msgs/share/ros_study_msgs/local_setup.zsh
[0.734s] -- Up-to-date: /home/leejeongmin/Desktop/pjt_ws/install/ros_study_msgs/share/ros_study_msgs/local_setup.dsv
[0.734s] -- Installing: /home/leejeongmin/Desktop/pjt_ws/install/ros_study_msgs/share/ros_study_msgs/package.dsv
[0.734s] -- Up-to-date: /home/leejeongmin/Desktop/pjt_ws/install/ros_study_msgs/share/ament_index/resource_index/packages/ros_study_msgs
[0.734s] -- Up-to-date: /home/leejeongmin/Desktop/pjt_ws/install/ros_study_msgs/share/ros_study_msgs/cmake/export_ros_study_msgs__rosidl_generator_cExport.cmake
[0.735s] -- Up-to-date: /home/leejeongmin/Desktop/pjt_ws/install/ros_study_msgs/share/ros_study_msgs/cmake/export_ros_study_msgs__rosidl_generator_cExport-noconfig.cmake
[0.735s] -- Up-to-date: /home/leejeongmin/Desktop/pjt_ws/install/ros_study_msgs/share/ros_study_msgs/cmake/export_ros_study_msgs__rosidl_typesupport_fastrtps_cExport.cmake
[0.735s] -- Up-to-date: /home/leejeongmin/Desktop/pjt_ws/install/ros_study_msgs/share/ros_study_msgs/cmake/export_ros_study_msgs__rosidl_typesupport_fastrtps_cExport-noconfig.cmake
[0.735s] -- Up-to-date: /home/leejeongmin/Desktop/pjt_ws/install/ros_study_msgs/share/ros_study_msgs/cmake/export_ros_study_msgs__rosidl_generator_cppExport.cmake
[0.735s] -- Up-to-date: /home/leejeongmin/Desktop/pjt_ws/install/ros_study_msgs/share/ros_study_msgs/cmake/export_ros_study_msgs__rosidl_typesupport_fastrtps_cppExport.cmake
[0.735s] -- Up-to-date: /home/leejeongmin/Desktop/pjt_ws/install/ros_study_msgs/share/ros_study_msgs/cmake/export_ros_study_msgs__rosidl_typesupport_fastrtps_cppExport-noconfig.cmake
[0.735s] -- Up-to-date: /home/leejeongmin/Desktop/pjt_ws/install/ros_study_msgs/share/ros_study_msgs/cmake/ros_study_msgs__rosidl_typesupport_introspection_cExport.cmake
[0.735s] -- Up-to-date: /home/leejeongmin/Desktop/pjt_ws/install/ros_study_msgs/share/ros_study_msgs/cmake/ros_study_msgs__rosidl_typesupport_introspection_cExport-noconfig.cmake
[0.735s] -- Up-to-date: /home/leejeongmin/Desktop/pjt_ws/install/ros_study_msgs/share/ros_study_msgs/cmake/ros_study_msgs__rosidl_typesupport_cExport.cmake
[0.735s] -- Up-to-date: /home/leejeongmin/Desktop/pjt_ws/install/ros_study_msgs/share/ros_study_msgs/cmake/ros_study_msgs__rosidl_typesupport_cExport-noconfig.cmake
[0.735s] -- Up-to-date: /home/leejeongmin/Desktop/pjt_ws/install/ros_study_msgs/share/ros_study_msgs/cmake/ros_study_msgs__rosidl_typesupport_introspection_cppExport.cmake
[0.736s] -- Up-to-date: /home/leejeongmin/Desktop/pjt_ws/install/ros_study_msgs/share/ros_study_msgs/cmake/ros_study_msgs__rosidl_typesupport_introspection_cppExport-noconfig.cmake
[0.736s] -- Up-to-date: /home/leejeongmin/Desktop/pjt_ws/install/ros_study_msgs/share/ros_study_msgs/cmake/ros_study_msgs__rosidl_typesupport_cppExport.cmake
[0.736s] -- Up-to-date: /home/leejeongmin/Desktop/pjt_ws/install/ros_study_msgs/share/ros_study_msgs/cmake/ros_study_msgs__rosidl_typesupport_cppExport-noconfig.cmake
[0.736s] -- Up-to-date: /home/leejeongmin/Desktop/pjt_ws/install/ros_study_msgs/share/ros_study_msgs/cmake/export_ros_study_msgs__rosidl_generator_pyExport.cmake
[0.736s] -- Up-to-date: /home/leejeongmin/Desktop/pjt_ws/install/ros_study_msgs/share/ros_study_msgs/cmake/export_ros_study_msgs__rosidl_generator_pyExport-noconfig.cmake
[0.736s] -- Up-to-date: /home/leejeongmin/Desktop/pjt_ws/install/ros_study_msgs/share/ros_study_msgs/cmake/rosidl_cmake-extras.cmake
[0.736s] -- Up-to-date: /home/leejeongmin/Desktop/pjt_ws/install/ros_study_msgs/share/ros_study_msgs/cmake/ament_cmake_export_dependencies-extras.cmake
[0.736s] -- Up-to-date: /home/leejeongmin/Desktop/pjt_ws/install/ros_study_msgs/share/ros_study_msgs/cmake/ament_cmake_export_include_directories-extras.cmake
[0.736s] -- Up-to-date: /home/leejeongmin/Desktop/pjt_ws/install/ros_study_msgs/share/ros_study_msgs/cmake/ament_cmake_export_libraries-extras.cmake
[0.737s] -- Up-to-date: /home/leejeongmin/Desktop/pjt_ws/install/ros_study_msgs/share/ros_study_msgs/cmake/ament_cmake_export_targets-extras.cmake
[0.737s] -- Up-to-date: /home/leejeongmin/Desktop/pjt_ws/install/ros_study_msgs/share/ros_study_msgs/cmake/rosidl_cmake_export_typesupport_targets-extras.cmake
[0.737s] -- Up-to-date: /home/leejeongmin/Desktop/pjt_ws/install/ros_study_msgs/share/ros_study_msgs/cmake/rosidl_cmake_export_typesupport_libraries-extras.cmake
[0.737s] -- Up-to-date: /home/leejeongmin/Desktop/pjt_ws/install/ros_study_msgs/share/ros_study_msgs/cmake/ros_study_msgsConfig.cmake
[0.737s] -- Up-to-date: /home/leejeongmin/Desktop/pjt_ws/install/ros_study_msgs/share/ros_study_msgs/cmake/ros_study_msgsConfig-version.cmake
[0.738s] -- Up-to-date: /home/leejeongmin/Desktop/pjt_ws/install/ros_study_msgs/share/ros_study_msgs/package.xml
[0.738s] Invoked command in '/home/leejeongmin/Desktop/pjt_ws/build/ros_study_msgs' returned '0': CMAKE_PREFIX_PATH=${CMAKE_PREFIX_PATH}:/home/leejeongmin/Desktop/pjt_ws/install/turtlebot:/home/leejeongmin/Desktop/restaurant_ws/install/restaurant:/home/leejeongmin/turtlebot3_ws/install/turtlebot3_teleop:/home/leejeongmin/turtlebot3_ws/install/turtlebot3_example:/opt/ros/humble /usr/bin/cmake --install /home/leejeongmin/Desktop/pjt_ws/build/ros_study_msgs
